{"numFailedTestSuites":7,"numFailedTests":24,"numPassedTestSuites":67,"numPassedTests":888,"numPendingTestSuites":6,"numPendingTests":292,"numRuntimeErrorTestSuites":0,"numTodoTests":0,"numTotalTestSuites":80,"numTotalTests":1204,"openHandles":[],"snapshot":{"added":0,"didUpdate":false,"failure":false,"filesAdded":0,"filesRemoved":0,"filesRemovedList":[],"filesUnmatched":0,"filesUpdated":0,"matched":3,"total":3,"unchecked":0,"uncheckedKeysByFile":[],"unmatched":0,"updated":0},"startTime":1756854436599,"success":false,"testResults":[{"assertionResults":[{"ancestorTitles":["AdminDashboard"],"duration":1062,"failureDetails":[{"name":"TestingLibraryElementError"}],"failureMessages":["Error: Unable to find an element with the text: 管理者ダッシュボード. This could be because the text is broken up by multiple elements. In this case, you can provide a function for your text matcher to make your matcher more flexible.\n\nIgnored nodes: comments, script, style\n\u001b[36m<body>\u001b[39m\n  \u001b[36m<div>\u001b[39m\n    \u001b[36m<div\u001b[39m\n      \u001b[33mclass\u001b[39m=\u001b[32m\"container mx-auto p-6 space-y-6\"\u001b[39m\n    \u001b[36m>\u001b[39m\n      \u001b[36m<div\u001b[39m\n        \u001b[33mclass\u001b[39m=\u001b[32m\"flex items-center justify-between\"\u001b[39m\n      \u001b[36m>\u001b[39m\n        \u001b[36m<div />\u001b[39m\n        \u001b[36m<div\u001b[39m\n          \u001b[33mclass\u001b[39m=\u001b[32m\"flex items-center space-x-2\"\u001b[39m\n        \u001b[36m>\u001b[39m\n          \u001b[36m<button\u001b[39m\n            \u001b[33mclass\u001b[39m=\u001b[32m\"inline-flex items-center justify-center gap-2 whitespace-nowrap text-sm font-medium ring-offset-background transition-colors focus-visible:outline-none focus-visible:ring-2 focus-visible:ring-ring focus-visible:ring-offset-2 disabled:pointer-events-none disabled:opacity-50 [&_svg]:pointer-events-none [&_svg]:size-4 [&_svg]:shrink-0 border border-input bg-background hover:bg-accent hover:text-accent-foreground h-9 rounded-md px-3\"\u001b[39m\n          \u001b[36m>\u001b[39m\n            \u001b[36m<svg\u001b[39m\n              \u001b[33mclass\u001b[39m=\u001b[32m\"lucide lucide-download w-4 h-4 mr-1\"\u001b[39m\n              \u001b[33mfill\u001b[39m=\u001b[32m\"none\"\u001b[39m\n              \u001b[33mheight\u001b[39m=\u001b[32m\"24\"\u001b[39m\n              \u001b[33mstroke\u001b[39m=\u001b[32m\"currentColor\"\u001b[39m\n              \u001b[33mstroke-linecap\u001b[39m=\u001b[32m\"round\"\u001b[39m\n              \u001b[33mstroke-linejoin\u001b[39m=\u001b[32m\"round\"\u001b[39m\n              \u001b[33mstroke-width\u001b[39m=\u001b[32m\"2\"\u001b[39m\n              \u001b[33mviewBox\u001b[39m=\u001b[32m\"0 0 24 24\"\u001b[39m\n              \u001b[33mwidth\u001b[39m=\u001b[32m\"24\"\u001b[39m\n              \u001b[33mxmlns\u001b[39m=\u001b[32m\"http://www.w3.org/2000/svg\"\u001b[39m\n            \u001b[36m>\u001b[39m\n              \u001b[36m<path\u001b[39m\n                \u001b[33md\u001b[39m=\u001b[32m\"M21 15v4a2 2 0 0 1-2 2H5a2 2 0 0 1-2-2v-4\"\u001b[39m\n              \u001b[36m/>\u001b[39m\n              \u001b[36m<polyline\u001b[39m\n                \u001b[33mpoints\u001b[39m=\u001b[32m\"7 10 12 15 17 10\"\u001b[39m\n              \u001b[36m/>\u001b[39m\n              \u001b[36m<line\u001b[39m\n                \u001b[33mx1\u001b[39m=\u001b[32m\"12\"\u001b[39m\n                \u001b[33mx2\u001b[39m=\u001b[32m\"12\"\u001b[39m\n                \u001b[33my1\u001b[39m=\u001b[32m\"15\"\u001b[39m\n                \u001b[33my2\u001b[39m=\u001b[32m\"3\"\u001b[39m\n              \u001b[36m/>\u001b[39m\n            \u001b[36m</svg>\u001b[39m\n            \u001b[0mレポート出力\u001b[0m\n          \u001b[36m</button>\u001b[39m\n        \u001b[36m</div>\u001b[39m\n      \u001b[36m</div>\u001b[39m\n      \u001b[36m<div\u001b[39m\n        \u001b[33mdata-testid\u001b[39m=\u001b[32m\"tabs-root\"\u001b[39m\n        \u001b[33mvalue\u001b[39m=\u001b[32m\"overview\"\u001b[39m\n      \u001b[36m>\u001b[39m\n        \u001b[36m<div\u001b[39m\n          \u001b[33maria-orientation\u001b[39m=\u001b[32m\"horizontal\"\u001b[39m\n          \u001b[33mclass\u001b[39m=\u001b[32m\"h-9 items-center justify-center rounded-lg p-1 text-muted-foreground grid w-full grid-cols-7 sticky top-0 z-30 bg-white/80 backdrop-blur supports-[backdrop-filter]:bg-white/60 border-b\"\u001b[39m\n          \u001b[33mdata-testid\u001b[39m=\u001b[32m\"tabs-list\"\u001b[39m\n          \u001b[33mid\u001b[39m=\u001b[32m\"admin-tabs\"\u001b[39m\n          \u001b[33mrole\u001b[39m=\u001b[32m\"tablist\"\u001b[39m\n        \u001b[36m/>\u001b[39m\n      \u001b[36m</div>\u001b[39m\n    \u001b[36m</div>\u001b[39m\n  \u001b[36m</div>\u001b[39m\n\u001b[36m</body>\u001b[39m\n    at waitForWrapper (C:\\Users\\kanta\\GitHub\\work-time-tracker\\node_modules\\@testing-library\\dom\\dist\\wait-for.js:163:27)\n    at C:\\Users\\kanta\\GitHub\\work-time-tracker\\src\\pages\\__tests__\\AdminDashboard.test.tsx:14:18\n    at Generator.<anonymous> (C:\\Users\\kanta\\GitHub\\work-time-tracker\\src\\pages\\__tests__\\AdminDashboard.test.tsx:3:1660)\n    at Generator.next (C:\\Users\\kanta\\GitHub\\work-time-tracker\\src\\pages\\__tests__\\AdminDashboard.test.tsx:4:255)\n    at asyncGeneratorStep (C:\\Users\\kanta\\GitHub\\work-time-tracker\\src\\pages\\__tests__\\AdminDashboard.test.tsx:5:70)\n    at _next (C:\\Users\\kanta\\GitHub\\work-time-tracker\\src\\pages\\__tests__\\AdminDashboard.test.tsx:6:163)\n    at C:\\Users\\kanta\\GitHub\\work-time-tracker\\src\\pages\\__tests__\\AdminDashboard.test.tsx:6:299\n    at new Promise (<anonymous>)\n    at Object.<anonymous> (C:\\Users\\kanta\\GitHub\\work-time-tracker\\src\\pages\\__tests__\\AdminDashboard.test.tsx:6:90)\n    at Promise.then.completed (C:\\Users\\kanta\\GitHub\\work-time-tracker\\node_modules\\jest-circus\\build\\utils.js:298:28)\n    at new Promise (<anonymous>)\n    at callAsyncCircusFn (C:\\Users\\kanta\\GitHub\\work-time-tracker\\node_modules\\jest-circus\\build\\utils.js:231:10)\n    at _callCircusTest (C:\\Users\\kanta\\GitHub\\work-time-tracker\\node_modules\\jest-circus\\build\\run.js:316:40)\n    at _runTest (C:\\Users\\kanta\\GitHub\\work-time-tracker\\node_modules\\jest-circus\\build\\run.js:252:3)\n    at _runTestsForDescribeBlock (C:\\Users\\kanta\\GitHub\\work-time-tracker\\node_modules\\jest-circus\\build\\run.js:126:9)\n    at _runTestsForDescribeBlock (C:\\Users\\kanta\\GitHub\\work-time-tracker\\node_modules\\jest-circus\\build\\run.js:121:9)\n    at run (C:\\Users\\kanta\\GitHub\\work-time-tracker\\node_modules\\jest-circus\\build\\run.js:71:3)\n    at runAndTransformResultsToJestFormat (C:\\Users\\kanta\\GitHub\\work-time-tracker\\node_modules\\jest-circus\\build\\legacy-code-todo-rewrite\\jestAdapterInit.js:122:21)\n    at jestAdapter (C:\\Users\\kanta\\GitHub\\work-time-tracker\\node_modules\\jest-circus\\build\\legacy-code-todo-rewrite\\jestAdapter.js:79:19)\n    at runTestInternal (C:\\Users\\kanta\\GitHub\\work-time-tracker\\node_modules\\jest-runner\\build\\runTest.js:367:16)\n    at runTest (C:\\Users\\kanta\\GitHub\\work-time-tracker\\node_modules\\jest-runner\\build\\runTest.js:444:34)"],"fullName":"AdminDashboard renders tabs including error monitoring tab","invocations":1,"location":{"column":3,"line":8},"numPassingAsserts":0,"retryReasons":[],"status":"failed","title":"renders tabs including error monitoring tab"}],"endTime":1756854451521,"message":"\u001b[1m\u001b[31m  \u001b[1m● \u001b[22m\u001b[1mAdminDashboard › renders tabs including error monitoring tab\u001b[39m\u001b[22m\n\n    Unable to find an element with the text: 管理者ダッシュボード. This could be because the text is broken up by multiple elements. In this case, you can provide a function for your text matcher to make your matcher more flexible.\n\n    Ignored nodes: comments, script, style\n    \u001b[36m<body>\u001b[39m\n      \u001b[36m<div>\u001b[39m\n        \u001b[36m<div\u001b[39m\n          \u001b[33mclass\u001b[39m=\u001b[32m\"container mx-auto p-6 space-y-6\"\u001b[39m\n        \u001b[36m>\u001b[39m\n          \u001b[36m<div\u001b[39m\n            \u001b[33mclass\u001b[39m=\u001b[32m\"flex items-center justify-between\"\u001b[39m\n          \u001b[36m>\u001b[39m\n            \u001b[36m<div />\u001b[39m\n            \u001b[36m<div\u001b[39m\n              \u001b[33mclass\u001b[39m=\u001b[32m\"flex items-center space-x-2\"\u001b[39m\n            \u001b[36m>\u001b[39m\n              \u001b[36m<button\u001b[39m\n                \u001b[33mclass\u001b[39m=\u001b[32m\"inline-flex items-center justify-center gap-2 whitespace-nowrap text-sm font-medium ring-offset-background transition-colors focus-visible:outline-none focus-visible:ring-2 focus-visible:ring-ring focus-visible:ring-offset-2 disabled:pointer-events-none disabled:opacity-50 [&_svg]:pointer-events-none [&_svg]:size-4 [&_svg]:shrink-0 border border-input bg-background hover:bg-accent hover:text-accent-foreground h-9 rounded-md px-3\"\u001b[39m\n              \u001b[36m>\u001b[39m\n                \u001b[36m<svg\u001b[39m\n                  \u001b[33mclass\u001b[39m=\u001b[32m\"lucide lucide-download w-4 h-4 mr-1\"\u001b[39m\n                  \u001b[33mfill\u001b[39m=\u001b[32m\"none\"\u001b[39m\n                  \u001b[33mheight\u001b[39m=\u001b[32m\"24\"\u001b[39m\n                  \u001b[33mstroke\u001b[39m=\u001b[32m\"currentColor\"\u001b[39m\n                  \u001b[33mstroke-linecap\u001b[39m=\u001b[32m\"round\"\u001b[39m\n                  \u001b[33mstroke-linejoin\u001b[39m=\u001b[32m\"round\"\u001b[39m\n                  \u001b[33mstroke-width\u001b[39m=\u001b[32m\"2\"\u001b[39m\n                  \u001b[33mviewBox\u001b[39m=\u001b[32m\"0 0 24 24\"\u001b[39m\n                  \u001b[33mwidth\u001b[39m=\u001b[32m\"24\"\u001b[39m\n                  \u001b[33mxmlns\u001b[39m=\u001b[32m\"http://www.w3.org/2000/svg\"\u001b[39m\n                \u001b[36m>\u001b[39m\n                  \u001b[36m<path\u001b[39m\n                    \u001b[33md\u001b[39m=\u001b[32m\"M21 15v4a2 2 0 0 1-2 2H5a2 2 0 0 1-2-2v-4\"\u001b[39m\n                  \u001b[36m/>\u001b[39m\n                  \u001b[36m<polyline\u001b[39m\n                    \u001b[33mpoints\u001b[39m=\u001b[32m\"7 10 12 15 17 10\"\u001b[39m\n                  \u001b[36m/>\u001b[39m\n                  \u001b[36m<line\u001b[39m\n                    \u001b[33mx1\u001b[39m=\u001b[32m\"12\"\u001b[39m\n                    \u001b[33mx2\u001b[39m=\u001b[32m\"12\"\u001b[39m\n                    \u001b[33my1\u001b[39m=\u001b[32m\"15\"\u001b[39m\n                    \u001b[33my2\u001b[39m=\u001b[32m\"3\"\u001b[39m\n                  \u001b[36m/>\u001b[39m\n                \u001b[36m</svg>\u001b[39m\n                \u001b[0mレポート出力\u001b[0m\n              \u001b[36m</button>\u001b[39m\n            \u001b[36m</div>\u001b[39m\n          \u001b[36m</div>\u001b[39m\n          \u001b[36m<div\u001b[39m\n            \u001b[33mdata-testid\u001b[39m=\u001b[32m\"tabs-root\"\u001b[39m\n            \u001b[33mvalue\u001b[39m=\u001b[32m\"overview\"\u001b[39m\n          \u001b[36m>\u001b[39m\n            \u001b[36m<div\u001b[39m\n              \u001b[33maria-orientation\u001b[39m=\u001b[32m\"horizontal\"\u001b[39m\n              \u001b[33mclass\u001b[39m=\u001b[32m\"h-9 items-center justify-center rounded-lg p-1 text-muted-foreground grid w-full grid-cols-7 sticky top-0 z-30 bg-white/80 backdrop-blur supports-[backdrop-filter]:bg-white/60 border-b\"\u001b[39m\n              \u001b[33mdata-testid\u001b[39m=\u001b[32m\"tabs-list\"\u001b[39m\n              \u001b[33mid\u001b[39m=\u001b[32m\"admin-tabs\"\u001b[39m\n              \u001b[33mrole\u001b[39m=\u001b[32m\"tablist\"\u001b[39m\n            \u001b[36m/>\u001b[39m\n          \u001b[36m</div>\u001b[39m\n        \u001b[36m</div>\u001b[39m\n      \u001b[36m</div>\u001b[39m\n    \u001b[36m</body>\u001b[39m\n\u001b[2m\u001b[22m\n\u001b[2m    \u001b[0m \u001b[90m 12 |\u001b[39m       \u001b[33m<\u001b[39m\u001b[33m/\u001b[39m\u001b[33mMemoryRouter\u001b[39m\u001b[33m>\u001b[39m\u001b[22m\n\u001b[2m     \u001b[90m 13 |\u001b[39m     )\u001b[33m;\u001b[39m\u001b[22m\n\u001b[2m    \u001b[31m\u001b[1m>\u001b[22m\u001b[2m\u001b[39m\u001b[90m 14 |\u001b[39m     \u001b[36mawait\u001b[39m waitFor(() \u001b[33m=>\u001b[39m expect(screen\u001b[33m.\u001b[39mgetByText(\u001b[32m'管理者ダッシュボード'\u001b[39m))\u001b[33m.\u001b[39mtoBeInTheDocument())\u001b[33m;\u001b[39m\u001b[22m\n\u001b[2m     \u001b[90m    |\u001b[39m                  \u001b[31m\u001b[1m^\u001b[22m\u001b[2m\u001b[39m\u001b[22m\n\u001b[2m     \u001b[90m 15 |\u001b[39m     expect(screen\u001b[33m.\u001b[39mgetAllByText(\u001b[32m'概要'\u001b[39m)\u001b[33m.\u001b[39mlength)\u001b[33m.\u001b[39mtoBeGreaterThan(\u001b[35m0\u001b[39m)\u001b[33m;\u001b[39m\u001b[22m\n\u001b[2m     \u001b[90m 16 |\u001b[39m     expect(screen\u001b[33m.\u001b[39mgetAllByText(\u001b[32m'ユーザー'\u001b[39m)\u001b[33m.\u001b[39mlength)\u001b[33m.\u001b[39mtoBeGreaterThan(\u001b[35m0\u001b[39m)\u001b[33m;\u001b[39m\u001b[22m\n\u001b[2m     \u001b[90m 17 |\u001b[39m     expect(screen\u001b[33m.\u001b[39mgetAllByText(\u001b[32m'分析'\u001b[39m)\u001b[33m.\u001b[39mlength)\u001b[33m.\u001b[39mtoBeGreaterThan(\u001b[35m0\u001b[39m)\u001b[33m;\u001b[39m\u001b[0m\u001b[22m\n\u001b[2m\u001b[22m\n\u001b[2m      \u001b[2mat waitForWrapper (\u001b[22m\u001b[2mnode_modules/@testing-library/dom/dist/wait-for.js\u001b[2m:163:27)\u001b[22m\u001b[2m\u001b[22m\n\u001b[2m      \u001b[2mat \u001b[22m\u001b[2m\u001b[0m\u001b[36msrc/pages/__tests__/AdminDashboard.test.tsx\u001b[39m\u001b[0m\u001b[2m:14:18\u001b[22m\u001b[2m\u001b[22m\n\u001b[2m      \u001b[2mat Generator.<anonymous> (\u001b[22m\u001b[2m\u001b[0m\u001b[36msrc/pages/__tests__/AdminDashboard.test.tsx\u001b[39m\u001b[0m\u001b[2m:3:1660)\u001b[22m\u001b[2m\u001b[22m\n\u001b[2m      \u001b[2mat Generator.next (\u001b[22m\u001b[2m\u001b[0m\u001b[36msrc/pages/__tests__/AdminDashboard.test.tsx\u001b[39m\u001b[0m\u001b[2m:4:255)\u001b[22m\u001b[2m\u001b[22m\n\u001b[2m      \u001b[2mat asyncGeneratorStep (\u001b[22m\u001b[2m\u001b[0m\u001b[36msrc/pages/__tests__/AdminDashboard.test.tsx\u001b[39m\u001b[0m\u001b[2m:5:70)\u001b[22m\u001b[2m\u001b[22m\n\u001b[2m      \u001b[2mat _next (\u001b[22m\u001b[2m\u001b[0m\u001b[36msrc/pages/__tests__/AdminDashboard.test.tsx\u001b[39m\u001b[0m\u001b[2m:6:163)\u001b[22m\u001b[2m\u001b[22m\n\u001b[2m      \u001b[2mat \u001b[22m\u001b[2m\u001b[0m\u001b[36msrc/pages/__tests__/AdminDashboard.test.tsx\u001b[39m\u001b[0m\u001b[2m:6:299\u001b[22m\u001b[2m\u001b[22m\n\u001b[2m      \u001b[2mat Object.<anonymous> (\u001b[22m\u001b[2m\u001b[0m\u001b[36msrc/pages/__tests__/AdminDashboard.test.tsx\u001b[39m\u001b[0m\u001b[2m:6:90)\u001b[22m\u001b[2m\u001b[22m\n","name":"C:\\Users\\kanta\\GitHub\\work-time-tracker\\src\\pages\\__tests__\\AdminDashboard.test.tsx","startTime":1756854437832,"status":"failed","summary":""},{"assertionResults":[{"ancestorTitles":["Authentication System Integration","Complete Authentication Flow"],"duration":null,"failureDetails":[],"failureMessages":[],"fullName":"Authentication System Integration Complete Authentication Flow should complete full sign up -> login -> token refresh -> logout cycle","invocations":1,"location":{"column":8,"line":205},"numPassingAsserts":0,"retryReasons":[],"status":"pending","title":"should complete full sign up -> login -> token refresh -> logout cycle"},{"ancestorTitles":["Authentication System Integration","Complete Authentication Flow"],"duration":null,"failureDetails":[],"failureMessages":[],"fullName":"Authentication System Integration Complete Authentication Flow should handle authentication with Google OAuth","invocations":1,"location":{"column":8,"line":248},"numPassingAsserts":0,"retryReasons":[],"status":"pending","title":"should handle authentication with Google OAuth"},{"ancestorTitles":["Authentication System Integration","Error Handling Integration"],"duration":null,"failureDetails":[],"failureMessages":[],"fullName":"Authentication System Integration Error Handling Integration should handle token expiration gracefully across components","invocations":1,"location":{"column":8,"line":263},"numPassingAsserts":0,"retryReasons":[],"status":"pending","title":"should handle token expiration gracefully across components"},{"ancestorTitles":["Authentication System Integration","Error Handling Integration"],"duration":null,"failureDetails":[],"failureMessages":[],"fullName":"Authentication System Integration Error Handling Integration should handle network failures across auth components","invocations":1,"location":{"column":8,"line":274},"numPassingAsserts":0,"retryReasons":[],"status":"pending","title":"should handle network failures across auth components"},{"ancestorTitles":["Authentication System Integration","Security Integration"],"duration":null,"failureDetails":[],"failureMessages":[],"fullName":"Authentication System Integration Security Integration should maintain security across all auth components","invocations":1,"location":{"column":8,"line":290},"numPassingAsserts":0,"retryReasons":[],"status":"pending","title":"should maintain security across all auth components"},{"ancestorTitles":["Authentication System Integration","Security Integration"],"duration":null,"failureDetails":[],"failureMessages":[],"fullName":"Authentication System Integration Security Integration should handle multiple concurrent authentication requests","invocations":1,"location":{"column":8,"line":303},"numPassingAsserts":0,"retryReasons":[],"status":"pending","title":"should handle multiple concurrent authentication requests"},{"ancestorTitles":["Authentication System Integration","Performance Integration"],"duration":null,"failureDetails":[],"failureMessages":[],"fullName":"Authentication System Integration Performance Integration should handle authentication operations within acceptable time limits","invocations":1,"location":{"column":8,"line":332},"numPassingAsserts":0,"retryReasons":[],"status":"pending","title":"should handle authentication operations within acceptable time limits"},{"ancestorTitles":["Authentication System Integration","Performance Integration"],"duration":null,"failureDetails":[],"failureMessages":[],"fullName":"Authentication System Integration Performance Integration should efficiently manage token storage operations","invocations":1,"location":{"column":8,"line":346},"numPassingAsserts":0,"retryReasons":[],"status":"pending","title":"should efficiently manage token storage operations"},{"ancestorTitles":["Authentication System Integration","State Management Integration"],"duration":null,"failureDetails":[],"failureMessages":[],"fullName":"Authentication System Integration State Management Integration should maintain consistent state across auth components","invocations":1,"location":{"column":8,"line":363},"numPassingAsserts":0,"retryReasons":[],"status":"pending","title":"should maintain consistent state across auth components"},{"ancestorTitles":["Authentication System Integration","Edge Cases Integration"],"duration":null,"failureDetails":[],"failureMessages":[],"fullName":"Authentication System Integration Edge Cases Integration should handle rapid login/logout cycles","invocations":1,"location":{"column":8,"line":385},"numPassingAsserts":0,"retryReasons":[],"status":"pending","title":"should handle rapid login/logout cycles"},{"ancestorTitles":["Authentication System Integration","Edge Cases Integration"],"duration":null,"failureDetails":[],"failureMessages":[],"fullName":"Authentication System Integration Edge Cases Integration should handle malformed server responses","invocations":1,"location":{"column":8,"line":401},"numPassingAsserts":0,"retryReasons":[],"status":"pending","title":"should handle malformed server responses"},{"ancestorTitles":["Authentication System Integration","API Integration"],"duration":null,"failureDetails":[],"failureMessages":[],"fullName":"Authentication System Integration API Integration should integrate properly with authApi module","invocations":1,"location":{"column":8,"line":417},"numPassingAsserts":0,"retryReasons":[],"status":"pending","title":"should integrate properly with authApi module"},{"ancestorTitles":["Authentication System Integration","Development vs Production Behavior"],"duration":null,"failureDetails":[],"failureMessages":[],"fullName":"Authentication System Integration Development vs Production Behavior should behave differently in development environment","invocations":1,"location":{"column":8,"line":435},"numPassingAsserts":0,"retryReasons":[],"status":"pending","title":"should behave differently in development environment"},{"ancestorTitles":["Authentication System Integration","Development vs Production Behavior"],"duration":null,"failureDetails":[],"failureMessages":[],"fullName":"Authentication System Integration Development vs Production Behavior should enable full functionality in production environment","invocations":1,"location":{"column":8,"line":449},"numPassingAsserts":0,"retryReasons":[],"status":"pending","title":"should enable full functionality in production environment"}],"coverage":{},"endTime":1756854565013,"message":"","name":"C:\\Users\\kanta\\GitHub\\work-time-tracker\\src\\services\\auth\\__tests__\\auth-integration.test.ts","startTime":1756854565013,"status":"skipped","summary":""},{"assertionResults":[{"ancestorTitles":["Register Page"],"duration":91,"failureDetails":[],"failureMessages":[],"fullName":"Register Page renders form fields","invocations":1,"location":{"column":3,"line":41},"numPassingAsserts":4,"retryReasons":[],"status":"passed","title":"renders form fields"},{"ancestorTitles":["Register Page"],"duration":203,"failureDetails":[],"failureMessages":[],"fullName":"Register Page validates required fields","invocations":1,"location":{"column":3,"line":50},"numPassingAsserts":2,"retryReasons":[],"status":"passed","title":"validates required fields"},{"ancestorTitles":["Register Page"],"duration":1126,"failureDetails":[],"failureMessages":[],"fullName":"Register Page submits successfully and navigates to /","invocations":1,"location":{"column":3,"line":67},"numPassingAsserts":1,"retryReasons":[],"status":"passed","title":"submits successfully and navigates to /"},{"ancestorTitles":["Register Page"],"duration":964,"failureDetails":[],"failureMessages":[],"fullName":"Register Page navigates to /login with message when no token returned","invocations":1,"location":{"column":3,"line":88},"numPassingAsserts":1,"retryReasons":[],"status":"passed","title":"navigates to /login with message when no token returned"},{"ancestorTitles":["Register Page"],"duration":1876,"failureDetails":[{},{"name":"TestingLibraryElementError"}],"failureMessages":["TypeError: Right-hand side of 'instanceof' is not an object\n    at C:\\Users\\kanta\\GitHub\\work-time-tracker\\src\\pages\\Register.tsx:259:11\n    at Generator.<anonymous> (C:\\Users\\kanta\\GitHub\\work-time-tracker\\src\\pages\\Register.tsx:4:1660)\n    at Generator.throw (C:\\Users\\kanta\\GitHub\\work-time-tracker\\src\\pages\\Register.tsx:5:255)\n    at asyncGeneratorStep (C:\\Users\\kanta\\GitHub\\work-time-tracker\\src\\pages\\Register.tsx:6:70)\n    at _throw (C:\\Users\\kanta\\GitHub\\work-time-tracker\\src\\pages\\Register.tsx:7:241)","Error: Unable to find an element with the text: 既に登録されています. This could be because the text is broken up by multiple elements. In this case, you can provide a function for your text matcher to make your matcher more flexible.\n\nIgnored nodes: comments, script, style\n\u001b[36m<body>\u001b[39m\n  \u001b[36m<div>\u001b[39m\n    \u001b[36m<div\u001b[39m\n      \u001b[33mclass\u001b[39m=\u001b[32m\"min-h-screen bg-gradient-to-br from-blue-50 to-indigo-100 flex items-center justify-center p-4\"\u001b[39m\n    \u001b[36m>\u001b[39m\n      \u001b[36m<div\u001b[39m\n        \u001b[33mclass\u001b[39m=\u001b[32m\"rounded-lg border text-card-foreground w-full max-w-md shadow-lg bg-white dark:bg-white dark:text-gray-900\"\u001b[39m\n      \u001b[36m>\u001b[39m\n        \u001b[36m<div\u001b[39m\n          \u001b[33mclass\u001b[39m=\u001b[32m\"flex flex-col space-y-1.5 p-6 text-center\"\u001b[39m\n        \u001b[36m>\u001b[39m\n          \u001b[36m<h3\u001b[39m\n            \u001b[33mclass\u001b[39m=\u001b[32m\"tracking-tight text-2xl font-bold text-gray-900\"\u001b[39m\n          \u001b[36m>\u001b[39m\n            \u001b[0mアカウント登録\u001b[0m\n          \u001b[36m</h3>\u001b[39m\n          \u001b[36m<p\u001b[39m\n            \u001b[33mclass\u001b[39m=\u001b[32m\"text-sm text-gray-600\"\u001b[39m\n          \u001b[36m>\u001b[39m\n            \u001b[0mWork Time Trackerへようこそ\u001b[0m\n          \u001b[36m</p>\u001b[39m\n        \u001b[36m</div>\u001b[39m\n        \u001b[36m<form>\u001b[39m\n          \u001b[36m<div\u001b[39m\n            \u001b[33mclass\u001b[39m=\u001b[32m\"p-6 pt-0 space-y-4\"\u001b[39m\n          \u001b[36m>\u001b[39m\n            \u001b[36m<div\u001b[39m\n              \u001b[33mclass\u001b[39m=\u001b[32m\"space-y-2\"\u001b[39m\n            \u001b[36m>\u001b[39m\n              \u001b[36m<label\u001b[39m\n                \u001b[33mclass\u001b[39m=\u001b[32m\"peer-disabled:cursor-not-allowed peer-disabled:opacity-70 text-sm font-medium text-gray-700\"\u001b[39m\n                \u001b[33mfor\u001b[39m=\u001b[32m\"name\"\u001b[39m\n              \u001b[36m>\u001b[39m\n                \u001b[36m<svg\u001b[39m\n                  \u001b[33mclass\u001b[39m=\u001b[32m\"lucide lucide-user inline-block w-4 h-4 mr-1\"\u001b[39m\n                  \u001b[33mfill\u001b[39m=\u001b[32m\"none\"\u001b[39m\n                  \u001b[33mheight\u001b[39m=\u001b[32m\"24\"\u001b[39m\n                  \u001b[33mstroke\u001b[39m=\u001b[32m\"currentColor\"\u001b[39m\n                  \u001b[33mstroke-linecap\u001b[39m=\u001b[32m\"round\"\u001b[39m\n                  \u001b[33mstroke-linejoin\u001b[39m=\u001b[32m\"round\"\u001b[39m\n                  \u001b[33mstroke-width\u001b[39m=\u001b[32m\"2\"\u001b[39m\n                  \u001b[33mviewBox\u001b[39m=\u001b[32m\"0 0 24 24\"\u001b[39m\n                  \u001b[33mwidth\u001b[39m=\u001b[32m\"24\"\u001b[39m\n                  \u001b[33mxmlns\u001b[39m=\u001b[32m\"http://www.w3.org/2000/svg\"\u001b[39m\n                \u001b[36m>\u001b[39m\n                  \u001b[36m<path\u001b[39m\n                    \u001b[33md\u001b[39m=\u001b[32m\"M19 21v-2a4 4 0 0 0-4-4H9a4 4 0 0 0-4 4v2\"\u001b[39m\n                  \u001b[36m/>\u001b[39m\n                  \u001b[36m<circle\u001b[39m\n                    \u001b[33mcx\u001b[39m=\u001b[32m\"12\"\u001b[39m\n                    \u001b[33mcy\u001b[39m=\u001b[32m\"7\"\u001b[39m\n                    \u001b[33mr\u001b[39m=\u001b[32m\"4\"\u001b[39m\n                  \u001b[36m/>\u001b[39m\n                \u001b[36m</svg>\u001b[39m\n                \u001b[0m名前\u001b[0m\n              \u001b[36m</label>\u001b[39m\n              \u001b[36m<div\u001b[39m\n                \u001b[33mclass\u001b[39m=\u001b[32m\"relative\"\u001b[39m\n              \u001b[36m>\u001b[39m\n                \u001b[36m<input\u001b[39m\n                  \u001b[33mclass\u001b[39m=\u001b[32m\"flex h-10 w-full rounded-md border border-input px-3 py-2 text-sm ring-offset-background file:border-0 file:bg-transparent file:text-sm file:font-medium focus-visible:outline-none focus-visible:ring-2 focus-visible:ring-ring focus-visible:ring-offset-2 disabled:cursor-not-allowed disabled:opacity-50 pl-4 bg-white text-gray-900 placeholder:text-gray-500\"\u001b[39m\n                  \u001b[33mid\u001b[39m=\u001b[32m\"name\"\u001b[39m\n                  \u001b[33minputmode\u001b[39m=\u001b[32m\"text\"\u001b[39m\n                  \u001b[33mplaceholder\u001b[39m=\u001b[32m\"田中 太郎\"\u001b[39m\n                  \u001b[33mtype\u001b[39m=\u001b[32m\"text\"\u001b[39m\n                  \u001b[33mvalue\u001b[39m=\u001b[32m\"次郎\"\u001b[39m\n                \u001b[36m/>\u001b[39m\n                \u001b[36m<div\u001b[39m\n                  \u001b[33mclass\u001b[39m=\u001b[32m\"absolute right-3 top-3\"\u001b[39m\n                \u001b[36m>\u001b[39m\n                  \u001b[36m<svg\u001b[39m\n                    \u001b[33mclass\u001b[39m=\u001b[32m\"lucide lucide-circle-check-big w-4 h-4 text-green-500\"\u001b[39m\n                    \u001b[33mfill\u001b[39m=\u001b[32m\"none\"\u001b[39m\n                    \u001b[33mheight\u001b[39m=\u001b[32m\"24\"\u001b[39m\n                    \u001b[33mstroke\u001b[39m=\u001b[32m\"currentColor\"\u001b[39m\n                    \u001b[33mstroke-linecap\u001b[39m=\u001b[32m\"round\"\u001b[39m\n                    \u001b[33mstroke-linejoin\u001b[39m=\u001b[32m\"round\"\u001b[39m\n                    \u001b[33mstroke-width\u001b[39m=\u001b[32m\"2\"\u001b[39m\n                    \u001b[33mviewBox\u001b[39m=\u001b[32m\"0 0 24 24\"\u001b[39m\n                    \u001b[33mwidth\u001b[39m=\u001b[32m\"24\"\u001b[39m\n                    \u001b[33mxmlns\u001b[39m=\u001b[32m\"http://www.w3.org/2000/svg\"\u001b[39m\n                  \u001b[36m>\u001b[39m\n                    \u001b[36m<path\u001b[39m\n                      \u001b[33md\u001b[39m=\u001b[32m\"M21.801 10A10 10 0 1 1 17 3.335\"\u001b[39m\n                    \u001b[36m/>\u001b[39m\n                    \u001b[36m<path\u001b[39m\n                      \u001b[33md\u001b[39m=\u001b[32m\"m9 11 3 3L22 4\"\u001b[39m\n                    \u001b[36m/>\u001b[39m\n                  \u001b[36m</svg>\u001b[39m\n                \u001b[36m</div>\u001b[39m\n              \u001b[36m</div>\u001b[39m\n            \u001b[36m</div>\u001b[39m\n            \u001b[36m<div\u001b[39m\n              \u001b[33mclass\u001b[39m=\u001b[32m\"space-y-2\"\u001b[39m\n            \u001b[36m>\u001b[39m\n              \u001b[36m<label\u001b[39m\n                \u001b[33mclass\u001b[39m=\u001b[32m\"peer-disabled:cursor-not-allowed peer-disabled:opacity-70 text-sm font-medium text-gray-700\"\u001b[39m\n                \u001b[33mfor\u001b[39m=\u001b[32m\"email\"\u001b[39m\n              \u001b[36m>\u001b[39m\n                \u001b[36m<svg\u001b[39m\n                  \u001b[33mclass\u001b[39m=\u001b[32m\"lucide lucide-mail inline-block w-4 h-4 mr-1\"\u001b[39m\n                  \u001b[33mfill\u001b[39m=\u001b[32m\"none\"\u001b[39m\n                  \u001b[33mheight\u001b[39m=\u001b[32m\"24\"\u001b[39m\n                  \u001b[33mstroke\u001b[39m=\u001b[32m\"currentColor\"\u001b[39m\n                  \u001b[33mstroke-linecap\u001b[39m=\u001b[32m\"round\"\u001b[39m\n                  \u001b[33mstroke-linejoin\u001b[39m=\u001b[32m\"round\"\u001b[39m\n                  \u001b[33mstroke-width\u001b[39m=\u001b[32m\"2\"\u001b[39m\n                  \u001b[33mviewBox\u001b[39m=\u001b[32m\"0 0 24 24\"\u001b[39m\n                  \u001b[33mwidth\u001b[39m=\u001b[32m\"24\"\u001b[39m\n                  \u001b[33mxmlns\u001b[39m=\u001b[32m\"http://www.w3.org/2000/svg\"\u001b[39m\n                \u001b[36m>\u001b[39m\n                  \u001b[36m<rect\u001b[39m\n                    \u001b[33mheight\u001b[39m=\u001b[32m\"16\"\u001b[39m\n                    \u001b[33mrx\u001b[39m=\u001b[32m\"2\"\u001b[39m\n                    \u001b[33mwidth\u001b[39m=\u001b[32m\"20\"\u001b[39m\n                    \u001b[33mx\u001b[39m=\u001b[32m\"2\"\u001b[39m\n                    \u001b[33my\u001b[39m=\u001b[32m\"4\"\u001b[39m\n                  \u001b[36m/>\u001b[39m\n                  \u001b[36m<path\u001b[39m\n                    \u001b[33md\u001b[39m=\u001b[32m\"m22 7-8.97 5.7a1.94 1.94 0 0 1-2.06 0L2 7\"\u001b[39m\n                  \u001b[36m/>\u001b[39m\n                \u001b[36m</svg>\u001b[39m\n                \u001b[0mメールアドレス\u001b[0m\n              \u001b[36m</label>\u001b[39m\n              \u001b[36m<div\u001b[39m\n                \u001b[33mclass\u001b[39m=\u001b[32m\"relative\"\u001b[39m\n              \u001b[36m>\u001b[39m\n                \u001b[36m<input\u001b[39m\n                  \u001b[33mautocomplete\u001b[39m=\u001b[32m\"email\"\u001b[39m\n                  \u001b[33mclass\u001b[39m=\u001b[32m\"flex h-10 w-full rounded-md border border-input px-3 py-2 text-sm ring-offset-background file:border-0 file:bg-transparent file:text-sm file:font-medium focus-visible:outline-none focus-visible:ring-2 focus-visible:ring-ring focus-visible:ring-offset-2 disabled:cursor-not-allowed disabled:opacity-50 pl-4 bg-white text-gray-900 placeholder:text-gray-500\"\u001b[39m\n                  \u001b[33mid\u001b[39m=\u001b[32m\"email\"\u001b[39m\n                  \u001b[33minputmode\u001b[39m=\u001b[32m\"text\"\u001b[39m\n                  \u001b[33mplaceholder\u001b[39m=\u001b[32m\"example@email.com\"\u001b[39m\n                  \u001b[33mtype\u001b[39m=\u001b[32m\"email\"\u001b[39m\n                  \u001b[33mvalue\u001b[39m=\u001b[32m\"dup@example.com...\n    at waitForWrapper (C:\\Users\\kanta\\GitHub\\work-time-tracker\\node_modules\\@testing-library\\dom\\dist\\wait-for.js:163:27)\n    at C:\\Users\\kanta\\GitHub\\work-time-tracker\\src\\pages\\__tests__\\Register.test.tsx:137:18\n    at Generator.<anonymous> (C:\\Users\\kanta\\GitHub\\work-time-tracker\\src\\pages\\__tests__\\Register.test.tsx:41:1660)\n    at Generator.next (C:\\Users\\kanta\\GitHub\\work-time-tracker\\src\\pages\\__tests__\\Register.test.tsx:42:255)\n    at asyncGeneratorStep (C:\\Users\\kanta\\GitHub\\work-time-tracker\\src\\pages\\__tests__\\Register.test.tsx:43:70)\n    at _next (C:\\Users\\kanta\\GitHub\\work-time-tracker\\src\\pages\\__tests__\\Register.test.tsx:44:163)"],"fullName":"Register Page shows email field error on duplicate email (409)","invocations":1,"location":{"column":3,"line":112},"numPassingAsserts":0,"retryReasons":[],"status":"failed","title":"shows email field error on duplicate email (409)"}],"endTime":1756854458097,"message":"\u001b[1m\u001b[31m  \u001b[1m● \u001b[22m\u001b[1mRegister Page › shows email field error on duplicate email (409)\u001b[39m\u001b[22m\n\n    TypeError: Right-hand side of 'instanceof' is not an object\n\u001b[2m\u001b[22m\n\u001b[2m    \u001b[0m \u001b[90m 257 |\u001b[39m       console\u001b[33m.\u001b[39merror(\u001b[32m'登録エラー:'\u001b[39m\u001b[33m,\u001b[39m error)\u001b[33m;\u001b[39m\u001b[22m\n\u001b[2m     \u001b[90m 258 |\u001b[39m\u001b[22m\n\u001b[2m    \u001b[31m\u001b[1m>\u001b[22m\u001b[2m\u001b[39m\u001b[90m 259 |\u001b[39m       \u001b[36mif\u001b[39m (error \u001b[36minstanceof\u001b[39m \u001b[33mAxiosError\u001b[39m) {\u001b[22m\n\u001b[2m     \u001b[90m     |\u001b[39m           \u001b[31m\u001b[1m^\u001b[22m\u001b[2m\u001b[39m\u001b[22m\n\u001b[2m     \u001b[90m 260 |\u001b[39m         \u001b[36mconst\u001b[39m errorMessage \u001b[33m=\u001b[39m error\u001b[33m.\u001b[39mresponse\u001b[33m?\u001b[39m\u001b[33m.\u001b[39mdata\u001b[33m?\u001b[39m\u001b[33m.\u001b[39mmessage\u001b[33m;\u001b[39m\u001b[22m\n\u001b[2m     \u001b[90m 261 |\u001b[39m         \u001b[36mconst\u001b[39m errorField \u001b[33m=\u001b[39m error\u001b[33m.\u001b[39mresponse\u001b[33m?\u001b[39m\u001b[33m.\u001b[39mdata\u001b[33m?\u001b[39m\u001b[33m.\u001b[39mfield\u001b[33m;\u001b[39m\u001b[22m\n\u001b[2m     \u001b[90m 262 |\u001b[39m\u001b[0m\u001b[22m\n\u001b[2m\u001b[22m\n\u001b[2m      \u001b[2mat \u001b[22m\u001b[2msrc/pages/Register.tsx\u001b[2m:259:11\u001b[22m\u001b[2m\u001b[22m\n\u001b[2m      \u001b[2mat Generator.<anonymous> (\u001b[22m\u001b[2msrc/pages/Register.tsx\u001b[2m:4:1660)\u001b[22m\u001b[2m\u001b[22m\n\u001b[2m      \u001b[2mat Generator.throw (\u001b[22m\u001b[2msrc/pages/Register.tsx\u001b[2m:5:255)\u001b[22m\u001b[2m\u001b[22m\n\u001b[2m      \u001b[2mat asyncGeneratorStep (\u001b[22m\u001b[2msrc/pages/Register.tsx\u001b[2m:6:70)\u001b[22m\u001b[2m\u001b[22m\n\u001b[2m      \u001b[2mat _throw (\u001b[22m\u001b[2msrc/pages/Register.tsx\u001b[2m:7:241)\u001b[22m\u001b[2m\u001b[22m\n\n\u001b[1m\u001b[31m  \u001b[1m● \u001b[22m\u001b[1mRegister Page › shows email field error on duplicate email (409)\u001b[39m\u001b[22m\n\n    Unable to find an element with the text: 既に登録されています. This could be because the text is broken up by multiple elements. In this case, you can provide a function for your text matcher to make your matcher more flexible.\n\n    Ignored nodes: comments, script, style\n    \u001b[36m<body>\u001b[39m\n      \u001b[36m<div>\u001b[39m\n        \u001b[36m<div\u001b[39m\n          \u001b[33mclass\u001b[39m=\u001b[32m\"min-h-screen bg-gradient-to-br from-blue-50 to-indigo-100 flex items-center justify-center p-4\"\u001b[39m\n        \u001b[36m>\u001b[39m\n          \u001b[36m<div\u001b[39m\n            \u001b[33mclass\u001b[39m=\u001b[32m\"rounded-lg border text-card-foreground w-full max-w-md shadow-lg bg-white dark:bg-white dark:text-gray-900\"\u001b[39m\n          \u001b[36m>\u001b[39m\n            \u001b[36m<div\u001b[39m\n              \u001b[33mclass\u001b[39m=\u001b[32m\"flex flex-col space-y-1.5 p-6 text-center\"\u001b[39m\n            \u001b[36m>\u001b[39m\n              \u001b[36m<h3\u001b[39m\n                \u001b[33mclass\u001b[39m=\u001b[32m\"tracking-tight text-2xl font-bold text-gray-900\"\u001b[39m\n              \u001b[36m>\u001b[39m\n                \u001b[0mアカウント登録\u001b[0m\n              \u001b[36m</h3>\u001b[39m\n              \u001b[36m<p\u001b[39m\n                \u001b[33mclass\u001b[39m=\u001b[32m\"text-sm text-gray-600\"\u001b[39m\n              \u001b[36m>\u001b[39m\n                \u001b[0mWork Time Trackerへようこそ\u001b[0m\n              \u001b[36m</p>\u001b[39m\n            \u001b[36m</div>\u001b[39m\n            \u001b[36m<form>\u001b[39m\n              \u001b[36m<div\u001b[39m\n                \u001b[33mclass\u001b[39m=\u001b[32m\"p-6 pt-0 space-y-4\"\u001b[39m\n              \u001b[36m>\u001b[39m\n                \u001b[36m<div\u001b[39m\n                  \u001b[33mclass\u001b[39m=\u001b[32m\"space-y-2\"\u001b[39m\n                \u001b[36m>\u001b[39m\n                  \u001b[36m<label\u001b[39m\n                    \u001b[33mclass\u001b[39m=\u001b[32m\"peer-disabled:cursor-not-allowed peer-disabled:opacity-70 text-sm font-medium text-gray-700\"\u001b[39m\n                    \u001b[33mfor\u001b[39m=\u001b[32m\"name\"\u001b[39m\n                  \u001b[36m>\u001b[39m\n                    \u001b[36m<svg\u001b[39m\n                      \u001b[33mclass\u001b[39m=\u001b[32m\"lucide lucide-user inline-block w-4 h-4 mr-1\"\u001b[39m\n                      \u001b[33mfill\u001b[39m=\u001b[32m\"none\"\u001b[39m\n                      \u001b[33mheight\u001b[39m=\u001b[32m\"24\"\u001b[39m\n                      \u001b[33mstroke\u001b[39m=\u001b[32m\"currentColor\"\u001b[39m\n                      \u001b[33mstroke-linecap\u001b[39m=\u001b[32m\"round\"\u001b[39m\n                      \u001b[33mstroke-linejoin\u001b[39m=\u001b[32m\"round\"\u001b[39m\n                      \u001b[33mstroke-width\u001b[39m=\u001b[32m\"2\"\u001b[39m\n                      \u001b[33mviewBox\u001b[39m=\u001b[32m\"0 0 24 24\"\u001b[39m\n                      \u001b[33mwidth\u001b[39m=\u001b[32m\"24\"\u001b[39m\n                      \u001b[33mxmlns\u001b[39m=\u001b[32m\"http://www.w3.org/2000/svg\"\u001b[39m\n                    \u001b[36m>\u001b[39m\n                      \u001b[36m<path\u001b[39m\n                        \u001b[33md\u001b[39m=\u001b[32m\"M19 21v-2a4 4 0 0 0-4-4H9a4 4 0 0 0-4 4v2\"\u001b[39m\n                      \u001b[36m/>\u001b[39m\n                      \u001b[36m<circle\u001b[39m\n                        \u001b[33mcx\u001b[39m=\u001b[32m\"12\"\u001b[39m\n                        \u001b[33mcy\u001b[39m=\u001b[32m\"7\"\u001b[39m\n                        \u001b[33mr\u001b[39m=\u001b[32m\"4\"\u001b[39m\n                      \u001b[36m/>\u001b[39m\n                    \u001b[36m</svg>\u001b[39m\n                    \u001b[0m名前\u001b[0m\n                  \u001b[36m</label>\u001b[39m\n                  \u001b[36m<div\u001b[39m\n                    \u001b[33mclass\u001b[39m=\u001b[32m\"relative\"\u001b[39m\n                  \u001b[36m>\u001b[39m\n                    \u001b[36m<input\u001b[39m\n                      \u001b[33mclass\u001b[39m=\u001b[32m\"flex h-10 w-full rounded-md border border-input px-3 py-2 text-sm ring-offset-background file:border-0 file:bg-transparent file:text-sm file:font-medium focus-visible:outline-none focus-visible:ring-2 focus-visible:ring-ring focus-visible:ring-offset-2 disabled:cursor-not-allowed disabled:opacity-50 pl-4 bg-white text-gray-900 placeholder:text-gray-500\"\u001b[39m\n                      \u001b[33mid\u001b[39m=\u001b[32m\"name\"\u001b[39m\n                      \u001b[33minputmode\u001b[39m=\u001b[32m\"text\"\u001b[39m\n                      \u001b[33mplaceholder\u001b[39m=\u001b[32m\"田中 太郎\"\u001b[39m\n                      \u001b[33mtype\u001b[39m=\u001b[32m\"text\"\u001b[39m\n                      \u001b[33mvalue\u001b[39m=\u001b[32m\"次郎\"\u001b[39m\n                    \u001b[36m/>\u001b[39m\n                    \u001b[36m<div\u001b[39m\n                      \u001b[33mclass\u001b[39m=\u001b[32m\"absolute right-3 top-3\"\u001b[39m\n                    \u001b[36m>\u001b[39m\n                      \u001b[36m<svg\u001b[39m\n                        \u001b[33mclass\u001b[39m=\u001b[32m\"lucide lucide-circle-check-big w-4 h-4 text-green-500\"\u001b[39m\n                        \u001b[33mfill\u001b[39m=\u001b[32m\"none\"\u001b[39m\n                        \u001b[33mheight\u001b[39m=\u001b[32m\"24\"\u001b[39m\n                        \u001b[33mstroke\u001b[39m=\u001b[32m\"currentColor\"\u001b[39m\n                        \u001b[33mstroke-linecap\u001b[39m=\u001b[32m\"round\"\u001b[39m\n                        \u001b[33mstroke-linejoin\u001b[39m=\u001b[32m\"round\"\u001b[39m\n                        \u001b[33mstroke-width\u001b[39m=\u001b[32m\"2\"\u001b[39m\n                        \u001b[33mviewBox\u001b[39m=\u001b[32m\"0 0 24 24\"\u001b[39m\n                        \u001b[33mwidth\u001b[39m=\u001b[32m\"24\"\u001b[39m\n                        \u001b[33mxmlns\u001b[39m=\u001b[32m\"http://www.w3.org/2000/svg\"\u001b[39m\n                      \u001b[36m>\u001b[39m\n                        \u001b[36m<path\u001b[39m\n                          \u001b[33md\u001b[39m=\u001b[32m\"M21.801 10A10 10 0 1 1 17 3.335\"\u001b[39m\n                        \u001b[36m/>\u001b[39m\n                        \u001b[36m<path\u001b[39m\n                          \u001b[33md\u001b[39m=\u001b[32m\"m9 11 3 3L22 4\"\u001b[39m\n                        \u001b[36m/>\u001b[39m\n                      \u001b[36m</svg>\u001b[39m\n                    \u001b[36m</div>\u001b[39m\n                  \u001b[36m</div>\u001b[39m\n                \u001b[36m</div>\u001b[39m\n                \u001b[36m<div\u001b[39m\n                  \u001b[33mclass\u001b[39m=\u001b[32m\"space-y-2\"\u001b[39m\n                \u001b[36m>\u001b[39m\n                  \u001b[36m<label\u001b[39m\n                    \u001b[33mclass\u001b[39m=\u001b[32m\"peer-disabled:cursor-not-allowed peer-disabled:opacity-70 text-sm font-medium text-gray-700\"\u001b[39m\n                    \u001b[33mfor\u001b[39m=\u001b[32m\"email\"\u001b[39m\n                  \u001b[36m>\u001b[39m\n                    \u001b[36m<svg\u001b[39m\n                      \u001b[33mclass\u001b[39m=\u001b[32m\"lucide lucide-mail inline-block w-4 h-4 mr-1\"\u001b[39m\n                      \u001b[33mfill\u001b[39m=\u001b[32m\"none\"\u001b[39m\n                      \u001b[33mheight\u001b[39m=\u001b[32m\"24\"\u001b[39m\n                      \u001b[33mstroke\u001b[39m=\u001b[32m\"currentColor\"\u001b[39m\n                      \u001b[33mstroke-linecap\u001b[39m=\u001b[32m\"round\"\u001b[39m\n                      \u001b[33mstroke-linejoin\u001b[39m=\u001b[32m\"round\"\u001b[39m\n                      \u001b[33mstroke-width\u001b[39m=\u001b[32m\"2\"\u001b[39m\n                      \u001b[33mviewBox\u001b[39m=\u001b[32m\"0 0 24 24\"\u001b[39m\n                      \u001b[33mwidth\u001b[39m=\u001b[32m\"24\"\u001b[39m\n                      \u001b[33mxmlns\u001b[39m=\u001b[32m\"http://www.w3.org/2000/svg\"\u001b[39m\n                    \u001b[36m>\u001b[39m\n                      \u001b[36m<rect\u001b[39m\n                        \u001b[33mheight\u001b[39m=\u001b[32m\"16\"\u001b[39m\n                        \u001b[33mrx\u001b[39m=\u001b[32m\"2\"\u001b[39m\n                        \u001b[33mwidth\u001b[39m=\u001b[32m\"20\"\u001b[39m\n                        \u001b[33mx\u001b[39m=\u001b[32m\"2\"\u001b[39m\n                        \u001b[33my\u001b[39m=\u001b[32m\"4\"\u001b[39m\n                      \u001b[36m/>\u001b[39m\n                      \u001b[36m<path\u001b[39m\n                        \u001b[33md\u001b[39m=\u001b[32m\"m22 7-8.97 5.7a1.94 1.94 0 0 1-2.06 0L2 7\"\u001b[39m\n                      \u001b[36m/>\u001b[39m\n                    \u001b[36m</svg>\u001b[39m\n                    \u001b[0mメールアドレス\u001b[0m\n                  \u001b[36m</label>\u001b[39m\n                  \u001b[36m<div\u001b[39m\n                    \u001b[33mclass\u001b[39m=\u001b[32m\"relative\"\u001b[39m\n                  \u001b[36m>\u001b[39m\n                    \u001b[36m<input\u001b[39m\n                      \u001b[33mautocomplete\u001b[39m=\u001b[32m\"email\"\u001b[39m\n                      \u001b[33mclass\u001b[39m=\u001b[32m\"flex h-10 w-full rounded-md border border-input px-3 py-2 text-sm ring-offset-background file:border-0 file:bg-transparent file:text-sm file:font-medium focus-visible:outline-none focus-visible:ring-2 focus-visible:ring-ring focus-visible:ring-offset-2 disabled:cursor-not-allowed disabled:opacity-50 pl-4 bg-white text-gray-900 placeholder:text-gray-500\"\u001b[39m\n                      \u001b[33mid\u001b[39m=\u001b[32m\"email\"\u001b[39m\n                      \u001b[33minputmode\u001b[39m=\u001b[32m\"text\"\u001b[39m\n                      \u001b[33mplaceholder\u001b[39m=\u001b[32m\"example@email.com\"\u001b[39m\n                      \u001b[33mtype\u001b[39m=\u001b[32m\"email\"\u001b[39m\n                      \u001b[33mvalue\u001b[39m=\u001b[32m\"dup@example.com...\n\u001b[2m\u001b[22m\n\u001b[2m    \u001b[0m \u001b[90m 135 |\u001b[39m     \u001b[36mawait\u001b[39m user\u001b[33m.\u001b[39mclick(screen\u001b[33m.\u001b[39mgetByRole(\u001b[32m'button'\u001b[39m\u001b[33m,\u001b[39m { name\u001b[33m:\u001b[39m \u001b[32m'アカウントを作成'\u001b[39m }))\u001b[33m;\u001b[39m\u001b[22m\n\u001b[2m     \u001b[90m 136 |\u001b[39m\u001b[22m\n\u001b[2m    \u001b[31m\u001b[1m>\u001b[22m\u001b[2m\u001b[39m\u001b[90m 137 |\u001b[39m     \u001b[36mawait\u001b[39m waitFor(() \u001b[33m=>\u001b[39m {\u001b[22m\n\u001b[2m     \u001b[90m     |\u001b[39m                  \u001b[31m\u001b[1m^\u001b[22m\u001b[2m\u001b[39m\u001b[22m\n\u001b[2m     \u001b[90m 138 |\u001b[39m       expect(screen\u001b[33m.\u001b[39mgetByText(\u001b[32m'既に登録されています'\u001b[39m))\u001b[33m.\u001b[39mtoBeInTheDocument()\u001b[33m;\u001b[39m\u001b[22m\n\u001b[2m     \u001b[90m 139 |\u001b[39m     })\u001b[33m;\u001b[39m\u001b[22m\n\u001b[2m     \u001b[90m 140 |\u001b[39m   })\u001b[33m;\u001b[39m\u001b[0m\u001b[22m\n\u001b[2m\u001b[22m\n\u001b[2m      \u001b[2mat waitForWrapper (\u001b[22m\u001b[2mnode_modules/@testing-library/dom/dist/wait-for.js\u001b[2m:163:27)\u001b[22m\u001b[2m\u001b[22m\n\u001b[2m      \u001b[2mat \u001b[22m\u001b[2m\u001b[0m\u001b[36msrc/pages/__tests__/Register.test.tsx\u001b[39m\u001b[0m\u001b[2m:137:18\u001b[22m\u001b[2m\u001b[22m\n\u001b[2m      \u001b[2mat Generator.<anonymous> (\u001b[22m\u001b[2m\u001b[0m\u001b[36msrc/pages/__tests__/Register.test.tsx\u001b[39m\u001b[0m\u001b[2m:41:1660)\u001b[22m\u001b[2m\u001b[22m\n\u001b[2m      \u001b[2mat Generator.next (\u001b[22m\u001b[2m\u001b[0m\u001b[36msrc/pages/__tests__/Register.test.tsx\u001b[39m\u001b[0m\u001b[2m:42:255)\u001b[22m\u001b[2m\u001b[22m\n\u001b[2m      \u001b[2mat asyncGeneratorStep (\u001b[22m\u001b[2m\u001b[0m\u001b[36msrc/pages/__tests__/Register.test.tsx\u001b[39m\u001b[0m\u001b[2m:43:70)\u001b[22m\u001b[2m\u001b[22m\n\u001b[2m      \u001b[2mat _next (\u001b[22m\u001b[2m\u001b[0m\u001b[36msrc/pages/__tests__/Register.test.tsx\u001b[39m\u001b[0m\u001b[2m:44:163)\u001b[22m\u001b[2m\u001b[22m\n","name":"C:\\Users\\kanta\\GitHub\\work-time-tracker\\src\\pages\\__tests__\\Register.test.tsx","startTime":1756854452553,"status":"failed","summary":""},{"assertionResults":[{"ancestorTitles":["ForgotPassword Page"],"duration":521,"failureDetails":[],"failureMessages":[],"fullName":"ForgotPassword Page validates email format and disables submit until valid","invocations":1,"location":{"column":3,"line":42},"numPassingAsserts":3,"retryReasons":[],"status":"passed","title":"validates email format and disables submit until valid"},{"ancestorTitles":["ForgotPassword Page"],"duration":405,"failureDetails":[],"failureMessages":[],"fullName":"ForgotPassword Page submits and shows success state","invocations":1,"location":{"column":3,"line":57},"numPassingAsserts":2,"retryReasons":[],"status":"passed","title":"submits and shows success state"},{"ancestorTitles":["ForgotPassword Page"],"duration":1369,"failureDetails":[{},{"name":"TestingLibraryElementError"}],"failureMessages":["TypeError: Right-hand side of 'instanceof' is not an object\n    at C:\\Users\\kanta\\GitHub\\work-time-tracker\\src\\pages\\ForgotPassword.tsx:53:11\n    at Generator.<anonymous> (C:\\Users\\kanta\\GitHub\\work-time-tracker\\src\\pages\\ForgotPassword.tsx:3:1660)\n    at Generator.throw (C:\\Users\\kanta\\GitHub\\work-time-tracker\\src\\pages\\ForgotPassword.tsx:4:255)\n    at asyncGeneratorStep (C:\\Users\\kanta\\GitHub\\work-time-tracker\\src\\pages\\ForgotPassword.tsx:5:70)\n    at _throw (C:\\Users\\kanta\\GitHub\\work-time-tracker\\src\\pages\\ForgotPassword.tsx:6:241)","Error: Unable to find an element with the text: このメールアドレスは登録されていません. This could be because the text is broken up by multiple elements. In this case, you can provide a function for your text matcher to make your matcher more flexible.\n\nIgnored nodes: comments, script, style\n\u001b[36m<body>\u001b[39m\n  \u001b[36m<div>\u001b[39m\n    \u001b[36m<div\u001b[39m\n      \u001b[33mclass\u001b[39m=\u001b[32m\"min-h-screen flex items-center justify-center bg-gradient-to-br from-blue-50 to-indigo-100 p-4\"\u001b[39m\n    \u001b[36m>\u001b[39m\n      \u001b[36m<div\u001b[39m\n        \u001b[33mclass\u001b[39m=\u001b[32m\"rounded-lg border bg-card text-card-foreground w-full max-w-md shadow-lg\"\u001b[39m\n      \u001b[36m>\u001b[39m\n        \u001b[36m<div\u001b[39m\n          \u001b[33mclass\u001b[39m=\u001b[32m\"flex flex-col space-y-1.5 p-6 text-center\"\u001b[39m\n        \u001b[36m>\u001b[39m\n          \u001b[36m<h3\u001b[39m\n            \u001b[33mclass\u001b[39m=\u001b[32m\"tracking-tight text-2xl font-bold text-gray-900\"\u001b[39m\n          \u001b[36m>\u001b[39m\n            \u001b[0mパスワードをお忘れですか？\u001b[0m\n          \u001b[36m</h3>\u001b[39m\n          \u001b[36m<p\u001b[39m\n            \u001b[33mclass\u001b[39m=\u001b[32m\"text-sm text-gray-600\"\u001b[39m\n          \u001b[36m>\u001b[39m\n            \u001b[0m登録されたメールアドレスにパスワードリセットのリンクをお送りします\u001b[0m\n          \u001b[36m</p>\u001b[39m\n        \u001b[36m</div>\u001b[39m\n        \u001b[36m<form>\u001b[39m\n          \u001b[36m<div\u001b[39m\n            \u001b[33mclass\u001b[39m=\u001b[32m\"p-6 pt-0 space-y-4\"\u001b[39m\n          \u001b[36m>\u001b[39m\n            \u001b[36m<div\u001b[39m\n              \u001b[33mclass\u001b[39m=\u001b[32m\"space-y-2\"\u001b[39m\n            \u001b[36m>\u001b[39m\n              \u001b[36m<label\u001b[39m\n                \u001b[33mclass\u001b[39m=\u001b[32m\"peer-disabled:cursor-not-allowed peer-disabled:opacity-70 text-sm font-medium text-gray-700\"\u001b[39m\n                \u001b[33mfor\u001b[39m=\u001b[32m\"email\"\u001b[39m\n              \u001b[36m>\u001b[39m\n                \u001b[36m<svg\u001b[39m\n                  \u001b[33mclass\u001b[39m=\u001b[32m\"lucide lucide-mail inline-block w-4 h-4 mr-1\"\u001b[39m\n                  \u001b[33mfill\u001b[39m=\u001b[32m\"none\"\u001b[39m\n                  \u001b[33mheight\u001b[39m=\u001b[32m\"24\"\u001b[39m\n                  \u001b[33mstroke\u001b[39m=\u001b[32m\"currentColor\"\u001b[39m\n                  \u001b[33mstroke-linecap\u001b[39m=\u001b[32m\"round\"\u001b[39m\n                  \u001b[33mstroke-linejoin\u001b[39m=\u001b[32m\"round\"\u001b[39m\n                  \u001b[33mstroke-width\u001b[39m=\u001b[32m\"2\"\u001b[39m\n                  \u001b[33mviewBox\u001b[39m=\u001b[32m\"0 0 24 24\"\u001b[39m\n                  \u001b[33mwidth\u001b[39m=\u001b[32m\"24\"\u001b[39m\n                  \u001b[33mxmlns\u001b[39m=\u001b[32m\"http://www.w3.org/2000/svg\"\u001b[39m\n                \u001b[36m>\u001b[39m\n                  \u001b[36m<rect\u001b[39m\n                    \u001b[33mheight\u001b[39m=\u001b[32m\"16\"\u001b[39m\n                    \u001b[33mrx\u001b[39m=\u001b[32m\"2\"\u001b[39m\n                    \u001b[33mwidth\u001b[39m=\u001b[32m\"20\"\u001b[39m\n                    \u001b[33mx\u001b[39m=\u001b[32m\"2\"\u001b[39m\n                    \u001b[33my\u001b[39m=\u001b[32m\"4\"\u001b[39m\n                  \u001b[36m/>\u001b[39m\n                  \u001b[36m<path\u001b[39m\n                    \u001b[33md\u001b[39m=\u001b[32m\"m22 7-8.97 5.7a1.94 1.94 0 0 1-2.06 0L2 7\"\u001b[39m\n                  \u001b[36m/>\u001b[39m\n                \u001b[36m</svg>\u001b[39m\n                \u001b[0mメールアドレス\u001b[0m\n              \u001b[36m</label>\u001b[39m\n              \u001b[36m<div\u001b[39m\n                \u001b[33mclass\u001b[39m=\u001b[32m\"relative\"\u001b[39m\n              \u001b[36m>\u001b[39m\n                \u001b[36m<input\u001b[39m\n                  \u001b[33mautocomplete\u001b[39m=\u001b[32m\"email\"\u001b[39m\n                  \u001b[33mclass\u001b[39m=\u001b[32m\"flex h-10 w-full rounded-md border border-input bg-background px-3 py-2 text-sm ring-offset-background file:border-0 file:bg-transparent file:text-sm file:font-medium placeholder:text-muted-foreground focus-visible:outline-none focus-visible:ring-2 focus-visible:ring-ring focus-visible:ring-offset-2 disabled:cursor-not-allowed disabled:opacity-50 pl-4\"\u001b[39m\n                  \u001b[33mid\u001b[39m=\u001b[32m\"email\"\u001b[39m\n                  \u001b[33minputmode\u001b[39m=\u001b[32m\"text\"\u001b[39m\n                  \u001b[33mplaceholder\u001b[39m=\u001b[32m\"登録されたメールアドレスを入力\"\u001b[39m\n                  \u001b[33mtype\u001b[39m=\u001b[32m\"email\"\u001b[39m\n                  \u001b[33mvalue\u001b[39m=\u001b[32m\"none@example.com\"\u001b[39m\n                \u001b[36m/>\u001b[39m\n                \u001b[36m<div\u001b[39m\n                  \u001b[33mclass\u001b[39m=\u001b[32m\"absolute right-3 top-3\"\u001b[39m\n                \u001b[36m>\u001b[39m\n                  \u001b[36m<svg\u001b[39m\n                    \u001b[33mclass\u001b[39m=\u001b[32m\"lucide lucide-circle-check-big w-4 h-4 text-green-500\"\u001b[39m\n                    \u001b[33mfill\u001b[39m=\u001b[32m\"none\"\u001b[39m\n                    \u001b[33mheight\u001b[39m=\u001b[32m\"24\"\u001b[39m\n                    \u001b[33mstroke\u001b[39m=\u001b[32m\"currentColor\"\u001b[39m\n                    \u001b[33mstroke-linecap\u001b[39m=\u001b[32m\"round\"\u001b[39m\n                    \u001b[33mstroke-linejoin\u001b[39m=\u001b[32m\"round\"\u001b[39m\n                    \u001b[33mstroke-width\u001b[39m=\u001b[32m\"2\"\u001b[39m\n                    \u001b[33mviewBox\u001b[39m=\u001b[32m\"0 0 24 24\"\u001b[39m\n                    \u001b[33mwidth\u001b[39m=\u001b[32m\"24\"\u001b[39m\n                    \u001b[33mxmlns\u001b[39m=\u001b[32m\"http://www.w3.org/2000/svg\"\u001b[39m\n                  \u001b[36m>\u001b[39m\n                    \u001b[36m<path\u001b[39m\n                      \u001b[33md\u001b[39m=\u001b[32m\"M21.801 10A10 10 0 1 1 17 3.335\"\u001b[39m\n                    \u001b[36m/>\u001b[39m\n                    \u001b[36m<path\u001b[39m\n                      \u001b[33md\u001b[39m=\u001b[32m\"m9 11 3 3L22 4\"\u001b[39m\n                    \u001b[36m/>\u001b[39m\n                  \u001b[36m</svg>\u001b[39m\n                \u001b[36m</div>\u001b[39m\n              \u001b[36m</div>\u001b[39m\n            \u001b[36m</div>\u001b[39m\n            \u001b[36m<div\u001b[39m\n              \u001b[33mclass\u001b[39m=\u001b[32m\"text-sm text-gray-600\"\u001b[39m\n            \u001b[36m>\u001b[39m\n              \u001b[36m<p>\u001b[39m\n                \u001b[0mメールアドレスを入力すると、パスワードリセット用のリンクが送信されます。 そのリンクからパスワードを変更できます。\u001b[0m\n              \u001b[36m</p>\u001b[39m\n            \u001b[36m</div>\u001b[39m\n          \u001b[36m</div>\u001b[39m\n          \u001b[36m<div\u001b[39m\n            \u001b[33mclass\u001b[39m=\u001b[32m\"items-center p-6 pt-0 flex flex-col space-y-3\"\u001b[39m\n          \u001b[36m>\u001b[39m\n            \u001b[36m<button\u001b[39m\n              \u001b[33mclass\u001b[39m=\u001b[32m\"inline-flex items-center justify-center gap-2 whitespace-nowrap rounded-md text-sm font-medium ring-offset-background transition-colors focus-visible:outline-none focus-visible:ring-2 focus-visible:ring-ring focus-visible:ring-offset-2 disabled:pointer-events-none disabled:opacity-50 [&_svg]:pointer-events-none [&_svg]:size-4 [&_svg]:shrink-0 bg-primary text-primary-foreground hover:bg-primary/90 h-10 px-4 py-2 w-full\"\u001b[39m\n              \u001b[33mtype\u001b[39m=\u001b[32m\"submit\"\u001b[39m\n            \u001b[36m>\u001b[39m\n              \u001b[36m<svg\u001b[39m\n                \u001b[33mclass\u001b[39m=\u001b[32m\"lucide lucide-mail h-4 w-4 mr-2\"\u001b[39m\n                \u001b[33mfill\u001b[39m=\u001b[32m\"none\"\u001b[39m\n                \u001b[33mheight\u001b[39m=\u001b[32m\"24\"\u001b[39m\n                \u001b[33mstroke\u001b[39m=\u001b[32m\"currentColor\"\u001b[39m\n                \u001b[33mstroke-linecap\u001b[39m=\u001b[32m\"round\"\u001b[39m\n                \u001b[33mstroke-linejoin\u001b[39m=\u001b[32m\"round\"\u001b[39m\n                \u001b[33mstroke-width\u001b[39m=\u001b[32m\"2\"\u001b[39m\n                \u001b[33mviewBox\u001b[39m=\u001b[32m\"0 0 24 24\"\u001b[39m\n                \u001b[33mwidth\u001b[39m=\u001b[32m\"24\"\u001b[39m\n                \u001b[33mxmlns\u001b[39m=\u001b[32m\"http://www.w3.org/2000/svg\"\u001b[39m\n              \u001b[36m>\u001b[39m\n                \u001b[36m<rect\u001b[39m\n                  \u001b[33mheight\u001b[39m=\u001b[32m\"16\"\u001b[39m\n                  \u001b[33mrx\u001b[39m=\u001b[32m\"2\"\u001b[39m\n                  \u001b[33mwidth\u001b[39m=\u001b[32m\"20\"\u001b[39m\n                  \u001b[33mx\u001b[39m=\u001b[32m\"2\"\u001b[39m\n                  \u001b[33my\u001b[39m=\u001b[32m\"4\"\u001b[39m\n                \u001b[36m/>\u001b[39m\n                \u001b[36m<path\u001b[39m\n                  \u001b[33md\u001b[39m=\u001b[32m\"m22 7-8.97 5.7a1.94 1.94 0 0 1-2.06 0L2 7\"\u001b[39m\n                \u001b[36m/>\u001b[39m\n              \u001b[36m</svg>\u001b[39m\n              \u001b[0mリセットメールを送信\u001b[0m\n            \u001b[36m</button>\u001b[39m\n            \u001b[36m<a\u001b[39m\n              \u001b[33mclass\u001b[39m=\u001b[32m\"w-full\"\u001b[39m\n              \u001b[33mdata-discover\u001b[39m=\u001b[32m\"true\"\u001b[39m\n              \u001b[33mhref\u001b[39m=\u001b[32m\"/login\"\u001b[39m\n            \u001b[36m>\u001b[39m\n              \u001b[36m<button\u001b[39m\n                \u001b[33mclass\u001b[39m=\u001b[32m\"inline-flex items-center justify-center gap-2 whitespace-nowrap rounded-md text-sm font-medium ring-offset-background transition-colors focus-visible:outline-none focus-visible:ring-2 focus-visible:ring-ring focus-visible:ring-offset-2 disabled:pointer-events-none disabled:opacity-50 [&_svg]:pointer-events-none [&_svg]:size-4 [&_svg]:shrink-0 hover:bg-accent hover:text-accent-foreground h-10 px-4 py-2 w-full\"\u001b[39m\n              \u001b[36m>\u001b[39m\n                \u001b[36m<svg\u001b[39m\n                  \u001b[33mclass\u001b[39m=\u001b[32m\"lucide lucide-arrow-left h-4 w-4 mr-2\"\u001b[39m\n                  \u001b[33mfill\u001b[39m=\u001b[32m\"none\"\u001b[39m\n                  \u001b[33mheight\u001b[39m=\u001b[32m\"24\"\u001b[39m\n                  \u001b[33mstroke\u001b[39m=\u001b[32m\"currentColor\"\u001b[39m\n                  \u001b[33mstroke-linecap\u001b[39m=\u001b[32m\"round\"\u001b[39m\n                  \u001b[33mstroke-linejoin\u001b[39m=\u001b[32m\"round\"\u001b[39m\n                  \u001b[33mstroke-width\u001b[39m=\u001b[32m\"2\"\u001b[39m\n                  \u001b[33mviewBox\u001b[39m=\u001b[32m\"0 0 24 24\"\u001b[39m\n                  \u001b[33mwidth\u001b[39m=\u001b[32m\"24\"\u001b[39m\n                  \u001b[33mxmlns\u001b[39m=\u001b[32m\"http://www.w3.org/2000/svg\"\u001b[39m\n                \u001b[36m>\u001b[39m\n                  \u001b[36m<path\u001b[39m\n                    \u001b[33md\u001b[39m=\u001b[32m\"m12 19-7-7 7-7\"\u001b[39m\n                  \u001b[36m/>\u001b[39m\n                  \u001b[36m<path\u001b[39m\n                    \u001b[33md\u001b[39m=\u001b[32m\"M19 12H5\"\u001b[39m\n                  \u001b[36m/>\u001b[39m\n                \u001b[36m</svg>\u001b[39m\n                \u001b[0mログインページに戻る\u001b[0m\n              \u001b[36m</button>\u001b[39m\n            \u001b[36m</a>\u001b[39m\n            \u001b[36m<div\u001b[39m\n              \u001b[33mclass\u001b[39m=\u001b[32m\"text-center text-sm text-gray-600\"\u001b[39m\n            \u001b[36m>\u001b[39m\n              \u001b[0mアカウントをお持ちでない方は\u001b[0m\n              \u001b[36m<a\u001b[39m\n                \u001b[33mclass\u001b[39m=\u001b[32m\"text-blue-600 hover:underline ml-1\"\u001b[39m\n                \u001b[33mdata-discover\u001b[39m=\u001b[32m\"true\"\u001b[39m\n                \u001b[33mhref\u001b[39m=\u001b[32m\"/register\"\u001b[39m\n              \u001b[36m>\u001b[39m\n                \u001b[0mこちらから登録\u001b[0m\n              \u001b[36m</a>\u001b[39m\n            \u001b[36m</div>\u001b[39m\n          \u001b[36m</div>\u001b[39m\n        \u001b[36m</form>\u001b[39m\n      \u001b[36m</div>\u001b[39m\n    \u001b[36m</div>\u001b[39m\n  \u001b[36m</div>\u001b[39m\n\u001b[36m</body>\u001b[39m\n    at waitForWrapper (C:\\Users\\kanta\\GitHub\\work-time-tracker\\node_modules\\@testing-library\\dom\\dist\\wait-for.js:163:27)\n    at C:\\Users\\kanta\\GitHub\\work-time-tracker\\src\\pages\\__tests__\\ForgotPassword.test.tsx:81:18\n    at Generator.<anonymous> (C:\\Users\\kanta\\GitHub\\work-time-tracker\\src\\pages\\__tests__\\ForgotPassword.test.tsx:18:1660)\n    at Generator.next (C:\\Users\\kanta\\GitHub\\work-time-tracker\\src\\pages\\__tests__\\ForgotPassword.test.tsx:19:255)\n    at asyncGeneratorStep (C:\\Users\\kanta\\GitHub\\work-time-tracker\\src\\pages\\__tests__\\ForgotPassword.test.tsx:20:70)\n    at _next (C:\\Users\\kanta\\GitHub\\work-time-tracker\\src\\pages\\__tests__\\ForgotPassword.test.tsx:21:163)"],"fullName":"ForgotPassword Page shows 404 message when email not found","invocations":1,"location":{"column":3,"line":70},"numPassingAsserts":0,"retryReasons":[],"status":"failed","title":"shows 404 message when email not found"},{"ancestorTitles":["ForgotPassword Page"],"duration":1387,"failureDetails":[{},{"name":"TestingLibraryElementError"}],"failureMessages":["TypeError: Right-hand side of 'instanceof' is not an object\n    at C:\\Users\\kanta\\GitHub\\work-time-tracker\\src\\pages\\ForgotPassword.tsx:53:11\n    at Generator.<anonymous> (C:\\Users\\kanta\\GitHub\\work-time-tracker\\src\\pages\\ForgotPassword.tsx:3:1660)\n    at Generator.throw (C:\\Users\\kanta\\GitHub\\work-time-tracker\\src\\pages\\ForgotPassword.tsx:4:255)\n    at asyncGeneratorStep (C:\\Users\\kanta\\GitHub\\work-time-tracker\\src\\pages\\ForgotPassword.tsx:5:70)\n    at _throw (C:\\Users\\kanta\\GitHub\\work-time-tracker\\src\\pages\\ForgotPassword.tsx:6:241)","Error: Unable to find an element with the text: パスワードリセットの要求が多すぎます。しばらく時間をおいてからお試しください. This could be because the text is broken up by multiple elements. In this case, you can provide a function for your text matcher to make your matcher more flexible.\n\nIgnored nodes: comments, script, style\n\u001b[36m<body>\u001b[39m\n  \u001b[36m<div>\u001b[39m\n    \u001b[36m<div\u001b[39m\n      \u001b[33mclass\u001b[39m=\u001b[32m\"min-h-screen flex items-center justify-center bg-gradient-to-br from-blue-50 to-indigo-100 p-4\"\u001b[39m\n    \u001b[36m>\u001b[39m\n      \u001b[36m<div\u001b[39m\n        \u001b[33mclass\u001b[39m=\u001b[32m\"rounded-lg border bg-card text-card-foreground w-full max-w-md shadow-lg\"\u001b[39m\n      \u001b[36m>\u001b[39m\n        \u001b[36m<div\u001b[39m\n          \u001b[33mclass\u001b[39m=\u001b[32m\"flex flex-col space-y-1.5 p-6 text-center\"\u001b[39m\n        \u001b[36m>\u001b[39m\n          \u001b[36m<h3\u001b[39m\n            \u001b[33mclass\u001b[39m=\u001b[32m\"tracking-tight text-2xl font-bold text-gray-900\"\u001b[39m\n          \u001b[36m>\u001b[39m\n            \u001b[0mパスワードをお忘れですか？\u001b[0m\n          \u001b[36m</h3>\u001b[39m\n          \u001b[36m<p\u001b[39m\n            \u001b[33mclass\u001b[39m=\u001b[32m\"text-sm text-gray-600\"\u001b[39m\n          \u001b[36m>\u001b[39m\n            \u001b[0m登録されたメールアドレスにパスワードリセットのリンクをお送りします\u001b[0m\n          \u001b[36m</p>\u001b[39m\n        \u001b[36m</div>\u001b[39m\n        \u001b[36m<form>\u001b[39m\n          \u001b[36m<div\u001b[39m\n            \u001b[33mclass\u001b[39m=\u001b[32m\"p-6 pt-0 space-y-4\"\u001b[39m\n          \u001b[36m>\u001b[39m\n            \u001b[36m<div\u001b[39m\n              \u001b[33mclass\u001b[39m=\u001b[32m\"space-y-2\"\u001b[39m\n            \u001b[36m>\u001b[39m\n              \u001b[36m<label\u001b[39m\n                \u001b[33mclass\u001b[39m=\u001b[32m\"peer-disabled:cursor-not-allowed peer-disabled:opacity-70 text-sm font-medium text-gray-700\"\u001b[39m\n                \u001b[33mfor\u001b[39m=\u001b[32m\"email\"\u001b[39m\n              \u001b[36m>\u001b[39m\n                \u001b[36m<svg\u001b[39m\n                  \u001b[33mclass\u001b[39m=\u001b[32m\"lucide lucide-mail inline-block w-4 h-4 mr-1\"\u001b[39m\n                  \u001b[33mfill\u001b[39m=\u001b[32m\"none\"\u001b[39m\n                  \u001b[33mheight\u001b[39m=\u001b[32m\"24\"\u001b[39m\n                  \u001b[33mstroke\u001b[39m=\u001b[32m\"currentColor\"\u001b[39m\n                  \u001b[33mstroke-linecap\u001b[39m=\u001b[32m\"round\"\u001b[39m\n                  \u001b[33mstroke-linejoin\u001b[39m=\u001b[32m\"round\"\u001b[39m\n                  \u001b[33mstroke-width\u001b[39m=\u001b[32m\"2\"\u001b[39m\n                  \u001b[33mviewBox\u001b[39m=\u001b[32m\"0 0 24 24\"\u001b[39m\n                  \u001b[33mwidth\u001b[39m=\u001b[32m\"24\"\u001b[39m\n                  \u001b[33mxmlns\u001b[39m=\u001b[32m\"http://www.w3.org/2000/svg\"\u001b[39m\n                \u001b[36m>\u001b[39m\n                  \u001b[36m<rect\u001b[39m\n                    \u001b[33mheight\u001b[39m=\u001b[32m\"16\"\u001b[39m\n                    \u001b[33mrx\u001b[39m=\u001b[32m\"2\"\u001b[39m\n                    \u001b[33mwidth\u001b[39m=\u001b[32m\"20\"\u001b[39m\n                    \u001b[33mx\u001b[39m=\u001b[32m\"2\"\u001b[39m\n                    \u001b[33my\u001b[39m=\u001b[32m\"4\"\u001b[39m\n                  \u001b[36m/>\u001b[39m\n                  \u001b[36m<path\u001b[39m\n                    \u001b[33md\u001b[39m=\u001b[32m\"m22 7-8.97 5.7a1.94 1.94 0 0 1-2.06 0L2 7\"\u001b[39m\n                  \u001b[36m/>\u001b[39m\n                \u001b[36m</svg>\u001b[39m\n                \u001b[0mメールアドレス\u001b[0m\n              \u001b[36m</label>\u001b[39m\n              \u001b[36m<div\u001b[39m\n                \u001b[33mclass\u001b[39m=\u001b[32m\"relative\"\u001b[39m\n              \u001b[36m>\u001b[39m\n                \u001b[36m<input\u001b[39m\n                  \u001b[33mautocomplete\u001b[39m=\u001b[32m\"email\"\u001b[39m\n                  \u001b[33mclass\u001b[39m=\u001b[32m\"flex h-10 w-full rounded-md border border-input bg-background px-3 py-2 text-sm ring-offset-background file:border-0 file:bg-transparent file:text-sm file:font-medium placeholder:text-muted-foreground focus-visible:outline-none focus-visible:ring-2 focus-visible:ring-ring focus-visible:ring-offset-2 disabled:cursor-not-allowed disabled:opacity-50 pl-4\"\u001b[39m\n                  \u001b[33mid\u001b[39m=\u001b[32m\"email\"\u001b[39m\n                  \u001b[33minputmode\u001b[39m=\u001b[32m\"text\"\u001b[39m\n                  \u001b[33mplaceholder\u001b[39m=\u001b[32m\"登録されたメールアドレスを入力\"\u001b[39m\n                  \u001b[33mtype\u001b[39m=\u001b[32m\"email\"\u001b[39m\n                  \u001b[33mvalue\u001b[39m=\u001b[32m\"user@example.com\"\u001b[39m\n                \u001b[36m/>\u001b[39m\n                \u001b[36m<div\u001b[39m\n                  \u001b[33mclass\u001b[39m=\u001b[32m\"absolute right-3 top-3\"\u001b[39m\n                \u001b[36m>\u001b[39m\n                  \u001b[36m<svg\u001b[39m\n                    \u001b[33mclass\u001b[39m=\u001b[32m\"lucide lucide-circle-check-big w-4 h-4 text-green-500\"\u001b[39m\n                    \u001b[33mfill\u001b[39m=\u001b[32m\"none\"\u001b[39m\n                    \u001b[33mheight\u001b[39m=\u001b[32m\"24\"\u001b[39m\n                    \u001b[33mstroke\u001b[39m=\u001b[32m\"currentColor\"\u001b[39m\n                    \u001b[33mstroke-linecap\u001b[39m=\u001b[32m\"round\"\u001b[39m\n                    \u001b[33mstroke-linejoin\u001b[39m=\u001b[32m\"round\"\u001b[39m\n                    \u001b[33mstroke-width\u001b[39m=\u001b[32m\"2\"\u001b[39m\n                    \u001b[33mviewBox\u001b[39m=\u001b[32m\"0 0 24 24\"\u001b[39m\n                    \u001b[33mwidth\u001b[39m=\u001b[32m\"24\"\u001b[39m\n                    \u001b[33mxmlns\u001b[39m=\u001b[32m\"http://www.w3.org/2000/svg\"\u001b[39m\n                  \u001b[36m>\u001b[39m\n                    \u001b[36m<path\u001b[39m\n                      \u001b[33md\u001b[39m=\u001b[32m\"M21.801 10A10 10 0 1 1 17 3.335\"\u001b[39m\n                    \u001b[36m/>\u001b[39m\n                    \u001b[36m<path\u001b[39m\n                      \u001b[33md\u001b[39m=\u001b[32m\"m9 11 3 3L22 4\"\u001b[39m\n                    \u001b[36m/>\u001b[39m\n                  \u001b[36m</svg>\u001b[39m\n                \u001b[36m</div>\u001b[39m\n              \u001b[36m</div>\u001b[39m\n            \u001b[36m</div>\u001b[39m\n            \u001b[36m<div\u001b[39m\n              \u001b[33mclass\u001b[39m=\u001b[32m\"text-sm text-gray-600\"\u001b[39m\n            \u001b[36m>\u001b[39m\n              \u001b[36m<p>\u001b[39m\n                \u001b[0mメールアドレスを入力すると、パスワードリセット用のリンクが送信されます。 そのリンクからパスワードを変更できます。\u001b[0m\n              \u001b[36m</p>\u001b[39m\n            \u001b[36m</div>\u001b[39m\n          \u001b[36m</div>\u001b[39m\n          \u001b[36m<div\u001b[39m\n            \u001b[33mclass\u001b[39m=\u001b[32m\"items-center p-6 pt-0 flex flex-col space-y-3\"\u001b[39m\n          \u001b[36m>\u001b[39m\n            \u001b[36m<button\u001b[39m\n              \u001b[33mclass\u001b[39m=\u001b[32m\"inline-flex items-center justify-center gap-2 whitespace-nowrap rounded-md text-sm font-medium ring-offset-background transition-colors focus-visible:outline-none focus-visible:ring-2 focus-visible:ring-ring focus-visible:ring-offset-2 disabled:pointer-events-none disabled:opacity-50 [&_svg]:pointer-events-none [&_svg]:size-4 [&_svg]:shrink-0 bg-primary text-primary-foreground hover:bg-primary/90 h-10 px-4 py-2 w-full\"\u001b[39m\n              \u001b[33mtype\u001b[39m=\u001b[32m\"submit\"\u001b[39m\n            \u001b[36m>\u001b[39m\n              \u001b[36m<svg\u001b[39m\n                \u001b[33mclass\u001b[39m=\u001b[32m\"lucide lucide-mail h-4 w-4 mr-2\"\u001b[39m\n                \u001b[33mfill\u001b[39m=\u001b[32m\"none\"\u001b[39m\n                \u001b[33mheight\u001b[39m=\u001b[32m\"24\"\u001b[39m\n                \u001b[33mstroke\u001b[39m=\u001b[32m\"currentColor\"\u001b[39m\n                \u001b[33mstroke-linecap\u001b[39m=\u001b[32m\"round\"\u001b[39m\n                \u001b[33mstroke-linejoin\u001b[39m=\u001b[32m\"round\"\u001b[39m\n                \u001b[33mstroke-width\u001b[39m=\u001b[32m\"2\"\u001b[39m\n                \u001b[33mviewBox\u001b[39m=\u001b[32m\"0 0 24 24\"\u001b[39m\n                \u001b[33mwidth\u001b[39m=\u001b[32m\"24\"\u001b[39m\n                \u001b[33mxmlns\u001b[39m=\u001b[32m\"http://www.w3.org/2000/svg\"\u001b[39m\n              \u001b[36m>\u001b[39m\n                \u001b[36m<rect\u001b[39m\n                  \u001b[33mheight\u001b[39m=\u001b[32m\"16\"\u001b[39m\n                  \u001b[33mrx\u001b[39m=\u001b[32m\"2\"\u001b[39m\n                  \u001b[33mwidth\u001b[39m=\u001b[32m\"20\"\u001b[39m\n                  \u001b[33mx\u001b[39m=\u001b[32m\"2\"\u001b[39m\n                  \u001b[33my\u001b[39m=\u001b[32m\"4\"\u001b[39m\n                \u001b[36m/>\u001b[39m\n                \u001b[36m<path\u001b[39m\n                  \u001b[33md\u001b[39m=\u001b[32m\"m22 7-8.97 5.7a1.94 1.94 0 0 1-2.06 0L2 7\"\u001b[39m\n                \u001b[36m/>\u001b[39m\n              \u001b[36m</svg>\u001b[39m\n              \u001b[0mリセットメールを送信\u001b[0m\n            \u001b[36m</button>\u001b[39m\n            \u001b[36m<a\u001b[39m\n              \u001b[33mclass\u001b[39m=\u001b[32m\"w-full\"\u001b[39m\n              \u001b[33mdata-discover\u001b[39m=\u001b[32m\"true\"\u001b[39m\n              \u001b[33mhref\u001b[39m=\u001b[32m\"/login\"\u001b[39m\n            \u001b[36m>\u001b[39m\n              \u001b[36m<button\u001b[39m\n                \u001b[33mclass\u001b[39m=\u001b[32m\"inline-flex items-center justify-center gap-2 whitespace-nowrap rounded-md text-sm font-medium ring-offset-background transition-colors focus-visible:outline-none focus-visible:ring-2 focus-visible:ring-ring focus-visible:ring-offset-2 disabled:pointer-events-none disabled:opacity-50 [&_svg]:pointer-events-none [&_svg]:size-4 [&_svg]:shrink-0 hover:bg-accent hover:text-accent-foreground h-10 px-4 py-2 w-full\"\u001b[39m\n              \u001b[36m>\u001b[39m\n                \u001b[36m<svg\u001b[39m\n                  \u001b[33mclass\u001b[39m=\u001b[32m\"lucide lucide-arrow-left h-4 w-4 mr-2\"\u001b[39m\n                  \u001b[33mfill\u001b[39m=\u001b[32m\"none\"\u001b[39m\n                  \u001b[33mheight\u001b[39m=\u001b[32m\"24\"\u001b[39m\n                  \u001b[33mstroke\u001b[39m=\u001b[32m\"currentColor\"\u001b[39m\n                  \u001b[33mstroke-linecap\u001b[39m=\u001b[32m\"round\"\u001b[39m\n                  \u001b[33mstroke-linejoin\u001b[39m=\u001b[32m\"round\"\u001b[39m\n                  \u001b[33mstroke-width\u001b[39m=\u001b[32m\"2\"\u001b[39m\n                  \u001b[33mviewBox\u001b[39m=\u001b[32m\"0 0 24 24\"\u001b[39m\n                  \u001b[33mwidth\u001b[39m=\u001b[32m\"24\"\u001b[39m\n                  \u001b[33mxmlns\u001b[39m=\u001b[32m\"http://www.w3.org/2000/svg\"\u001b[39m\n                \u001b[36m>\u001b[39m\n                  \u001b[36m<path\u001b[39m\n                    \u001b[33md\u001b[39m=\u001b[32m\"m12 19-7-7 7-7\"\u001b[39m\n                  \u001b[36m/>\u001b[39m\n                  \u001b[36m<path\u001b[39m\n                    \u001b[33md\u001b[39m=\u001b[32m\"M19 12H5\"\u001b[39m\n                  \u001b[36m/>\u001b[39m\n                \u001b[36m</svg>\u001b[39m\n                \u001b[0mログインページに戻る\u001b[0m\n              \u001b[36m</button>\u001b[39m\n            \u001b[36m</a>\u001b[39m\n            \u001b[36m<div\u001b[39m\n              \u001b[33mclass\u001b[39m=\u001b[32m\"text-center text-sm text-gray-600\"\u001b[39m\n            \u001b[36m>\u001b[39m\n              \u001b[0mアカウントをお持ちでない方は\u001b[0m\n              \u001b[36m<a\u001b[39m\n                \u001b[33mclass\u001b[39m=\u001b[32m\"text-blue-600 hover:underline ml-1\"\u001b[39m\n                \u001b[33mdata-discover\u001b[39m=\u001b[32m\"true\"\u001b[39m\n                \u001b[33mhref\u001b[39m=\u001b[32m\"/register\"\u001b[39m\n              \u001b[36m>\u001b[39m\n                \u001b[0mこちらから登録\u001b[0m\n              \u001b[36m</a>\u001b[39m\n            \u001b[36m</div>\u001b[39m\n          \u001b[36m</div>\u001b[39m\n        \u001b[36m</form>\u001b[39m\n      \u001b[36m</div>\u001b[39m\n    \u001b[36m</div>\u001b[39m\n  \u001b[36m</div>\u001b[39m\n\u001b[36m</body>\u001b[39m\n    at waitForWrapper (C:\\Users\\kanta\\GitHub\\work-time-tracker\\node_modules\\@testing-library\\dom\\dist\\wait-for.js:163:27)\n    at C:\\Users\\kanta\\GitHub\\work-time-tracker\\src\\pages\\__tests__\\ForgotPassword.test.tsx:97:18\n    at Generator.<anonymous> (C:\\Users\\kanta\\GitHub\\work-time-tracker\\src\\pages\\__tests__\\ForgotPassword.test.tsx:18:1660)\n    at Generator.next (C:\\Users\\kanta\\GitHub\\work-time-tracker\\src\\pages\\__tests__\\ForgotPassword.test.tsx:19:255)\n    at asyncGeneratorStep (C:\\Users\\kanta\\GitHub\\work-time-tracker\\src\\pages\\__tests__\\ForgotPassword.test.tsx:20:70)\n    at _next (C:\\Users\\kanta\\GitHub\\work-time-tracker\\src\\pages\\__tests__\\ForgotPassword.test.tsx:21:163)"],"fullName":"ForgotPassword Page shows 429 message when rate limited","invocations":1,"location":{"column":3,"line":86},"numPassingAsserts":0,"retryReasons":[],"status":"failed","title":"shows 429 message when rate limited"}],"endTime":1756854462526,"message":"\u001b[1m\u001b[31m  \u001b[1m● \u001b[22m\u001b[1mForgotPassword Page › shows 404 message when email not found\u001b[39m\u001b[22m\n\n    TypeError: Right-hand side of 'instanceof' is not an object\n\u001b[2m\u001b[22m\n\u001b[2m    \u001b[0m \u001b[90m 51 |\u001b[39m       console\u001b[33m.\u001b[39merror(\u001b[32m'パスワードリセット要求エラー:'\u001b[39m\u001b[33m,\u001b[39m error)\u001b[33m;\u001b[39m\u001b[22m\n\u001b[2m     \u001b[90m 52 |\u001b[39m\u001b[22m\n\u001b[2m    \u001b[31m\u001b[1m>\u001b[22m\u001b[2m\u001b[39m\u001b[90m 53 |\u001b[39m       \u001b[36mif\u001b[39m (error \u001b[36minstanceof\u001b[39m \u001b[33mAxiosError\u001b[39m) {\u001b[22m\n\u001b[2m     \u001b[90m    |\u001b[39m           \u001b[31m\u001b[1m^\u001b[22m\u001b[2m\u001b[39m\u001b[22m\n\u001b[2m     \u001b[90m 54 |\u001b[39m         \u001b[36mconst\u001b[39m statusCode \u001b[33m=\u001b[39m error\u001b[33m.\u001b[39mresponse\u001b[33m?\u001b[39m\u001b[33m.\u001b[39mstatus\u001b[33m;\u001b[39m\u001b[22m\n\u001b[2m     \u001b[90m 55 |\u001b[39m         \u001b[36mconst\u001b[39m errorMessage \u001b[33m=\u001b[39m error\u001b[33m.\u001b[39mresponse\u001b[33m?\u001b[39m\u001b[33m.\u001b[39mdata\u001b[33m?\u001b[39m\u001b[33m.\u001b[39mmessage\u001b[33m;\u001b[39m\u001b[22m\n\u001b[2m     \u001b[90m 56 |\u001b[39m\u001b[0m\u001b[22m\n\u001b[2m\u001b[22m\n\u001b[2m      \u001b[2mat \u001b[22m\u001b[2msrc/pages/ForgotPassword.tsx\u001b[2m:53:11\u001b[22m\u001b[2m\u001b[22m\n\u001b[2m      \u001b[2mat Generator.<anonymous> (\u001b[22m\u001b[2msrc/pages/ForgotPassword.tsx\u001b[2m:3:1660)\u001b[22m\u001b[2m\u001b[22m\n\u001b[2m      \u001b[2mat Generator.throw (\u001b[22m\u001b[2msrc/pages/ForgotPassword.tsx\u001b[2m:4:255)\u001b[22m\u001b[2m\u001b[22m\n\u001b[2m      \u001b[2mat asyncGeneratorStep (\u001b[22m\u001b[2msrc/pages/ForgotPassword.tsx\u001b[2m:5:70)\u001b[22m\u001b[2m\u001b[22m\n\u001b[2m      \u001b[2mat _throw (\u001b[22m\u001b[2msrc/pages/ForgotPassword.tsx\u001b[2m:6:241)\u001b[22m\u001b[2m\u001b[22m\n\n\u001b[1m\u001b[31m  \u001b[1m● \u001b[22m\u001b[1mForgotPassword Page › shows 404 message when email not found\u001b[39m\u001b[22m\n\n    Unable to find an element with t
[...]
gAsserts":1,"retryReasons":[],"status":"passed","title":"half correct should be around 100 scaled IQ"}],"endTime":1756854555367,"message":"","name":"C:\\Users\\kanta\\GitHub\\work-time-tracker\\src\\services\\assessments\\__tests__\\iq.test.ts","startTime":1756854555120,"status":"passed","summary":""},{"assertionResults":[{"ancestorTitles":["smoke (ts)"],"duration":1,"failureDetails":[],"failureMessages":[],"fullName":"smoke (ts) works","invocations":1,"location":{"column":3,"line":2},"numPassingAsserts":1,"retryReasons":[],"status":"passed","title":"works"}],"endTime":1756854555589,"message":"","name":"C:\\Users\\kanta\\GitHub\\work-time-tracker\\src\\__tests__\\smoke.test.ts","startTime":1756854555379,"status":"passed","summary":""},{"assertionResults":[{"ancestorTitles":["🔐 認証システムテスト","✅ UnifiedAuthManager - 基本機能"],"duration":null,"failureDetails":[],"failureMessages":[],"fullName":"🔐 認証システムテスト ✅ UnifiedAuthManager - 基本機能 シングルトンパターンが正常に動作する","invocations":1,"location":{"column":10,"line":31},"numPassingAsserts":0,"retryReasons":[],"status":"pending","title":"シングルトンパターンが正常に動作する"},{"ancestorTitles":["🔐 認証システムテスト","✅ UnifiedAuthManager - 基本機能"],"duration":null,"failureDetails":[],"failureMessages":[],"fullName":"🔐 認証システムテスト ✅ UnifiedAuthManager - 基本機能 初期設定が正しく行われる","invocations":1,"location":{"column":10,"line":39},"numPassingAsserts":0,"retryReasons":[],"status":"pending","title":"初期設定が正しく行われる"},{"ancestorTitles":["🔐 認証システムテスト","🎯 JWT認証"],"duration":null,"failureDetails":[],"failureMessages":[],"fullName":"🔐 認証システムテスト 🎯 JWT認証 JWT ログイン成功ケース","invocations":1,"location":{"column":10,"line":46},"numPassingAsserts":0,"retryReasons":[],"status":"pending","title":"JWT ログイン成功ケース"},{"ancestorTitles":["🔐 認証システムテスト","🎯 JWT認証"],"duration":null,"failureDetails":[],"failureMessages":[],"fullName":"🔐 認証システムテスト 🎯 JWT認証 JWT ログイン失敗ケース","invocations":1,"location":{"column":10,"line":86},"numPassingAsserts":0,"retryReasons":[],"status":"pending","title":"JWT ログイン失敗ケース"},{"ancestorTitles":["🔐 認証システムテスト","🔥 Firebase認証"],"duration":null,"failureDetails":[],"failureMessages":[],"fullName":"🔐 認証システムテスト 🔥 Firebase認証 Firebase ログイン成功ケース","invocations":1,"location":{"column":10,"line":104},"numPassingAsserts":0,"retryReasons":[],"status":"pending","title":"Firebase ログイン成功ケース"},{"ancestorTitles":["🔐 認証システムテスト","📊 ユーザートラッキング連携"],"duration":null,"failureDetails":[],"failureMessages":[],"fullName":"🔐 認証システムテスト 📊 ユーザートラッキング連携 ログイン時にユーザートラッキングが正しく初期化される","invocations":1,"location":{"column":10,"line":150},"numPassingAsserts":0,"retryReasons":[],"status":"pending","title":"ログイン時にユーザートラッキングが正しく初期化される"},{"ancestorTitles":["🔐 認証システムテスト","🔄 セッション管理"],"duration":null,"failureDetails":[],"failureMessages":[],"fullName":"🔐 認証システムテスト 🔄 セッション管理 セッション検証が正常に動作する","invocations":1,"location":{"column":10,"line":174},"numPassingAsserts":0,"retryReasons":[],"status":"pending","title":"セッション検証が正常に動作する"},{"ancestorTitles":["🔐 認証システムテスト","🔄 セッション管理"],"duration":null,"failureDetails":[],"failureMessages":[],"fullName":"🔐 認証システムテスト 🔄 セッション管理 無効なセッションが正しく処理される","invocations":1,"location":{"column":10,"line":189},"numPassingAsserts":0,"retryReasons":[],"status":"pending","title":"無効なセッションが正しく処理される"},{"ancestorTitles":["🔐 認証システムテスト","🚪 ログアウト"],"duration":null,"failureDetails":[],"failureMessages":[],"fullName":"🔐 認証システムテスト 🚪 ログアウト ログアウトが正常に実行される","invocations":1,"location":{"column":10,"line":200},"numPassingAsserts":0,"retryReasons":[],"status":"pending","title":"ログアウトが正常に実行される"},{"ancestorTitles":["🔐 認証システムテスト","⚠️ エラーハンドリング"],"duration":null,"failureDetails":[],"failureMessages":[],"fullName":"🔐 認証システムテスト ⚠️ エラーハンドリング ネットワークエラーが適切に処理される","invocations":1,"location":{"column":10,"line":229},"numPassingAsserts":0,"retryReasons":[],"status":"pending","title":"ネットワークエラーが適切に処理される"},{"ancestorTitles":["🔐 認証システムテスト","⚠️ エラーハンドリング"],"duration":null,"failureDetails":[],"failureMessages":[],"fullName":"🔐 認証システムテスト ⚠️ エラーハンドリング 認証失敗が適切に処理される","invocations":1,"location":{"column":10,"line":242},"numPassingAsserts":0,"retryReasons":[],"status":"pending","title":"認証失敗が適切に処理される"},{"ancestorTitles":["🎯 認証統合テスト"],"duration":null,"failureDetails":[],"failureMessages":[],"fullName":"🎯 認証統合テスト 完全な認証フローが正常に動作する","invocations":1,"location":{"column":8,"line":263},"numPassingAsserts":0,"retryReasons":[],"status":"pending","title":"完全な認証フローが正常に動作する"}],"coverage":{},"endTime":1756854565014,"message":"","name":"C:\\Users\\kanta\\GitHub\\work-time-tracker\\src\\services\\__tests__\\auth.test.ts","startTime":1756854565014,"status":"skipped","summary":""},{"assertionResults":[{"ancestorTitles":["Login Page E2E - TEMPORARILY DISABLED FOR DEPLOYMENT"],"duration":null,"failureDetails":[],"failureMessages":[],"fullName":"Login Page E2E - TEMPORARILY DISABLED FOR DEPLOYMENT should render login form correctly","invocations":1,"location":{"column":3,"line":60},"numPassingAsserts":0,"retryReasons":[],"status":"pending","title":"should render login form correctly"},{"ancestorTitles":["Login Page E2E - TEMPORARILY DISABLED FOR DEPLOYMENT"],"duration":null,"failureDetails":[],"failureMessages":[],"fullName":"Login Page E2E - TEMPORARILY DISABLED FOR DEPLOYMENT should handle successful login flow","invocations":1,"location":{"column":3,"line":72},"numPassingAsserts":0,"retryReasons":[],"status":"pending","title":"should handle successful login flow"},{"ancestorTitles":["Login Page E2E - TEMPORARILY DISABLED FOR DEPLOYMENT"],"duration":null,"failureDetails":[],"failureMessages":[],"fullName":"Login Page E2E - TEMPORARILY DISABLED FOR DEPLOYMENT should display validation errors for empty fields","invocations":1,"location":{"column":3,"line":103},"numPassingAsserts":0,"retryReasons":[],"status":"pending","title":"should display validation errors for empty fields"},{"ancestorTitles":["Login Page E2E - TEMPORARILY DISABLED FOR DEPLOYMENT"],"duration":null,"failureDetails":[],"failureMessages":[],"fullName":"Login Page E2E - TEMPORARILY DISABLED FOR DEPLOYMENT should handle network errors","invocations":1,"location":{"column":6,"line":120},"numPassingAsserts":0,"retryReasons":[],"status":"pending","title":"should handle network errors"},{"ancestorTitles":["Login Page E2E - TEMPORARILY DISABLED FOR DEPLOYMENT"],"duration":null,"failureDetails":[],"failureMessages":[],"fullName":"Login Page E2E - TEMPORARILY DISABLED FOR DEPLOYMENT should toggle password visibility","invocations":1,"location":{"column":3,"line":139},"numPassingAsserts":0,"retryReasons":[],"status":"pending","title":"should toggle password visibility"},{"ancestorTitles":["Login Page E2E - TEMPORARILY DISABLED FOR DEPLOYMENT"],"duration":null,"failureDetails":[],"failureMessages":[],"fullName":"Login Page E2E - TEMPORARILY DISABLED FOR DEPLOYMENT should show loading state during login","invocations":1,"location":{"column":3,"line":168},"numPassingAsserts":0,"retryReasons":[],"status":"pending","title":"should show loading state during login"},{"ancestorTitles":["Login Page E2E - TEMPORARILY DISABLED FOR DEPLOYMENT","Quick Login Features"],"duration":null,"failureDetails":[],"failureMessages":[],"fullName":"Login Page E2E - TEMPORARILY DISABLED FOR DEPLOYMENT Quick Login Features should handle admin quick login","invocations":1,"location":{"column":5,"line":202},"numPassingAsserts":0,"retryReasons":[],"status":"pending","title":"should handle admin quick login"},{"ancestorTitles":["Login Page E2E - TEMPORARILY DISABLED FOR DEPLOYMENT","Accessibility"],"duration":null,"failureDetails":[],"failureMessages":[],"fullName":"Login Page E2E - TEMPORARILY DISABLED FOR DEPLOYMENT Accessibility should have proper form labels and ARIA attributes","invocations":1,"location":{"column":5,"line":221},"numPassingAsserts":0,"retryReasons":[],"status":"pending","title":"should have proper form labels and ARIA attributes"},{"ancestorTitles":["Login Page E2E - TEMPORARILY DISABLED FOR DEPLOYMENT","Accessibility"],"duration":null,"failureDetails":[],"failureMessages":[],"fullName":"Login Page E2E - TEMPORARILY DISABLED FOR DEPLOYMENT Accessibility should show error messages for validation","invocations":1,"location":{"column":5,"line":231},"numPassingAsserts":0,"retryReasons":[],"status":"pending","title":"should show error messages for validation"},{"ancestorTitles":["Login Page E2E - TEMPORARILY DISABLED FOR DEPLOYMENT","Navigation Links"],"duration":null,"failureDetails":[],"failureMessages":[],"fullName":"Login Page E2E - TEMPORARILY DISABLED FOR DEPLOYMENT Navigation Links should have links to register and forgot password pages","invocations":1,"location":{"column":5,"line":250},"numPassingAsserts":0,"retryReasons":[],"status":"pending","title":"should have links to register and forgot password pages"}],"coverage":{},"endTime":1756854565014,"message":"","name":"C:\\Users\\kanta\\GitHub\\work-time-tracker\\src\\pages\\__tests__\\Login.e2e.test.tsx","startTime":1756854565014,"status":"skipped","summary":""},{"assertionResults":[{"ancestorTitles":["AuthContext","初期化"],"duration":null,"failureDetails":[],"failureMessages":[],"fullName":"AuthContext 初期化 should initialize with unauthenticated state","invocations":1,"location":{"column":8,"line":200},"numPassingAsserts":0,"retryReasons":[],"status":"pending","title":"should initialize with unauthenticated state"},{"ancestorTitles":["AuthContext","初期化"],"duration":null,"failureDetails":[],"failureMessages":[],"fullName":"AuthContext 初期化 should set loading state initially","invocations":1,"location":{"column":8,"line":229},"numPassingAsserts":0,"retryReasons":[],"status":"pending","title":"should set loading state initially"},{"ancestorTitles":["AuthContext","認証フロー"],"duration":null,"failureDetails":[],"failureMessages":[],"fullName":"AuthContext 認証フロー should restore authentication from valid token","invocations":1,"location":{"column":8,"line":297},"numPassingAsserts":0,"retryReasons":[],"status":"pending","title":"should restore authentication from valid token"},{"ancestorTitles":["AuthContext","認証フロー"],"duration":null,"failureDetails":[],"failureMessages":[],"fullName":"AuthContext 認証フロー should handle auth check failure","invocations":1,"location":{"column":8,"line":325},"numPassingAsserts":0,"retryReasons":[],"status":"pending","title":"should handle auth check failure"},{"ancestorTitles":["AuthContext","認証フロー"],"duration":null,"failureDetails":[],"failureMessages":[],"fullName":"AuthContext 認証フロー should handle network errors gracefully","invocations":1,"location":{"column":8,"line":348},"numPassingAsserts":0,"retryReasons":[],"status":"pending","title":"should handle network errors gracefully"},{"ancestorTitles":["AuthContext","認証フロー"],"duration":null,"failureDetails":[],"failureMessages":[],"fullName":"AuthContext 認証フロー should handle user fetch errors","invocations":1,"location":{"column":8,"line":373},"numPassingAsserts":0,"retryReasons":[],"status":"pending","title":"should handle user fetch errors"},{"ancestorTitles":["AuthContext","イベント処理"],"duration":null,"failureDetails":[],"failureMessages":[],"fullName":"AuthContext イベント処理 should handle token expiration events","invocations":1,"location":{"column":8,"line":399},"numPassingAsserts":0,"retryReasons":[],"status":"pending","title":"should handle token expiration events"},{"ancestorTitles":["AuthContext","イベント処理"],"duration":null,"failureDetails":[],"failureMessages":[],"fullName":"AuthContext イベント処理 should update session info periodically","invocations":1,"location":{"column":8,"line":431},"numPassingAsserts":0,"retryReasons":[],"status":"pending","title":"should update session info periodically"},{"ancestorTitles":["AuthContext","ユーザー操作"],"duration":null,"failureDetails":[],"failureMessages":[],"fullName":"AuthContext ユーザー操作 should handle profile update successfully","invocations":1,"location":{"column":8,"line":459},"numPassingAsserts":0,"retryReasons":[],"status":"pending","title":"should handle profile update successfully"},{"ancestorTitles":["AuthContext","ユーザー操作"],"duration":null,"failureDetails":[],"failureMessages":[],"fullName":"AuthContext ユーザー操作 should handle profile update failure","invocations":1,"location":{"column":8,"line":490},"numPassingAsserts":0,"retryReasons":[],"status":"pending","title":"should handle profile update failure"},{"ancestorTitles":["AuthContext","ユーザー操作"],"duration":null,"failureDetails":[],"failureMessages":[],"fullName":"AuthContext ユーザー操作 should handle refresh auth successfully","invocations":1,"location":{"column":8,"line":535},"numPassingAsserts":0,"retryReasons":[],"status":"pending","title":"should handle refresh auth successfully"},{"ancestorTitles":["AuthContext","development mode"],"duration":null,"failureDetails":[],"failureMessages":[],"fullName":"AuthContext development mode should enable fast auth mode in development","invocations":1,"location":{"column":8,"line":649},"numPassingAsserts":0,"retryReasons":[],"status":"pending","title":"should enable fast auth mode in development"},{"ancestorTitles":["AuthContext","session expiration handling"],"duration":null,"failureDetails":[],"failureMessages":[],"fullName":"AuthContext session expiration handling should handle session expiration gracefully","invocations":1,"location":{"column":8,"line":680},"numPassingAsserts":0,"retryReasons":[],"status":"pending","title":"should handle session expiration gracefully"}],"coverage":{},"endTime":1756854565014,"message":"","name":"C:\\Users\\kanta\\GitHub\\work-time-tracker\\src\\context\\__tests__\\AuthContext.test.tsx","startTime":1756854565014,"status":"skipped","summary":""},{"assertionResults":[{"ancestorTitles":["Payment Integration Tests","SubscriptionPage"],"duration":null,"failureDetails":[],"failureMessages":[],"fullName":"Payment Integration Tests SubscriptionPage should display all subscription plans correctly","invocations":1,"location":{"column":7,"line":143},"numPassingAsserts":0,"retryReasons":[],"status":"pending","title":"should display all subscription plans correctly"},{"ancestorTitles":["Payment Integration Tests","SubscriptionPage"],"duration":null,"failureDetails":[],"failureMessages":[],"fullName":"Payment Integration Tests SubscriptionPage should format prices correctly","invocations":1,"location":{"column":7,"line":159},"numPassingAsserts":0,"retryReasons":[],"status":"pending","title":"should format prices correctly"},{"ancestorTitles":["Payment Integration Tests","SubscriptionPage"],"duration":null,"failureDetails":[],"failureMessages":[],"fullName":"Payment Integration Tests SubscriptionPage should switch between monthly and yearly billing cycles","invocations":1,"location":{"column":7,"line":170},"numPassingAsserts":0,"retryReasons":[],"status":"pending","title":"should switch between monthly and yearly billing cycles"},{"ancestorTitles":["Payment Integration Tests","SubscriptionPage"],"duration":null,"failureDetails":[],"failureMessages":[],"fullName":"Payment Integration Tests SubscriptionPage should handle free plan selection","invocations":1,"location":{"column":7,"line":180},"numPassingAsserts":0,"retryReasons":[],"status":"pending","title":"should handle free plan selection"},{"ancestorTitles":["Payment Integration Tests","SubscriptionPage"],"duration":null,"failureDetails":[],"failureMessages":[],"fullName":"Payment Integration Tests SubscriptionPage should navigate to upgrade page for premium plans","invocations":1,"location":{"column":7,"line":189},"numPassingAsserts":0,"retryReasons":[],"status":"pending","title":"should navigate to upgrade page for premium plans"},{"ancestorTitles":["Payment Integration Tests","EnhancedSubscriptionForm"],"duration":null,"failureDetails":[],"failureMessages":[],"fullName":"Payment Integration Tests EnhancedSubscriptionForm should render subscription form with plans","invocations":1,"location":{"column":7,"line":200},"numPassingAsserts":0,"retryReasons":[],"status":"pending","title":"should render subscription form with plans"},{"ancestorTitles":["Payment Integration Tests","EnhancedSubscriptionForm"],"duration":null,"failureDetails":[],"failureMessages":[],"fullName":"Payment Integration Tests EnhancedSubscriptionForm should handle subscription creation process","invocations":1,"location":{"column":8,"line":213},"numPassingAsserts":0,"retryReasons":[],"status":"pending","title":"should handle subscription creation process"},{"ancestorTitles":["Payment Integration Tests","EnhancedSubscriptionForm"],"duration":null,"failureDetails":[],"failureMessages":[],"fullName":"Payment Integration Tests EnhancedSubscriptionForm should handle subscription creation errors","invocations":1,"location":{"column":8,"line":244},"numPassingAsserts":0,"retryReasons":[],"status":"pending","title":"should handle subscription creation errors"},{"ancestorTitles":["Payment Integration Tests","Payment Flow Integration"],"duration":null,"failureDetails":[],"failureMessages":[],"fullName":"Payment Integration Tests Payment Flow Integration should complete full payment flow without errors","invocations":1,"location":{"column":8,"line":271},"numPassingAsserts":0,"retryReasons":[],"status":"pending","title":"should complete full payment flow without errors"},{"ancestorTitles":["Payment Integration Tests","Payment Flow Integration"],"duration":null,"failureDetails":[],"failureMessages":[],"fullName":"Payment Integration Tests Payment Flow Integration should handle Stripe-specific errors correctly","invocations":1,"location":{"column":8,"line":311},"numPassingAsserts":0,"retryReasons":[],"status":"pending","title":"should handle Stripe-specific errors correctly"},{"ancestorTitles":["Payment Integration Tests","Price Formatting"],"duration":null,"failureDetails":[],"failureMessages":[],"fullName":"Payment Integration Tests Price Formatting should format Japanese Yen correctly","invocations":1,"location":{"column":7,"line":343},"numPassingAsserts":0,"retryReasons":[],"status":"pending","title":"should format Japanese Yen correctly"},{"ancestorTitles":["Payment Integration Tests","Price Formatting"],"duration":null,"failureDetails":[],"failureMessages":[],"fullName":"Payment Integration Tests Price Formatting should format US Dollars correctly","invocations":1,"location":{"column":7,"line":348},"numPassingAsserts":0,"retryReasons":[],"status":"pending","title":"should format US Dollars correctly"},{"ancestorTitles":["Payment Integration Tests","Security & Validation"],"duration":null,"failureDetails":[],"failureMessages":[],"fullName":"Payment Integration Tests Security & Validation should require authentication for premium features","invocations":1,"location":{"column":7,"line":355},"numPassingAsserts":0,"retryReasons":[],"status":"pending","title":"should require authentication for premium features"},{"ancestorTitles":["Payment Integration Tests","Security & Validation"],"duration":null,"failureDetails":[],"failureMessages":[],"fullName":"Payment Integration Tests Security & Validation should validate payment data before submission","invocations":1,"location":{"column":8,"line":373},"numPassingAsserts":0,"retryReasons":[],"status":"pending","title":"should validate payment data before submission"},{"ancestorTitles":["API Integration Tests"],"duration":null,"failureDetails":[],"failureMessages":[],"fullName":"API Integration Tests should successfully create subscription via API","invocations":1,"location":{"column":6,"line":407},"numPassingAsserts":0,"retryReasons":[],"status":"pending","title":"should successfully create subscription via API"},{"ancestorTitles":["API Integration Tests"],"duration":null,"failureDetails":[],"failureMessages":[],"fullName":"API Integration Tests should handle API errors gracefully","invocations":1,"location":{"column":6,"line":444},"numPassingAsserts":0,"retryReasons":[],"status":"pending","title":"should handle API errors gracefully"}],"coverage":{},"endTime":1756854565014,"message":"","name":"C:\\Users\\kanta\\GitHub\\work-time-tracker\\src\\__tests__\\payment-integration.test.tsx","startTime":1756854565014,"status":"skipped","summary":""}],"wasInterrupted":false}
