TN:
SF:src\context\AuthContext.tsx
FN:42,(anonymous_9)
FN:58,(anonymous_10)
FN:66,(anonymous_11)
FN:70,AuthProvider
FN:81,(anonymous_13)
FN:82,(anonymous_14)
FN:100,(anonymous_15)
FN:106,(anonymous_16)
FN:107,(anonymous_17)
FN:114,(anonymous_18)
FN:118,(anonymous_19)
FN:127,(anonymous_20)
FN:140,(anonymous_21)
FN:145,(anonymous_22)
FN:149,(anonymous_23)
FN:150,(anonymous_24)
FN:161,(anonymous_25)
FN:175,(anonymous_26)
FN:176,(anonymous_27)
FN:213,(anonymous_28)
FN:242,(anonymous_29)
FN:264,(anonymous_30)
FN:265,(anonymous_31)
FN:300,(anonymous_32)
FN:313,(anonymous_33)
FN:316,(anonymous_34)
FN:406,(anonymous_35)
FN:407,(anonymous_36)
FN:516,(anonymous_37)
FN:522,(anonymous_38)
FN:537,(anonymous_39)
FN:557,(anonymous_40)
FN:558,(anonymous_41)
FN:568,(anonymous_42)
FNF:34
FNH:20
FNDA:168,(anonymous_9)
FNDA:56,(anonymous_10)
FNDA:0,(anonymous_11)
FNDA:28,AuthProvider
FNDA:14,(anonymous_13)
FNDA:0,(anonymous_14)
FNDA:14,(anonymous_15)
FNDA:14,(anonymous_16)
FNDA:14,(anonymous_17)
FNDA:14,(anonymous_18)
FNDA:10,(anonymous_19)
FNDA:0,(anonymous_20)
FNDA:14,(anonymous_21)
FNDA:0,(anonymous_22)
FNDA:0,(anonymous_23)
FNDA:0,(anonymous_24)
FNDA:10,(anonymous_25)
FNDA:10,(anonymous_26)
FNDA:0,(anonymous_27)
FNDA:0,(anonymous_28)
FNDA:0,(anonymous_29)
FNDA:0,(anonymous_30)
FNDA:0,(anonymous_31)
FNDA:0,(anonymous_32)
FNDA:14,(anonymous_33)
FNDA:14,(anonymous_34)
FNDA:10,(anonymous_35)
FNDA:0,(anonymous_36)
FNDA:14,(anonymous_37)
FNDA:14,(anonymous_38)
FNDA:14,(anonymous_39)
FNDA:14,(anonymous_40)
FNDA:0,(anonymous_41)
FNDA:14,(anonymous_42)
DA:1,2
DA:2,2
DA:3,2
DA:5,2
DA:6,2
DA:35,2
DA:42,2
DA:44,168
DA:45,56
DA:48,112
DA:49,112
DA:50,0
DA:55,112
DA:58,2
DA:59,56
DA:66,2
DA:67,0
DA:70,2
DA:71,28
DA:72,28
DA:73,28
DA:74,28
DA:75,28
DA:77,28
DA:78,28
DA:81,28
DA:82,14
DA:83,0
DA:84,0
DA:90,0
DA:91,0
DA:92,0
DA:93,0
DA:94,0
DA:99,14
DA:100,14
DA:101,14
DA:106,28
DA:107,14
DA:108,14
DA:111,14
DA:112,14
DA:114,14
DA:118,28
DA:119,10
DA:121,10
DA:122,0
DA:126,10
DA:128,0
DA:129,0
DA:140,28
DA:141,14
DA:143,0
DA:145,0
DA:146,0
DA:149,0
DA:150,0
DA:151,0
DA:154,0
DA:155,0
DA:161,28
DA:162,10
DA:163,10
DA:164,10
DA:166,10
DA:167,0
DA:168,0
DA:169,0
DA:170,0
DA:174,10
DA:175,10
DA:176,10
DA:179,10
DA:181,10
DA:182,9
DA:184,9
DA:185,1
DA:186,1
DA:187,1
DA:188,1
DA:189,1
DA:192,8
DA:193,8
DA:195,1
DA:196,1
DA:199,1
DA:200,1
DA:201,1
DA:202,1
DA:205,0
DA:206,0
DA:207,0
DA:208,0
DA:213,28
DA:214,0
DA:215,0
DA:216,0
DA:217,0
DA:220,0
DA:221,0
DA:224,0
DA:225,0
DA:226,0
DA:236,0
DA:237,0
DA:242,28
DA:243,0
DA:245,0
DA:246,0
DA:247,0
DA:248,0
DA:249,0
DA:252,0
DA:254,0
DA:255,0
DA:256,0
DA:257,0
DA:258,0
DA:259,0
DA:263,0
DA:264,0
DA:265,0
DA:268,0
DA:270,0
DA:271,0
DA:272,0
DA:273,0
DA:274,0
DA:276,0
DA:277,0
DA:280,0
DA:281,0
DA:282,0
DA:285,0
DA:286,0
DA:289,0
DA:290,0
DA:291,0
DA:294,0
DA:295,0
DA:300,28
DA:301,0
DA:302,0
DA:303,0
DA:304,0
DA:306,0
DA:307,0
DA:308,0
DA:313,28
DA:314,14
DA:316,14
DA:317,14
DA:318,14
DA:321,14
DA:322,14
DA:323,14
DA:325,14
DA:339,14
DA:344,0
DA:345,0
DA:346,0
DA:347,0
DA:348,0
DA:353,14
DA:355,14
DA:356,0
DA:357,0
DA:358,0
DA:367,0
DA:368,0
DA:369,0
DA:370,0
DA:371,0
DA:372,0
DA:374,14
DA:375,0
DA:378,14
DA:379,10
DA:382,10
DA:383,10
DA:385,10
DA:386,0
DA:387,0
DA:389,0
DA:398,0
DA:399,0
DA:400,0
DA:403,10
DA:405,10
DA:406,10
DA:407,10
DA:410,10
DA:412,0
DA:413,0
DA:414,0
DA:415,0
DA:416,0
DA:417,0
DA:418,0
DA:420,0
DA:422,0
DA:424,0
DA:425,0
DA:427,0
DA:428,0
DA:431,10
DA:433,10
DA:435,10
DA:436,10
DA:437,10
DA:440,10
DA:441,10
DA:450,10
DA:452,0
DA:453,0
DA:454,0
DA:460,4
DA:462,4
DA:465,4
DA:466,0
DA:467,0
DA:476,0
DA:479,4
DA:480,4
DA:481,4
DA:482,4
DA:483,0
DA:486,4
DA:489,10
DA:490,10
DA:491,10
DA:492,10
DA:493,10
DA:494,10
DA:497,14
DA:498,14
DA:499,14
DA:502,14
DA:503,0
DA:514,14
DA:516,14
DA:517,14
DA:522,28
DA:523,14
DA:537,28
DA:557,28
DA:558,14
DA:560,0
DA:561,0
DA:567,14
DA:568,14
DA:569,14
DA:573,28
DA:586,28
DA:589,2
LF:255
LH:131
BRDA:44,0,0,56
BRDA:44,1,0,168
BRDA:44,1,1,168
BRDA:44,1,2,168
BRDA:49,2,0,0
BRDA:49,3,0,112
BRDA:49,3,1,112
BRDA:60,4,0,56
BRDA:60,4,1,56
BRDA:60,4,2,56
BRDA:121,5,0,0
BRDA:128,6,0,0
BRDA:141,7,0,14
BRDA:154,8,0,0
BRDA:166,9,0,0
BRDA:184,10,0,1
BRDA:200,11,0,1
BRDA:215,12,0,0
BRDA:224,13,0,0
BRDA:245,14,0,0
BRDA:255,15,0,0
BRDA:270,16,0,0
BRDA:270,16,1,0
BRDA:289,17,0,0
BRDA:289,18,0,0
BRDA:289,18,1,0
BRDA:332,19,0,0
BRDA:332,19,1,14
BRDA:333,20,0,0
BRDA:333,20,1,14
BRDA:339,21,0,0
BRDA:340,22,0,14
BRDA:340,22,1,0
BRDA:340,22,2,0
BRDA:355,23,0,0
BRDA:355,23,1,14
BRDA:355,24,0,14
BRDA:355,24,1,0
BRDA:355,24,2,0
BRDA:357,25,0,0
BRDA:374,26,0,0
BRDA:378,27,0,10
BRDA:378,27,1,4
BRDA:383,28,0,10
BRDA:383,28,1,0
BRDA:385,29,0,0
BRDA:385,29,1,10
BRDA:385,30,0,10
BRDA:385,30,1,10
BRDA:387,31,0,0
BRDA:412,32,0,0
BRDA:412,32,1,0
BRDA:412,33,0,0
BRDA:412,33,1,0
BRDA:424,34,0,0
BRDA:433,35,0,10
BRDA:435,36,0,10
BRDA:435,36,1,0
BRDA:465,37,0,0
BRDA:465,37,1,4
BRDA:465,38,0,4
BRDA:465,38,1,0
BRDA:465,38,2,0
BRDA:482,39,0,0
BRDA:491,40,0,10
BRDA:497,41,0,14
BRDA:502,42,0,0
BRDA:505,43,0,0
BRDA:505,43,1,0
BRDA:523,44,0,14
BRDA:561,45,0,0
BRF:71
BRH:30
end_of_record
TN:
SF:src\pages\Login.tsx
FN:30,Login
FN:51,(anonymous_10)
FN:58,(anonymous_11)
FN:62,(anonymous_12)
FN:75,(anonymous_13)
FN:80,(anonymous_14)
FN:85,(anonymous_15)
FN:105,(anonymous_16)
FN:131,(anonymous_17)
FN:170,(anonymous_18)
FN:273,(anonymous_19)
FN:274,(anonymous_20)
FN:278,(anonymous_21)
FN:281,(anonymous_22)
FN:332,(anonymous_23)
FN:363,(anonymous_24)
FN:371,(anonymous_25)
FN:392,(anonymous_26)
FN:474,(anonymous_27)
FN:490,(anonymous_28)
FNF:20
FNH:14
FNDA:106,Login
FNDA:11,(anonymous_10)
FNDA:11,(anonymous_11)
FNDA:0,(anonymous_12)
FNDA:11,(anonymous_13)
FNDA:0,(anonymous_14)
FNDA:5,(anonymous_15)
FNDA:0,(anonymous_16)
FNDA:2,(anonymous_17)
FNDA:5,(anonymous_18)
FNDA:81,(anonymous_19)
FNDA:81,(anonymous_20)
FNDA:0,(anonymous_21)
FNDA:0,(anonymous_22)
FNDA:48,(anonymous_23)
FNDA:33,(anonymous_24)
FNDA:2,(anonymous_25)
FNDA:0,(anonymous_26)
FNDA:1,(anonymous_27)
FNDA:1,(anonymous_28)
DA:1,1
DA:2,1
DA:3,1
DA:4,1
DA:5,1
DA:6,1
DA:7,1
DA:8,1
DA:9,1
DA:17,1
DA:18,1
DA:19,1
DA:20,1
DA:30,1
DA:31,106
DA:35,106
DA:36,106
DA:37,106
DA:38,106
DA:39,106
DA:41,106
DA:42,106
DA:43,106
DA:46,106
DA:47,106
DA:48,106
DA:51,106
DA:52,11
DA:53,0
DA:58,106
DA:59,11
DA:60,0
DA:61,0
DA:62,0
DA:67,11
DA:68,0
DA:75,106
DA:76,11
DA:77,11
DA:79,11
DA:80,0
DA:81,0
DA:85,106
DA:86,5
DA:88,5
DA:89,2
DA:90,3
DA:91,0
DA:94,5
DA:95,2
DA:96,3
DA:97,0
DA:100,5
DA:101,5
DA:105,106
DA:106,0
DA:107,0
DA:109,0
DA:111,0
DA:112,0
DA:114,0
DA:117,0
DA:118,0
DA:121,0
DA:123,0
DA:124,0
DA:126,0
DA:131,106
DA:132,2
DA:133,2
DA:135,2
DA:137,2
DA:139,2
DA:141,2
DA:143,2
DA:144,0
DA:146,2
DA:149,2
DA:151,2
DA:152,2
DA:153,2
DA:155,0
DA:157,0
DA:159,0
DA:160,0
DA:161,0
DA:163,0
DA:166,2
DA:170,106
DA:171,5
DA:173,5
DA:174,5
DA:178,5
DA:179,5
DA:181,5
DA:182,2
DA:183,2
DA:186,3
DA:187,3
DA:189,3
DA:190,3
DA:191,3
DA:193,2
DA:194,2
DA:197,2
DA:198,0
DA:200,2
DA:203,2
DA:205,2
DA:206,2
DA:208,2
DA:209,2
DA:212,2
DA:213,2
DA:215,1
DA:216,1
DA:217,1
DA:222,1
DA:223,0
DA:230,1
DA:231,0
DA:232,0
DA:235,0
DA:236,0
DA:240,0
DA:241,0
DA:243,0
DA:244,0
DA:245,0
DA:247,0
DA:248,0
DA:252,0
DA:254,0
DA:255,0
DA:258,0
DA:259,0
DA:263,0
DA:266,1
DA:269,3
DA:273,106
DA:274,81
DA:277,81
DA:278,0
DA:280,81
DA:281,0
DA:285,106
DA:332,48
DA:363,33
DA:371,2
DA:392,0
DA:474,1
DA:490,1
LF:152
LH:102
BRDA:46,0,0,106
BRDA:46,0,1,106
BRDA:52,1,0,0
BRDA:59,2,0,0
BRDA:61,3,0,0
BRDA:67,4,0,0
BRDA:79,5,0,0
BRDA:79,6,0,11
BRDA:79,6,1,0
BRDA:88,7,0,2
BRDA:88,7,1,3
BRDA:90,8,0,0
BRDA:94,9,0,2
BRDA:94,9,1,3
BRDA:96,10,0,0
BRDA:143,11,0,0
BRDA:143,11,1,2
BRDA:159,12,0,0
BRDA:159,12,1,0
BRDA:161,13,0,0
BRDA:161,13,1,0
BRDA:181,14,0,2
BRDA:197,15,0,0
BRDA:197,15,1,2
BRDA:216,16,0,1
BRDA:222,17,0,0
BRDA:230,18,0,0
BRDA:230,18,1,1
BRDA:235,19,0,0
BRDA:235,19,1,0
BRDA:235,20,0,0
BRDA:235,20,1,0
BRDA:235,20,2,0
BRDA:240,21,0,0
BRDA:243,22,0,0
BRDA:243,22,1,0
BRDA:247,23,0,0
BRDA:247,23,1,0
BRDA:254,24,0,0
BRDA:254,24,1,0
BRDA:258,25,0,0
BRDA:258,25,1,0
BRDA:263,26,0,0
BRDA:263,26,1,0
BRDA:277,27,0,0
BRDA:280,28,0,0
BRDA:294,29,0,106
BRDA:294,29,1,0
BRDA:302,30,0,106
BRDA:302,30,1,0
BRDA:314,31,0,106
BRDA:314,31,1,1
BRDA:333,32,0,2
BRDA:333,32,1,104
BRDA:338,33,0,106
BRDA:338,33,1,91
BRDA:338,33,2,91
BRDA:344,34,0,106
BRDA:344,34,1,2
BRDA:361,35,0,1
BRDA:361,35,1,105
BRDA:364,36,0,2
BRDA:364,36,1,104
BRDA:375,37,0,1
BRDA:375,37,1,105
BRDA:378,38,0,106
BRDA:378,38,1,2
BRDA:409,39,0,5
BRDA:409,39,1,101
BRDA:423,40,0,106
BRDA:423,40,1,0
BRDA:433,41,0,0
BRDA:433,41,1,0
BRF:73
BRH:34
end_of_record
TN:
SF:src\services\auth\AuthService.ts
FN:22,(anonymous_0)
FN:28,(anonymous_1)
FN:29,(anonymous_2)
FN:35,(anonymous_3)
FN:36,(anonymous_4)
FN:39,(anonymous_5)
FN:41,(anonymous_6)
FN:46,(anonymous_7)
FN:60,(anonymous_8)
FN:88,(anonymous_9)
FN:102,(anonymous_10)
FN:131,(anonymous_11)
FN:153,(anonymous_12)
FN:189,(anonymous_13)
FN:193,(anonymous_14)
FN:202,(anonymous_15)
FN:228,(anonymous_16)
FNF:17
FNH:12
FNDA:1,(anonymous_0)
FNDA:1,(anonymous_1)
FNDA:0,(anonymous_2)
FNDA:0,(anonymous_3)
FNDA:0,(anonymous_4)
FNDA:0,(anonymous_5)
FNDA:0,(anonymous_6)
FNDA:8,(anonymous_7)
FNDA:3,(anonymous_8)
FNDA:6,(anonymous_9)
FNDA:3,(anonymous_10)
FNDA:4,(anonymous_11)
FNDA:2,(anonymous_12)
FNDA:1,(anonymous_13)
FNDA:2,(anonymous_14)
FNDA:2,(anonymous_15)
FNDA:7,(anonymous_16)
DA:2,1
DA:3,1
DA:15,1
DA:19,1
DA:20,1
DA:23,1
DA:24,1
DA:25,1
DA:29,1
DA:30,0
DA:31,0
DA:36,0
DA:40,0
DA:41,0
DA:42,0
DA:47,8
DA:49,8
DA:50,2
DA:53,6
DA:54,6
DA:57,0
DA:61,3
DA:62,3
DA:64,3
DA:89,6
DA:103,3
DA:104,3
DA:106,1
DA:108,1
DA:117,1
DA:119,1
DA:124,2
DA:132,4
DA:133,4
DA:135,1
DA:139,1
DA:141,1
DA:146,3
DA:154,2
DA:155,2
DA:157,1
DA:159,1
DA:160,1
DA:170,0
DA:175,1
DA:177,1
DA:182,1
DA:190,1
DA:194,2
DA:195,2
DA:196,1
DA:198,1
DA:203,2
DA:204,2
DA:206,1
DA:229,7
DA:231,7
DA:270,7
DA:279,1
LF:59
LH:51
BRDA:30,0,0,0
BRDA:30,0,1,0
BRDA:47,1,0,0
BRDA:49,2,0,2
BRDA:53,3,0,6
BRDA:67,4,0,3
BRDA:67,4,1,0
BRDA:67,4,2,0
BRDA:68,5,0,3
BRDA:68,5,1,2
BRDA:68,5,2,2
BRDA:70,6,0,3
BRDA:70,6,1,3
BRDA:71,7,0,3
BRDA:71,7,1,2
BRDA:72,8,0,3
BRDA:72,8,1,2
BRDA:74,9,0,3
BRDA:74,9,1,2
BRDA:76,10,0,3
BRDA:76,10,1,3
BRDA:79,11,0,3
BRDA:79,11,1,0
BRDA:80,12,0,3
BRDA:80,12,1,0
BRDA:159,13,0,1
BRDA:159,13,1,0
BRDA:204,14,0,1
BRDA:209,15,0,1
BRDA:209,15,1,0
BRDA:219,16,0,1
BRDA:219,16,1,0
BRDA:220,17,0,1
BRDA:220,17,1,0
BRDA:271,18,0,7
BRDA:271,18,1,1
BRDA:271,19,0,7
BRDA:271,19,1,0
BRDA:273,20,0,1
BRDA:273,20,1,0
BRF:40
BRH:27
end_of_record
TN:
SF:src\services\auth\TokenManager.ts
FN:29,(anonymous_0)
FN:36,(anonymous_1)
FN:55,(anonymous_2)
FN:81,(anonymous_3)
FN:93,(anonymous_4)
FN:183,(anonymous_5)
FN:211,(anonymous_6)
FN:277,(anonymous_8)
FN:295,(anonymous_9)
FN:302,(anonymous_10)
FN:310,(anonymous_11)
FN:353,(anonymous_12)
FN:393,(anonymous_13)
FN:402,(anonymous_14)
FN:410,(anonymous_15)
FN:456,(anonymous_16)
FN:468,(anonymous_17)
FN:475,(anonymous_18)
FN:482,(anonymous_19)
FN:483,(anonymous_20)
FN:508,(anonymous_21)
FN:528,(anonymous_22)
FN:540,(anonymous_23)
FNF:23
FNH:11
FNDA:21,(anonymous_0)
FNDA:4,(anonymous_1)
FNDA:0,(anonymous_2)
FNDA:0,(anonymous_3)
FNDA:0,(anonymous_4)
FNDA:29,(anonymous_5)
FNDA:11,(anonymous_6)
FNDA:3,(anonymous_8)
FNDA:0,(anonymous_9)
FNDA:8,(anonymous_10)
FNDA:1,(anonymous_11)
FNDA:1,(anonymous_12)
FNDA:11,(anonymous_13)
FNDA:0,(anonymous_14)
FNDA:16,(anonymous_15)
FNDA:0,(anonymous_16)
FNDA:0,(anonymous_17)
FNDA:0,(anonymous_18)
FNDA:0,(anonymous_19)
FNDA:0,(anonymous_20)
FNDA:2,(anonymous_21)
FNDA:0,(anonymous_22)
FNDA:0,(anonymous_23)
DA:1,4
DA:2,4
DA:18,4
DA:20,4
DA:21,4
DA:22,4
DA:23,4
DA:24,4
DA:25,4
DA:26,4
DA:30,21
DA:31,4
DA:33,21
DA:39,4
DA:41,4
DA:42,4
DA:43,4
DA:46,0
DA:49,0
DA:56,0
DA:58,0
DA:63,0
DA:65,0
DA:66,0
DA:67,0
DA:69,0
DA:70,0
DA:73,0
DA:74,0
DA:82,0
DA:83,0
DA:87,0
DA:95,0
DA:96,0
DA:97,0
DA:98,0
DA:101,0
DA:102,0
DA:103,0
DA:104,0
DA:106,0
DA:107,0
DA:108,0
DA:109,0
DA:111,0
DA:114,0
DA:115,0
DA:117,0
DA:118,0
DA:119,0
DA:121,0
DA:122,0
DA:125,0
DA:126,0
DA:129,0
DA:132,0
DA:133,0
DA:134,0
DA:136,0
DA:137,0
DA:139,0
DA:140,0
DA:141,0
DA:142,0
DA:146,0
DA:147,0
DA:148,0
DA:149,0
DA:150,0
DA:153,0
DA:154,0
DA:156,0
DA:157,0
DA:158,0
DA:160,0
DA:164,0
DA:165,0
DA:169,0
DA:170,0
DA:171,0
DA:174,0
DA:175,0
DA:185,29
DA:186,27
DA:190,2
DA:191,2
DA:192,2
DA:194,2
DA:198,2
DA:202,2
DA:205,0
DA:213,11
DA:214,11
DA:215,1
DA:216,1
DA:219,10
DA:220,10
DA:227,10
DA:228,10
DA:229,9
DA:231,1
DA:234,1
DA:235,0
DA:236,0
DA:241,0
DA:242,0
DA:247,1
DA:260,11
DA:262,11
DA:263,11
DA:264,11
DA:265,11
DA:267,11
DA:268,11
DA:271,11
DA:278,3
DA:279,1
DA:282,2
DA:285,2
DA:286,1
DA:289,1
DA:296,0
DA:303,8
DA:304,8
DA:312,1
DA:313,1
DA:314,0
DA:315,0
DA:318,1
DA:319,0
DA:320,0
DA:323,1
DA:324,0
DA:325,0
DA:326,0
DA:329,1
DA:330,1
DA:331,0
DA:332,0
DA:333,0
DA:336,1
DA:337,1
DA:338,1
DA:340,1
DA:341,1
DA:342,1
DA:343,1
DA:345,1
DA:346,1
DA:355,1
DA:356,1
DA:357,0
DA:358,0
DA:361,1
DA:362,1
DA:363,1
DA:367,1
DA:369,1
DA:370,1
DA:372,1
DA:373,1
DA:375,0
DA:377,0
DA:378,0
DA:381,0
DA:384,0
DA:385,0
DA:386,0
DA:394,11
DA:395,1
DA:398,11
DA:399,11
DA:400,11
DA:402,11
DA:403,0
DA:411,16
DA:413,16
DA:414,16
DA:415,16
DA:416,16
DA:418,16
DA:419,9
DA:420,9
DA:424,16
DA:425,16
DA:426,15
DA:427,15
DA:428,15
DA:429,14
DA:431,1
DA:434,1
DA:435,0
DA:437,0
DA:438,0
DA:443,1
DA:446,1
DA:449,16
DA:450,16
DA:458,0
DA:459,0
DA:460,0
DA:461,0
DA:464,0
DA:467,0
DA:469,0
DA:470,0
DA:471,0
DA:473,0
DA:476,0
DA:481,0
DA:482,0
DA:484,0
DA:486,0
DA:491,0
DA:493,0
DA:494,0
DA:495,0
DA:496,0
DA:500,0
DA:515,2
DA:516,2
DA:529,0
DA:531,0
DA:532,0
DA:533,0
DA:541,0
DA:553,4
LF:227
LH:107
BRDA:30,0,0,4
BRDA:39,1,0,4
BRDA:39,1,1,4
BRDA:41,2,0,4
BRDA:63,3,0,0
BRDA:63,3,1,0
BRDA:63,4,0,0
BRDA:63,4,1,0
BRDA:96,5,0,0
BRDA:115,6,0,0
BRDA:115,6,1,0
BRDA:119,7,0,0
BRDA:119,7,1,0
BRDA:132,8,0,0
BRDA:132,8,1,0
BRDA:139,9,0,0
BRDA:146,10,0,0
BRDA:146,11,0,0
BRDA:146,11,1,0
BRDA:156,12,0,0
BRDA:156,12,1,0
BRDA:169,13,0,0
BRDA:185,14,0,27
BRDA:190,15,0,2
BRDA:192,16,0,2
BRDA:192,16,1,2
BRDA:194,17,0,2
BRDA:194,17,1,0
BRDA:194,17,2,0
BRDA:202,18,0,2
BRDA:202,18,1,2
BRDA:214,19,0,1
BRDA:234,20,0,0
BRDA:236,21,0,0
BRDA:237,22,0,0
BRDA:237,22,1,0
BRDA:237,22,2,0
BRDA:257,23,0,3
BRDA:258,24,0,4
BRDA:278,25,0,1
BRDA:285,26,0,1
BRDA:285,27,0,2
BRDA:285,27,1,1
BRDA:304,28,0,8
BRDA:304,28,1,3
BRDA:304,28,2,3
BRDA:313,29,0,0
BRDA:318,30,0,0
BRDA:318,31,0,1
BRDA:318,31,1,0
BRDA:323,32,0,0
BRDA:330,33,0,0
BRDA:356,34,0,0
BRDA:377,35,0,0
BRDA:394,36,0,1
BRDA:418,37,0,9
BRDA:425,38,0,15
BRDA:425,38,1,1
BRDA:434,39,0,0
BRDA:437,40,0,0
BRDA:459,41,0,0
BRDA:470,42,0,0
BRDA:486,43,0,0
BRDA:487,44,0,0
BRDA:487,44,1,0
BRDA:487,44,2,0
BRDA:494,45,0,0
BRDA:518,46,0,1
BRDA:518,46,1,1
BRDA:519,47,0,1
BRDA:519,47,1,1
BRDA:529,48,0,0
BRF:72
BRH:30
end_of_record
