<?xml version="1.0" encoding="UTF-8"?>
<coverage generated="1750502963356" clover="3.2.0">
  <project timestamp="1750502963356" name="All files">
    <metrics statements="106" coveredstatements="106" conditionals="36" coveredconditionals="31" methods="23" coveredmethods="23" elements="165" coveredelements="160" complexity="0" loc="106" ncloc="106" packages="2" files="6" classes="6"/>
    <package name="components.ui">
      <metrics statements="102" coveredstatements="102" conditionals="36" coveredconditionals="31" methods="22" coveredmethods="22"/>
      <file name="badge.tsx" path="C:\Users\kanta\GitHub\work-time-tracker\src\components\ui\badge.tsx">
        <metrics statements="6" coveredstatements="6" conditionals="0" coveredconditionals="0" methods="1" coveredmethods="1"/>
        <line num="1" count="2" type="stmt"/>
        <line num="2" count="2" type="stmt"/>
        <line num="3" count="2" type="stmt"/>
        <line num="5" count="2" type="stmt"/>
        <line num="29" count="115" type="stmt"/>
        <line num="32" count="2" type="stmt"/>
      </file>
      <file name="button.tsx" path="C:\Users\kanta\GitHub\work-time-tracker\src\components\ui\button.tsx">
        <metrics statements="10" coveredstatements="10" conditionals="3" coveredconditionals="3" methods="1" coveredmethods="1"/>
        <line num="1" count="2" type="stmt"/>
        <line num="2" count="2" type="stmt"/>
        <line num="3" count="2" type="stmt"/>
        <line num="5" count="2" type="stmt"/>
        <line num="7" count="2" type="stmt"/>
        <line num="42" count="2" type="stmt"/>
        <line num="44" count="168" type="cond" truecount="2" falsecount="0"/>
        <line num="45" count="168" type="stmt"/>
        <line num="54" count="2" type="stmt"/>
        <line num="56" count="2" type="stmt"/>
      </file>
      <file name="card.tsx" path="C:\Users\kanta\GitHub\work-time-tracker\src\components\ui\card.tsx">
        <metrics statements="26" coveredstatements="26" conditionals="0" coveredconditionals="0" methods="6" coveredmethods="6"/>
        <line num="1" count="2" type="stmt"/>
        <line num="3" count="2" type="stmt"/>
        <line num="5" count="2" type="stmt"/>
        <line num="9" count="56" type="stmt"/>
        <line num="18" count="2" type="stmt"/>
        <line num="20" count="2" type="stmt"/>
        <line num="24" count="56" type="stmt"/>
        <line num="30" count="2" type="stmt"/>
        <line num="32" count="2" type="stmt"/>
        <line num="36" count="56" type="stmt"/>
        <line num="45" count="2" type="stmt"/>
        <line num="47" count="2" type="stmt"/>
        <line num="51" count="2" type="stmt"/>
        <line num="57" count="2" type="stmt"/>
        <line num="59" count="2" type="stmt"/>
        <line num="63" count="56" type="stmt"/>
        <line num="65" count="2" type="stmt"/>
        <line num="67" count="2" type="stmt"/>
        <line num="71" count="2" type="stmt"/>
        <line num="77" count="2" type="stmt"/>
        <line num="80" count="2" type="stmt"/>
        <line num="81" count="2" type="stmt"/>
        <line num="82" count="2" type="stmt"/>
        <line num="83" count="2" type="stmt"/>
        <line num="84" count="2" type="stmt"/>
        <line num="85" count="2" type="stmt"/>
      </file>
      <file name="error-boundary.tsx" path="C:\Users\kanta\GitHub\work-time-tracker\src\components\ui\error-boundary.tsx">
        <metrics statements="53" coveredstatements="53" conditionals="31" coveredconditionals="26" methods="13" coveredmethods="13"/>
        <line num="1" count="1" type="stmt"/>
        <line num="2" count="1" type="stmt"/>
        <line num="3" count="1" type="stmt"/>
        <line num="4" count="1" type="stmt"/>
        <line num="5" count="1" type="stmt"/>
        <line num="20" count="1" type="stmt"/>
        <line num="22" count="43" type="stmt"/>
        <line num="23" count="42" type="stmt"/>
        <line num="32" count="40" type="stmt"/>
        <line num="40" count="20" type="stmt"/>
        <line num="46" count="20" type="stmt"/>
        <line num="49" count="20" type="cond" truecount="1" falsecount="0"/>
        <line num="50" count="1" type="stmt"/>
        <line num="54" count="42" type="stmt"/>
        <line num="55" count="20" type="stmt"/>
        <line num="66" count="20" type="cond" truecount="1" falsecount="0"/>
        <line num="67" count="1" type="stmt"/>
        <line num="68" count="1" type="stmt"/>
        <line num="69" count="1" type="stmt"/>
        <line num="70" count="1" type="stmt"/>
        <line num="71" count="1" type="stmt"/>
        <line num="78" count="42" type="stmt"/>
        <line num="79" count="1" type="stmt"/>
        <line num="87" count="42" type="stmt"/>
        <line num="88" count="2" type="stmt"/>
        <line num="89" count="2" type="stmt"/>
        <line num="99" count="2" type="stmt"/>
        <line num="102" count="1" type="stmt"/>
        <line num="105" count="1" type="stmt"/>
        <line num="109" count="42" type="stmt"/>
        <line num="110" count="54" type="stmt"/>
        <line num="112" count="54" type="cond" truecount="3" falsecount="0"/>
        <line num="113" count="6" type="stmt"/>
        <line num="115" count="48" type="cond" truecount="1" falsecount="0"/>
        <line num="116" count="3" type="stmt"/>
        <line num="118" count="45" type="cond" truecount="3" falsecount="0"/>
        <line num="119" count="6" type="stmt"/>
        <line num="121" count="39" type="cond" truecount="3" falsecount="0"/>
        <line num="122" count="6" type="stmt"/>
        <line num="125" count="33" type="stmt"/>
        <line num="129" count="104" type="cond" truecount="1" falsecount="0"/>
        <line num="131" count="60" type="cond" truecount="1" falsecount="0"/>
        <line num="132" count="6" type="stmt"/>
        <line num="135" count="54" type="stmt"/>
        <line num="136" count="54" type="cond" truecount="1" falsecount="1"/>
        <line num="138" count="54" type="stmt"/>
        <line num="182" count="1" type="stmt"/>
        <line num="219" count="44" type="stmt"/>
        <line num="224" count="1" type="stmt"/>
        <line num="228" count="4" type="stmt"/>
        <line num="229" count="7" type="stmt"/>
        <line num="234" count="4" type="cond" truecount="2" falsecount="0"/>
        <line num="236" count="4" type="stmt"/>
      </file>
      <file name="progress.tsx" path="C:\Users\kanta\GitHub\work-time-tracker\src\components\ui\progress.tsx">
        <metrics statements="7" coveredstatements="7" conditionals="2" coveredconditionals="2" methods="1" coveredmethods="1"/>
        <line num="3" count="1" type="stmt"/>
        <line num="4" count="1" type="stmt"/>
        <line num="6" count="1" type="stmt"/>
        <line num="8" count="1" type="stmt"/>
        <line num="12" count="6" type="stmt"/>
        <line num="23" count="1" type="stmt"/>
        <line num="25" count="1" type="stmt"/>
      </file>
    </package>
    <package name="lib">
      <metrics statements="4" coveredstatements="4" conditionals="0" coveredconditionals="0" methods="1" coveredmethods="1"/>
      <file name="utils.ts" path="C:\Users\kanta\GitHub\work-time-tracker\src\lib\utils.ts">
        <metrics statements="4" coveredstatements="4" conditionals="0" coveredconditionals="0" methods="1" coveredmethods="1"/>
        <line num="1" count="5" type="stmt"/>
        <line num="2" count="5" type="stmt"/>
        <line num="4" count="5" type="stmt"/>
        <line num="5" count="517" type="stmt"/>
      </file>
    </package>
  </project>
</coverage>
