<?xml version="1.0" encoding="UTF-8"?>
<coverage generated="1750963053005" clover="3.2.0">
  <project timestamp="1750963053005" name="All files">
    <metrics statements="359" coveredstatements="225" conditionals="122" coveredconditionals="52" methods="80" coveredmethods="51" elements="561" coveredelements="328" complexity="0" loc="359" ncloc="359" packages="4" files="9" classes="9"/>
    <package name="components.chart.hooks">
      <metrics statements="156" coveredstatements="64" conditionals="45" coveredconditionals="7" methods="28" coveredmethods="9"/>
      <file name="useSurveyData.ts" path="C:\Users\kanta\GitHub\work-time-tracker\src\components\chart\hooks\useSurveyData.ts">
        <metrics statements="156" coveredstatements="64" conditionals="45" coveredconditionals="7" methods="28" coveredmethods="9"/>
        <line num="1" count="1" type="stmt"/>
        <line num="2" count="1" type="stmt"/>
        <line num="3" count="1" type="stmt"/>
        <line num="5" count="1" type="stmt"/>
        <line num="30" count="1" type="stmt"/>
        <line num="31" count="9" type="stmt"/>
        <line num="40" count="9" type="stmt"/>
        <line num="51" count="9" type="stmt"/>
        <line num="52" count="9" type="stmt"/>
        <line num="53" count="9" type="stmt"/>
        <line num="54" count="9" type="stmt"/>
        <line num="57" count="9" type="stmt"/>
        <line num="58" count="63" type="stmt"/>
        <line num="61" count="9" type="stmt"/>
        <line num="62" count="9" type="cond" truecount="2" falsecount="0"/>
        <line num="63" count="90" type="stmt"/>
        <line num="64" count="90" type="stmt"/>
        <line num="70" count="90" type="stmt"/>
        <line num="71" count="540" type="stmt"/>
        <line num="80" count="540" type="stmt"/>
        <line num="81" count="3240" type="cond" truecount="1" falsecount="1"/>
        <line num="82" count="3240" type="stmt"/>
        <line num="83" count="3240" type="stmt"/>
        <line num="84" count="3240" type="stmt"/>
        <line num="86" count="3240" type="stmt"/>
        <line num="91" count="3240" type="stmt"/>
        <line num="94" count="540" type="stmt"/>
        <line num="98" count="90" type="stmt"/>
        <line num="107" count="90" type="stmt"/>
        <line num="108" count="540" type="stmt"/>
        <line num="109" count="540" type="stmt"/>
        <line num="111" count="540" type="stmt"/>
        <line num="112" count="3240" type="stmt"/>
        <line num="113" count="3240" type="stmt"/>
        <line num="114" count="3240" type="cond" truecount="3" falsecount="0"/>
        <line num="115" count="3204" type="stmt"/>
        <line num="116" count="3204" type="stmt"/>
        <line num="120" count="540" type="cond" truecount="1" falsecount="0"/>
        <line num="121" count="540" type="stmt"/>
        <line num="125" count="90" type="stmt"/>
        <line num="127" count="90" type="stmt"/>
        <line num="128" count="90" type="stmt"/>
        <line num="131" count="9" type="stmt"/>
        <line num="134" count="9" type="stmt"/>
        <line num="142" count="1" type="stmt"/>
        <line num="143" count="18" type="stmt"/>
        <line num="144" count="18" type="stmt"/>
        <line num="145" count="18" type="stmt"/>
        <line num="146" count="18" type="stmt"/>
        <line num="147" count="18" type="stmt"/>
        <line num="149" count="18" type="stmt"/>
        <line num="150" count="9" type="stmt"/>
        <line num="151" count="9" type="stmt"/>
        <line num="154" count="9" type="stmt"/>
        <line num="155" count="0" type="stmt"/>
        <line num="156" count="0" type="stmt"/>
        <line num="161" count="0" type="cond" truecount="0" falsecount="4"/>
        <line num="167" count="0" type="cond" truecount="0" falsecount="3"/>
        <line num="169" count="0" type="cond" truecount="0" falsecount="4"/>
        <line num="171" count="0" type="stmt"/>
        <line num="172" count="0" type="stmt"/>
        <line num="174" count="0" type="stmt"/>
        <line num="176" count="0" type="stmt"/>
        <line num="177" count="0" type="stmt"/>
        <line num="180" count="0" type="stmt"/>
        <line num="182" count="0" type="cond" truecount="0" falsecount="4"/>
        <line num="183" count="0" type="stmt"/>
        <line num="184" count="0" type="cond" truecount="0" falsecount="2"/>
        <line num="185" count="0" type="stmt"/>
        <line num="188" count="0" type="stmt"/>
        <line num="189" count="0" type="stmt"/>
        <line num="195" count="0" type="cond" truecount="0" falsecount="1"/>
        <line num="196" count="0" type="stmt"/>
        <line num="200" count="0" type="cond" truecount="0" falsecount="2"/>
        <line num="202" count="0" type="stmt"/>
        <line num="203" count="0" type="cond" truecount="0" falsecount="3"/>
        <line num="204" count="0" type="stmt"/>
        <line num="205" count="0" type="stmt"/>
        <line num="208" count="0" type="cond" truecount="0" falsecount="1"/>
        <line num="209" count="0" type="stmt"/>
        <line num="211" count="0" type="stmt"/>
        <line num="217" count="0" type="stmt"/>
        <line num="222" count="0" type="stmt"/>
        <line num="224" count="0" type="stmt"/>
        <line num="227" count="0" type="stmt"/>
        <line num="231" count="0" type="stmt"/>
        <line num="240" count="0" type="stmt"/>
        <line num="241" count="0" type="stmt"/>
        <line num="242" count="0" type="stmt"/>
        <line num="245" count="0" type="stmt"/>
        <line num="246" count="0" type="stmt"/>
        <line num="247" count="0" type="cond" truecount="0" falsecount="2"/>
        <line num="248" count="0" type="cond" truecount="0" falsecount="1"/>
        <line num="249" count="0" type="stmt"/>
        <line num="250" count="0" type="stmt"/>
        <line num="255" count="0" type="cond" truecount="0" falsecount="1"/>
        <line num="256" count="0" type="stmt"/>
        <line num="257" count="0" type="stmt"/>
        <line num="261" count="0" type="stmt"/>
        <line num="265" count="0" type="stmt"/>
        <line num="266" count="0" type="cond" truecount="0" falsecount="2"/>
        <line num="267" count="0" type="stmt"/>
        <line num="268" count="0" type="stmt"/>
        <line num="273" count="0" type="cond" truecount="0" falsecount="1"/>
        <line num="274" count="0" type="stmt"/>
        <line num="277" count="0" type="stmt"/>
        <line num="282" count="0" type="stmt"/>
        <line num="291" count="0" type="cond" truecount="0" falsecount="2"/>
        <line num="293" count="0" type="stmt"/>
        <line num="294" count="0" type="cond" truecount="0" falsecount="3"/>
        <line num="295" count="0" type="stmt"/>
        <line num="296" count="0" type="stmt"/>
        <line num="297" count="0" type="stmt"/>
        <line num="301" count="0" type="stmt"/>
        <line num="305" count="0" type="stmt"/>
        <line num="306" count="0" type="stmt"/>
        <line num="307" count="0" type="stmt"/>
        <line num="308" count="0" type="stmt"/>
        <line num="309" count="0" type="stmt"/>
        <line num="313" count="0" type="stmt"/>
        <line num="314" count="0" type="stmt"/>
        <line num="315" count="0" type="stmt"/>
        <line num="318" count="0" type="stmt"/>
        <line num="321" count="0" type="stmt"/>
        <line num="322" count="0" type="stmt"/>
        <line num="323" count="0" type="stmt"/>
        <line num="325" count="0" type="stmt"/>
        <line num="326" count="0" type="stmt"/>
        <line num="330" count="0" type="stmt"/>
        <line num="331" count="0" type="stmt"/>
        <line num="335" count="0" type="stmt"/>
        <line num="336" count="0" type="stmt"/>
        <line num="338" count="0" type="stmt"/>
        <line num="340" count="0" type="stmt"/>
        <line num="348" count="0" type="stmt"/>
        <line num="350" count="0" type="cond" truecount="0" falsecount="1"/>
        <line num="351" count="0" type="stmt"/>
        <line num="355" count="0" type="stmt"/>
        <line num="357" count="0" type="stmt"/>
        <line num="361" count="0" type="stmt"/>
        <line num="362" count="0" type="stmt"/>
        <line num="364" count="0" type="stmt"/>
        <line num="365" count="0" type="stmt"/>
        <line num="366" count="0" type="stmt"/>
        <line num="367" count="0" type="stmt"/>
        <line num="369" count="0" type="stmt"/>
        <line num="372" count="9" type="stmt"/>
        <line num="375" count="9" type="stmt"/>
        <line num="376" count="9" type="stmt"/>
        <line num="378" count="9" type="stmt"/>
        <line num="379" count="9" type="stmt"/>
        <line num="380" count="9" type="stmt"/>
        <line num="381" count="9" type="stmt"/>
        <line num="383" count="9" type="stmt"/>
        <line num="385" count="9" type="stmt"/>
        <line num="389" count="18" type="stmt"/>
      </file>
    </package>
    <package name="components.development">
      <metrics statements="83" coveredstatements="46" conditionals="41" coveredconditionals="19" methods="26" coveredmethods="16"/>
      <file name="DevelopmentBadgeDashboard.tsx" path="C:\Users\kanta\GitHub\work-time-tracker\src\components\development\DevelopmentBadgeDashboard.tsx">
        <metrics statements="83" coveredstatements="46" conditionals="41" coveredconditionals="19" methods="26" coveredmethods="16"/>
        <line num="1" count="1" type="stmt"/>
        <line num="2" count="1" type="stmt"/>
        <line num="3" count="1" type="stmt"/>
        <line num="4" count="1" type="stmt"/>
        <line num="5" count="1" type="stmt"/>
        <line num="6" count="1" type="stmt"/>
        <line num="7" count="1" type="stmt"/>
        <line num="8" count="1" type="stmt"/>
        <line num="10" count="1" type="stmt"/>
        <line num="25" count="1" type="stmt"/>
        <line num="26" count="13" type="stmt"/>
        <line num="27" count="13" type="stmt"/>
        <line num="29" count="13" type="stmt"/>
        <line num="30" count="0" type="stmt"/>
        <line num="31" count="0" type="stmt"/>
        <line num="32" count="0" type="stmt"/>
        <line num="35" count="0" type="stmt"/>
        <line num="36" count="0" type="cond" truecount="0" falsecount="3"/>
        <line num="38" count="0" type="stmt"/>
        <line num="39" count="0" type="stmt"/>
        <line num="41" count="0" type="cond" truecount="0" falsecount="2"/>
        <line num="44" count="0" type="stmt"/>
        <line num="46" count="0" type="stmt"/>
        <line num="47" count="0" type="stmt"/>
        <line num="52" count="0" type="stmt"/>
        <line num="53" count="0" type="cond" truecount="0" falsecount="3"/>
        <line num="54" count="0" type="stmt"/>
        <line num="56" count="0" type="stmt"/>
        <line num="59" count="0" type="stmt"/>
        <line num="62" count="0" type="stmt"/>
        <line num="64" count="0" type="stmt"/>
        <line num="69" count="13" type="stmt"/>
        <line num="72" count="14" type="stmt"/>
        <line num="73" count="14" type="stmt"/>
        <line num="74" count="0" type="stmt"/>
        <line num="76" count="0" type="stmt"/>
        <line num="81" count="13" type="stmt"/>
        <line num="82" count="13" type="stmt"/>
        <line num="86" count="13" type="stmt"/>
        <line num="89" count="14" type="stmt"/>
        <line num="93" count="13" type="stmt"/>
        <line num="94" count="14" type="stmt"/>
        <line num="95" count="14" type="stmt"/>
        <line num="96" count="0" type="stmt"/>
        <line num="98" count="0" type="stmt"/>
        <line num="103" count="13" type="stmt"/>
        <line num="104" count="13" type="stmt"/>
        <line num="105" count="0" type="stmt"/>
        <line num="106" count="0" type="stmt"/>
        <line num="109" count="0" type="stmt"/>
        <line num="110" count="0" type="stmt"/>
        <line num="111" count="0" type="cond" truecount="0" falsecount="1"/>
        <line num="112" count="0" type="stmt"/>
        <line num="115" count="0" type="cond" truecount="0" falsecount="2"/>
        <line num="116" count="0" type="stmt"/>
        <line num="118" count="0" type="cond" truecount="0" falsecount="2"/>
        <line num="119" count="0" type="stmt"/>
        <line num="121" count="0" type="stmt"/>
        <line num="123" count="0" type="stmt"/>
        <line num="128" count="13" type="stmt"/>
        <line num="130" count="13" type="stmt"/>
        <line num="131" count="13" type="stmt"/>
        <line num="135" count="13" type="stmt"/>
        <line num="137" count="14" type="stmt"/>
        <line num="138" count="14" type="stmt"/>
        <line num="142" count="0" type="stmt"/>
        <line num="188" count="13" type="stmt"/>
        <line num="201" count="13" type="cond" truecount="1" falsecount="1"/>
        <line num="203" count="0" type="stmt"/>
        <line num="205" count="13" type="stmt"/>
        <line num="206" count="39" type="stmt"/>
        <line num="209" count="13" type="stmt"/>
        <line num="244" count="39" type="stmt"/>
        <line num="250" count="39" type="cond" truecount="2" falsecount="0"/>
        <line num="256" count="39" type="stmt"/>
        <line num="273" count="0" type="stmt"/>
        <line num="291" count="39" type="stmt"/>
        <line num="301" count="1" type="stmt"/>
        <line num="302" count="39" type="stmt"/>
        <line num="341" count="39" type="stmt"/>
        <line num="344" count="39" type="cond" truecount="3" falsecount="0"/>
        <line num="345" count="26" type="cond" truecount="2" falsecount="0"/>
        <line num="349" count="13" type="cond" truecount="1" falsecount="1"/>
      </file>
    </package>
    <package name="components.ui">
      <metrics statements="116" coveredstatements="111" conditionals="36" coveredconditionals="26" methods="25" coveredmethods="25"/>
      <file name="badge.tsx" path="C:\Users\kanta\GitHub\work-time-tracker\src\components\ui\badge.tsx">
        <metrics statements="6" coveredstatements="6" conditionals="0" coveredconditionals="0" methods="1" coveredmethods="1"/>
        <line num="1" count="3" type="stmt"/>
        <line num="2" count="3" type="stmt"/>
        <line num="3" count="3" type="stmt"/>
        <line num="5" count="3" type="stmt"/>
        <line num="29" count="154" type="stmt"/>
        <line num="32" count="3" type="stmt"/>
      </file>
      <file name="button.tsx" path="C:\Users\kanta\GitHub\work-time-tracker\src\components\ui\button.tsx">
        <metrics statements="10" coveredstatements="10" conditionals="3" coveredconditionals="3" methods="1" coveredmethods="1"/>
        <line num="1" count="3" type="stmt"/>
        <line num="2" count="3" type="stmt"/>
        <line num="3" count="3" type="stmt"/>
        <line num="5" count="3" type="stmt"/>
        <line num="7" count="3" type="stmt"/>
        <line num="42" count="3" type="stmt"/>
        <line num="44" count="181" type="cond" truecount="2" falsecount="0"/>
        <line num="45" count="181" type="stmt"/>
        <line num="54" count="3" type="stmt"/>
        <line num="56" count="3" type="stmt"/>
      </file>
      <file name="card.tsx" path="C:\Users\kanta\GitHub\work-time-tracker\src\components\ui\card.tsx">
        <metrics statements="26" coveredstatements="26" conditionals="0" coveredconditionals="0" methods="6" coveredmethods="6"/>
        <line num="1" count="3" type="stmt"/>
        <line num="3" count="3" type="stmt"/>
        <line num="5" count="3" type="stmt"/>
        <line num="9" count="108" type="stmt"/>
        <line num="18" count="3" type="stmt"/>
        <line num="20" count="3" type="stmt"/>
        <line num="24" count="108" type="stmt"/>
        <line num="30" count="3" type="stmt"/>
        <line num="32" count="3" type="stmt"/>
        <line num="36" count="108" type="stmt"/>
        <line num="45" count="3" type="stmt"/>
        <line num="47" count="3" type="stmt"/>
        <line num="51" count="2" type="stmt"/>
        <line num="57" count="3" type="stmt"/>
        <line num="59" count="3" type="stmt"/>
        <line num="63" count="108" type="stmt"/>
        <line num="65" count="3" type="stmt"/>
        <line num="67" count="3" type="stmt"/>
        <line num="71" count="2" type="stmt"/>
        <line num="77" count="3" type="stmt"/>
        <line num="80" count="3" type="stmt"/>
        <line num="81" count="3" type="stmt"/>
        <line num="82" count="3" type="stmt"/>
        <line num="83" count="3" type="stmt"/>
        <line num="84" count="3" type="stmt"/>
        <line num="85" count="3" type="stmt"/>
      </file>
      <file name="error-boundary.tsx" path="C:\Users\kanta\GitHub\work-time-tracker\src\components\ui\error-boundary.tsx">
        <metrics statements="53" coveredstatements="48" conditionals="31" coveredconditionals="21" methods="13" coveredmethods="13"/>
        <line num="1" count="1" type="stmt"/>
        <line num="2" count="1" type="stmt"/>
        <line num="3" count="1" type="stmt"/>
        <line num="4" count="1" type="stmt"/>
        <line num="5" count="1" type="stmt"/>
        <line num="20" count="1" type="stmt"/>
        <line num="22" count="43" type="stmt"/>
        <line num="23" count="42" type="stmt"/>
        <line num="32" count="40" type="stmt"/>
        <line num="40" count="20" type="stmt"/>
        <line num="46" count="20" type="stmt"/>
        <line num="49" count="20" type="cond" truecount="1" falsecount="0"/>
        <line num="50" count="1" type="stmt"/>
        <line num="54" count="42" type="stmt"/>
        <line num="55" count="20" type="stmt"/>
        <line num="66" count="20" type="cond" truecount="0" falsecount="1"/>
        <line num="67" count="0" type="stmt"/>
        <line num="68" count="0" type="stmt"/>
        <line num="69" count="0" type="stmt"/>
        <line num="70" count="0" type="stmt"/>
        <line num="71" count="0" type="stmt"/>
        <line num="78" count="42" type="stmt"/>
        <line num="79" count="1" type="stmt"/>
        <line num="87" count="42" type="stmt"/>
        <line num="88" count="2" type="stmt"/>
        <line num="89" count="2" type="stmt"/>
        <line num="99" count="2" type="stmt"/>
        <line num="102" count="1" type="stmt"/>
        <line num="105" count="1" type="stmt"/>
        <line num="109" count="42" type="stmt"/>
        <line num="110" count="54" type="stmt"/>
        <line num="112" count="54" type="cond" truecount="3" falsecount="0"/>
        <line num="113" count="6" type="stmt"/>
        <line num="115" count="48" type="cond" truecount="1" falsecount="0"/>
        <line num="116" count="3" type="stmt"/>
        <line num="118" count="45" type="cond" truecount="3" falsecount="0"/>
        <line num="119" count="6" type="stmt"/>
        <line num="121" count="39" type="cond" truecount="3" falsecount="0"/>
        <line num="122" count="6" type="stmt"/>
        <line num="125" count="33" type="stmt"/>
        <line num="129" count="104" type="cond" truecount="1" falsecount="0"/>
        <line num="131" count="60" type="cond" truecount="1" falsecount="0"/>
        <line num="132" count="6" type="stmt"/>
        <line num="135" count="54" type="stmt"/>
        <line num="136" count="54" type="cond" truecount="1" falsecount="1"/>
        <line num="138" count="54" type="stmt"/>
        <line num="182" count="1" type="stmt"/>
        <line num="219" count="44" type="stmt"/>
        <line num="224" count="1" type="stmt"/>
        <line num="228" count="4" type="stmt"/>
        <line num="229" count="7" type="stmt"/>
        <line num="234" count="4" type="cond" truecount="2" falsecount="0"/>
        <line num="236" count="4" type="stmt"/>
      </file>
      <file name="progress.tsx" path="C:\Users\kanta\GitHub\work-time-tracker\src\components\ui\progress.tsx">
        <metrics statements="7" coveredstatements="7" conditionals="2" coveredconditionals="2" methods="1" coveredmethods="1"/>
        <line num="3" count="2" type="stmt"/>
        <line num="4" count="2" type="stmt"/>
        <line num="6" count="2" type="stmt"/>
        <line num="8" count="2" type="stmt"/>
        <line num="12" count="58" type="stmt"/>
        <line num="23" count="2" type="stmt"/>
        <line num="25" count="2" type="stmt"/>
      </file>
      <file name="tabs.tsx" path="C:\Users\kanta\GitHub\work-time-tracker\src\components\ui\tabs.tsx">
        <metrics statements="14" coveredstatements="14" conditionals="0" coveredconditionals="0" methods="3" coveredmethods="3"/>
        <line num="3" count="1" type="stmt"/>
        <line num="4" count="1" type="stmt"/>
        <line num="6" count="1" type="stmt"/>
        <line num="8" count="1" type="stmt"/>
        <line num="10" count="1" type="stmt"/>
        <line num="14" count="13" type="stmt"/>
        <line num="23" count="1" type="stmt"/>
        <line num="25" count="1" type="stmt"/>
        <line num="29" count="130" type="stmt"/>
        <line num="38" count="1" type="stmt"/>
        <line num="40" count="1" type="stmt"/>
        <line num="44" count="13" type="stmt"/>
        <line num="53" count="1" type="stmt"/>
        <line num="55" count="1" type="stmt"/>
      </file>
    </package>
    <package name="lib">
      <metrics statements="4" coveredstatements="4" conditionals="0" coveredconditionals="0" methods="1" coveredmethods="1"/>
      <file name="utils.ts" path="C:\Users\kanta\GitHub\work-time-tracker\src\lib\utils.ts">
        <metrics statements="4" coveredstatements="4" conditionals="0" coveredconditionals="0" methods="1" coveredmethods="1"/>
        <line num="1" count="6" type="stmt"/>
        <line num="2" count="6" type="stmt"/>
        <line num="4" count="6" type="stmt"/>
        <line num="5" count="985" type="stmt"/>
      </file>
    </package>
  </project>
</coverage>
