{"C:\\Users\\kanta\\GitHub\\work-time-tracker\\src\\components\\chart\\hooks\\useSurveyData.ts": {"path":"C:\\Users\\kanta\\GitHub\\work-time-tracker\\src\\components\\chart\\hooks\\useSurveyData.ts","statementMap":{"0":{"start":{"line":1,"column":0},"end":{"line":1,"column":46}},"1":{"start":{"line":2,"column":0},"end":{"line":2,"column":53}},"2":{"start":{"line":3,"column":0},"end":{"line":3,"column":51}},"3":{"start":{"line":5,"column":0},"end":{"line":5,"column":40}},"4":{"start":{"line":30,"column":20},"end":{"line":140,"column":1}},"5":{"start":{"line":31,"column":40},"end":{"line":38,"column":4}},"6":{"start":{"line":40,"column":24},"end":{"line":48,"column":4}},"7":{"start":{"line":51,"column":32},"end":{"line":132,"column":3}},"8":{"start":{"line":52,"column":22},"end":{"line":52,"column":42}},"9":{"start":{"line":53,"column":24},"end":{"line":53,"column":34}},"10":{"start":{"line":54,"column":56},"end":{"line":54,"column":58}},"11":{"start":{"line":57,"column":4},"end":{"line":59,"column":7}},"12":{"start":{"line":58,"column":6},"end":{"line":58,"column":28}},"13":{"start":{"line":61,"column":23},"end":{"line":61,"column":24}},"14":{"start":{"line":62,"column":4},"end":{"line":129,"column":5}},"15":{"start":{"line":63,"column":23},"end":{"line":63,"column":104}},"16":{"start":{"line":64,"column":24},"end":{"line":67,"column":8}},"17":{"start":{"line":70,"column":6},"end":{"line":95,"column":9}},"18":{"start":{"line":71,"column":42},"end":{"line":77,"column":10}},"19":{"start":{"line":80,"column":8},"end":{"line":92,"column":11}},"20":{"start":{"line":81,"column":30},"end":{"line":81,"column":68}},"21":{"start":{"line":82,"column":28},"end":{"line":82,"column":53}},"22":{"start":{"line":83,"column":29},"end":{"line":83,"column":61}},"23":{"start":{"line":84,"column":33},"end":{"line":84,"column":55}},"24":{"start":{"line":86,"column":30},"end":{"line":88,"column":null}},"25":{"start":{"line":91,"column":10},"end":{"line":91,"column":88}},"26":{"start":{"line":94,"column":8},"end":{"line":94,"column":41}},"27":{"start":{"line":98,"column":43},"end":{"line":104,"column":8}},"28":{"start":{"line":107,"column":6},"end":{"line":123,"column":9}},"29":{"start":{"line":108,"column":27},"end":{"line":108,"column":28}},"30":{"start":{"line":109,"column":25},"end":{"line":109,"column":26}},"31":{"start":{"line":111,"column":8},"end":{"line":118,"column":11}},"32":{"start":{"line":112,"column":28},"end":{"line":112,"column":44}},"33":{"start":{"line":113,"column":29},"end":{"line":113,"column":60}},"34":{"start":{"line":114,"column":10},"end":{"line":117,"column":11}},"35":{"start":{"line":115,"column":12},"end":{"line":115,"column":78}},"36":{"start":{"line":116,"column":12},"end":{"line":116,"column":25}},"37":{"start":{"line":120,"column":8},"end":{"line":122,"column":9}},"38":{"start":{"line":121,"column":10},"end":{"line":121,"column":93}},"39":{"start":{"line":125,"column":6},"end":{"line":125,"column":43}},"40":{"start":{"line":127,"column":6},"end":{"line":127,"column":51}},"41":{"start":{"line":128,"column":6},"end":{"line":128,"column":21}},"42":{"start":{"line":131,"column":4},"end":{"line":131,"column":21}},"43":{"start":{"line":134,"column":2},"end":{"line":139,"column":4}},"44":{"start":{"line":142,"column":29},"end":{"line":397,"column":1}},"45":{"start":{"line":143,"column":36},"end":{"line":143,"column":82}},"46":{"start":{"line":144,"column":36},"end":{"line":144,"column":58}},"47":{"start":{"line":145,"column":32},"end":{"line":145,"column":62}},"48":{"start":{"line":146,"column":36},"end":{"line":146,"column":50}},"49":{"start":{"line":147,"column":40},"end":{"line":147,"column":83}},"50":{"start":{"line":149,"column":26},"end":{"line":387,"column":8}},"51":{"start":{"line":150,"column":4},"end":{"line":386,"column":5}},"52":{"start":{"line":151,"column":6},"end":{"line":151,"column":25}},"53":{"start":{"line":154,"column":48},"end":{"line":157,"column":8}},"54":{"start":{"line":155,"column":39},"end":{"line":155,"column":43}},"55":{"start":{"line":156,"column":38},"end":{"line":156,"column":42}},"56":{"start":{"line":161,"column":8},"end":{"line":164,"column":67}},"57":{"start":{"line":167,"column":8},"end":{"line":167,"column":86}},"58":{"start":{"line":169,"column":6},"end":{"line":370,"column":7}},"59":{"start":{"line":171,"column":28},"end":{"line":171,"column":48}},"60":{"start":{"line":172,"column":8},"end":{"line":172,"column":32}},"61":{"start":{"line":174,"column":21},"end":{"line":174,"column":73}},"62":{"start":{"line":176,"column":62},"end":{"line":176,"column":64}},"63":{"start":{"line":177,"column":25},"end":{"line":177,"column":42}},"64":{"start":{"line":180,"column":77},"end":{"line":180,"column":79}},"65":{"start":{"line":182,"column":8},"end":{"line":358,"column":9}},"66":{"start":{"line":183,"column":10},"end":{"line":214,"column":13}},"67":{"start":{"line":184,"column":32},"end":{"line":184,"column":59}},"68":{"start":{"line":185,"column":12},"end":{"line":185,"column":38}},"69":{"start":{"line":188,"column":31},"end":{"line":188,"column":61}},"70":{"start":{"line":189,"column":29},"end":{"line":192,"column":14}},"71":{"start":{"line":195,"column":12},"end":{"line":197,"column":13}},"72":{"start":{"line":196,"column":14},"end":{"line":196,"column":48}},"73":{"start":{"line":200,"column":14},"end":{"line":200,"column":85}},"74":{"start":{"line":200,"column":50},"end":{"line":200,"column":78}},"75":{"start":{"line":202,"column":12},"end":{"line":213,"column":15}},"76":{"start":{"line":203,"column":14},"end":{"line":212,"column":15}},"77":{"start":{"line":204,"column":34},"end":{"line":204,"column":56}},"78":{"start":{"line":205,"column":33},"end":{"line":205,"column":62}},"79":{"start":{"line":208,"column":16},"end":{"line":210,"column":17}},"80":{"start":{"line":209,"column":18},"end":{"line":209,"column":62}},"81":{"start":{"line":211,"column":16},"end":{"line":211,"column":78}},"82":{"start":{"line":217,"column":75},"end":{"line":219,"column":12}},"83":{"start":{"line":222,"column":28},"end":{"line":222,"column":48}},"84":{"start":{"line":224,"column":10},"end":{"line":262,"column":15}},"85":{"start":{"line":227,"column":32},"end":{"line":230,"column":16}},"86":{"start":{"line":231,"column":51},"end":{"line":237,"column":16}},"87":{"start":{"line":240,"column":14},"end":{"line":259,"column":17}},"88":{"start":{"line":241,"column":34},"end":{"line":241,"column":62}},"89":{"start":{"line":242,"column":48},"end":{"line":242,"column":50}},"90":{"start":{"line":245,"column":16},"end":{"line":252,"column":19}},"91":{"start":{"line":246,"column":35},"end":{"line":246,"column":64}},"92":{"start":{"line":247,"column":33},"end":{"line":247,"column":58}},"93":{"start":{"line":248,"column":18},"end":{"line":251,"column":19}},"94":{"start":{"line":249,"column":32},"end":{"line":249,"column":81}},"95":{"start":{"line":249,"column":56},"end":{"line":249,"column":61}},"96":{"start":{"line":250,"column":20},"end":{"line":250,"column":44}},"97":{"start":{"line":255,"column":16},"end":{"line":258,"column":17}},"98":{"start":{"line":256,"column":35},"end":{"line":256,"column":98}},"99":{"start":{"line":256,"column":66},"end":{"line":256,"column":71}},"100":{"start":{"line":257,"column":18},"end":{"line":257,"column":82}},"101":{"start":{"line":261,"column":14},"end":{"line":261,"column":64}},"102":{"start":{"line":265,"column":10},"end":{"line":302,"column":13}},"103":{"start":{"line":266,"column":32},"end":{"line":266,"column":59}},"104":{"start":{"line":267,"column":31},"end":{"line":267,"column":61}},"105":{"start":{"line":268,"column":29},"end":{"line":271,"column":14}},"106":{"start":{"line":273,"column":12},"end":{"line":275,"column":13}},"107":{"start":{"line":274,"column":14},"end":{"line":274,"column":44}},"108":{"start":{"line":277,"column":30},"end":{"line":280,"column":14}},"109":{"start":{"line":282,"column":46},"end":{"line":288,"column":14}},"110":{"start":{"line":291,"column":14},"end":{"line":291,"column":85}},"111":{"start":{"line":291,"column":50},"end":{"line":291,"column":78}},"112":{"start":{"line":293,"column":12},"end":{"line":299,"column":15}},"113":{"start":{"line":294,"column":14},"end":{"line":298,"column":15}},"114":{"start":{"line":295,"column":34},"end":{"line":295,"column":56}},"115":{"start":{"line":296,"column":33},"end":{"line":296,"column":62}},"116":{"start":{"line":297,"column":16},"end":{"line":297,"column":55}},"117":{"start":{"line":301,"column":12},"end":{"line":301,"column":53}},"118":{"start":{"line":305,"column":10},"end":{"line":311,"column":13}},"119":{"start":{"line":306,"column":12},"end":{"line":310,"column":15}},"120":{"start":{"line":307,"column":28},"end":{"line":307,"column":44}},"121":{"start":{"line":308,"column":28},"end":{"line":308,"column":44}},"122":{"start":{"line":309,"column":14},"end":{"line":309,"column":55}},"123":{"start":{"line":313,"column":29},"end":{"line":313,"column":49}},"124":{"start":{"line":314,"column":10},"end":{"line":314,"column":48}},"125":{"start":{"line":315,"column":10},"end":{"line":315,"column":70}},"126":{"start":{"line":318,"column":64},"end":{"line":318,"column":66}},"127":{"start":{"line":321,"column":28},"end":{"line":321,"column":48}},"128":{"start":{"line":322,"column":30},"end":{"line":322,"column":40}},"129":{"start":{"line":323,"column":39},"end":{"line":323,"column":41}},"130":{"start":{"line":325,"column":10},"end":{"line":332,"column":11}},"131":{"start":{"line":326,"column":29},"end":{"line":329,"column":14}},"132":{"start":{"line":330,"column":12},"end":{"line":330,"column":38}},"133":{"start":{"line":331,"column":12},"end":{"line":331,"column":57}},"134":{"start":{"line":335,"column":10},"end":{"line":353,"column":13}},"135":{"start":{"line":336,"column":33},"end":{"line":344,"column":null}},"136":{"start":{"line":338,"column":36},"end":{"line":338,"column":64}},"137":{"start":{"line":340,"column":18},"end":{"line":343,"column":20}},"138":{"start":{"line":348,"column":34},"end":{"line":348,"column":88}},"139":{"start":{"line":348,"column":63},"end":{"line":348,"column":87}},"140":{"start":{"line":350,"column":12},"end":{"line":352,"column":13}},"141":{"start":{"line":351,"column":14},"end":{"line":351,"column":52}},"142":{"start":{"line":355,"column":10},"end":{"line":355,"column":41}},"143":{"start":{"line":357,"column":10},"end":{"line":357,"column":59}},"144":{"start":{"line":361,"column":8},"end":{"line":361,"column":78}},"145":{"start":{"line":362,"column":25},"end":{"line":362,"column":38}},"146":{"start":{"line":364,"column":8},"end":{"line":364,"column":37}},"147":{"start":{"line":365,"column":8},"end":{"line":365,"column":41}},"148":{"start":{"line":366,"column":8},"end":{"line":366,"column":41}},"149":{"start":{"line":367,"column":8},"end":{"line":367,"column":45}},"150":{"start":{"line":369,"column":8},"end":{"line":369,"column":39}},"151":{"start":{"line":372,"column":6},"end":{"line":372,"column":51}},"152":{"start":{"line":375,"column":6},"end":{"line":375,"column":61}},"153":{"start":{"line":376,"column":23},"end":{"line":376,"column":36}},"154":{"start":{"line":378,"column":6},"end":{"line":378,"column":35}},"155":{"start":{"line":379,"column":6},"end":{"line":379,"column":39}},"156":{"start":{"line":380,"column":6},"end":{"line":380,"column":39}},"157":{"start":{"line":381,"column":6},"end":{"line":381,"column":43}},"158":{"start":{"line":383,"column":6},"end":{"line":383,"column":45}},"159":{"start":{"line":385,"column":6},"end":{"line":385,"column":26}},"160":{"start":{"line":389,"column":2},"end":{"line":396,"column":4}},"161":{"start":{"line":142,"column":13},"end":{"line":142,"column":29}}},"fnMap":{"0":{"name":"(anonymous_0)","decl":{"start":{"line":30,"column":20},"end":{"line":30,"column":23}},"loc":{"start":{"line":30,"column":25},"end":{"line":140,"column":1}}},"1":{"name":"(anonymous_1)","decl":{"start":{"line":51,"column":32},"end":{"line":51,"column":69}},"loc":{"start":{"line":51,"column":71},"end":{"line":132,"column":3}}},"2":{"name":"(anonymous_2)","decl":{"start":{"line":57,"column":26},"end":{"line":57,"column":27}},"loc":{"start":{"line":57,"column":36},"end":{"line":59,"column":5}}},"3":{"name":"(anonymous_3)","decl":{"start":{"line":70,"column":37},"end":{"line":70,"column":38}},"loc":{"start":{"line":70,"column":59},"end":{"line":95,"column":7}}},"4":{"name":"(anonymous_4)","decl":{"start":{"line":80,"column":28},"end":{"line":80,"column":29}},"loc":{"start":{"line":80,"column":50},"end":{"line":92,"column":9}}},"5":{"name":"(anonymous_5)","decl":{"start":{"line":107,"column":26},"end":{"line":107,"column":27}},"loc":{"start":{"line":107,"column":36},"end":{"line":123,"column":7}}},"6":{"name":"(anonymous_6)","decl":{"start":{"line":111,"column":39},"end":{"line":111,"column":40}},"loc":{"start":{"line":111,"column":49},"end":{"line":118,"column":9}}},"7":{"name":"(anonymous_7)","decl":{"start":{"line":142,"column":29},"end":{"line":142,"column":32}},"loc":{"start":{"line":142,"column":34},"end":{"line":397,"column":1}}},"8":{"name":"(anonymous_8)","decl":{"start":{"line":149,"column":38},"end":{"line":149,"column":43}},"loc":{"start":{"line":149,"column":49},"end":{"line":387,"column":3}}},"9":{"name":"(anonymous_9)","decl":{"start":{"line":155,"column":33},"end":{"line":155,"column":36}},"loc":{"start":{"line":155,"column":39},"end":{"line":155,"column":43}}},"10":{"name":"(anonymous_10)","decl":{"start":{"line":156,"column":32},"end":{"line":156,"column":35}},"loc":{"start":{"line":156,"column":38},"end":{"line":156,"column":42}}},"11":{"name":"(anonymous_11)","decl":{"start":{"line":183,"column":31},"end":{"line":183,"column":32}},"loc":{"start":{"line":183,"column":42},"end":{"line":214,"column":11}}},"12":{"name":"(anonymous_12)","decl":{"start":{"line":200,"column":40},"end":{"line":200,"column":41}},"loc":{"start":{"line":200,"column":50},"end":{"line":200,"column":78}}},"13":{"name":"(anonymous_13)","decl":{"start":{"line":202,"column":32},"end":{"line":202,"column":33}},"loc":{"start":{"line":202,"column":41},"end":{"line":213,"column":13}}},"14":{"name":"(anonymous_14)","decl":{"start":{"line":226,"column":21},"end":{"line":226,"column":22}},"loc":{"start":{"line":226,"column":34},"end":{"line":262,"column":13}}},"15":{"name":"(anonymous_15)","decl":{"start":{"line":240,"column":34},"end":{"line":240,"column":35}},"loc":{"start":{"line":240,"column":44},"end":{"line":259,"column":15}}},"16":{"name":"(anonymous_16)","decl":{"start":{"line":245,"column":34},"end":{"line":245,"column":35}},"loc":{"start":{"line":245,"column":44},"end":{"line":252,"column":17}}},"17":{"name":"(anonymous_17)","decl":{"start":{"line":249,"column":46},"end":{"line":249,"column":47}},"loc":{"start":{"line":249,"column":56},"end":{"line":249,"column":61}}},"18":{"name":"(anonymous_18)","decl":{"start":{"line":256,"column":56},"end":{"line":256,"column":57}},"loc":{"start":{"line":256,"column":66},"end":{"line":256,"column":71}}},"19":{"name":"(anonymous_19)","decl":{"start":{"line":265,"column":31},"end":{"line":265,"column":32}},"loc":{"start":{"line":265,"column":42},"end":{"line":302,"column":11}}},"20":{"name":"(anonymous_20)","decl":{"start":{"line":291,"column":40},"end":{"line":291,"column":41}},"loc":{"start":{"line":291,"column":50},"end":{"line":291,"column":78}}},"21":{"name":"(anonymous_21)","decl":{"start":{"line":293,"column":32},"end":{"line":293,"column":33}},"loc":{"start":{"line":293,"column":41},"end":{"line":299,"column":13}}},"22":{"name":"(anonymous_22)","decl":{"start":{"line":305,"column":43},"end":{"line":305,"column":44}},"loc":{"start":{"line":305,"column":53},"end":{"line":311,"column":11}}},"23":{"name":"(anonymous_23)","decl":{"start":{"line":306,"column":36},"end":{"line":306,"column":37}},"loc":{"start":{"line":306,"column":45},"end":{"line":310,"column":13}}},"24":{"name":"(anonymous_24)","decl":{"start":{"line":335,"column":29},"end":{"line":335,"column":30}},"loc":{"start":{"line":335,"column":39},"end":{"line":353,"column":11}}},"25":{"name":"(anonymous_25)","decl":{"start":{"line":338,"column":24},"end":{"line":338,"column":25}},"loc":{"start":{"line":338,"column":36},"end":{"line":338,"column":64}}},"26":{"name":"(anonymous_26)","decl":{"start":{"line":339,"column":21},"end":{"line":339,"column":22}},"loc":{"start":{"line":340,"column":18},"end":{"line":343,"column":20}}},"27":{"name":"(anonymous_27)","decl":{"start":{"line":348,"column":52},"end":{"line":348,"column":53}},"loc":{"start":{"line":348,"column":63},"end":{"line":348,"column":87}}}},"branchMap":{"0":{"loc":{"start":{"line":62,"column":11},"end":{"line":62,"column":56}},"type":"binary-expr","locations":[{"start":{"line":62,"column":11},"end":{"line":62,"column":35}},{"start":{"line":62,"column":39},"end":{"line":62,"column":56}}]},"1":{"loc":{"start":{"line":81,"column":30},"end":{"line":81,"column":68}},"type":"binary-expr","locations":[{"start":{"line":81,"column":30},"end":{"line":81,"column":63}},{"start":{"line":81,"column":67},"end":{"line":81,"column":68}}]},"2":{"loc":{"start":{"line":114,"column":10},"end":{"line":117,"column":11}},"type":"if","locations":[{"start":{"line":114,"column":10},"end":{"line":117,"column":11}}]},"3":{"loc":{"start":{"line":114,"column":14},"end":{"line":114,"column":69}},"type":"binary-expr","locations":[{"start":{"line":114,"column":14},"end":{"line":114,"column":24}},{"start":{"line":114,"column":28},"end":{"line":114,"column":69}}]},"4":{"loc":{"start":{"line":120,"column":8},"end":{"line":122,"column":9}},"type":"if","locations":[{"start":{"line":120,"column":8},"end":{"line":122,"column":9}}]},"5":{"loc":{"start":{"line":161,"column":8},"end":{"line":164,"column":67}},"type":"binary-expr","locations":[{"start":{"line":161,"column":8},"end":{"line":161,"column":22}},{"start":{"line":162,"column":8},"end":{"line":162,"column":27}},{"start":{"line":163,"column":8},"end":{"line":163,"column":47}},{"start":{"line":164,"column":8},"end":{"line":164,"column":67}}]},"6":{"loc":{"start":{"line":167,"column":8},"end":{"line":167,"column":86}},"type":"binary-expr","locations":[{"start":{"line":167,"column":8},"end":{"line":167,"column":23}},{"start":{"line":167,"column":27},"end":{"line":167,"column":47}},{"start":{"line":167,"column":51},"end":{"line":167,"column":86}}]},"7":{"loc":{"start":{"line":169,"column":6},"end":{"line":370,"column":7}},"type":"if","locations":[{"start":{"line":169,"column":6},"end":{"line":370,"column":7}},{"start":{"line":359,"column":13},"end":{"line":370,"column":7}}]},"8":{"loc":{"start":{"line":169,"column":10},"end":{"line":169,"column":57}},"type":"binary-expr","locations":[{"start":{"line":169,"column":10},"end":{"line":169,"column":31}},{"start":{"line":169,"column":35},"end":{"line":169,"column":57}}]},"9":{"loc":{"start":{"line":182,"column":8},"end":{"line":358,"column":9}},"type":"if","locations":[{"start":{"line":182,"column":8},"end":{"line":358,"column":9}},{"start":{"line":356,"column":15},"end":{"line":358,"column":9}}]},"10":{"loc":{"start":{"line":182,"column":12},"end":{"line":182,"column":55}},"type":"binary-expr","locations":[{"start":{"line":182,"column":12},"end":{"line":182,"column":24}},{"start":{"line":182,"column":28},"end":{"line":182,"column":55}}]},"11":{"loc":{"start":{"line":184,"column":32},"end":{"line":184,"column":59}},"type":"binary-expr","locations":[{"start":{"line":184,"column":32},"end":{"line":184,"column":50}},{"start":{"line":184,"column":54},"end":{"line":184,"column":59}}]},"12":{"loc":{"start":{"line":195,"column":12},"end":{"line":197,"column":13}},"type":"if","locations":[{"start":{"line":195,"column":12},"end":{"line":197,"column":13}}]},"13":{"loc":{"start":{"line":200,"column":14},"end":{"line":200,"column":85}},"type":"binary-expr","locations":[{"start":{"line":200,"column":14},"end":{"line":200,"column":79}},{"start":{"line":200,"column":83},"end":{"line":200,"column":85}}]},"14":{"loc":{"start":{"line":203,"column":14},"end":{"line":212,"column":15}},"type":"if","locations":[{"start":{"line":203,"column":14},"end":{"line":212,"column":15}}]},"15":{"loc":{"start":{"line":203,"column":18},"end":{"line":203,"column":56}},"type":"binary-expr","locations":[{"start":{"line":203,"column":18},"end":{"line":203,"column":30}},{"start":{"line":203,"column":34},"end":{"line":203,"column":56}}]},"16":{"loc":{"start":{"line":208,"column":16},"end":{"line":210,"column":17}},"type":"if","locations":[{"start":{"line":208,"column":16},"end":{"line":210,"column":17}}]},"17":{"loc":{"start":{"line":247,"column":33},"end":{"line":247,"column":58}},"type":"binary-expr","locations":[{"start":{"line":247,"column":33},"end":{"line":247,"column":52}},{"start":{"line":247,"column":56},"end":{"line":247,"column":58}}]},"18":{"loc":{"start":{"line":248,"column":18},"end":{"line":251,"column":19}},"type":"if","locations":[{"start":{"line":248,"column":18},"end":{"line":251,"column":19}}]},"19":{"loc":{"start":{"line":255,"column":16},"end":{"line":258,"column":17}},"type":"if","locations":[{"start":{"line":255,"column":16},"end":{"line":258,"column":17}}]},"20":{"loc":{"start":{"line":266,"column":32},"end":{"line":266,"column":59}},"type":"binary-expr","locations":[{"start":{"line":266,"column":32},"end":{"line":266,"column":50}},{"start":{"line":266,"column":54},"end":{"line":266,"column":59}}]},"21":{"loc":{"start":{"line":273,"column":12},"end":{"line":275,"column":13}},"type":"if","locations":[{"start":{"line":273,"column":12},"end":{"line":275,"column":13}}]},"22":{"loc":{"start":{"line":291,"column":14},"end":{"line":291,"column":85}},"type":"binary-expr","locations":[{"start":{"line":291,"column":14},"end":{"line":291,"column":79}},{"start":{"line":291,"column":83},"end":{"line":291,"column":85}}]},"23":{"loc":{"start":{"line":294,"column":14},"end":{"line":298,"column":15}},"type":"if","locations":[{"start":{"line":294,"column":14},"end":{"line":298,"column":15}}]},"24":{"loc":{"start":{"line":294,"column":18},"end":{"line":294,"column":56}},"type":"binary-expr","locations":[{"start":{"line":294,"column":18},"end":{"line":294,"column":30}},{"start":{"line":294,"column":34},"end":{"line":294,"column":56}}]},"25":{"loc":{"start":{"line":350,"column":12},"end":{"line":352,"column":13}},"type":"if","locations":[{"start":{"line":350,"column":12},"end":{"line":352,"column":13}}]}},"s":{"0":1,"1":1,"2":1,"3":1,"4":1,"5":9,"6":9,"7":9,"8":9,"9":9,"10":9,"11":9,"12":63,"13":9,"14":9,"15":90,"16":90,"17":90,"18":540,"19":540,"20":3240,"21":3240,"22":3240,"23":3240,"24":3240,"25":3240,"26":540,"27":90,"28":90,"29":540,"30":540,"31":540,"32":3240,"33":3240,"34":3240,"35":3195,"36":3195,"37":540,"38":540,"39":90,"40":90,"41":90,"42":9,"43":9,"44":1,"45":18,"46":18,"47":18,"48":18,"49":18,"50":18,"51":9,"52":9,"53":9,"54":0,"55":0,"56":0,"57":0,"58":0,"59":0,"60":0,"61":0,"62":0,"63":0,"64":0,"65":0,"66":0,"67":0,"68":0,"69":0,"70":0,"71":0,"72":0,"73":0,"74":0,"75":0,"76":0,"77":0,"78":0,"79":0,"80":0,"81":0,"82":0,"83":0,"84":0,"85":0,"86":0,"87":0,"88":0,"89":0,"90":0,"91":0,"92":0,"93":0,"94":0,"95":0,"96":0,"97":0,"98":0,"99":0,"100":0,"101":0,"102":0,"103":0,"104":0,"105":0,"106":0,"107":0,"108":0,"109":0,"110":0,"111":0,"112":0,"113":0,"114":0,"115":0,"116":0,"117":0,"118":0,"119":0,"120":0,"121":0,"122":0,"123":0,"124":0,"125":0,"126":0,"127":0,"128":0,"129":0,"130":0,"131":0,"132":0,"133":0,"134":0,"135":0,"136":0,"137":0,"138":0,"139":0,"140":0,"141":0,"142":0,"143":0,"144":0,"145":0,"146":0,"147":0,"148":0,"149":0,"150":0,"151":9,"152":9,"153":9,"154":9,"155":9,"156":9,"157":9,"158":9,"159":9,"160":18,"161":1},"f":{"0":9,"1":9,"2":63,"3":540,"4":3240,"5":540,"6":3240,"7":18,"8":9,"9":0,"10":0,"11":0,"12":0,"13":0,"14":0,"15":0,"16":0,"17":0,"18":0,"19":0,"20":0,"21":0,"22":0,"23":0,"24":0,"25":0,"26":0,"27":0},"b":{"0":[99,90],"1":[3240,0],"2":[3195],"3":[3240,3240],"4":[540],"5":[0,0,0,0],"6":[0,0,0],"7":[0,0],"8":[0,0],"9":[0,0],"10":[0,0],"11":[0,0],"12":[0],"13":[0,0],"14":[0],"15":[0,0],"16":[0],"17":[0,0],"18":[0],"19":[0],"20":[0,0],"21":[0],"22":[0,0],"23":[0],"24":[0,0],"25":[0]}}
,"C:\\Users\\kanta\\GitHub\\work-time-tracker\\src\\components\\development\\DevelopmentBadgeDashboard.tsx": {"path":"C:\\Users\\kanta\\GitHub\\work-time-tracker\\src\\components\\development\\DevelopmentBadgeDashboard.tsx","statementMap":{"0":{"start":{"line":1,"column":0},"end":{"line":1,"column":64}},"1":{"start":{"line":2,"column":0},"end":{"line":2,"column":80}},"2":{"start":{"line":3,"column":0},"end":{"line":3,"column":46}},"3":{"start":{"line":4,"column":0},"end":{"line":4,"column":48}},"4":{"start":{"line":5,"column":0},"end":{"line":5,"column":52}},"5":{"start":{"line":6,"column":0},"end":{"line":6,"column":80}},"6":{"start":{"line":7,"column":0},"end":{"line":7,"column":79}},"7":{"start":{"line":8,"column":0},"end":{"line":8,"column":97}},"8":{"start":{"line":9,"column":0},"end":{"line":9,"column":null}},"9":{"start":{"line":14,"column":25},"end":{"line":20,"column":2}},"10":{"start":{"line":29,"column":51},"end":{"line":465,"column":1}},"11":{"start":{"line":30,"column":30},"end":{"line":30,"column":78}},"12":{"start":{"line":31,"column":50},"end":{"line":31,"column":88}},"13":{"start":{"line":32,"column":34},"end":{"line":32,"column":70}},"14":{"start":{"line":33,"column":42},"end":{"line":33,"column":68}},"15":{"start":{"line":35,"column":30},"end":{"line":73,"column":8}},"16":{"start":{"line":36,"column":4},"end":{"line":72,"column":6}},"17":{"start":{"line":37,"column":6},"end":{"line":71,"column":8}},"18":{"start":{"line":38,"column":29},"end":{"line":38,"column":41}},"19":{"start":{"line":41,"column":8},"end":{"line":55,"column":11}},"20":{"start":{"line":42,"column":10},"end":{"line":54,"column":11}},"21":{"start":{"line":44,"column":14},"end":{"line":44,"column":49}},"22":{"start":{"line":45,"column":14},"end":{"line":45,"column":20}},"23":{"start":{"line":47,"column":14},"end":{"line":49,"column":28}},"24":{"start":{"line":50,"column":14},"end":{"line":50,"column":20}},"25":{"start":{"line":52,"column":14},"end":{"line":52,"column":54}},"26":{"start":{"line":53,"column":14},"end":{"line":53,"column":20}},"27":{"start":{"line":58,"column":38},"end":{"line":63,"column":17}},"28":{"start":{"line":59,"column":10},"end":{"line":61,"column":11}},"29":{"start":{"line":60,"column":12},"end":{"line":60,"column":61}},"30":{"start":{"line":62,"column":10},"end":{"line":62,"column":45}},"31":{"start":{"line":65,"column":8},"end":{"line":67,"column":10}},"32":{"start":{"line":68,"column":8},"end":{"line":68,"column":64}},"33":{"start":{"line":70,"column":8},"end":{"line":70,"column":28}},"34":{"start":{"line":75,"column":35},"end":{"line":84,"column":27}},"35":{"start":{"line":78,"column":4},"end":{"line":83,"column":5}},"36":{"start":{"line":79,"column":23},"end":{"line":79,"column":56}},"37":{"start":{"line":80,"column":6},"end":{"line":80,"column":36}},"38":{"start":{"line":82,"column":6},"end":{"line":82,"column":68}},"39":{"start":{"line":87,"column":2},"end":{"line":124,"column":33}},"40":{"start":{"line":89,"column":26},"end":{"line":89,"column":70}},"41":{"start":{"line":90,"column":4},"end":{"line":90,"column":29}},"42":{"start":{"line":93,"column":38},"end":{"line":97,"column":5}},"43":{"start":{"line":94,"column":28},"end":{"line":94,"column":72}},"44":{"start":{"line":95,"column":6},"end":{"line":95,"column":31}},"45":{"start":{"line":96,"column":6},"end":{"line":96,"column":34}},"46":{"start":{"line":99,"column":33},"end":{"line":102,"column":5}},"47":{"start":{"line":100,"column":6},"end":{"line":100,"column":24}},"48":{"start":{"line":101,"column":6},"end":{"line":101,"column":34}},"49":{"start":{"line":104,"column":32},"end":{"line":108,"column":5}},"50":{"start":{"line":105,"column":28},"end":{"line":105,"column":72}},"51":{"start":{"line":106,"column":6},"end":{"line":106,"column":31}},"52":{"start":{"line":107,"column":6},"end":{"line":107,"column":53}},"53":{"start":{"line":111,"column":4},"end":{"line":111,"column":90}},"54":{"start":{"line":112,"column":4},"end":{"line":112,"column":80}},"55":{"start":{"line":113,"column":4},"end":{"line":113,"column":76}},"56":{"start":{"line":116,"column":4},"end":{"line":116,"column":31}},"57":{"start":{"line":119,"column":4},"end":{"line":123,"column":6}},"58":{"start":{"line":120,"column":6},"end":{"line":120,"column":93}},"59":{"start":{"line":121,"column":6},"end":{"line":121,"column":83}},"60":{"start":{"line":122,"column":6},"end":{"line":122,"column":79}},"61":{"start":{"line":127,"column":29},"end":{"line":131,"column":3}},"62":{"start":{"line":130,"column":4},"end":{"line":130,"column":13}},"63":{"start":{"line":134,"column":25},"end":{"line":141,"column":3}},"64":{"start":{"line":135,"column":4},"end":{"line":140,"column":5}},"65":{"start":{"line":136,"column":23},"end":{"line":136,"column":49}},"66":{"start":{"line":137,"column":6},"end":{"line":137,"column":25}},"67":{"start":{"line":139,"column":6},"end":{"line":139,"column":19}},"68":{"start":{"line":144,"column":2},"end":{"line":174,"column":9}},"69":{"start":{"line":145,"column":35},"end":{"line":167,"column":5}},"70":{"start":{"line":146,"column":25},"end":{"line":146,"column":37}},"71":{"start":{"line":147,"column":6},"end":{"line":147,"column":57}},"72":{"start":{"line":150,"column":6},"end":{"line":166,"column":8}},"73":{"start":{"line":151,"column":8},"end":{"line":165,"column":10}},"74":{"start":{"line":152,"column":10},"end":{"line":163,"column":11}},"75":{"start":{"line":153,"column":33},"end":{"line":153,"column":45}},"76":{"start":{"line":156,"column":34},"end":{"line":156,"column":85}},"77":{"start":{"line":157,"column":31},"end":{"line":157,"column":35}},"78":{"start":{"line":159,"column":12},"end":{"line":159,"column":95}},"79":{"start":{"line":160,"column":12},"end":{"line":160,"column":67}},"80":{"start":{"line":162,"column":12},"end":{"line":162,"column":32}},"81":{"start":{"line":164,"column":10},"end":{"line":164,"column":23}},"82":{"start":{"line":169,"column":4},"end":{"line":169,"column":90}},"83":{"start":{"line":171,"column":4},"end":{"line":173,"column":6}},"84":{"start":{"line":172,"column":6},"end":{"line":172,"column":95}},"85":{"start":{"line":176,"column":36},"end":{"line":227,"column":3}},"86":{"start":{"line":178,"column":26},"end":{"line":178,"column":52}},"87":{"start":{"line":179,"column":22},"end":{"line":179,"column":44}},"88":{"start":{"line":183,"column":4},"end":{"line":226,"column":6}},"89":{"start":{"line":229,"column":25},"end":{"line":239,"column":4}},"90":{"start":{"line":242,"column":4},"end":{"line":244,"column":69}},"91":{"start":{"line":244,"column":33},"end":{"line":244,"column":68}},"92":{"start":{"line":246,"column":26},"end":{"line":247,"column":null}},"93":{"start":{"line":247,"column":26},"end":{"line":247,"column":38}},"94":{"start":{"line":251,"column":26},"end":{"line":270,"column":4}},"95":{"start":{"line":273,"column":25},"end":{"line":279,"column":4}},"96":{"start":{"line":282,"column":21},"end":{"line":303,"column":4}},"97":{"start":{"line":305,"column":32},"end":{"line":334,"column":4}},"98":{"start":{"line":336,"column":2},"end":{"line":464,"column":4}},"99":{"start":{"line":351,"column":29},"end":{"line":351,"column":73}},"100":{"start":{"line":411,"column":42},"end":{"line":411,"column":54}},"101":{"start":{"line":417,"column":42},"end":{"line":417,"column":73}},"102":{"start":{"line":423,"column":42},"end":{"line":423,"column":58}},"103":{"start":{"line":440,"column":34},"end":{"line":440,"column":85}},"104":{"start":{"line":458,"column":14},"end":{"line":458,"column":40}},"105":{"start":{"line":29,"column":13},"end":{"line":29,"column":51}},"106":{"start":{"line":468,"column":57},"end":{"line":540,"column":1}},"107":{"start":{"line":469,"column":2},"end":{"line":539,"column":4}},"108":{"start":{"line":508,"column":14},"end":{"line":508,"column":31}},"109":{"start":{"line":511,"column":20},"end":{"line":515,"column":21}},"110":{"start":{"line":512,"column":22},"end":{"line":514,"column":40}},"111":{"start":{"line":516,"column":20},"end":{"line":516,"column":88}}},"fnMap":{"0":{"name":"(anonymous_9)","decl":{"start":{"line":29,"column":51},"end":{"line":29,"column":54}},"loc":{"start":{"line":29,"column":56},"end":{"line":465,"column":1}}},"1":{"name":"(anonymous_10)","decl":{"start":{"line":35,"column":42},"end":{"line":35,"column":43}},"loc":{"start":{"line":35,"column":75},"end":{"line":73,"column":3}}},"2":{"name":"(anonymous_11)","decl":{"start":{"line":36,"column":14},"end":{"line":36,"column":15}},"loc":{"start":{"line":37,"column":6},"end":{"line":71,"column":8}}},"3":{"name":"(anonymous_12)","decl":{"start":{"line":37,"column":24},"end":{"line":37,"column":25}},"loc":{"start":{"line":37,"column":34},"end":{"line":71,"column":7}}},"4":{"name":"(anonymous_13)","decl":{"start":{"line":41,"column":35},"end":{"line":41,"column":36}},"loc":{"start":{"line":41,"column":43},"end":{"line":55,"column":9}}},"5":{"name":"(anonymous_14)","decl":{"start":{"line":58,"column":64},"end":{"line":58,"column":65}},"loc":{"start":{"line":58,"column":72},"end":{"line":63,"column":9}}},"6":{"name":"(anonymous_15)","decl":{"start":{"line":75,"column":47},"end":{"line":75,"column":52}},"loc":{"start":{"line":75,"column":58},"end":{"line":84,"column":3}}},"7":{"name":"(anonymous_16)","decl":{"start":{"line":87,"column":12},"end":{"line":87,"column":15}},"loc":{"start":{"line":87,"column":17},"end":{"line":124,"column":3}}},"8":{"name":"(anonymous_17)","decl":{"start":{"line":93,"column":38},"end":{"line":93,"column":39}},"loc":{"start":{"line":93,"column":52},"end":{"line":97,"column":5}}},"9":{"name":"(anonymous_18)","decl":{"start":{"line":99,"column":33},"end":{"line":99,"column":34}},"loc":{"start":{"line":99,"column":57},"end":{"line":102,"column":5}}},"10":{"name":"(anonymous_19)","decl":{"start":{"line":104,"column":32},"end":{"line":104,"column":33}},"loc":{"start":{"line":104,"column":46},"end":{"line":108,"column":5}}},"11":{"name":"(anonymous_20)","decl":{"start":{"line":119,"column":11},"end":{"line":119,"column":14}},"loc":{"start":{"line":119,"column":16},"end":{"line":123,"column":5}}},"12":{"name":"(anonymous_21)","decl":{"start":{"line":127,"column":29},"end":{"line":127,"column":34}},"loc":{"start":{"line":127,"column":57},"end":{"line":131,"column":3}}},"13":{"name":"(anonymous_22)","decl":{"start":{"line":134,"column":25},"end":{"line":134,"column":30}},"loc":{"start":{"line":134,"column":54},"end":{"line":141,"column":3}}},"14":{"name":"(anonymous_23)","decl":{"start":{"line":144,"column":12},"end":{"line":144,"column":15}},"loc":{"start":{"line":144,"column":17},"end":{"line":174,"column":3}}},"15":{"name":"(anonymous_24)","decl":{"start":{"line":145,"column":35},"end":{"line":145,"column":36}},"loc":{"start":{"line":145,"column":58},"end":{"line":167,"column":5}}},"16":{"name":"(anonymous_25)","decl":{"start":{"line":150,"column":16},"end":{"line":150,"column":17}},"loc":{"start":{"line":151,"column":8},"end":{"line":165,"column":10}}},"17":{"name":"(anonymous_26)","decl":{"start":{"line":151,"column":26},"end":{"line":151,"column":27}},"loc":{"start":{"line":151,"column":36},"end":{"line":165,"column":9}}},"18":{"name":"(anonymous_27)","decl":{"start":{"line":171,"column":11},"end":{"line":171,"column":14}},"loc":{"start":{"line":171,"column":16},"end":{"line":173,"column":5}}},"19":{"name":"(anonymous_28)","decl":{"start":{"line":176,"column":36},"end":{"line":176,"column":41}},"loc":{"start":{"line":176,"column":76},"end":{"line":227,"column":3}}},"20":{"name":"(anonymous_29)","decl":{"start":{"line":244,"column":22},"end":{"line":244,"column":23}},"loc":{"start":{"line":244,"column":33},"end":{"line":244,"column":68}}},"21":{"name":"(anonymous_30)","decl":{"start":{"line":247,"column":19},"end":{"line":247,"column":20}},"loc":{"start":{"line":247,"column":26},"end":{"line":247,"column":38}}},"22":{"name":"(anonymous_31)","decl":{"start":{"line":351,"column":23},"end":{"line":351,"column":26}},"loc":{"start":{"line":351,"column":29},"end":{"line":351,"column":73}}},"23":{"name":"(anonymous_32)","decl":{"start":{"line":411,"column":35},"end":{"line":411,"column":36}},"loc":{"start":{"line":411,"column":42},"end":{"line":411,"column":54}}},"24":{"name":"(anonymous_33)","decl":{"start":{"line":417,"column":35},"end":{"line":417,"column":36}},"loc":{"start":{"line":417,"column":42},"end":{"line":417,"column":73}}},"25":{"name":"(anonymous_34)","decl":{"start":{"line":423,"column":35},"end":{"line":423,"column":36}},"loc":{"start":{"line":423,"column":42},"end":{"line":423,"column":58}}},"26":{"name":"(anonymous_35)","decl":{"start":{"line":440,"column":23},"end":{"line":440,"column":24}},"loc":{"start":{"line":440,"column":34},"end":{"line":440,"column":85}}},"27":{"name":"(anonymous_36)","decl":{"start":{"line":457,"column":32},"end":{"line":457,"column":33}},"loc":{"start":{"line":458,"column":14},"end":{"line":458,"column":40}}},"28":{"name":"(anonymous_37)","decl":{"start":{"line":468,"column":57},"end":{"line":468,"column":58}},"loc":{"start":{"line":468,"column":71},"end":{"line":540,"column":1}}},"29":{"name":"(anonymous_38)","decl":{"start":{"line":507,"column":36},"end":{"line":507,"column":37}},"loc":{"start":{"line":508,"column":14},"end":{"line":508,"column":31}}},"30":{"name":"(anonymous_39)","decl":{"start":{"line":510,"column":54},"end":{"line":510,"column":57}},"loc":{"start":{"line":510,"column":59},"end":{"line":517,"column":19}}}},"branchMap":{"0":{"loc":{"start":{"line":42,"column":10},"end":{"line":54,"column":11}},"type":"switch","locations":[{"start":{"line":43,"column":12},"end":{"line":45,"column":20}},{"start":{"line":46,"column":12},"end":{"line":50,"column":20}},{"start":{"line":51,"column":12},"end":{"line":53,"column":20}}]},"1":{"loc":{"start":{"line":47,"column":28},"end":{"line":49,"column":27}},"type":"cond-expr","locations":[{"start":{"line":48,"column":18},"end":{"line":48,"column":29}},{"start":{"line":49,"column":18},"end":{"line":49,"column":27}}]},"2":{"loc":{"start":{"line":59,"column":10},"end":{"line":61,"column":11}},"type":"if","locations":[{"start":{"line":59,"column":10},"end":{"line":61,"column":11}}]},"3":{"loc":{"start":{"line":59,"column":14},"end":{"line":59,"column":77}},"type":"binary-expr","locations":[{"start":{"line":59,"column":14},"end":{"line":59,"column":41}},{"start":{"line":59,"column":45},"end":{"line":59,"column":77}}]},"4":{"loc":{"start":{"line":152,"column":10},"end":{"line":163,"column":11}},"type":"if","locations":[{"start":{"line":152,"column":10},"end":{"line":163,"column":11}}]},"5":{"loc":{"start":{"line":156,"column":34},"end":{"line":156,"column":85}},"type":"cond-expr","locations":[{"start":{"line":156,"column":60},"end":{"line":156,"column":63}},{"start":{"line":156,"column":66},"end":{"line":156,"column":85}}]},"6":{"loc":{"start":{"line":159,"column":68},"end":{"line":159,"column":87}},"type":"cond-expr","locations":[{"start":{"line":159,"column":81},"end":{"line":159,"column":83}},{"start":{"line":159,"column":86},"end":{"line":159,"column":87}}]},"7":{"loc":{"start":{"line":221,"column":12},"end":{"line":221,"column":62}},"type":"cond-expr","locations":[{"start":{"line":221,"column":34},"end":{"line":221,"column":57}},{"start":{"line":221,"column":60},"end":{"line":221,"column":62}}]},"8":{"loc":{"start":{"line":222,"column":12},"end":{"line":222,"column":49}},"type":"cond-expr","locations":[{"start":{"line":222,"column":24},"end":{"line":222,"column":44}},{"start":{"line":222,"column":47},"end":{"line":222,"column":49}}]},"9":{"loc":{"start":{"line":242,"column":4},"end":{"line":244,"column":69}},"type":"cond-expr","locations":[{"start":{"line":243,"column":8},"end":{"line":243,"column":14}},{"start":{"line":244,"column":8},"end":{"line":244,"column":69}}]},"10":{"loc":{"start":{"line":361,"column":9},"end":{"line":388,"column":null}},"type":"binary-expr","locations":[{"start":{"line":361,"column":9},"end":{"line":361,"column":17}},{"start":{"line":362,"column":10},"end":{"line":387,"column":null}}]},"11":{"loc":{"start":{"line":417,"column":42},"end":{"line":417,"column":73}},"type":"binary-expr","locations":[{"start":{"line":417,"column":42},"end":{"line":417,"column":56}},{"start":{"line":417,"column":60},"end":{"line":417,"column":73}}]},"12":{"loc":{"start":{"line":472,"column":8},"end":{"line":472,"column":null}},"type":"cond-expr","locations":[{"start":{"line":472,"column":27},"end":{"line":472,"column":57}},{"start":{"line":472,"column":60},"end":{"line":472,"column":null}}]},"13":{"loc":{"start":{"line":475,"column":7},"end":{"line":478,"column":null}},"type":"binary-expr","locations":[{"start":{"line":475,"column":7},"end":{"line":475,"column":23}},{"start":{"line":476,"column":8},"end":{"line":477,"column":null}}]},"14":{"loc":{"start":{"line":500,"column":32},"end":{"line":500,"column":70}},"type":"cond-expr","locations":[{"start":{"line":500,"column":51},"end":{"line":500,"column":65}},{"start":{"line":500,"column":68},"end":{"line":500,"column":70}}]},"15":{"loc":{"start":{"line":511,"column":20},"end":{"line":515,"column":21}},"type":"if","locations":[{"start":{"line":511,"column":20},"end":{"line":515,"column":21}}]},"16":{"loc":{"start":{"line":511,"column":24},"end":{"line":511,"column":87}},"type":"binary-expr","locations":[{"start":{"line":511,"column":24},"end":{"line":511,"column":51}},{"start":{"line":511,"column":55},"end":{"line":511,"column":87}}]},"17":{"loc":{"start":{"line":512,"column":29},"end":{"line":514,"column":39}},"type":"cond-expr","locations":[{"start":{"line":513,"column":26},"end":{"line":513,"column":40}},{"start":{"line":514,"column":26},"end":{"line":514,"column":39}}]},"18":{"loc":{"start":{"line":516,"column":27},"end":{"line":516,"column":87}},"type":"cond-expr","locations":[{"start":{"line":516,"column":57},"end":{"line":516,"column":71}},{"start":{"line":516,"column":74},"end":{"line":516,"column":87}}]},"19":{"loc":{"start":{"line":521,"column":19},"end":{"line":525,"column":52}},"type":"cond-expr","locations":[{"start":{"line":522,"column":22},"end":{"line":524,"column":27}},{"start":{"line":525,"column":22},"end":{"line":525,"column":52}}]},"20":{"loc":{"start":{"line":522,"column":22},"end":{"line":524,"column":27}},"type":"cond-expr","locations":[{"start":{"line":523,"column":24},"end":{"line":523,"column":27}},{"start":{"line":524,"column":24},"end":{"line":524,"column":27}}]},"21":{"loc":{"start":{"line":531,"column":11},"end":{"line":534,"column":null}},"type":"binary-expr","locations":[{"start":{"line":531,"column":11},"end":{"line":531,"column":30}},{"start":{"line":531,"column":34},"end":{"line":531,"column":51}},{"start":{"line":532,"column":12},"end":{"line":533,"column":null}}]}},"s":{"0":1,"1":1,"2":1,"3":1,"4":1,"5":1,"6":1,"7":1,"8":1,"9":1,"10":1,"11":26,"12":26,"13":26,"14":26,"15":26,"16":0,"17":0,"18":0,"19":0,"20":0,"21":0,"22":0,"23":0,"24":0,"25":0,"26":0,"27":0,"28":0,"29":0,"30":0,"31":0,"32":0,"33":0,"34":26,"35":14,"36":14,"37":0,"38":0,"39":26,"40":13,"41":13,"42":13,"43":0,"44":0,"45":0,"46":13,"47":0,"48":0,"49":13,"50":0,"51":0,"52":0,"53":13,"54":13,"55":13,"56":13,"57":13,"58":13,"59":13,"60":13,"61":26,"62":14,"63":26,"64":14,"65":14,"66":0,"67":0,"68":26,"69":13,"70":0,"71":0,"72":0,"73":0,"74":0,"75":0,"76":0,"77":0,"78":0,"79":0,"80":0,"81":0,"82":13,"83":13,"84":13,"85":26,"86":14,"87":14,"88":0,"89":26,"90":26,"91":0,"92":26,"93":1001,"94":26,"95":26,"96":26,"97":26,"98":26,"99":0,"100":1001,"101":1001,"102":1001,"103":0,"104":1001,"105":1,"106":1,"107":1001,"108":1300,"109":1300,"110":52,"111":1248},"f":{"0":26,"1":0,"2":0,"3":0,"4":0,"5":0,"6":14,"7":13,"8":0,"9":0,"10":0,"11":13,"12":14,"13":14,"14":13,"15":0,"16":0,"17":0,"18":13,"19":14,"20":0,"21":1001,"22":0,"23":1001,"24":1001,"25":1001,"26":0,"27":1001,"28":1001,"29":1300,"30":1300},"b":{"0":[0,0,0],"1":[0,0],"2":[0],"3":[0,0],"4":[0],"5":[0,0],"6":[0,0],"7":[0,0],"8":[0,0],"9":[26,0],"10":[26,0],"11":[1001,52],"12":[39,962],"13":[1001,39],"14":[39,962],"15":[52],"16":[1300,1274],"17":[26,26],"18":[0,1248],"19":[26,1274],"20":[0,26],"21":[1001,585,572]}}
,"C:\\Users\\kanta\\GitHub\\work-time-tracker\\src\\components\\ui\\badge.tsx": {"path":"C:\\Users\\kanta\\GitHub\\work-time-tracker\\src\\components\\ui\\badge.tsx","statementMap":{"0":{"start":{"line":32,"column":9},"end":{"line":32,"column":14}},"1":{"start":{"line":1,"column":0},"end":{"line":1,"column":31}},"2":{"start":{"line":2,"column":0},"end":{"line":2,"column":66}},"3":{"start":{"line":3,"column":0},"end":{"line":3,"column":33}},"4":{"start":{"line":5,"column":22},"end":{"line":21,"column":null}},"5":{"start":{"line":29,"column":2},"end":{"line":29,"column":83}}},"fnMap":{"0":{"name":"Badge","decl":{"start":{"line":28,"column":9},"end":{"line":28,"column":14}},"loc":{"start":{"line":28,"column":59},"end":{"line":30,"column":1}}}},"branchMap":{},"s":{"0":3,"1":3,"2":3,"3":3,"4":3,"5":1116},"f":{"0":1116},"b":{}}
,"C:\\Users\\kanta\\GitHub\\work-time-tracker\\src\\components\\ui\\button.tsx": {"path":"C:\\Users\\kanta\\GitHub\\work-time-tracker\\src\\components\\ui\\button.tsx","statementMap":{"0":{"start":{"line":1,"column":0},"end":{"line":1,"column":31}},"1":{"start":{"line":2,"column":0},"end":{"line":2,"column":44}},"2":{"start":{"line":3,"column":0},"end":{"line":3,"column":66}},"3":{"start":{"line":5,"column":0},"end":{"line":5,"column":33}},"4":{"start":{"line":7,"column":23},"end":{"line":30,"column":null}},"5":{"start":{"line":49,"column":17},"end":{"line":49,"column":31}},"6":{"start":{"line":39,"column":15},"end":{"line":45,"column":null}},"7":{"start":{"line":41,"column":17},"end":{"line":41,"column":42}},"8":{"start":{"line":42,"column":4},"end":{"line":44,"column":6}},"9":{"start":{"line":49,"column":9},"end":{"line":49,"column":15}},"10":{"start":{"line":47,"column":0},"end":{"line":47,"column":30}}},"fnMap":{"0":{"name":"(anonymous_9)","decl":{"start":{"line":40,"column":2},"end":{"line":40,"column":3}},"loc":{"start":{"line":40,"column":67},"end":{"line":45,"column":3}}}},"branchMap":{"0":{"loc":{"start":{"line":40,"column":31},"end":{"line":40,"column":46}},"type":"default-arg","locations":[{"start":{"line":40,"column":41},"end":{"line":40,"column":46}}]},"1":{"loc":{"start":{"line":41,"column":17},"end":{"line":41,"column":42}},"type":"cond-expr","locations":[{"start":{"line":41,"column":27},"end":{"line":41,"column":31}},{"start":{"line":41,"column":34},"end":{"line":41,"column":42}}]}},"s":{"0":3,"1":3,"2":3,"3":3,"4":3,"5":3,"6":3,"7":220,"8":220,"9":3,"10":3},"f":{"0":220},"b":{"0":[219],"1":[1,219]}}
,"C:\\Users\\kanta\\GitHub\\work-time-tracker\\src\\components\\ui\\card.tsx": {"path":"C:\\Users\\kanta\\GitHub\\work-time-tracker\\src\\components\\ui\\card.tsx","statementMap":{"0":{"start":{"line":1,"column":0},"end":{"line":1,"column":31}},"1":{"start":{"line":3,"column":0},"end":{"line":3,"column":33}},"2":{"start":{"line":5,"column":13},"end":{"line":12,"column":null}},"3":{"start":{"line":7,"column":4},"end":{"line":10,"column":null}},"4":{"start":{"line":56,"column":9},"end":{"line":56,"column":13}},"5":{"start":{"line":14,"column":0},"end":{"line":14,"column":26}},"6":{"start":{"line":16,"column":19},"end":{"line":19,"column":null}},"7":{"start":{"line":18,"column":4},"end":{"line":18,"column":91}},"8":{"start":{"line":56,"column":15},"end":{"line":56,"column":25}},"9":{"start":{"line":21,"column":0},"end":{"line":21,"column":38}},"10":{"start":{"line":23,"column":18},"end":{"line":30,"column":null}},"11":{"start":{"line":25,"column":4},"end":{"line":28,"column":null}},"12":{"start":{"line":56,"column":39},"end":{"line":56,"column":48}},"13":{"start":{"line":32,"column":0},"end":{"line":32,"column":36}},"14":{"start":{"line":34,"column":24},"end":{"line":39,"column":2}},"15":{"start":{"line":38,"column":2},"end":{"line":38,"column":87}},"16":{"start":{"line":56,"column":50},"end":{"line":56,"column":65}},"17":{"start":{"line":40,"column":0},"end":{"line":40,"column":48}},"18":{"start":{"line":42,"column":20},"end":{"line":45,"column":null}},"19":{"start":{"line":44,"column":4},"end":{"line":44,"column":70}},"20":{"start":{"line":56,"column":67},"end":{"line":56,"column":78}},"21":{"start":{"line":47,"column":0},"end":{"line":47,"column":40}},"22":{"start":{"line":49,"column":19},"end":{"line":52,"column":null}},"23":{"start":{"line":51,"column":4},"end":{"line":51,"column":88}},"24":{"start":{"line":56,"column":27},"end":{"line":56,"column":37}},"25":{"start":{"line":54,"column":0},"end":{"line":54,"column":38}}},"fnMap":{"0":{"name":"(anonymous_9)","decl":{"start":{"line":6,"column":2},"end":{"line":6,"column":3}},"loc":{"start":{"line":7,"column":4},"end":{"line":10,"column":null}}},"1":{"name":"(anonymous_10)","decl":{"start":{"line":17,"column":2},"end":{"line":17,"column":3}},"loc":{"start":{"line":18,"column":4},"end":{"line":18,"column":91}}},"2":{"name":"(anonymous_11)","decl":{"start":{"line":24,"column":2},"end":{"line":24,"column":3}},"loc":{"start":{"line":25,"column":4},"end":{"line":28,"column":null}}},"3":{"name":"(anonymous_12)","decl":{"start":{"line":37,"column":2},"end":{"line":37,"column":3}},"loc":{"start":{"line":38,"column":2},"end":{"line":38,"column":87}}},"4":{"name":"(anonymous_13)","decl":{"start":{"line":43,"column":2},"end":{"line":43,"column":3}},"loc":{"start":{"line":44,"column":4},"end":{"line":44,"column":70}}},"5":{"name":"(anonymous_14)","decl":{"start":{"line":50,"column":2},"end":{"line":50,"column":3}},"loc":{"start":{"line":51,"column":4},"end":{"line":51,"column":88}}}},"branchMap":{},"s":{"0":3,"1":3,"2":3,"3":1083,"4":3,"5":3,"6":3,"7":1083,"8":3,"9":3,"10":3,"11":1083,"12":3,"13":3,"14":3,"15":2,"16":3,"17":3,"18":3,"19":1083,"20":3,"21":3,"22":3,"23":2,"24":3,"25":3},"f":{"0":1083,"1":1083,"2":1083,"3":2,"4":1083,"5":2},"b":{}}
,"C:\\Users\\kanta\\GitHub\\work-time-tracker\\src\\components\\ui\\error-boundary.tsx": {"path":"C:\\Users\\kanta\\GitHub\\work-time-tracker\\src\\components\\ui\\error-boundary.tsx","statementMap":{"0":{"start":{"line":1,"column":0},"end":{"line":1,"column":63}},"1":{"start":{"line":2,"column":0},"end":{"line":2,"column":67}},"2":{"start":{"line":3,"column":0},"end":{"line":3,"column":34}},"3":{"start":{"line":4,"column":0},"end":{"line":4,"column":66}},"4":{"start":{"line":5,"column":0},"end":{"line":5,"column":32}},"5":{"start":{"line":22,"column":4},"end":{"line":22,"column":17}},"6":{"start":{"line":54,"column":10},"end":{"line":76,"column":null}},"7":{"start":{"line":55,"column":22},"end":{"line":63,"column":6}},"8":{"start":{"line":66,"column":4},"end":{"line":72,"column":5}},"9":{"start":{"line":67,"column":6},"end":{"line":67,"column":57}},"10":{"start":{"line":68,"column":6},"end":{"line":68,"column":37}},"11":{"start":{"line":69,"column":6},"end":{"line":69,"column":46}},"12":{"start":{"line":70,"column":6},"end":{"line":70,"column":46}},"13":{"start":{"line":71,"column":6},"end":{"line":71,"column":25}},"14":{"start":{"line":78,"column":10},"end":{"line":85,"column":null}},"15":{"start":{"line":79,"column":4},"end":{"line":84,"column":7}},"16":{"start":{"line":87,"column":10},"end":{"line":107,"column":null}},"17":{"start":{"line":88,"column":42},"end":{"line":88,"column":52}},"18":{"start":{"line":89,"column":22},"end":{"line":96,"column":6}},"19":{"start":{"line":99,"column":4},"end":{"line":106,"column":9}},"20":{"start":{"line":102,"column":8},"end":{"line":102,"column":64}},"21":{"start":{"line":105,"column":8},"end":{"line":105,"column":57}},"22":{"start":{"line":109,"column":10},"end":{"line":126,"column":null}},"23":{"start":{"line":110,"column":20},"end":{"line":110,"column":47}},"24":{"start":{"line":112,"column":4},"end":{"line":114,"column":5}},"25":{"start":{"line":113,"column":6},"end":{"line":113,"column":25}},"26":{"start":{"line":115,"column":4},"end":{"line":117,"column":5}},"27":{"start":{"line":116,"column":6},"end":{"line":116,"column":27}},"28":{"start":{"line":118,"column":4},"end":{"line":120,"column":5}},"29":{"start":{"line":119,"column":6},"end":{"line":119,"column":22}},"30":{"start":{"line":121,"column":4},"end":{"line":123,"column":5}},"31":{"start":{"line":122,"column":6},"end":{"line":122,"column":21}},"32":{"start":{"line":125,"column":4},"end":{"line":125,"column":25}},"33":{"start":{"line":23,"column":4},"end":{"line":28,"column":6}},"34":{"start":{"line":32,"column":4},"end":{"line":36,"column":6}},"35":{"start":{"line":40,"column":4},"end":{"line":43,"column":7}},"36":{"start":{"line":46,"column":4},"end":{"line":46,"column":36}},"37":{"start":{"line":49,"column":4},"end":{"line":51,"column":5}},"38":{"start":{"line":50,"column":6},"end":{"line":50,"column":43}},"39":{"start":{"line":129,"column":4},"end":{"line":217,"column":5}},"40":{"start":{"line":131,"column":6},"end":{"line":133,"column":7}},"41":{"start":{"line":132,"column":8},"end":{"line":132,"column":35}},"42":{"start":{"line":135,"column":33},"end":{"line":135,"column":43}},"43":{"start":{"line":136,"column":28},"end":{"line":136,"column":76}},"44":{"start":{"line":138,"column":6},"end":{"line":216,"column":8}},"45":{"start":{"line":182,"column":34},"end":{"line":182,"column":60}},"46":{"start":{"line":219,"column":4},"end":{"line":219,"column":31}},"47":{"start":{"line":20,"column":0},"end":{"line":20,"column":13}},"48":{"start":{"line":224,"column":33},"end":{"line":237,"column":1}},"49":{"start":{"line":228,"column":27},"end":{"line":231,"column":null}},"50":{"start":{"line":229,"column":4},"end":{"line":230,"column":null}},"51":{"start":{"line":234,"column":2},"end":{"line":234,"column":97}},"52":{"start":{"line":236,"column":2},"end":{"line":236,"column":26}},"53":{"start":{"line":224,"column":13},"end":{"line":224,"column":33}}},"fnMap":{"0":{"name":"(anonymous_9)","decl":{"start":{"line":21,"column":2},"end":{"line":21,"column":14}},"loc":{"start":{"line":21,"column":26},"end":{"line":29,"column":3}}},"1":{"name":"(anonymous_10)","decl":{"start":{"line":54,"column":21},"end":{"line":54,"column":22}},"loc":{"start":{"line":54,"column":60},"end":{"line":76,"column":3}}},"2":{"name":"(anonymous_11)","decl":{"start":{"line":78,"column":24},"end":{"line":78,"column":27}},"loc":{"start":{"line":78,"column":29},"end":{"line":85,"column":3}}},"3":{"name":"(anonymous_12)","decl":{"start":{"line":87,"column":28},"end":{"line":87,"column":31}},"loc":{"start":{"line":87,"column":33},"end":{"line":107,"column":3}}},"4":{"name":"(anonymous_13)","decl":{"start":{"line":101,"column":12},"end":{"line":101,"column":15}},"loc":{"start":{"line":101,"column":17},"end":{"line":103,"column":7}}},"5":{"name":"(anonymous_14)","decl":{"start":{"line":104,"column":13},"end":{"line":104,"column":16}},"loc":{"start":{"line":104,"column":18},"end":{"line":106,"column":7}}},"6":{"name":"(anonymous_15)","decl":{"start":{"line":109,"column":29},"end":{"line":109,"column":30}},"loc":{"start":{"line":109,"column":54},"end":{"line":126,"column":3}}},"7":{"name":"(anonymous_16)","decl":{"start":{"line":31,"column":2},"end":{"line":31,"column":8}},"loc":{"start":{"line":31,"column":46},"end":{"line":37,"column":3}}},"8":{"name":"(anonymous_17)","decl":{"start":{"line":39,"column":2},"end":{"line":39,"column":19}},"loc":{"start":{"line":39,"column":54},"end":{"line":52,"column":3}}},"9":{"name":"(anonymous_18)","decl":{"start":{"line":128,"column":2},"end":{"line":128,"column":8}},"loc":{"start":{"line":128,"column":8},"end":{"line":220,"column":3}}},"10":{"name":"(anonymous_19)","decl":{"start":{"line":182,"column":27},"end":{"line":182,"column":30}},"loc":{"start":{"line":182,"column":34},"end":{"line":182,"column":60}}},"11":{"name":"(anonymous_20)","decl":{"start":{"line":224,"column":33},"end":{"line":224,"column":null}},"loc":{"start":{"line":227,"column":4},"end":{"line":237,"column":1}}},"12":{"name":"(anonymous_21)","decl":{"start":{"line":228,"column":27},"end":{"line":228,"column":28}},"loc":{"start":{"line":229,"column":4},"end":{"line":230,"column":null}}}},"branchMap":{"0":{"loc":{"start":{"line":66,"column":4},"end":{"line":72,"column":5}},"type":"if","locations":[{"start":{"line":66,"column":4},"end":{"line":72,"column":5}}]},"1":{"loc":{"start":{"line":91,"column":15},"end":{"line":91,"column":48}},"type":"binary-expr","locations":[{"start":{"line":91,"column":15},"end":{"line":91,"column":29}},{"start":{"line":91,"column":33},"end":{"line":91,"column":48}}]},"2":{"loc":{"start":{"line":92,"column":13},"end":{"line":92,"column":45}},"type":"binary-expr","locations":[{"start":{"line":92,"column":13},"end":{"line":92,"column":25}},{"start":{"line":92,"column":29},"end":{"line":92,"column":45}}]},"3":{"loc":{"start":{"line":93,"column":22},"end":{"line":93,"column":71}},"type":"binary-expr","locations":[{"start":{"line":93,"column":22},"end":{"line":93,"column":47}},{"start":{"line":93,"column":51},"end":{"line":93,"column":71}}]},"4":{"loc":{"start":{"line":112,"column":4},"end":{"line":114,"column":5}},"type":"if","locations":[{"start":{"line":112,"column":4},"end":{"line":114,"column":5}}]},"5":{"loc":{"start":{"line":112,"column":8},"end":{"line":112,"column":64}},"type":"binary-expr","locations":[{"start":{"line":112,"column":8},"end":{"line":112,"column":35}},{"start":{"line":112,"column":39},"end":{"line":112,"column":64}}]},"6":{"loc":{"start":{"line":115,"column":4},"end":{"line":117,"column":5}},"type":"if","locations":[{"start":{"line":115,"column":4},"end":{"line":117,"column":5}}]},"7":{"loc":{"start":{"line":118,"column":4},"end":{"line":120,"column":5}},"type":"if","locations":[{"start":{"line":118,"column":4},"end":{"line":120,"column":5}}]},"8":{"loc":{"start":{"line":118,"column":8},"end":{"line":118,"column":65}},"type":"binary-expr","locations":[{"start":{"line":118,"column":8},"end":{"line":118,"column":37}},{"start":{"line":118,"column":41},"end":{"line":118,"column":65}}]},"9":{"loc":{"start":{"line":121,"column":4},"end":{"line":123,"column":5}},"type":"if","locations":[{"start":{"line":121,"column":4},"end":{"line":123,"column":5}}]},"10":{"loc":{"start":{"line":121,"column":8},"end":{"line":121,"column":74}},"type":"binary-expr","locations":[{"start":{"line":121,"column":8},"end":{"line":121,"column":38}},{"start":{"line":121,"column":42},"end":{"line":121,"column":74}}]},"11":{"loc":{"start":{"line":49,"column":4},"end":{"line":51,"column":5}},"type":"if","locations":[{"start":{"line":49,"column":4},"end":{"line":51,"column":5}}]},"12":{"loc":{"start":{"line":129,"column":4},"end":{"line":217,"column":5}},"type":"if","locations":[{"start":{"line":129,"column":4},"end":{"line":217,"column":5}}]},"13":{"loc":{"start":{"line":131,"column":6},"end":{"line":133,"column":7}},"type":"if","locations":[{"start":{"line":131,"column":6},"end":{"line":133,"column":7}}]},"14":{"loc":{"start":{"line":136,"column":28},"end":{"line":136,"column":76}},"type":"cond-expr","locations":[{"start":{"line":136,"column":36},"end":{"line":136,"column":64}},{"start":{"line":136,"column":67},"end":{"line":136,"column":76}}]},"15":{"loc":{"start":{"line":161,"column":19},"end":{"line":161,"column":61}},"type":"binary-expr","locations":[{"start":{"line":161,"column":19},"end":{"line":161,"column":33}},{"start":{"line":161,"column":37},"end":{"line":161,"column":61}}]},"16":{"loc":{"start":{"line":194,"column":15},"end":{"line":211,"column":null}},"type":"binary-expr","locations":[{"start":{"line":194,"column":15},"end":{"line":194,"column":53}},{"start":{"line":194,"column":57},"end":{"line":194,"column":62}},{"start":{"line":195,"column":16},"end":{"line":210,"column":null}}]},"17":{"loc":{"start":{"line":203,"column":21},"end":{"line":208,"column":null}},"type":"binary-expr","locations":[{"start":{"line":203,"column":21},"end":{"line":203,"column":41}},{"start":{"line":204,"column":22},"end":{"line":207,"column":null}}]},"18":{"loc":{"start":{"line":234,"column":54},"end":{"line":234,"column":93}},"type":"binary-expr","locations":[{"start":{"line":234,"column":54},"end":{"line":234,"column":75}},{"start":{"line":234,"column":79},"end":{"line":234,"column":93}}]}},"s":{"0":1,"1":1,"2":1,"3":1,"4":1,"5":43,"6":42,"7":20,"8":20,"9":0,"10":0,"11":0,"12":0,"13":0,"14":42,"15":1,"16":42,"17":2,"18":2,"19":2,"20":1,"21":1,"22":42,"23":54,"24":54,"25":6,"26":48,"27":3,"28":45,"29":6,"30":39,"31":6,"32":33,"33":42,"34":40,"35":20,"36":20,"37":20,"38":1,"39":104,"40":60,"41":6,"42":54,"43":54,"44":54,"45":1,"46":44,"47":1,"48":1,"49":4,"50":7,"51":4,"52":4,"53":1},"f":{"0":43,"1":20,"2":1,"3":2,"4":1,"5":1,"6":54,"7":40,"8":20,"9":104,"10":1,"11":4,"12":7},"b":{"0":[0],"1":[2,0],"2":[2,0],"3":[2,0],"4":[6],"5":[54,51],"6":[3],"7":[6],"8":[45,42],"9":[6],"10":[39,36],"11":[1],"12":[60],"13":[6],"14":[54,0],"15":[54,0],"16":[54,0,0],"17":[0,0],"18":[4,3]}}
,"C:\\Users\\kanta\\GitHub\\work-time-tracker\\src\\components\\ui\\progress.tsx": {"path":"C:\\Users\\kanta\\GitHub\\work-time-tracker\\src\\components\\ui\\progress.tsx","statementMap":{"0":{"start":{"line":3,"column":0},"end":{"line":3,"column":31}},"1":{"start":{"line":4,"column":0},"end":{"line":4,"column":62}},"2":{"start":{"line":6,"column":0},"end":{"line":6,"column":33}},"3":{"start":{"line":8,"column":17},"end":{"line":22,"column":2}},"4":{"start":{"line":12,"column":2},"end":{"line":20,"column":null}},"5":{"start":{"line":25,"column":9},"end":{"line":25,"column":17}},"6":{"start":{"line":23,"column":0},"end":{"line":23,"column":58}}},"fnMap":{"0":{"name":"(anonymous_9)","decl":{"start":{"line":11,"column":2},"end":{"line":11,"column":3}},"loc":{"start":{"line":12,"column":2},"end":{"line":20,"column":null}}}},"branchMap":{"0":{"loc":{"start":{"line":19,"column":48},"end":{"line":19,"column":58}},"type":"binary-expr","locations":[{"start":{"line":19,"column":48},"end":{"line":19,"column":53}},{"start":{"line":19,"column":57},"end":{"line":19,"column":58}}]}},"s":{"0":2,"1":2,"2":2,"3":2,"4":1033,"5":2,"6":2},"f":{"0":1033},"b":{"0":[1033,951]}}
,"C:\\Users\\kanta\\GitHub\\work-time-tracker\\src\\components\\ui\\tabs.tsx": {"path":"C:\\Users\\kanta\\GitHub\\work-time-tracker\\src\\components\\ui\\tabs.tsx","statementMap":{"0":{"start":{"line":3,"column":0},"end":{"line":3,"column":31}},"1":{"start":{"line":4,"column":0},"end":{"line":4,"column":54}},"2":{"start":{"line":6,"column":0},"end":{"line":6,"column":33}},"3":{"start":{"line":8,"column":13},"end":{"line":8,"column":31}},"4":{"start":{"line":55,"column":9},"end":{"line":55,"column":13}},"5":{"start":{"line":10,"column":17},"end":{"line":22,"column":2}},"6":{"start":{"line":14,"column":2},"end":{"line":20,"column":null}},"7":{"start":{"line":55,"column":15},"end":{"line":55,"column":23}},"8":{"start":{"line":23,"column":0},"end":{"line":23,"column":54}},"9":{"start":{"line":25,"column":20},"end":{"line":37,"column":2}},"10":{"start":{"line":29,"column":2},"end":{"line":35,"column":null}},"11":{"start":{"line":55,"column":25},"end":{"line":55,"column":36}},"12":{"start":{"line":38,"column":0},"end":{"line":38,"column":60}},"13":{"start":{"line":40,"column":20},"end":{"line":52,"column":2}},"14":{"start":{"line":44,"column":2},"end":{"line":50,"column":null}},"15":{"start":{"line":55,"column":38},"end":{"line":55,"column":49}},"16":{"start":{"line":53,"column":0},"end":{"line":53,"column":60}}},"fnMap":{"0":{"name":"(anonymous_9)","decl":{"start":{"line":13,"column":2},"end":{"line":13,"column":3}},"loc":{"start":{"line":14,"column":2},"end":{"line":20,"column":null}}},"1":{"name":"(anonymous_10)","decl":{"start":{"line":28,"column":2},"end":{"line":28,"column":3}},"loc":{"start":{"line":29,"column":2},"end":{"line":35,"column":null}}},"2":{"name":"(anonymous_11)","decl":{"start":{"line":43,"column":2},"end":{"line":43,"column":3}},"loc":{"start":{"line":44,"column":2},"end":{"line":50,"column":null}}}},"branchMap":{},"s":{"0":1,"1":1,"2":1,"3":1,"4":1,"5":1,"6":26,"7":1,"8":1,"9":1,"10":260,"11":1,"12":1,"13":1,"14":26,"15":1,"16":1},"f":{"0":26,"1":260,"2":26},"b":{}}
,"C:\\Users\\kanta\\GitHub\\work-time-tracker\\src\\lib\\EventEmitter.ts": {"path":"C:\\Users\\kanta\\GitHub\\work-time-tracker\\src\\lib\\EventEmitter.ts","statementMap":{"0":{"start":{"line":9,"column":10},"end":{"line":9,"column":null}},"1":{"start":{"line":15,"column":4},"end":{"line":17,"column":5}},"2":{"start":{"line":16,"column":6},"end":{"line":16,"column":33}},"3":{"start":{"line":18,"column":4},"end":{"line":18,"column":43}},"4":{"start":{"line":19,"column":4},"end":{"line":19,"column":16}},"5":{"start":{"line":26,"column":24},"end":{"line":29,"column":5}},"6":{"start":{"line":27,"column":6},"end":{"line":27,"column":24}},"7":{"start":{"line":28,"column":6},"end":{"line":28,"column":35}},"8":{"start":{"line":30,"column":4},"end":{"line":30,"column":32}},"9":{"start":{"line":31,"column":4},"end":{"line":31,"column":16}},"10":{"start":{"line":38,"column":22},"end":{"line":38,"column":44}},"11":{"start":{"line":39,"column":4},"end":{"line":47,"column":5}},"12":{"start":{"line":40,"column":20},"end":{"line":40,"column":47}},"13":{"start":{"line":41,"column":6},"end":{"line":43,"column":7}},"14":{"start":{"line":42,"column":8},"end":{"line":42,"column":35}},"15":{"start":{"line":44,"column":6},"end":{"line":46,"column":7}},"16":{"start":{"line":45,"column":8},"end":{"line":45,"column":34}},"17":{"start":{"line":48,"column":4},"end":{"line":48,"column":16}},"18":{"start":{"line":55,"column":22},"end":{"line":55,"column":44}},"19":{"start":{"line":56,"column":4},"end":{"line":59,"column":5}},"20":{"start":{"line":57,"column":6},"end":{"line":57,"column":57}},"21":{"start":{"line":57,"column":38},"end":{"line":57,"column":55}},"22":{"start":{"line":58,"column":6},"end":{"line":58,"column":18}},"23":{"start":{"line":60,"column":4},"end":{"line":60,"column":17}},"24":{"start":{"line":67,"column":4},"end":{"line":71,"column":5}},"25":{"start":{"line":68,"column":6},"end":{"line":68,"column":32}},"26":{"start":{"line":70,"column":6},"end":{"line":70,"column":26}},"27":{"start":{"line":72,"column":4},"end":{"line":72,"column":16}},"28":{"start":{"line":79,"column":22},"end":{"line":79,"column":44}},"29":{"start":{"line":80,"column":4},"end":{"line":80,"column":44}},"30":{"start":{"line":87,"column":4},"end":{"line":87,"column":42}},"31":{"start":{"line":8,"column":0},"end":{"line":8,"column":13}}},"fnMap":{"0":{"name":"(anonymous_0)","decl":{"start":{"line":8,"column":0},"end":{"line":8,"column":13}},"loc":{"start":{"line":8,"column":0},"end":{"line":89,"column":1}}},"1":{"name":"(anonymous_1)","decl":{"start":{"line":14,"column":2},"end":{"line":14,"column":4}},"loc":{"start":{"line":14,"column":43},"end":{"line":20,"column":3}}},"2":{"name":"(anonymous_2)","decl":{"start":{"line":25,"column":2},"end":{"line":25,"column":6}},"loc":{"start":{"line":25,"column":45},"end":{"line":32,"column":3}}},"3":{"name":"(anonymous_3)","decl":{"start":{"line":26,"column":24},"end":{"line":26,"column":25}},"loc":{"start":{"line":26,"column":43},"end":{"line":29,"column":5}}},"4":{"name":"(anonymous_4)","decl":{"start":{"line":37,"column":2},"end":{"line":37,"column":5}},"loc":{"start":{"line":37,"column":44},"end":{"line":49,"column":3}}},"5":{"name":"(anonymous_5)","decl":{"start":{"line":54,"column":2},"end":{"line":54,"column":6}},"loc":{"start":{"line":54,"column":36},"end":{"line":61,"column":3}}},"6":{"name":"(anonymous_6)","decl":{"start":{"line":57,"column":24},"end":{"line":57,"column":25}},"loc":{"start":{"line":57,"column":38},"end":{"line":57,"column":55}}},"7":{"name":"(anonymous_7)","decl":{"start":{"line":66,"column":2},"end":{"line":66,"column":20}},"loc":{"start":{"line":66,"column":35},"end":{"line":73,"column":3}}},"8":{"name":"(anonymous_8)","decl":{"start":{"line":78,"column":2},"end":{"line":78,"column":15}},"loc":{"start":{"line":78,"column":29},"end":{"line":81,"column":3}}},"9":{"name":"(anonymous_9)","decl":{"start":{"line":86,"column":2},"end":{"line":86,"column":12}},"loc":{"start":{"line":86,"column":12},"end":{"line":88,"column":3}}}},"branchMap":{"0":{"loc":{"start":{"line":15,"column":4},"end":{"line":17,"column":5}},"type":"if","locations":[{"start":{"line":15,"column":4},"end":{"line":17,"column":5}}]},"1":{"loc":{"start":{"line":39,"column":4},"end":{"line":47,"column":5}},"type":"if","locations":[{"start":{"line":39,"column":4},"end":{"line":47,"column":5}}]},"2":{"loc":{"start":{"line":41,"column":6},"end":{"line":43,"column":7}},"type":"if","locations":[{"start":{"line":41,"column":6},"end":{"line":43,"column":7}}]},"3":{"loc":{"start":{"line":44,"column":6},"end":{"line":46,"column":7}},"type":"if","locations":[{"start":{"line":44,"column":6},"end":{"line":46,"column":7}}]},"4":{"loc":{"start":{"line":56,"column":4},"end":{"line":59,"column":5}},"type":"if","locations":[{"start":{"line":56,"column":4},"end":{"line":59,"column":5}}]},"5":{"loc":{"start":{"line":67,"column":4},"end":{"line":71,"column":5}},"type":"if","locations":[{"start":{"line":67,"column":4},"end":{"line":71,"column":5}},{"start":{"line":69,"column":11},"end":{"line":71,"column":5}}]},"6":{"loc":{"start":{"line":80,"column":11},"end":{"line":80,"column":43}},"type":"cond-expr","locations":[{"start":{"line":80,"column":23},"end":{"line":80,"column":39}},{"start":{"line":80,"column":42},"end":{"line":80,"column":43}}]}},"s":{"0":3,"1":41,"2":41,"3":41,"4":41,"5":0,"6":0,"7":0,"8":0,"9":0,"10":39,"11":39,"12":39,"13":39,"14":39,"15":39,"16":39,"17":39,"18":0,"19":0,"20":0,"21":0,"22":0,"23":0,"24":0,"25":0,"26":0,"27":0,"28":0,"29":0,"30":0,"31":1},"f":{"0":3,"1":41,"2":0,"3":0,"4":39,"5":0,"6":0,"7":0,"8":0,"9":0},"b":{"0":[41],"1":[39],"2":[39],"3":[39],"4":[0],"5":[0,0],"6":[0,0]}}
,"C:\\Users\\kanta\\GitHub\\work-time-tracker\\src\\lib\\utils.ts": {"path":"C:\\Users\\kanta\\GitHub\\work-time-tracker\\src\\lib\\utils.ts","statementMap":{"0":{"start":{"line":4,"column":0},"end":{"line":4,"column":16}},"1":{"start":{"line":1,"column":0},"end":{"line":1,"column":45}},"2":{"start":{"line":2,"column":0},"end":{"line":2,"column":41}},"3":{"start":{"line":5,"column":2},"end":{"line":5,"column":31}}},"fnMap":{"0":{"name":"cn","decl":{"start":{"line":4,"column":16},"end":{"line":4,"column":18}},"loc":{"start":{"line":4,"column":42},"end":{"line":6,"column":1}}}},"branchMap":{},"s":{"0":6,"1":6,"2":6,"3":7017},"f":{"0":7017},"b":{}}
,"C:\\Users\\kanta\\GitHub\\work-time-tracker\\src\\services\\badges\\UnifiedBadgeManagementService.ts": {"path":"C:\\Users\\kanta\\GitHub\\work-time-tracker\\src\\services\\badges\\UnifiedBadgeManagementService.ts","statementMap":{"0":{"start":{"line":6,"column":0},"end":{"line":6,"column":50}},"1":{"start":{"line":7,"column":0},"end":{"line":7,"column":82}},"2":{"start":{"line":8,"column":0},"end":{"line":8,"column":null}},"3":{"start":{"line":13,"column":0},"end":{"line":13,"column":null}},"4":{"start":{"line":17,"column":0},"end":{"line":17,"column":90}},"5":{"start":{"line":18,"column":0},"end":{"line":18,"column":90}},"6":{"start":{"line":19,"column":0},"end":{"line":19,"column":97}},"7":{"start":{"line":79,"column":4},"end":{"line":79,"column":12}},"8":{"start":{"line":73,"column":10},"end":{"line":73,"column":null}},"9":{"start":{"line":74,"column":10},"end":{"line":74,"column":null}},"10":{"start":{"line":75,"column":10},"end":{"line":75,"column":null}},"11":{"start":{"line":76,"column":10},"end":{"line":76,"column":null}},"12":{"start":{"line":80,"column":4},"end":{"line":80,"column":31}},"13":{"start":{"line":81,"column":4},"end":{"line":81,"column":31}},"14":{"start":{"line":82,"column":4},"end":{"line":82,"column":28}},"15":{"start":{"line":86,"column":4},"end":{"line":88,"column":5}},"16":{"start":{"line":87,"column":6},"end":{"line":87,"column":83}},"17":{"start":{"line":89,"column":4},"end":{"line":89,"column":50}},"18":{"start":{"line":97,"column":4},"end":{"line":111,"column":7}},"19":{"start":{"line":98,"column":41},"end":{"line":102,"column":8}},"20":{"start":{"line":103,"column":6},"end":{"line":103,"column":49}},"21":{"start":{"line":104,"column":6},"end":{"line":110,"column":9}},"22":{"start":{"line":114,"column":4},"end":{"line":140,"column":7}},"23":{"start":{"line":115,"column":41},"end":{"line":131,"column":8}},"24":{"start":{"line":132,"column":6},"end":{"line":132,"column":49}},"25":{"start":{"line":133,"column":6},"end":{"line":139,"column":9}},"26":{"start":{"line":143,"column":4},"end":{"line":190,"column":7}},"27":{"start":{"line":148,"column":10},"end":{"line":154,"column":8}},"28":{"start":{"line":156,"column":41},"end":{"line":181,"column":8}},"29":{"start":{"line":182,"column":6},"end":{"line":182,"column":57}},"30":{"start":{"line":183,"column":6},"end":{"line":189,"column":9}},"31":{"start":{"line":193,"column":4},"end":{"line":219,"column":7}},"32":{"start":{"line":194,"column":41},"end":{"line":210,"column":8}},"33":{"start":{"line":211,"column":6},"end":{"line":211,"column":49}},"34":{"start":{"line":212,"column":6},"end":{"line":218,"column":9}},"35":{"start":{"line":221,"column":4},"end":{"line":221,"column":68}},"36":{"start":{"line":229,"column":4},"end":{"line":231,"column":7}},"37":{"start":{"line":230,"column":6},"end":{"line":230,"column":44}},"38":{"start":{"line":234,"column":4},"end":{"line":236,"column":7}},"39":{"start":{"line":235,"column":6},"end":{"line":235,"column":38}},"40":{"start":{"line":239,"column":4},"end":{"line":245,"column":5}},"41":{"start":{"line":240,"column":6},"end":{"line":244,"column":9}},"42":{"start":{"line":241,"column":8},"end":{"line":243,"column":9}},"43":{"start":{"line":242,"column":10},"end":{"line":242,"column":30}},"44":{"start":{"line":252,"column":4},"end":{"line":254,"column":35}},"45":{"start":{"line":253,"column":6},"end":{"line":253,"column":33}},"46":{"start":{"line":256,"column":4},"end":{"line":256,"column":36}},"47":{"start":{"line":263,"column":43},"end":{"line":263,"column":47}},"48":{"start":{"line":265,"column":4},"end":{"line":274,"column":7}},"49":{"start":{"line":266,"column":20},"end":{"line":266,"column":47}},"50":{"start":{"line":267,"column":29},"end":{"line":267,"column":60}},"51":{"start":{"line":269,"column":6},"end":{"line":273,"column":7}},"52":{"start":{"line":270,"column":28},"end":{"line":270,"column":84}},"53":{"start":{"line":272,"column":8},"end":{"line":272,"column":69}},"54":{"start":{"line":276,"column":4},"end":{"line":280,"column":7}},"55":{"start":{"line":287,"column":44},"end":{"line":287,"column":48}},"56":{"start":{"line":289,"column":4},"end":{"line":289,"column":63}},"57":{"start":{"line":291,"column":4},"end":{"line":293,"column":5}},"58":{"start":{"line":292,"column":6},"end":{"line":292,"column":32}},"59":{"start":{"line":304,"column":18},"end":{"line":304,"column":45}},"60":{"start":{"line":305,"column":27},"end":{"line":305,"column":58}},"61":{"start":{"line":307,"column":4},"end":{"line":307,"column":42}},"62":{"start":{"line":307,"column":35},"end":{"line":307,"column":42}},"63":{"start":{"line":310,"column":30},"end":{"line":310,"column":69}},"64":{"start":{"line":311,"column":23},"end":{"line":311,"column":81}},"65":{"start":{"line":313,"column":4},"end":{"line":336,"column":5}},"66":{"start":{"line":315,"column":6},"end":{"line":315,"column":41}},"67":{"start":{"line":318,"column":6},"end":{"line":318,"column":50}},"68":{"start":{"line":319,"column":6},"end":{"line":319,"column":46}},"69":{"start":{"line":320,"column":6},"end":{"line":320,"column":37}},"70":{"start":{"line":323,"column":6},"end":{"line":325,"column":7}},"71":{"start":{"line":324,"column":8},"end":{"line":324,"column":34}},"72":{"start":{"line":328,"column":6},"end":{"line":333,"column":9}},"73":{"start":{"line":335,"column":6},"end":{"line":335,"column":84}},"74":{"start":{"line":343,"column":18},"end":{"line":343,"column":45}},"75":{"start":{"line":344,"column":27},"end":{"line":344,"column":58}},"76":{"start":{"line":346,"column":4},"end":{"line":346,"column":42}},"77":{"start":{"line":346,"column":35},"end":{"line":346,"column":42}},"78":{"start":{"line":348,"column":4},"end":{"line":365,"column":5}},"79":{"start":{"line":349,"column":6},"end":{"line":349,"column":30}},"80":{"start":{"line":350,"column":6},"end":{"line":350,"column":27}},"81":{"start":{"line":351,"column":6},"end":{"line":351,"column":50}},"82":{"start":{"line":353,"column":6},"end":{"line":353,"column":39}},"83":{"start":{"line":354,"column":6},"end":{"line":354,"column":36}},"84":{"start":{"line":355,"column":6},"end":{"line":355,"column":46}},"85":{"start":{"line":358,"column":6},"end":{"line":362,"column":9}},"86":{"start":{"line":364,"column":6},"end":{"line":364,"column":48}},"87":{"start":{"line":372,"column":4},"end":{"line":372,"column":40}},"88":{"start":{"line":375,"column":21},"end":{"line":375,"column":44}},"89":{"start":{"line":378,"column":4},"end":{"line":378,"column":45}},"90":{"start":{"line":381,"column":4},"end":{"line":381,"column":36}},"91":{"start":{"line":388,"column":28},"end":{"line":388,"column":74}},"92":{"start":{"line":389,"column":27},"end":{"line":389,"column":73}},"93":{"start":{"line":391,"column":4},"end":{"line":414,"column":5}},"94":{"start":{"line":393,"column":25},"end":{"line":393,"column":71}},"95":{"start":{"line":394,"column":6},"end":{"line":400,"column":7}},"96":{"start":{"line":395,"column":8},"end":{"line":399,"column":10}},"97":{"start":{"line":403,"column":31},"end":{"line":404,"column":null}},"98":{"start":{"line":404,"column":19},"end":{"line":404,"column":61}},"99":{"start":{"line":407,"column":6},"end":{"line":413,"column":9}},"100":{"start":{"line":408,"column":34},"end":{"line":411,"column":10}},"101":{"start":{"line":412,"column":8},"end":{"line":412,"column":76}},"102":{"start":{"line":421,"column":19},"end":{"line":421,"column":54}},"103":{"start":{"line":422,"column":28},"end":{"line":422,"column":62}},"104":{"start":{"line":422,"column":49},"end":{"line":422,"column":61}},"105":{"start":{"line":423,"column":29},"end":{"line":423,"column":82}},"106":{"start":{"line":423,"column":50},"end":{"line":423,"column":81}},"107":{"start":{"line":425,"column":4},"end":{"line":444,"column":6}},"108":{"start":{"line":441,"column":46},"end":{"line":441,"column":76}},"109":{"start":{"line":451,"column":29},"end":{"line":452,"column":null}},"110":{"start":{"line":452,"column":17},"end":{"line":452,"column":59}},"111":{"start":{"line":455,"column":4},"end":{"line":455,"column":74}},"112":{"start":{"line":455,"column":46},"end":{"line":455,"column":65}},"113":{"start":{"line":462,"column":19},"end":{"line":462,"column":54}},"114":{"start":{"line":463,"column":26},"end":{"line":463,"column":80}},"115":{"start":{"line":463,"column":56},"end":{"line":463,"column":76}},"116":{"start":{"line":464,"column":4},"end":{"line":464,"column":53}},"117":{"start":{"line":471,"column":26},"end":{"line":471,"column":73}},"118":{"start":{"line":473,"column":4},"end":{"line":478,"column":53}},"119":{"start":{"line":475,"column":8},"end":{"line":475,"column":65}},"120":{"start":{"line":475,"column":52},"end":{"line":475,"column":65}},"121":{"start":{"line":476,"column":8},"end":{"line":476,"column":58}},"122":{"start":{"line":478,"column":22},"end":{"line":478,"column":51}},"123":{"start":{"line":485,"column":4},"end":{"line":485,"column":33}},"124":{"start":{"line":486,"column":4},"end":{"line":486,"column":31}},"125":{"start":{"line":487,"column":4},"end":{"line":487,"column":65}},"126":{"start":{"line":495,"column":4},"end":{"line":495,"column":93}},"127":{"start":{"line":495,"column":62},"end":{"line":495,"column":91}},"128":{"start":{"line":503,"column":18},"end":{"line":503,"column":45}},"129":{"start":{"line":504,"column":4},"end":{"line":504,"column":56}},"130":{"start":{"line":511,"column":4},"end":{"line":528,"column":6}},"131":{"start":{"line":535,"column":4},"end":{"line":535,"column":78}},"132":{"start":{"line":535,"column":63},"end":{"line":535,"column":75}},"133":{"start":{"line":542,"column":4},"end":{"line":542,"column":88}},"134":{"start":{"line":5
[...]
,"28":{"start":{"line":99,"column":27},"end":{"line":99,"column":54}},"29":{"start":{"line":102,"column":24},"end":{"line":102,"column":66}},"30":{"start":{"line":103,"column":19},"end":{"line":103,"column":47}},"31":{"start":{"line":104,"column":23},"end":{"line":104,"column":48}},"32":{"start":{"line":106,"column":25},"end":{"line":106,"column":40}},"33":{"start":{"line":107,"column":2},"end":{"line":107,"column":57}},"34":{"start":{"line":109,"column":2},"end":{"line":109,"column":52}},"35":{"start":{"line":122,"column":27},"end":{"line":122,"column":82}},"36":{"start":{"line":123,"column":29},"end":{"line":123,"column":63}},"37":{"start":{"line":125,"column":27},"end":{"line":125,"column":45}},"38":{"start":{"line":128,"column":2},"end":{"line":138,"column":3}},"39":{"start":{"line":129,"column":4},"end":{"line":129,"column":29}},"40":{"start":{"line":130,"column":9},"end":{"line":138,"column":3}},"41":{"start":{"line":131,"column":4},"end":{"line":131,"column":28}},"42":{"start":{"line":134,"column":7},"end":{"line":138,"column":3}},"43":{"start":{"line":135,"column":4},"end":{"line":135,"column":29}},"44":{"start":{"line":136,"column":9},"end":{"line":138,"column":3}},"45":{"start":{"line":137,"column":4},"end":{"line":137,"column":28}},"46":{"start":{"line":140,"column":2},"end":{"line":140,"column":68}},"47":{"start":{"line":147,"column":29},"end":{"line":161,"column":4}},"48":{"start":{"line":163,"column":2},"end":{"line":163,"column":79}},"49":{"start":{"line":170,"column":2},"end":{"line":172,"column":3}},"50":{"start":{"line":171,"column":4},"end":{"line":171,"column":14}},"51":{"start":{"line":174,"column":32},"end":{"line":174,"column":86}},"52":{"start":{"line":174,"column":54},"end":{"line":174,"column":85}},"53":{"start":{"line":178,"column":4},"end":{"line":178,"column":78}},"54":{"start":{"line":178,"column":48},"end":{"line":178,"column":58}},"55":{"start":{"line":181,"column":27},"end":{"line":181,"column":60}},"56":{"start":{"line":184,"column":28},"end":{"line":184,"column":93}},"57":{"start":{"line":184,"column":58},"end":{"line":184,"column":89}},"58":{"start":{"line":185,"column":28},"end":{"line":185,"column":64}},"59":{"start":{"line":187,"column":26},"end":{"line":187,"column":82}},"60":{"start":{"line":189,"column":2},"end":{"line":189,"column":65}}},"fnMap":{"0":{"name":"calculateBadgeConfidence","decl":{"start":{"line":20,"column":16},"end":{"line":20,"column":40}},"loc":{"start":{"line":20,"column":71},"end":{"line":74,"column":1}}},"1":{"name":"calculatePredictedCompletionDate","decl":{"start":{"line":79,"column":16},"end":{"line":79,"column":48}},"loc":{"start":{"line":83,"column":20},"end":{"line":110,"column":1}}},"2":{"name":"updateConfidenceBasedOnProgress","decl":{"start":{"line":115,"column":16},"end":{"line":115,"column":47}},"loc":{"start":{"line":119,"column":28},"end":{"line":141,"column":1}}},"3":{"name":"getStandardConfidenceByCategory","decl":{"start":{"line":146,"column":16},"end":{"line":146,"column":47}},"loc":{"start":{"line":146,"column":64},"end":{"line":164,"column":1}}},"4":{"name":"calculateGroupConfidence","decl":{"start":{"line":169,"column":16},"end":{"line":169,"column":40}},"loc":{"start":{"line":169,"column":73},"end":{"line":190,"column":1}}},"5":{"name":"(anonymous_5)","decl":{"start":{"line":174,"column":43},"end":{"line":174,"column":44}},"loc":{"start":{"line":174,"column":54},"end":{"line":174,"column":85}}},"6":{"name":"(anonymous_6)","decl":{"start":{"line":178,"column":33},"end":{"line":178,"column":34}},"loc":{"start":{"line":178,"column":48},"end":{"line":178,"column":58}}},"7":{"name":"(anonymous_7)","decl":{"start":{"line":184,"column":42},"end":{"line":184,"column":43}},"loc":{"start":{"line":184,"column":58},"end":{"line":184,"column":89}}}},"branchMap":{"0":{"loc":{"start":{"line":21,"column":74},"end":{"line":21,"column":86}},"type":"default-arg","locations":[{"start":{"line":21,"column":85},"end":{"line":21,"column":86}}]},"1":{"loc":{"start":{"line":55,"column":19},"end":{"line":55,"column":85}},"type":"binary-expr","locations":[{"start":{"line":55,"column":19},"end":{"line":55,"column":80}},{"start":{"line":55,"column":84},"end":{"line":55,"column":85}}]},"2":{"loc":{"start":{"line":59,"column":2},"end":{"line":61,"column":3}},"type":"if","locations":[{"start":{"line":59,"column":2},"end":{"line":61,"column":3}}]},"3":{"loc":{"start":{"line":96,"column":17},"end":{"line":96,"column":87}},"type":"binary-expr","locations":[{"start":{"line":96,"column":17},"end":{"line":96,"column":80}},{"start":{"line":96,"column":84},"end":{"line":96,"column":87}}]},"4":{"loc":{"start":{"line":99,"column":27},"end":{"line":99,"column":54}},"type":"cond-expr","locations":[{"start":{"line":99,"column":45},"end":{"line":99,"column":48}},{"start":{"line":99,"column":51},"end":{"line":99,"column":54}}]},"5":{"loc":{"start":{"line":128,"column":2},"end":{"line":138,"column":3}},"type":"if","locations":[{"start":{"line":128,"column":2},"end":{"line":138,"column":3}},{"start":{"line":130,"column":9},"end":{"line":138,"column":3}}]},"6":{"loc":{"start":{"line":130,"column":9},"end":{"line":138,"column":3}},"type":"if","locations":[{"start":{"line":130,"column":9},"end":{"line":138,"column":3}},{"start":{"line":134,"column":7},"end":{"line":138,"column":3}}]},"7":{"loc":{"start":{"line":134,"column":7},"end":{"line":138,"column":3}},"type":"if","locations":[{"start":{"line":134,"column":7},"end":{"line":138,"column":3}},{"start":{"line":136,"column":9},"end":{"line":138,"column":3}}]},"8":{"loc":{"start":{"line":136,"column":9},"end":{"line":138,"column":3}},"type":"if","locations":[{"start":{"line":136,"column":9},"end":{"line":138,"column":3}}]},"9":{"loc":{"start":{"line":163,"column":9},"end":{"line":163,"column":78}},"type":"binary-expr","locations":[{"start":{"line":163,"column":9},"end":{"line":163,"column":72}},{"start":{"line":163,"column":76},"end":{"line":163,"column":78}}]},"10":{"loc":{"start":{"line":170,"column":2},"end":{"line":172,"column":3}},"type":"if","locations":[{"start":{"line":170,"column":2},"end":{"line":172,"column":3}}]}},"s":{"0":1,"1":1,"2":1,"3":1,"4":1,"5":1,"6":6,"7":6,"8":6,"9":6,"10":6,"11":6,"12":6,"13":6,"14":6,"15":6,"16":6,"17":6,"18":0,"19":6,"20":6,"21":6,"22":6,"23":6,"24":6,"25":0,"26":0,"27":0,"28":0,"29":0,"30":0,"31":0,"32":0,"33":0,"34":0,"35":0,"36":0,"37":0,"38":0,"39":0,"40":0,"41":0,"42":0,"43":0,"44":0,"45":0,"46":0,"47":0,"48":0,"49":0,"50":0,"51":0,"52":0,"53":0,"54":0,"55":0,"56":0,"57":0,"58":0,"59":0,"60":0},"f":{"0":6,"1":0,"2":0,"3":0,"4":0,"5":0,"6":0,"7":0},"b":{"0":[6],"1":[6,0],"2":[0],"3":[0,0],"4":[0,0],"5":[0,0],"6":[0,0],"7":[0,0],"8":[0],"9":[0,0],"10":[0]}}
,"C:\\Users\\kanta\\GitHub\\work-time-tracker\\src\\utils\\idGenerator.ts": {"path":"C:\\Users\\kanta\\GitHub\\work-time-tracker\\src\\utils\\idGenerator.ts","statementMap":{"0":{"start":{"line":9,"column":0},"end":{"line":9,"column":16}},"1":{"start":{"line":34,"column":0},"end":{"line":34,"column":16}},"2":{"start":{"line":210,"column":0},"end":{"line":210,"column":16}},"3":{"start":{"line":236,"column":0},"end":{"line":236,"column":16}},"4":{"start":{"line":262,"column":0},"end":{"line":262,"column":16}},"5":{"start":{"line":10,"column":18},"end":{"line":10,"column":74}},"6":{"start":{"line":11,"column":11},"end":{"line":11,"column":13}},"7":{"start":{"line":14,"column":2},"end":{"line":26,"column":3}},"8":{"start":{"line":15,"column":18},"end":{"line":15,"column":40}},"9":{"start":{"line":16,"column":4},"end":{"line":16,"column":41}},"10":{"start":{"line":17,"column":4},"end":{"line":19,"column":5}},"11":{"start":{"line":17,"column":17},"end":{"line":17,"column":18}},"12":{"start":{"line":18,"column":6},"end":{"line":18,"column":54}},"13":{"start":{"line":22,"column":22},"end":{"line":22,"column":60}},"14":{"start":{"line":23,"column":4},"end":{"line":25,"column":5}},"15":{"start":{"line":23,"column":17},"end":{"line":23,"column":18}},"16":{"start":{"line":24,"column":6},"end":{"line":24,"column":71}},"17":{"start":{"line":28,"column":2},"end":{"line":28,"column":41}},"18":{"start":{"line":35,"column":20},"end":{"line":35,"column":43}},"19":{"start":{"line":36,"column":17},"end":{"line":36,"column":41}},"20":{"start":{"line":37,"column":2},"end":{"line":37,"column":80}},"21":{"start":{"line":44,"column":10},"end":{"line":44,"column":null}},"22":{"start":{"line":47,"column":20},"end":{"line":47,"column":50}},"23":{"start":{"line":48,"column":17},"end":{"line":48,"column":28}},"24":{"start":{"line":49,"column":4},"end":{"line":49,"column":36}},"25":{"start":{"line":50,"column":4},"end":{"line":50,"column":59}},"26":{"start":{"line":54,"column":4},"end":{"line":58,"column":5}},"27":{"start":{"line":55,"column":6},"end":{"line":55,"column":35}},"28":{"start":{"line":57,"column":6},"end":{"line":57,"column":28}},"29":{"start":{"line":62,"column":13},"end":{"line":62,"column":65}},"30":{"start":{"line":68,"column":10},"end":{"line":68,"column":null}},"31":{"start":{"line":71,"column":4},"end":{"line":71,"column":35}},"32":{"start":{"line":78,"column":14},"end":{"line":78,"column":43}},"33":{"start":{"line":79,"column":4},"end":{"line":79,"column":29}},"34":{"start":{"line":86,"column":4},"end":{"line":86,"column":67}},"35":{"start":{"line":93,"column":4},"end":{"line":93,"column":51}},"36":{"start":{"line":100,"column":18},"end":{"line":100,"column":53}},"37":{"start":{"line":101,"column":4},"end":{"line":101,"column":24}},"38":{"start":{"line":113,"column":4},"end":{"line":118,"column":6}},"39":{"start":{"line":131,"column":18},"end":{"line":131,"column":44}},"40":{"start":{"line":132,"column":27},"end":{"line":132,"column":55}},"41":{"start":{"line":134,"column":4},"end":{"line":140,"column":6}},"42":{"start":{"line":152,"column":4},"end":{"line":157,"column":6}},"43":{"start":{"line":169,"column":23},"end":{"line":169,"column":52}},"44":{"start":{"line":170,"column":23},"end":{"line":170,"column":51}},"45":{"start":{"line":172,"column":4},"end":{"line":177,"column":6}},"46":{"start":{"line":189,"column":24},"end":{"line":189,"column":47}},"47":{"start":{"line":190,"column":23},"end":{"line":190,"column":49}},"48":{"start":{"line":192,"column":4},"end":{"line":197,"column":6}},"49":{"start":{"line":67,"column":0},"end":{"line":67,"column":13}},"50":{"start":{"line":202,"column":13},"end":{"line":202,"column":54}},"51":{"start":{"line":205,"column":13},"end":{"line":205,"column":55}},"52":{"start":{"line":212,"column":18},"end":{"line":212,"column":74}},"53":{"start":{"line":213,"column":15},"end":{"line":213,"column":17}},"54":{"start":{"line":216,"column":2},"end":{"line":228,"column":3}},"55":{"start":{"line":217,"column":18},"end":{"line":217,"column":35}},"56":{"start":{"line":218,"column":4},"end":{"line":218,"column":41}},"57":{"start":{"line":219,"column":4},"end":{"line":221,"column":5}},"58":{"start":{"line":219,"column":17},"end":{"line":219,"column":18}},"59":{"start":{"line":220,"column":6},"end":{"line":220,"column":58}},"60":{"start":{"line":224,"column":22},"end":{"line":224,"column":58}},"61":{"start":{"line":225,"column":4},"end":{"line":227,"column":5}},"62":{"start":{"line":225,"column":17},"end":{"line":225,"column":18}},"63":{"start":{"line":226,"column":6},"end":{"line":226,"column":75}},"64":{"start":{"line":230,"column":2},"end":{"line":230,"column":16}},"65":{"start":{"line":238,"column":2},"end":{"line":256,"column":3}},"66":{"start":{"line":239,"column":18},"end":{"line":239,"column":36}},"67":{"start":{"line":240,"column":4},"end":{"line":240,"column":41}},"68":{"start":{"line":243,"column":4},"end":{"line":243,"column":40}},"69":{"start":{"line":244,"column":4},"end":{"line":244,"column":40}},"70":{"start":{"line":246,"column":16},"end":{"line":246,"column":88}},"71":{"start":{"line":246,"column":44},"end":{"line":246,"column":78}},"72":{"start":{"line":247,"column":4},"end":{"line":247,"column":115}},"73":{"start":{"line":250,"column":22},"end":{"line":250,"column":59}},"74":{"start":{"line":251,"column":4},"end":{"line":255,"column":7}},"75":{"start":{"line":252,"column":16},"end":{"line":252,"column":42}},"76":{"start":{"line":253,"column":16},"end":{"line":253,"column":47}},"77":{"start":{"line":254,"column":6},"end":{"line":254,"column":28}},"78":{"start":{"line":263,"column":20},"end":{"line":263,"column":43}},"79":{"start":{"line":264,"column":21},"end":{"line":264,"column":45}},"80":{"start":{"line":265,"column":2},"end":{"line":265,"column":55}}},"fnMap":{"0":{"name":"generateId","decl":{"start":{"line":9,"column":16},"end":{"line":9,"column":26}},"loc":{"start":{"line":9,"column":62},"end":{"line":29,"column":1}}},"1":{"name":"generateTimeBasedId","decl":{"start":{"line":34,"column":16},"end":{"line":34,"column":35}},"loc":{"start":{"line":34,"column":51},"end":{"line":38,"column":1}}},"2":{"name":"(anonymous_2)","decl":{"start":{"line":43,"column":0},"end":{"line":43,"column":6}},"loc":{"start":{"line":43,"column":0},"end":{"line":60,"column":1}}},"3":{"name":"(anonymous_3)","decl":{"start":{"line":46,"column":2},"end":{"line":46,"column":10}},"loc":{"start":{"line":46,"column":25},"end":{"line":51,"column":3}}},"4":{"name":"(anonymous_4)","decl":{"start":{"line":53,"column":2},"end":{"line":53,"column":7}},"loc":{"start":{"line":53,"column":23},"end":{"line":59,"column":3}}},"5":{"name":"(anonymous_5)","decl":{"start":{"line":70,"column":2},"end":{"line":70,"column":14}},"loc":{"start":{"line":70,"column":27},"end":{"line":72,"column":3}}},"6":{"name":"(anonymous_6)","decl":{"start":{"line":77,"column":10},"end":{"line":77,"column":22}},"loc":{"start":{"line":77,"column":22},"end":{"line":80,"column":3}}},"7":{"name":"(anonymous_7)","decl":{"start":{"line":85,"column":2},"end":{"line":85,"column":11}},"loc":{"start":{"line":85,"column":36},"end":{"line":87,"column":3}}},"8":{"name":"(anonymous_8)","decl":{"start":{"line":92,"column":2},"end":{"line":92,"column":13}},"loc":{"start":{"line":92,"column":38},"end":{"line":94,"column":3}}},"9":{"name":"(anonymous_9)","decl":{"start":{"line":99,"column":2},"end":{"line":99,"column":14}},"loc":{"start":{"line":99,"column":28},"end":{"line":102,"column":3}}},"10":{"name":"(anonymous_10)","decl":{"start":{"line":107,"column":2},"end":{"line":107,"column":28}},"loc":{"start":{"line":107,"column":28},"end":{"line":119,"column":3}}},"11":{"name":"(anonymous_11)","decl":{"start":{"line":124,"column":2},"end":{"line":124,"column":27}},"loc":{"start":{"line":124,"column":27},"end":{"line":141,"column":3}}},"12":{"name":"(anonymous_12)","decl":{"start":{"line":146,"column":2},"end":{"line":146,"column":22}},"loc":{"start":{"line":146,"column":22},"end":{"line":158,"column":3}}},"13":{"name":"(anonymous_13)","decl":{"start":{"line":163,"column":2},"end":{"line":163,"column":23}},"loc":{"start":{"line":163,"column":42},"end":{"line":178,"column":3}}},"14":{"name":"(anonymous_14)","decl":{"start":{"line":183,"column":2},"end":{"line":183,"column":26}},"loc":{"start":{"line":183,"column":26},"end":{"line":198,"column":3}}},"15":{"name":"generateShareId","decl":{"start":{"line":210,"column":16},"end":{"line":210,"column":31}},"loc":{"start":{"line":210,"column":31},"end":{"line":231,"column":1}}},"16":{"name":"generateUUID","decl":{"start":{"line":236,"column":16},"end":{"line":236,"column":28}},"loc":{"start":{"line":236,"column":28},"end":{"line":257,"column":1}}},"17":{"name":"(anonymous_17)","decl":{"start":{"line":246,"column":34},"end":{"line":246,"column":35}},"loc":{"start":{"line":246,"column":44},"end":{"line":246,"column":78}}},"18":{"name":"(anonymous_18)","decl":{"start":{"line":251,"column":67},"end":{"line":251,"column":77}},"loc":{"start":{"line":251,"column":78},"end":{"line":255,"column":5}}},"19":{"name":"generateOperationId","decl":{"start":{"line":262,"column":16},"end":{"line":262,"column":35}},"loc":{"start":{"line":262,"column":57},"end":{"line":266,"column":1}}}},"branchMap":{"0":{"loc":{"start":{"line":9,"column":44},"end":{"line":9,"column":62}},"type":"default-arg","locations":[{"start":{"line":9,"column":61},"end":{"line":9,"column":62}}]},"1":{"loc":{"start":{"line":14,"column":2},"end":{"line":26,"column":3}},"type":"if","locations":[{"start":{"line":14,"column":2},"end":{"line":26,"column":3}},{"start":{"line":20,"column":9},"end":{"line":26,"column":3}}]},"2":{"loc":{"start":{"line":14,"column":6},"end":{"line":14,"column":85}},"type":"binary-expr","locations":[{"start":{"line":14,"column":6},"end":{"line":14,"column":35}},{"start":{"line":14,"column":39},"end":{"line":14,"column":52}},{"start":{"line":14,"column":56},"end":{"line":14,"column":85}}]},"3":{"loc":{"start":{"line":28,"column":9},"end":{"line":28,"column":40}},"type":"cond-expr","locations":[{"start":{"line":28,"column":18},"end":{"line":28,"column":35}},{"start":{"line":28,"column":38},"end":{"line":28,"column":40}}]},"4":{"loc":{"start":{"line":37,"column":9},"end":{"line":37,"column":79}},"type":"cond-expr","locations":[{"start":{"line":37,"column":18},"end":{"line":37,"column":52}},{"start":{"line":37,"column":55},"end":{"line":37,"column":79}}]},"5":{"loc":{"start":{"line":47,"column":20},"end":{"line":47,"column":50}},"type":"binary-expr","locations":[{"start":{"line":47,"column":20},"end":{"line":47,"column":45}},{"start":{"line":47,"column":49},"end":{"line":47,"column":50}}]},"6":{"loc":{"start":{"line":54,"column":4},"end":{"line":58,"column":5}},"type":"if","locations":[{"start":{"line":54,"column":4},"end":{"line":58,"column":5}},{"start":{"line":56,"column":11},"end":{"line":58,"column":5}}]},"7":{"loc":{"start":{"line":71,"column":16},"end":{"line":71,"column":34}},"type":"binary-expr","locations":[{"start":{"line":71,"column":16},"end":{"line":71,"column":20}},{"start":{"line":71,"column":24},"end":{"line":71,"column":34}}]},"8":{"loc":{"start":{"line":216,"column":2},"end":{"line":228,"column":3}},"type":"if","locations":[{"start":{"line":216,"column":2},"end":{"line":228,"column":3}},{"start":{"line":222,"column":9},"end":{"line":228,"column":3}}]},"9":{"loc":{"start":{"line":216,"column":6},"end":{"line":216,"column":85}},"type":"binary-expr","locations":[{"start":{"line":216,"column":6},"end":{"line":216,"column":35}},{"start":{"line":216,"column":39},"end":{"line":216,"column":52}},{"start":{"line":216,"column":56},"end":{"line":216,"column":85}}]},"10":{"loc":{"start":{"line":238,"column":2},"end":{"line":256,"column":3}},"type":"if","locations":[{"start":{"line":238,"column":2},"end":{"line":256,"column":3}},{"start":{"line":248,"column":9},"end":{"line":256,"column":3}}]},"11":{"loc":{"start":{"line":238,"column":6},"end":{"line":238,"column":85}},"type":"binary-expr","locations":[{"start":{"line":238,"column":6},"end":{"line":238,"column":35}},{"start":{"line":238,"column":39},"end":{"line":238,"column":52}},{"start":{"line":238,"column":56},"end":{"line":238,"column":85}}]},"12":{"loc":{"start":{"line":253,"column":16},"end":{"line":253,"column":47}},"type":"cond-expr","locations":[{"start":{"line":253,"column":28},"end":{"line":253,"column":29}},{"start":{"line":253,"column":32},"end":{"line":253,"column":47}}]}},"s":{"0":1,"1":1,"2":1,"3":1,"4":1,"5":0,"6":0,"7":0,"8":0,"9":0,"10":0,"11":0,"12":0,"13":0,"14":0,"15":0,"16":0,"17":0,"18":0,"19":0,"20":0,"21":1,"22":0,"23":0,"24":0,"25":0,"26":0,"27":0,"28":0,"29":1,"30":2,"31":2,"32":24,"33":24,"34":0,"35":24,"36":0,"37":0,"38":0,"39":0,"40":0,"41":0,"42":6,"43":0,"44":0,"45":0,"46":0,"47":0,"48":0,"49":1,"50":1,"51":1,"52":0,"53":0,"54":0,"55":0,"56":0,"57":0,"58":0,"59":0,"60":0,"61":0,"62":0,"63":0,"64":0,"65":0,"66":0,"67":0,"68":0,"69":0,"70":0,"71":0,"72":0,"73":0,"74":0,"75":0,"76":0,"77":0,"78":0,"79":0,"80":0},"f":{"0":0,"1":0,"2":1,"3":0,"4":0,"5":2,"6":24,"7":0,"8":24,"9":0,"10":0,"11":0,"12":6,"13":0,"14":0,"15":0,"16":0,"17":0,"18":0,"19":0},"b":{"0":[0],"1":[0,0],"2":[0,0,0],"3":[0,0],"4":[0,0],"5":[0,0],"6":[0,0],"7":[2,1],"8":[0,0],"9":[0,0,0],"10":[0,0],"11":[0,0,0],"12":[0,0]}}
}
