TN:
SF:src\App.firebase.tsx
FN:72,App
FNF:1
FNH:0
FNDA:0,App
DA:1,0
DA:2,0
DA:3,0
DA:4,0
DA:5,0
DA:6,0
DA:7,0
DA:8,0
DA:9,0
DA:10,0
DA:11,0
DA:12,0
DA:13,0
DA:14,0
DA:15,0
DA:16,0
DA:17,0
DA:18,0
DA:19,0
DA:20,0
DA:21,0
DA:22,0
DA:23,0
DA:24,0
DA:25,0
DA:26,0
DA:27,0
DA:28,0
DA:29,0
DA:30,0
DA:31,0
DA:32,0
DA:33,0
DA:34,0
DA:35,0
DA:36,0
DA:37,0
DA:38,0
DA:40,0
DA:41,0
DA:42,0
DA:43,0
DA:46,0
DA:73,0
DA:193,0
LF:45
LH:0
BRF:0
BRH:0
end_of_record
TN:
SF:src\App.tsx
FN:24,(anonymous_10)
FN:24,(anonymous_11)
FN:25,(anonymous_12)
FN:25,(anonymous_13)
FN:26,(anonymous_14)
FN:26,(anonymous_15)
FN:27,(anonymous_16)
FN:27,(anonymous_17)
FN:28,(anonymous_18)
FN:28,(anonymous_19)
FN:29,(anonymous_20)
FN:29,(anonymous_21)
FN:30,(anonymous_22)
FN:30,(anonymous_23)
FN:31,(anonymous_24)
FN:31,(anonymous_25)
FN:32,(anonymous_26)
FN:32,(anonymous_27)
FN:33,(anonymous_28)
FN:33,(anonymous_29)
FN:34,(anonymous_30)
FN:34,(anonymous_31)
FN:35,(anonymous_32)
FN:36,(anonymous_33)
FN:36,(anonymous_34)
FN:40,(anonymous_35)
FN:41,(anonymous_36)
FN:41,(anonymous_37)
FN:46,(anonymous_38)
FN:46,(anonymous_39)
FN:47,(anonymous_40)
FN:48,(anonymous_41)
FN:48,(anonymous_42)
FN:53,(anonymous_43)
FN:54,(anonymous_44)
FN:54,(anonymous_45)
FN:59,(anonymous_46)
FN:59,(anonymous_47)
FN:62,(anonymous_48)
FN:63,(anonymous_49)
FN:63,(anonymous_50)
FN:69,(anonymous_51)
FN:70,(anonymous_52)
FN:70,(anonymous_53)
FN:75,(anonymous_54)
FN:76,(anonymous_55)
FN:76,(anonymous_56)
FN:80,(anonymous_57)
FN:80,(anonymous_58)
FN:83,(anonymous_59)
FN:83,(anonymous_60)
FN:84,(anonymous_61)
FN:84,(anonymous_62)
FN:85,(anonymous_63)
FN:85,(anonymous_64)
FN:86,(anonymous_65)
FN:86,(anonymous_66)
FN:87,(anonymous_67)
FN:87,(anonymous_68)
FN:88,(anonymous_69)
FN:88,(anonymous_70)
FN:91,(anonymous_71)
FN:91,(anonymous_72)
FN:92,(anonymous_73)
FN:92,(anonymous_74)
FN:93,(anonymous_75)
FN:93,(anonymous_76)
FN:94,(anonymous_77)
FN:94,(anonymous_78)
FN:97,(anonymous_79)
FN:98,(anonymous_80)
FN:98,(anonymous_81)
FN:100,(anonymous_82)
FN:100,(anonymous_83)
FN:101,(anonymous_84)
FN:101,(anonymous_85)
FN:102,(anonymous_86)
FN:102,(anonymous_87)
FN:105,(anonymous_88)
FN:105,(anonymous_89)
FN:106,(anonymous_90)
FN:106,(anonymous_91)
FN:107,(anonymous_92)
FN:107,(anonymous_93)
FN:110,(anonymous_94)
FN:110,(anonymous_95)
FN:113,(anonymous_96)
FN:113,(anonymous_97)
FN:116,(anonymous_98)
FN:116,(anonymous_99)
FN:119,(anonymous_100)
FN:119,(anonymous_101)
FN:122,(anonymous_102)
FN:122,(anonymous_103)
FN:123,(anonymous_104)
FN:123,(anonymous_105)
FN:124,(anonymous_106)
FN:124,(anonymous_107)
FN:125,(anonymous_108)
FN:125,(anonymous_109)
FN:128,(anonymous_110)
FN:128,(anonymous_111)
FN:129,(anonymous_112)
FN:129,(anonymous_113)
FN:130,(anonymous_114)
FN:130,(anonymous_115)
FN:133,(anonymous_116)
FN:133,(anonymous_117)
FN:134,(anonymous_118)
FN:134,(anonymous_119)
FN:135,(anonymous_120)
FN:135,(anonymous_121)
FN:136,(anonymous_122)
FN:136,(anonymous_123)
FN:137,(anonymous_124)
FN:137,(anonymous_125)
FN:140,(anonymous_126)
FN:140,(anonymous_127)
FN:141,(anonymous_128)
FN:141,(anonymous_129)
FN:144,(anonymous_130)
FN:144,(anonymous_131)
FN:145,(anonymous_132)
FN:145,(anonymous_133)
FN:148,(anonymous_134)
FN:149,(anonymous_135)
FN:149,(anonymous_136)
FN:155,(anonymous_137)
FN:156,(anonymous_138)
FN:156,(anonymous_139)
FN:162,(anonymous_140)
FN:163,(anonymous_141)
FN:163,(anonymous_142)
FN:169,(anonymous_143)
FN:169,(anonymous_144)
FN:172,(anonymous_145)
FN:172,(anonymous_146)
FN:175,(anonymous_147)
FN:175,(anonymous_148)
FN:178,(anonymous_149)
FN:178,(anonymous_150)
FN:195,(anonymous_151)
FN:212,(anonymous_152)
FN:248,(anonymous_153)
FN:252,App
FN:254,(anonymous_155)
FN:258,(anonymous_156)
FNF:147
FNH:0
FNDA:0,(anonymous_10)
FNDA:0,(anonymous_11)
FNDA:0,(anonymous_12)
FNDA:0,(anonymous_13)
FNDA:0,(anonymous_14)
FNDA:0,(anonymous_15)
FNDA:0,(anonymous_16)
FNDA:0,(anonymous_17)
FNDA:0,(anonymous_18)
FNDA:0,(anonymous_19)
FNDA:0,(anonymous_20)
FNDA:0,(anonymous_21)
FNDA:0,(anonymous_22)
FNDA:0,(anonymous_23)
FNDA:0,(anonymous_24)
FNDA:0,(anonymous_25)
FNDA:0,(anonymous_26)
FNDA:0,(anonymous_27)
FNDA:0,(anonymous_28)
FNDA:0,(anonymous_29)
FNDA:0,(anonymous_30)
FNDA:0,(anonymous_31)
FNDA:0,(anonymous_32)
FNDA:0,(anonymous_33)
FNDA:0,(anonymous_34)
FNDA:0,(anonymous_35)
FNDA:0,(anonymous_36)
FNDA:0,(anonymous_37)
FNDA:0,(anonymous_38)
FNDA:0,(anonymous_39)
FNDA:0,(anonymous_40)
FNDA:0,(anonymous_41)
FNDA:0,(anonymous_42)
FNDA:0,(anonymous_43)
FNDA:0,(anonymous_44)
FNDA:0,(anonymous_45)
FNDA:0,(anonymous_46)
FNDA:0,(anonymous_47)
FNDA:0,(anonymous_48)
FNDA:0,(anonymous_49)
FNDA:0,(anonymous_50)
FNDA:0,(anonymous_51)
FNDA:0,(anonymous_52)
FNDA:0,(anonymous_53)
FNDA:0,(anonymous_54)
FNDA:0,(anonymous_55)
FNDA:0,(anonymous_56)
FNDA:0,(anonymous_57)
FNDA:0,(anonymous_58)
FNDA:0,(anonymous_59)
FNDA:0,(anonymous_60)
FNDA:0,(anonymous_61)
FNDA:0,(anonymous_62)
FNDA:0,(anonymous_63)
FNDA:0,(anonymous_64)
FNDA:0,(anonymous_65)
FNDA:0,(anonymous_66)
FNDA:0,(anonymous_67)
FNDA:0,(anonymous_68)
FNDA:0,(anonymous_69)
FNDA:0,(anonymous_70)
FNDA:0,(anonymous_71)
FNDA:0,(anonymous_72)
FNDA:0,(anonymous_73)
FNDA:0,(anonymous_74)
FNDA:0,(anonymous_75)
FNDA:0,(anonymous_76)
FNDA:0,(anonymous_77)
FNDA:0,(anonymous_78)
FNDA:0,(anonymous_79)
FNDA:0,(anonymous_80)
FNDA:0,(anonymous_81)
FNDA:0,(anonymous_82)
FNDA:0,(anonymous_83)
FNDA:0,(anonymous_84)
FNDA:0,(anonymous_85)
FNDA:0,(anonymous_86)
FNDA:0,(anonymous_87)
FNDA:0,(anonymous_88)
FNDA:0,(anonymous_89)
FNDA:0,(anonymous_90)
FNDA:0,(anonymous_91)
FNDA:0,(anonymous_92)
FNDA:0,(anonymous_93)
FNDA:0,(anonymous_94)
FNDA:0,(anonymous_95)
FNDA:0,(anonymous_96)
FNDA:0,(anonymous_97)
FNDA:0,(anonymous_98)
FNDA:0,(anonymous_99)
FNDA:0,(anonymous_100)
FNDA:0,(anonymous_101)
FNDA:0,(anonymous_102)
FNDA:0,(anonymous_103)
FNDA:0,(anonymous_104)
FNDA:0,(anonymous_105)
FNDA:0,(anonymous_106)
FNDA:0,(anonymous_107)
FNDA:0,(anonymous_108)
FNDA:0,(anonymous_109)
FNDA:0,(anonymous_110)
FNDA:0,(anonymous_111)
FNDA:0,(anonymous_112)
FNDA:0,(anonymous_113)
FNDA:0,(anonymous_114)
FNDA:0,(anonymous_115)
FNDA:0,(anonymous_116)
FNDA:0,(anonymous_117)
FNDA:0,(anonymous_118)
FNDA:0,(anonymous_119)
FNDA:0,(anonymous_120)
FNDA:0,(anonymous_121)
FNDA:0,(anonymous_122)
FNDA:0,(anonymous_123)
FNDA:0,(anonymous_124)
FNDA:0,(anonymous_125)
FNDA:0,(anonymous_126)
FNDA:0,(anonymous_127)
FNDA:0,(anonymous_128)
FNDA:0,(anonymous_129)
FNDA:0,(anonymous_130)
FNDA:0,(anonymous_131)
FNDA:0,(anonymous_132)
FNDA:0,(anonymous_133)
FNDA:0,(anonymous_134)
FNDA:0,(anonymous_135)
FNDA:0,(anonymous_136)
FNDA:0,(anonymous_137)
FNDA:0,(anonymous_138)
FNDA:0,(anonymous_139)
FNDA:0,(anonymous_140)
FNDA:0,(anonymous_141)
FNDA:0,(anonymous_142)
FNDA:0,(anonymous_143)
FNDA:0,(anonymous_144)
FNDA:0,(anonymous_145)
FNDA:0,(anonymous_146)
FNDA:0,(anonymous_147)
FNDA:0,(anonymous_148)
FNDA:0,(anonymous_149)
FNDA:0,(anonymous_150)
FNDA:0,(anonymous_151)
FNDA:0,(anonymous_152)
FNDA:0,(anonymous_153)
FNDA:0,App
FNDA:0,(anonymous_155)
FNDA:0,(anonymous_156)
DA:1,0
DA:2,0
DA:3,0
DA:4,0
DA:5,0
DA:7,0
DA:8,0
DA:9,0
DA:10,0
DA:11,0
DA:12,0
DA:13,0
DA:14,0
DA:15,0
DA:18,0
DA:19,0
DA:20,0
DA:21,0
DA:24,0
DA:25,0
DA:26,0
DA:27,0
DA:28,0
DA:29,0
DA:30,0
DA:31,0
DA:32,0
DA:33,0
DA:34,0
DA:35,0
DA:36,0
DA:40,0
DA:41,0
DA:46,0
DA:47,0
DA:48,0
DA:53,0
DA:54,0
DA:59,0
DA:62,0
DA:63,0
DA:69,0
DA:70,0
DA:75,0
DA:76,0
DA:80,0
DA:83,0
DA:84,0
DA:85,0
DA:86,0
DA:87,0
DA:88,0
DA:91,0
DA:92,0
DA:93,0
DA:94,0
DA:97,0
DA:98,0
DA:100,0
DA:101,0
DA:102,0
DA:105,0
DA:106,0
DA:107,0
DA:110,0
DA:113,0
DA:116,0
DA:119,0
DA:122,0
DA:123,0
DA:124,0
DA:125,0
DA:128,0
DA:129,0
DA:130,0
DA:133,0
DA:134,0
DA:135,0
DA:136,0
DA:137,0
DA:140,0
DA:141,0
DA:144,0
DA:145,0
DA:148,0
DA:149,0
DA:155,0
DA:156,0
DA:162,0
DA:163,0
DA:169,0
DA:172,0
DA:175,0
DA:178,0
DA:180,0
DA:195,0
DA:196,0
DA:212,0
DA:213,0
DA:217,0
DA:248,0
DA:249,0
DA:252,0
DA:254,0
DA:255,0
DA:256,0
DA:258,0
DA:259,0
DA:263,0
LF:109
LH:0
BRF:0
BRH:0
end_of_record
TN:
SF:src\components\AchievementsList.tsx
FN:18,(anonymous_1)
FN:20,(anonymous_2)
FN:40,(anonymous_3)
FN:43,getDynamicWidthClass
FN:96,(anonymous_5)
FN:99,(anonymous_6)
FN:101,(anonymous_7)
FN:126,(anonymous_8)
FNF:8
FNH:0
FNDA:0,(anonymous_1)
FNDA:0,(anonymous_2)
FNDA:0,(anonymous_3)
FNDA:0,getDynamicWidthClass
FNDA:0,(anonymous_5)
FNDA:0,(anonymous_6)
FNDA:0,(anonymous_7)
FNDA:0,(anonymous_8)
DA:2,0
DA:3,0
DA:4,0
DA:5,0
DA:6,0
DA:18,0
DA:20,0
DA:21,0
DA:23,0
DA:25,0
DA:27,0
DA:29,0
DA:31,0
DA:33,0
DA:35,0
DA:40,0
DA:41,0
DA:44,0
DA:47,0
DA:96,0
DA:99,0
DA:102,0
DA:127,0
DA:170,0
LF:24
LH:0
BRDA:21,0,0,0
BRDA:21,0,1,0
BRDA:21,0,2,0
BRDA:21,0,3,0
BRDA:21,0,4,0
BRDA:21,0,5,0
BRDA:21,0,6,0
BRDA:66,1,0,0
BRDA:66,1,1,0
BRDA:96,2,0,0
BRDA:96,2,1,0
BRDA:130,3,0,0
BRDA:130,3,1,0
BRDA:137,4,0,0
BRDA:137,4,1,0
BRDA:145,5,0,0
BRDA:145,5,1,0
BRDA:149,6,0,0
BRDA:149,6,1,0
BRDA:149,6,2,0
BRDA:155,7,0,0
BRDA:155,7,1,0
BRF:22
BRH:0
end_of_record
TN:
SF:src\components\BalanceUpdateModel.tsx
FN:23,BalanceUpdateModal
FN:34,(anonymous_10)
FN:68,(anonymous_11)
FN:78,(anonymous_12)
FN:90,(anonymous_13)
FNF:5
FNH:0
FNDA:0,BalanceUpdateModal
FNDA:0,(anonymous_10)
FNDA:0,(anonymous_11)
FNDA:0,(anonymous_12)
FNDA:0,(anonymous_13)
DA:1,0
DA:2,0
DA:10,0
DA:11,0
DA:12,0
DA:13,0
DA:23,0
DA:30,0
DA:31,0
DA:32,0
DA:34,0
DA:35,0
DA:36,0
DA:37,0
DA:40,0
DA:68,0
DA:78,0
DA:90,0
LF:18
LH:0
BRF:0
BRH:0
end_of_record
TN:
SF:src\components\BalanceUpdateReminder.tsx
FN:36,(anonymous_0)
FN:46,(anonymous_1)
FN:52,(anonymous_2)
FN:90,(anonymous_3)
FN:91,(anonymous_4)
FN:97,(anonymous_5)
FN:98,(anonymous_6)
FN:115,(anonymous_7)
FN:123,(anonymous_8)
FN:127,(anonymous_9)
FN:151,(anonymous_10)
FNF:11
FNH:0
FNDA:0,(anonymous_0)
FNDA:0,(anonymous_1)
FNDA:0,(anonymous_2)
FNDA:0,(anonymous_3)
FNDA:0,(anonymous_4)
FNDA:0,(anonymous_5)
FNDA:0,(anonymous_6)
FNDA:0,(anonymous_7)
FNDA:0,(anonymous_8)
FNDA:0,(anonymous_9)
FNDA:0,(anonymous_10)
DA:1,0
DA:2,0
DA:3,0
DA:4,0
DA:5,0
DA:6,0
DA:7,0
DA:8,0
DA:36,0
DA:41,0
DA:42,0
DA:43,0
DA:44,0
DA:46,0
DA:50,0
DA:52,0
DA:53,0
DA:54,0
DA:57,0
DA:74,0
DA:75,0
DA:76,0
DA:79,0
DA:83,0
DA:86,0
DA:87,0
DA:90,0
DA:91,0
DA:93,0
DA:94,0
DA:97,0
DA:98,0
DA:99,0
DA:106,0
DA:107,0
DA:108,0
DA:110,0
DA:113,0
DA:115,0
DA:116,0
DA:117,0
DA:118,0
DA:123,0
DA:124,0
DA:128,0
DA:151,0
DA:168,0
DA:191,0
LF:48
LH:0
BRDA:57,0,0,0
BRDA:57,0,1,0
BRDA:74,1,0,0
BRDA:74,1,1,0
BRDA:75,2,0,0
BRDA:90,3,0,0
BRDA:90,3,1,0
BRDA:93,4,0,0
BRDA:103,5,0,0
BRDA:103,5,1,0
BRDA:107,6,0,0
BRDA:107,6,1,0
BRDA:130,7,0,0
BRDA:130,7,1,0
BRDA:136,8,0,0
BRDA:136,8,1,0
BRDA:147,9,0,0
BRDA:147,9,1,0
BRDA:154,10,0,0
BRDA:154,10,1,0
BRDA:180,11,0,0
BRDA:180,11,1,0
BRF:22
BRH:0
end_of_record
TN:
SF:src\components\BlogPostEditor.tsx
FN:9,(anonymous_9)
FN:13,(anonymous_10)
FN:15,(anonymous_11)
FN:21,(anonymous_12)
FNF:4
FNH:0
FNDA:0,(anonymous_9)
FNDA:0,(anonymous_10)
FNDA:0,(anonymous_11)
FNDA:0,(anonymous_12)
DA:1,0
DA:2,0
DA:3,0
DA:5,0
DA:6,0
DA:7,0
DA:9,0
DA:10,0
DA:11,0
DA:12,0
DA:13,0
DA:15,0
DA:16,0
DA:17,0
DA:21,0
DA:27,0
DA:28,0
DA:29,0
DA:31,0
DA:32,0
DA:33,0
DA:38,0
DA:57,0
LF:23
LH:0
BRDA:16,0,0,0
BRDA:16,1,0,0
BRDA:16,1,1,0
BRDA:27,2,0,0
BRDA:27,2,1,0
BRDA:32,3,0,0
BRDA:41,4,0,0
BRDA:41,4,1,0
BRDA:46,5,0,0
BRDA:46,5,1,0
BRDA:48,6,0,0
BRDA:48,6,1,0
BRF:12
BRH:0
end_of_record
TN:
SF:src\components\BlogPostForm.tsx
FN:20,(anonymous_9)
FN:30,(anonymous_10)
FN:41,(anonymous_11)
FN:49,(anonymous_12)
FN:58,(anonymous_13)
FN:59,(anonymous_14)
FN:60,(anonymous_15)
FN:64,(anonymous_16)
FN:80,(anonymous_17)
FNF:9
FNH:0
FNDA:0,(anonymous_9)
FNDA:0,(anonymous_10)
FNDA:0,(anonymous_11)
FNDA:0,(anonymous_12)
FNDA:0,(anonymous_13)
FNDA:0,(anonymous_14)
FNDA:0,(anonymous_15)
FNDA:0,(anonymous_16)
FNDA:0,(anonymous_17)
DA:1,0
DA:2,0
DA:20,0
DA:25,0
DA:26,0
DA:27,0
DA:28,0
DA:30,0
DA:31,0
DA:32,0
DA:35,0
DA:41,0
DA:49,0
DA:58,0
DA:60,0
DA:61,0
DA:65,0
DA:80,0
LF:18
LH:0
BRDA:21,0,0,0
BRF:1
BRH:0
end_of_record
TN:
SF:src\components\BookCard.tsx
FN:13,(anonymous_1)
FN:23,(anonymous_2)
FN:30,(anonymous_3)
FN:61,(anonymous_4)
FNF:4
FNH:0
FNDA:0,(anonymous_1)
FNDA:0,(anonymous_2)
FNDA:0,(anonymous_3)
FNDA:0,(anonymous_4)
DA:1,0
DA:3,0
DA:4,0
DA:5,0
DA:13,0
DA:14,0
DA:16,0
DA:23,0
DA:30,0
DA:62,0
DA:96,0
LF:11
LH:0
BRDA:42,0,0,0
BRDA:42,0,1,0
BRDA:65,1,0,0
BRDA:65,1,1,0
BRDA:80,2,0,0
BRDA:80,2,1,0
BRDA:85,3,0,0
BRDA:85,3,1,0
BRF:8
BRH:0
end_of_record
TN:
SF:src\components\BookImport.tsx
FN:9,(anonymous_9)
FN:13,(anonymous_10)
FN:57,(anonymous_11)
FNF:3
FNH:0
FNDA:0,(anonymous_9)
FNDA:0,(anonymous_10)
FNDA:0,(anonymous_11)
DA:1,0
DA:2,0
DA:3,0
DA:4,0
DA:5,0
DA:6,0
DA:9,0
DA:10,0
DA:11,0
DA:13,0
DA:14,0
DA:15,0
DA:16,0
DA:18,0
DA:19,0
DA:20,0
DA:35,0
DA:36,0
DA:37,0
DA:39,0
DA:42,0
DA:43,0
DA:47,0
DA:57,0
DA:65,0
LF:25
LH:0
BRDA:18,0,0,0
BRDA:18,0,1,0
BRDA:18,1,0,0
BRDA:18,1,1,0
BRDA:21,2,0,0
BRDA:21,2,1,0
BRDA:22,3,0,0
BRDA:22,3,1,0
BRDA:24,4,0,0
BRDA:24,4,1,0
BRDA:27,5,0,0
BRDA:27,5,1,0
BRDA:29,6,0,0
BRDA:29,6,1,0
BRF:14
BRH:0
end_of_record
TN:
SF:src\components\BookRecommendations.tsx
FN:9,(anonymous_1)
FN:10,(anonymous_2)
FN:12,(anonymous_3)
FN:13,(anonymous_4)
FN:23,(anonymous_5)
FNF:5
FNH:0
FNDA:0,(anonymous_1)
FNDA:0,(anonymous_2)
FNDA:0,(anonymous_3)
FNDA:0,(anonymous_4)
FNDA:0,(anonymous_5)
DA:1,0
DA:3,0
DA:9,0
DA:10,0
DA:11,0
DA:12,0
DA:13,0
DA:14,0
DA:17,0
DA:19,0
DA:24,0
DA:39,0
LF:12
LH:0
BRF:0
BRH:0
end_of_record
TN:
SF:src\components\BookShelf.tsx
FN:58,BookShelf
FN:60,(anonymous_11)
FN:72,(anonymous_12)
FN:78,(anonymous_13)
FN:90,(anonymous_14)
FN:101,(anonymous_15)
FN:103,(anonymous_16)
FN:113,(anonymous_17)
FN:142,(anonymous_18)
FN:148,(anonymous_19)
FN:167,(anonymous_20)
FN:168,(anonymous_21)
FN:169,(anonymous_22)
FN:173,(anonymous_23)
FN:176,(anonymous_24)
FN:180,(anonymous_25)
FN:185,(anonymous_26)
FN:212,(anonymous_27)
FN:221,(anonymous_28)
FN:230,(anonymous_29)
FN:252,(anonymous_30)
FN:255,(anonymous_31)
FN:258,(anonymous_32)
FN:262,(anonymous_33)
FN:270,(anonymous_34)
FN:300,(anonymous_35)
FN:303,(anonymous_36)
FN:312,(anonymous_37)
FN:324,(anonymous_38)
FN:327,(anonymous_39)
FN:402,(anonymous_40)
FN:402,(anonymous_41)
FN:408,(anonymous_42)
FN:443,(anonymous_43)
FN:444,(anonymous_44)
FN:454,(anonymous_45)
FNF:36
FNH:0
FNDA:0,BookShelf
FNDA:0,(anonymous_11)
FNDA:0,(anonymous_12)
FNDA:0,(anonymous_13)
FNDA:0,(anonymous_14)
FNDA:0,(anonymous_15)
FNDA:0,(anonymous_16)
FNDA:0,(anonymous_17)
FNDA:0,(anonymous_18)
FNDA:0,(anonymous_19)
FNDA:0,(anonymous_20)
FNDA:0,(anonymous_21)
FNDA:0,(anonymous_22)
FNDA:0,(anonymous_23)
FNDA:0,(anonymous_24)
FNDA:0,(anonymous_25)
FNDA:0,(anonymous_26)
FNDA:0,(anonymous_27)
FNDA:0,(anonymous_28)
FNDA:0,(anonymous_29)
FNDA:0,(anonymous_30)
FNDA:0,(anonymous_31)
FNDA:0,(anonymous_32)
FNDA:0,(anonymous_33)
FNDA:0,(anonymous_34)
FNDA:0,(anonymous_35)
FNDA:0,(anonymous_36)
FNDA:0,(anonymous_37)
FNDA:0,(anonymous_38)
FNDA:0,(anonymous_39)
FNDA:0,(anonymous_40)
FNDA:0,(anonymous_41)
FNDA:0,(anonymous_42)
FNDA:0,(anonymous_43)
FNDA:0,(anonymous_44)
FNDA:0,(anonymous_45)
DA:1,0
DA:2,0
DA:4,0
DA:5,0
DA:6,0
DA:7,0
DA:8,0
DA:16,0
DA:23,0
DA:24,0
DA:25,0
DA:26,0
DA:27,0
DA:28,0
DA:29,0
DA:30,0
DA:31,0
DA:32,0
DA:33,0
DA:41,0
DA:43,0
DA:56,0
DA:58,0
DA:59,0
DA:60,0
DA:61,0
DA:62,0
DA:63,0
DA:64,0
DA:65,0
DA:66,0
DA:67,0
DA:68,0
DA:69,0
DA:70,0
DA:72,0
DA:73,0
DA:74,0
DA:78,0
DA:79,0
DA:80,0
DA:86,0
DA:90,0
DA:91,0
DA:92,0
DA:100,0
DA:102,0
DA:103,0
DA:113,0
DA:114,0
DA:115,0
DA:116,0
DA:117,0
DA:118,0
DA:123,0
DA:124,0
DA:129,0
DA:130,0
DA:131,0
DA:133,0
DA:134,0
DA:142,0
DA:143,0
DA:144,0
DA:147,0
DA:149,0
DA:150,0
DA:151,0
DA:156,0
DA:157,0
DA:167,0
DA:168,0
DA:169,0
DA:173,0
DA:174,0
DA:177,0
DA:180,0
DA:186,0
DA:187,0
DA:188,0
DA:189,0
DA:190,0
DA:194,0
DA:195,0
DA:198,0
DA:212,0
DA:222,0
DA:230,0
DA:252,0
DA:255,0
DA:259,0
DA:262,0
DA:271,0
DA:300,0
DA:303,0
DA:313,0
DA:324,0
DA:327,0
DA:402,0
DA:409,0
DA:444,0
DA:455,0
LF:102
LH:0
BRDA:73,0,0,0
BRDA:79,1,0,0
BRDA:79,1,1,0
BRDA:82,2,0,0
BRDA:82,2,1,0
BRDA:83,3,0,0
BRDA:83,3,1,0
BRDA:91,4,0,0
BRDA:105,5,0,0
BRDA:105,5,1,0
BRDA:106,6,0,0
BRDA:106,6,1,0
BRDA:116,7,0,0
BRDA:116,7,1,0
BRDA:169,8,0,0
BRDA:169,8,1,0
BRDA:177,9,0,0
BRDA:177,9,1,0
BRDA:177,9,2,0
BRDA:177,9,3,0
BRDA:177,9,4,0
BRDA:177,9,5,0
BRDA:177,9,6,0
BRDA:177,9,7,0
BRDA:177,9,8,0
BRDA:177,9,9,0
BRDA:177,9,10,0
BRDA:186,10,0,0
BRDA:187,11,0,0
BRDA:188,12,0,0
BRDA:189,13,0,0
BRDA:194,14,0,0
BRDA:252,15,0,0
BRDA:252,15,1,0
BRDA:253,16,0,0
BRDA:253,16,1,0
BRDA:261,17,0,0
BRDA:261,17,1,0
BRDA:268,18,0,0
BRDA:268,18,1,0
BRDA:292,19,0,0
BRDA:292,19,1,0
BRDA:349,20,0,0
BRDA:349,20,1,0
BRDA:351,21,0,0
BRDA:351,21,1,0
BRDA:456,22,0,0
BRDA:456,22,1,0
BRDA:482,23,0,0
BRDA:482,23,1,0
BRF:50
BRH:0
end_of_record
TN:
SF:src\components\CalendarHeader.tsx
FN:12,CalendarHeader
FN:15,(anonymous_1)
FN:16,(anonymous_2)
FN:27,(anonymous_3)
FN:72,(anonymous_4)
FN:79,(anonymous_5)
FN:86,(anonymous_6)
FNF:7
FNH:0
FNDA:0,CalendarHeader
FNDA:0,(anonymous_1)
FNDA:0,(anonymous_2)
FNDA:0,(anonymous_3)
FNDA:0,(anonymous_4)
FNDA:0,(anonymous_5)
FNDA:0,(anonymous_6)
DA:3,0
DA:4,0
DA:5,0
DA:12,0
DA:13,0
DA:15,0
DA:16,0
DA:17,0
DA:18,0
DA:19,0
DA:20,0
DA:21,0
DA:23,0
DA:25,0
DA:27,0
DA:28,0
DA:29,0
DA:30,0
DA:31,0
DA:32,0
DA:34,0
DA:36,0
DA:39,0
DA:72,0
DA:79,0
DA:86,0
LF:26
LH:0
BRDA:18,0,0,0
BRDA:18,0,1,0
BRDA:20,1,0,0
BRDA:20,1,1,0
BRDA:29,2,0,0
BRDA:29,2,1,0
BRDA:31,3,0,0
BRDA:31,3,1,0
BRDA:50,4,0,0
BRDA:50,4,1,0
BRDA:50,5,0,0
BRDA:50,5,1,0
BRDA:56,6,0,0
BRDA:56,6,1,0
BRDA:56,7,0,0
BRDA:56,7,1,0
BRDA:70,8,0,0
BRDA:70,8,1,0
BRDA:77,9,0,0
BRDA:77,9,1,0
BRDA:84,10,0,0
BRDA:84,10,1,0
BRF:22
BRH:0
end_of_record
TN:
SF:src\components\ChartControls.tsx
FN:9,(anonymous_1)
FN:13,(anonymous_2)
FNF:2
FNH:0
FNDA:0,(anonymous_1)
FNDA:0,(anonymous_2)
DA:1,0
DA:2,0
DA:9,0
DA:10,0
DA:14,0
DA:29,0
LF:6
LH:0
BRF:0
BRH:0
end_of_record
TN:
SF:src\components\CustomTooltip.tsx
FN:16,(anonymous_0)
FN:22,(anonymous_1)
FN:30,(anonymous_2)
FNF:3
FNH:0
FNDA:0,(anonymous_0)
FNDA:0,(anonymous_1)
FNDA:0,(anonymous_2)
DA:2,0
DA:16,0
DA:17,0
DA:18,0
DA:23,0
DA:31,0
DA:32,0
DA:47,0
DA:50,0
LF:9
LH:0
BRDA:17,0,0,0
BRDA:17,1,0,0
BRDA:17,1,1,0
BRDA:17,1,2,0
BRDA:31,2,0,0
BRDA:39,3,0,0
BRDA:39,3,1,0
BRF:7
BRH:0
end_of_record
TN:
SF:src\components\DailyBalanceReminder.tsx
FN:29,DailyBalanceReminder
FN:39,(anonymous_10)
FN:51,(anonymous_11)
FN:60,(anonymous_12)
FN:106,(anonymous_13)
FN:131,(anonymous_14)
FN:185,(anonymous_15)
FN:191,(anonymous_16)
FN:203,(anonymous_17)
FN:215,(anonymous_18)
FN:234,(anonymous_19)
FN:240,(anonymous_20)
FN:252,(anonymous_21)
FN:264,(anonymous_22)
FNF:14
FNH:0
FNDA:0,DailyBalanceReminder
FNDA:0,(anonymous_10)
FNDA:0,(anonymous_11)
FNDA:0,(anonymous_12)
FNDA:0,(anonymous_13)
FNDA:0,(anonymous_14)
FNDA:0,(anonymous_15)
FNDA:0,(anonymous_16)
FNDA:0,(anonymous_17)
FNDA:0,(anonymous_18)
FNDA:0,(anonymous_19)
FNDA:0,(anonymous_20)
FNDA:0,(anonymous_21)
FNDA:0,(anonymous_22)
DA:1,0
DA:2,0
DA:3,0
DA:4,0
DA:5,0
DA:6,0
DA:7,0
DA:8,0
DA:9,0
DA:17,0
DA:19,0
DA:26,0
DA:27,0
DA:29,0
DA:30,0
DA:31,0
DA:32,0
DA:33,0
DA:34,0
DA:35,0
DA:36,0
DA:39,0
DA:42,0
DA:43,0
DA:51,0
DA:53,0
DA:54,0
DA:55,0
DA:56,0
DA:60,0
DA:61,0
DA:63,0
DA:65,0
DA:66,0
DA:73,0
DA:76,0
DA:77,0
DA:85,0
DA:89,0
DA:90,0
DA:93,0
DA:94,0
DA:99,0
DA:106,0
DA:107,0
DA:108,0
DA:109,0
DA:112,0
DA:113,0
DA:118,0
DA:123,0
DA:131,0
DA:132,0
DA:133,0
DA:135,0
DA:139,0
DA:141,0
DA:185,0
DA:192,0
DA:203,0
DA:215,0
DA:234,0
DA:241,0
DA:252,0
DA:264,0
LF:65
LH:0
BRDA:54,0,0,0
BRDA:54,0,1,0
BRDA:55,1,0,0
BRDA:55,2,0,0
BRDA:55,2,1,0
BRDA:65,3,0,0
BRDA:65,4,0,0
BRDA:65,4,1,0
BRDA:76,5,0,0
BRDA:76,6,0,0
BRDA:76,6,1,0
BRDA:93,7,0,0
BRDA:93,7,1,0
BRDA:132,8,0,0
BRDA:132,8,1,0
BRDA:139,9,0,0
BRDA:143,10,0,0
BRDA:143,10,1,0
BRDA:199,11,0,0
BRDA:199,11,1,0
BRDA:202,12,0,0
BRDA:202,12,1,0
BRDA:248,13,0,0
BRDA:248,13,1,0
BRDA:251,14,0,0
BRDA:251,14,1,0
BRF:26
BRH:0
end_of_record
TN:
SF:src\components\DayView.tsx
FN:27,(anonymous_0)
FN:36,(anonymous_1)
FN:58,(anonymous_2)
FN:77,(anonymous_3)
FN:96,(anonymous_4)
FN:115,(anonymous_5)
FN:127,DayView
FN:143,(anonymous_7)
FN:148,(anonymous_8)
FN:168,(anonymous_9)
FN:182,(anonymous_10)
FN:189,(anonymous_11)
FN:196,(anonymous_12)
FN:214,(anonymous_13)
FN:221,(anonymous_14)
FN:236,(anonymous_15)
FN:237,(anonymous_16)
FN:256,(anonymous_17)
FN:276,(anonymous_18)
FN:281,(anonymous_19)
FN:281,(anonymous_20)
FN:299,(anonymous_21)
FN:311,(anonymous_22)
FN:318,(anonymous_23)
FN:319,(anonymous_24)
FN:332,(anonymous_25)
FN:342,(anonymous_26)
FN:366,(anonymous_27)
FN:384,(anonymous_28)
FN:411,(anonymous_29)
FN:425,(anonymous_30)
FN:432,(anonymous_31)
FN:436,(anonymous_32)
FN:445,(anonymous_33)
FN:452,(anonymous_34)
FN:470,(anonymous_35)
FNF:36
FNH:0
FNDA:0,(anonymous_0)
FNDA:0,(anonymous_1)
FNDA:0,(anonymous_2)
FNDA:0,(anonymous_3)
FNDA:0,(anonymous_4)
FNDA:0,(anonymous_5)
FNDA:0,DayView
FNDA:0,(anonymous_7)
FNDA:0,(anonymous_8)
FNDA:0,(anonymous_9)
FNDA:0,(anonymous_10)
FNDA:0,(anonymous_11)
FNDA:0,(anonymous_12)
FNDA:0,(anonymous_13)
FNDA:0,(anonymous_14)
FNDA:0,(anonymous_15)
FNDA:0,(anonymous_16)
FNDA:0,(anonymous_17)
FNDA:0,(anonymous_18)
FNDA:0,(anonymous_19)
FNDA:0,(anonymous_20)
FNDA:0,(anonymous_21)
FNDA:0,(anonymous_22)
FNDA:0,(anonymous_23)
FNDA:0,(anonymous_24)
FNDA:0,(anonymous_25)
FNDA:0,(anonymous_26)
FNDA:0,(anonymous_27)
FNDA:0,(anonymous_28)
FNDA:0,(anonymous_29)
FNDA:0,(anonymous_30)
FNDA:0,(anonymous_31)
FNDA:0,(anonymous_32)
FNDA:0,(anonymous_33)
FNDA:0,(anonymous_34)
FNDA:0,(anonymous_35)
DA:3,0
DA:4,0
DA:5,0
DA:6,0
DA:7,0
DA:9,0
DA:10,0
DA:11,0
DA:25,0
DA:28,0
DA:29,0
DA:30,0
DA:31,0
DA:33,0
DA:35,0
DA:45,0
DA:52,0
DA:53,0
DA:59,0
DA:60,0
DA:68,0
DA:69,0
DA:71,0
DA:72,0
DA:78,0
DA:79,0
DA:87,0
DA:88,0
DA:90,0
DA:91,0
DA:97,0
DA:98,0
DA:106,0
DA:107,0
DA:109,0
DA:110,0
DA:116,0
DA:117,0
DA:118,0
DA:119,0
DA:121,0
DA:122,0
DA:127,0
DA:128,0
DA:129,0
DA:130,0
DA:131,0
DA:132,0
DA:133,0
DA:134,0
DA:135,0
DA:139,0
DA:140,0
DA:143,0
DA:144,0
DA:148,0
DA:149,0
DA:151,0
DA:152,0
DA:153,0
DA:154,0
DA:157,0
DA:163,0
DA:168,0
DA:169,0
DA:171,0
DA:172,0
DA:173,0
DA:176,0
DA:177,0
DA:182,0
DA:183,0
DA:184,0
DA:185,0
DA:189,0
DA:190,0
DA:191,0
DA:192,0
DA:193,0
DA:196,0
DA:198,0
DA:199,0
DA:205,0
DA:208,0
DA:209,0
DA:210,0
DA:211,0
DA:214,0
DA:215,0
DA:216,0
DA:217,0
DA:218,0
DA:221,0
DA:222,0
DA:223,0
DA:228,0
DA:231,0
DA:232,0
DA:234,0
DA:236,0
DA:237,0
DA:238,0
DA:248,0
DA:254,0
DA:256,0
DA:261,0
DA:268,0
DA:276,0
DA:277,0
DA:279,0
DA:280,0
DA:281,0
DA:283,0
DA:288,0
DA:291,0
DA:299,0
DA:300,0
DA:301,0
DA:303,0
DA:310,0
DA:311,0
DA:315,0
DA:318,0
DA:319,0
DA:320,0
DA:321,0
DA:322,0
DA:326,0
DA:329,0
DA:332,0
DA:335,0
DA:343,0
DA:344,0
DA:345,0
DA:367,0
DA:368,0
DA:369,0
DA:384,0
DA:412,0
DA:426,0
DA:432,0
DA:437,0
DA:438,0
DA:446,0
DA:447,0
DA:448,0
DA:449,0
DA:452,0
DA:471,0
DA:472,0
LF:150
LH:0
BRDA:31,0,0,0
BRDA:68,1,0,0
BRDA:87,2,0,0
BRDA:106,3,0,0
BRDA:118,4,0,0
BRDA:149,5,0,0
BRDA:169,6,0,0
BRDA:183,7,0,0
BRDA:198,8,0,0
BRDA:198,9,0,0
BRDA:198,9,1,0
BRDA:222,10,0,0
BRDA:232,11,0,0
BRDA:232,11,1,0
BRDA:238,12,0,0
BRDA:238,12,1,0
BRDA:277,13,0,0
BRDA:306,14,0,0
BRDA:306,14,1,0
BRDA:377,15,0,0
BRDA:377,15,1,0
BRDA:390,16,0,0
BRDA:390,16,1,0
BRDA:396,17,0,0
BRDA:396,17,1,0
BRDA:412,18,0,0
BRDA:412,18,1,0
BRDA:430,19,0,0
BRDA:430,19,1,0
BRDA:443,20,0,0
BRDA:443,20,1,0
BRDA:443,20,2,0
BRDA:446,21,0,0
BRDA:455,22,0,0
BRDA:455,22,1,0
BRDA:467,23,0,0
BRDA:467,23,1,0
BRDA:475,24,0,0
BRDA:475,24,1,0
BRF:39
BRH:0
end_of_record
TN:
SF:src\components\EnhancedBlogPostForm.tsx
FN:50,(anonymous_10)
FN:71,(anonymous_11)
FN:77,(anonymous_12)
FN:84,(anonymous_13)
FN:91,(anonymous_14)
FN:133,(anonymous_15)
FN:140,(anonymous_16)
FN:146,(anonymous_17)
FN:152,(anonymous_18)
FN:188,(anonymous_19)
FN:234,(anonymous_20)
FN:245,(anonymous_21)
FN:246,(anonymous_22)
FN:263,(anonymous_23)
FN:264,(anonymous_24)
FN:265,(anonymous_25)
FN:269,(anonymous_26)
FN:286,(anonymous_27)
FN:306,(anonymous_28)
FN:311,(anonymous_29)
FNF:20
FNH:0
FNDA:0,(anonymous_10)
FNDA:0,(anonymous_11)
FNDA:0,(anonymous_12)
FNDA:0,(anonymous_13)
FNDA:0,(anonymous_14)
FNDA:0,(anonymous_15)
FNDA:0,(anonymous_16)
FNDA:0,(anonymous_17)
FNDA:0,(anonymous_18)
FNDA:0,(anonymous_19)
FNDA:0,(anonymous_20)
FNDA:0,(anonymous_21)
FNDA:0,(anonymous_22)
FNDA:0,(anonymous_23)
FNDA:0,(anonymous_24)
FNDA:0,(anonymous_25)
FNDA:0,(anonymous_26)
FNDA:0,(anonymous_27)
FNDA:0,(anonymous_28)
FNDA:0,(anonymous_29)
DA:1,0
DA:2,0
DA:24,0
DA:26,0
DA:31,0
DA:50,0
DA:56,0
DA:57,0
DA:58,0
DA:59,0
DA:62,0
DA:63,0
DA:64,0
DA:65,0
DA:66,0
DA:67,0
DA:68,0
DA:71,0
DA:72,0
DA:73,0
DA:74,0
DA:77,0
DA:78,0
DA:81,0
DA:84,0
DA:85,0
DA:86,0
DA:91,0
DA:92,0
DA:94,0
DA:99,0
DA:100,0
DA:101,0
DA:103,0
DA:104,0
DA:109,0
DA:114,0
DA:115,0
DA:116,0
DA:117,0
DA:120,0
DA:121,0
DA:124,0
DA:127,0
DA:129,0
DA:133,0
DA:134,0
DA:135,0
DA:136,0
DA:140,0
DA:141,0
DA:142,0
DA:146,0
DA:147,0
DA:148,0
DA:152,0
DA:153,0
DA:155,0
DA:156,0
DA:157,0
DA:160,0
DA:166,0
DA:169,0
DA:177,0
DA:188,0
DA:234,0
DA:245,0
DA:247,0
DA:263,0
DA:265,0
DA:266,0
DA:270,0
DA:286,0
DA:307,0
DA:312,0
DA:313,0
LF:76
LH:0
BRDA:51,0,0,0
BRDA:54,1,0,0
BRDA:72,2,0,0
BRDA:72,3,0,0
BRDA:72,3,1,0
BRDA:72,3,2,0
BRDA:73,4,0,0
BRDA:85,5,0,0
BRDA:92,6,0,0
BRDA:92,7,0,0
BRDA:92,7,1,0
BRDA:106,8,0,0
BRDA:106,8,1,0
BRDA:114,9,0,0
BRDA:120,10,0,0
BRDA:134,11,0,0
BRDA:141,12,0,0
BRDA:147,13,0,0
BRDA:155,14,0,0
BRDA:195,15,0,0
BRDA:195,15,1,0
BRDA:204,16,0,0
BRDA:204,16,1,0
BRDA:210,17,0,0
BRDA:210,17,1,0
BRDA:216,18,0,0
BRDA:216,18,1,0
BRDA:220,19,0,0
BRDA:220,19,1,0
BRDA:220,19,2,0
BRDA:223,20,0,0
BRDA:223,20,1,0
BRDA:237,21,0,0
BRDA:237,21,1,0
BRDA:238,22,0,0
BRDA:238,22,1,0
BRDA:238,23,0,0
BRDA:238,23,1,0
BRDA:245,24,0,0
BRDA:245,24,1,0
BRDA:252,25,0,0
BRDA:252,25,1,0
BRDA:253,26,0,0
BRDA:253,26,1,0
BRDA:253,27,0,0
BRDA:253,27,1,0
BRDA:289,28,0,0
BRDA:289,28,1,0
BRDA:290,29,0,0
BRDA:290,29,1,0
BRDA:290,30,0,0
BRDA:290,30,1,0
BRDA:294,31,0,0
BRDA:294,31,1,0
BRDA:300,32,0,0
BRDA:300,32,1,0
BRDA:312,33,0,0
BRDA:323,34,0,0
BRDA:323,34,1,0
BRDA:336,35,0,0
BRDA:336,35,1,0
BRDA:336,35,2,0
BRDA:336,35,3,0
BRF:63
BRH:0
end_of_record
TN:
SF:src\components\ErrorBoundary.tsx
FN:13,(anonymous_9)
FN:18,(anonymous_10)
FN:22,(anonymous_11)
FN:35,(anonymous_12)
FN:61,(anonymous_13)
FN:83,(anonymous_14)
FN:88,(anonymous_15)
FN:92,(anonymous_16)
FN:96,(anonymous_17)
FN:102,(anonymous_18)
FN:116,(anonymous_19)
FN:121,(anonymous_20)
FN:125,(anonymous_21)
FN:134,(anonymous_22)
FN:140,(anonymous_23)
FN:153,(anonymous_24)
FN:158,(anonymous_25)
FN:162,(anonymous_26)
FN:171,(anonymous_27)
FN:179,(anonymous_28)
FNF:20
FNH:0
FNDA:0,(anonymous_9)
FNDA:0,(anonymous_10)
FNDA:0,(anonymous_11)
FNDA:0,(anonymous_12)
FNDA:0,(anonymous_13)
FNDA:0,(anonymous_14)
FNDA:0,(anonymous_15)
FNDA:0,(anonymous_16)
FNDA:0,(anonymous_17)
FNDA:0,(anonymous_18)
FNDA:0,(anonymous_19)
FNDA:0,(anonymous_20)
FNDA:0,(anonymous_21)
FNDA:0,(anonymous_22)
FNDA:0,(anonymous_23)
FNDA:0,(anonymous_24)
FNDA:0,(anonymous_25)
FNDA:0,(anonymous_26)
FNDA:0,(anonymous_27)
FNDA:0,(anonymous_28)
DA:1,0
DA:2,0
DA:14,0
DA:15,0
DA:19,0
DA:24,0
DA:32,0
DA:37,0
DA:38,0
DA:46,0
DA:47,0
DA:50,0
DA:51,0
DA:54,0
DA:55,0
DA:57,0
DA:62,0
DA:64,0
DA:73,0
DA:77,0
DA:79,0
DA:84,0
DA:85,0
DA:89,0
DA:93,0
DA:97,0
DA:98,0
DA:102,0
DA:107,0
DA:112,0
DA:117,0
DA:118,0
DA:122,0
DA:126,0
DA:129,0
DA:130,0
DA:135,0
DA:136,0
DA:140,0
DA:145,0
DA:149,0
DA:154,0
DA:155,0
DA:159,0
DA:163,0
DA:166,0
DA:167,0
DA:172,0
DA:173,0
DA:179,0
DA:184,0
LF:51
LH:0
BRDA:46,0,0,0
BRDA:46,0,1,0
BRDA:50,1,0,0
BRDA:62,2,0,0
BRDA:97,3,0,0
BRDA:129,4,0,0
BRDA:135,5,0,0
BRDA:166,6,0,0
BRDA:172,7,0,0
BRF:9
BRH:0
end_of_record
TN:
SF:src\components\EventModal.tsx
FN:62,EventModal
FN:81,(anonymous_1)
FN:111,(anonymous_2)
FN:162,(anonymous_3)
FN:178,(anonymous_4)
FN:193,(anonymous_5)
FN:206,(anonymous_6)
FN:216,(anonymous_7)
FN:225,(anonymous_8)
FN:238,(anonymous_9)
FN:250,(anonymous_10)
FN:274,(anonymous_11)
FN:285,(anonymous_12)
FN:325,(anonymous_13)
FNF:14
FNH:0
FNDA:0,EventModal
FNDA:0,(anonymous_1)
FNDA:0,(anonymous_2)
FNDA:0,(anonymous_3)
FNDA:0,(anonymous_4)
FNDA:0,(anonymous_5)
FNDA:0,(anonymous_6)
FNDA:0,(anonymous_7)
FNDA:0,(anonymous_8)
FNDA:0,(anonymous_9)
FNDA:0,(anonymous_10)
FNDA:0,(anonymous_11)
FNDA:0,(anonymous_12)
FNDA:0,(anonymous_13)
DA:3,0
DA:11,0
DA:12,0
DA:13,0
DA:14,0
DA:15,0
DA:16,0
DA:17,0
DA:18,0
DA:19,0
DA:20,0
DA:45,0
DA:62,0
DA:72,0
DA:73,0
DA:74,0
DA:75,0
DA:76,0
DA:77,0
DA:78,0
DA:79,0
DA:81,0
DA:82,0
DA:83,0
DA:84,0
DA:85,0
DA:86,0
DA:87,0
DA:88,0
DA:89,0
DA:91,0
DA:92,0
DA:95,0
DA:96,0
DA:97,0
DA:98,0
DA:99,0
DA:101,0
DA:102,0
DA:103,0
DA:104,0
DA:108,0
DA:111,0
DA:112,0
DA:114,0
DA:115,0
DA:117,0
DA:118,0
DA:120,0
DA:121,0
DA:124,0
DA:125,0
DA:128,0
DA:138,0
DA:142,0
DA:153,0
DA:161,0
DA:162,0
DA:178,0
DA:193,0
DA:206,0
DA:217,0
DA:225,0
DA:239,0
DA:250,0
DA:274,0
DA:285,0
DA:326,0
DA:327,0
DA:329,0
LF:70
LH:0
BRDA:82,0,0,0
BRDA:82,0,1,0
BRDA:86,1,0,0
BRDA:86,1,1,0
BRDA:87,2,0,0
BRDA:87,2,1,0
BRDA:88,3,0,0
BRDA:88,3,1,0
BRDA:89,4,0,0
BRDA:89,4,1,0
BRDA:124,5,0,0
BRDA:162,6,0,0
BRDA:162,6,1,0
BRDA:165,7,0,0
BRDA:165,7,1,0
BRDA:167,8,0,0
BRDA:167,8,1,0
BRDA:223,9,0,0
BRDA:223,9,1,0
BRDA:232,10,0,0
BRDA:232,10,1,0
BRDA:235,11,0,0
BRDA:235,11,1,0
BRDA:247,12,0,0
BRDA:247,12,1,0
BRDA:248,13,0,0
BRDA:248,13,1,0
BRDA:250,14,0,0
BRDA:250,14,1,0
BRDA:253,15,0,0
BRDA:253,15,1,0
BRDA:257,16,0,0
BRDA:257,16,1,0
BRDA:297,17,0,0
BRDA:297,17,1,0
BRDA:321,18,0,0
BRDA:321,18,1,0
BRDA:321,18,2,0
BRDA:326,19,0,0
BRDA:326,19,1,0
BRDA:335,20,0,0
BRDA:335,20,1,0
BRDA:345,21,0,0
BRDA:345,21,1,0
BRF:44
BRH:0
end_of_record
TN:
SF:src\components\FeatureCard.tsx
FN:31,(anonymous_0)
FN:49,(anonymous_1)
FN:97,(anonymous_2)
FN:111,(anonymous_3)
FN:140,(anonymous_4)
FN:160,(anonymous_5)
FNF:6
FNH:0
FNDA:0,(anonymous_0)
FNDA:0,(anonymous_1)
FNDA:0,(anonymous_2)
FNDA:0,(anonymous_3)
FNDA:0,(anonymous_4)
FNDA:0,(anonymous_5)
DA:3,0
DA:4,0
DA:5,0
DA:6,0
DA:7,0
DA:31,0
DA:40,0
DA:42,0
DA:49,0
DA:98,0
DA:99,0
DA:111,0
DA:118,0
DA:141,0
DA:160,0
LF:15
LH:0
BRDA:37,0,0,0
BRDA:38,1,0,0
BRDA:45,2,0,0
BRDA:45,2,1,0
BRDA:53,3,0,0
BRDA:53,3,1,0
BRDA:56,4,0,0
BRDA:56,4,1,0
BRDA:70,5,0,0
BRDA:70,5,1,0
BRDA:93,6,0,0
BRDA:93,6,1,0
BRDA:115,7,0,0
BRDA:121,8,0,0
BRDA:121,8,1,0
BRDA:124,9,0,0
BRDA:124,9,1,0
BRDA:130,10,0,0
BRDA:130,10,1,0
BRDA:158,11,0,0
BRDA:158,11,1,0
BRDA:162,12,0,0
BRDA:162,12,1,0
BRF:23
BRH:0
end_of_record
TN:
SF:src\components\FirebasePrivateRoute.tsx
FN:8,FirebasePrivateRoute
FN:48,(anonymous_2)
FNF:2
FNH:0
FNDA:0,FirebasePrivateRoute
FNDA:0,(anonymous_2)
DA:1,0
DA:2,0
DA:3,0
DA:4,0
DA:5,0
DA:6,0
DA:8,0
DA:9,0
DA:10,0
DA:13,0
DA:14,0
DA:32,0
DA:33,0
DA:48,0
DA:58,0
DA:59,0
DA:63,0
LF:17
LH:0
BRDA:13,0,0,0
BRDA:32,1,0,0
BRDA:58,2,0,0
BRF:3
BRH:0
end_of_record
TN:
SF:src\components\GoalManagement.tsx
FN:36,(anonymous_9)
FN:60,(anonymous_10)
FN:64,(anonymous_11)
FN:83,(anonymous_12)
FN:91,(anonymous_13)
FN:96,(anonymous_14)
FN:101,(anonymous_15)
FN:108,(anonymous_16)
FN:154,(anonymous_17)
FN:161,(anonymous_18)
FN:165,(anonymous_19)
FN:166,(anonymous_20)
FN:167,(anonymous_21)
FN:180,(anonymous_22)
FN:187,(anonymous_23)
FN:214,(anonymous_24)
FN:227,(anonymous_25)
FN:242,(anonymous_26)
FN:266,(anonymous_27)
FN:292,(anonymous_28)
FN:293,(anonymous_29)
FN:303,(anonymous_30)
FN:323,(anonymous_31)
FN:330,(anonymous_32)
FN:332,(anonymous_33)
FN:337,(anonymous_34)
FN:339,(anonymous_35)
FN:351,(anonymous_36)
FN:390,(anonymous_37)
FN:406,(anonymous_38)
FN:420,(anonymous_39)
FN:440,(anonymous_40)
FN:448,(anonymous_41)
FNF:33
FNH:0
FNDA:0,(anonymous_9)
FNDA:0,(anonymous_10)
FNDA:0,(anonymous_11)
FNDA:0,(anonymous_12)
FNDA:0,(anonymous_13)
FNDA:0,(anonymous_14)
FNDA:0,(anonymous_15)
FNDA:0,(anonymous_16)
FNDA:0,(anonymous_17)
FNDA:0,(anonymous_18)
FNDA:0,(anonymous_19)
FNDA:0,(anonymous_20)
FNDA:0,(anonymous_21)
FNDA:0,(anonymous_22)
FNDA:0,(anonymous_23)
FNDA:0,(anonymous_24)
FNDA:0,(anonymous_25)
FNDA:0,(anonymous_26)
FNDA:0,(anonymous_27)
FNDA:0,(anonymous_28)
FNDA:0,(anonymous_29)
FNDA:0,(anonymous_30)
FNDA:0,(anonymous_31)
FNDA:0,(anonymous_32)
FNDA:0,(anonymous_33)
FNDA:0,(anonymous_34)
FNDA:0,(anonymous_35)
FNDA:0,(anonymous_36)
FNDA:0,(anonymous_37)
FNDA:0,(anonymous_38)
FNDA:0,(anonymous_39)
FNDA:0,(anonymous_40)
FNDA:0,(anonymous_41)
DA:2,0
DA:3,0
DA:4,0
DA:5,0
DA:6,0
DA:7,0
DA:8,0
DA:15,0
DA:16,0
DA:17,0
DA:19,0
DA:36,0
DA:50,0
DA:51,0
DA:52,0
DA:53,0
DA:56,0
DA:57,0
DA:60,0
DA:61,0
DA:62,0
DA:64,0
DA:65,0
DA:75,0
DA:76,0
DA:77,0
DA:78,0
DA:79,0
DA:83,0
DA:84,0
DA:85,0
DA:86,0
DA:87,0
DA:91,0
DA:93,0
DA:95,0
DA:96,0
DA:99,0
DA:100,0
DA:102,0
DA:108,0
DA:110,0
DA:112,0
DA:113,0
DA:117,0
DA:118,0
DA:122,0
DA:123,0
DA:126,0
DA:130,0
DA:132,0
DA:133,0
DA:134,0
DA:136,0
DA:140,0
DA:141,0
DA:145,0
DA:146,0
DA:149,0
DA:154,0
DA:155,0
DA:156,0
DA:160,0
DA:161,0
DA:165,0
DA:166,0
DA:167,0
DA:168,0
DA:169,0
DA:171,0
DA:180,0
DA:182,0
DA:183,0
DA:187,0
DA:188,0
DA:189,0
DA:190,0
DA:195,0
DA:214,0
DA:228,0
DA:242,0
DA:267,0
DA:268,0
DA:269,0
DA:270,0
DA:292,0
DA:294,0
DA:304,0
DA:323,0
DA:330,0
DA:332,0
DA:337,0
DA:339,0
DA:352,0
DA:391,0
DA:406,0
DA:420,0
DA:440,0
DA:448,0
DA:465,0
LF:100
LH:0
BRDA:62,0,0,0
BRDA:65,1,0,0
BRDA:65,1,1,0
BRDA:70,2,0,0
BRDA:70,2,1,0
BRDA:87,3,0,0
BRDA:87,3,1,0
BRDA:95,4,0,0
BRDA:99,5,0,0
BRDA:102,6,0,0
BRDA:102,6,1,0
BRDA:102,6,2,0
BRDA:102,6,3,0
BRDA:110,7,0,0
BRDA:112,8,0,0
BRDA:113,9,0,0
BRDA:113,9,1,0
BRDA:117,10,0,0
BRDA:117,11,0,0
BRDA:117,11,1,0
BRDA:122,12,0,0
BRDA:123,13,0,0
BRDA:130,14,0,0
BRDA:132,15,0,0
BRDA:132,16,0,0
BRDA:132,16,1,0
BRDA:133,17,0,0
BRDA:134,18,0,0
BRDA:140,19,0,0
BRDA:145,20,0,0
BRDA:155,21,0,0
BRDA:155,22,0,0
BRDA:155,22,1,0
BRDA:161,23,0,0
BRDA:161,23,1,0
BRDA:169,24,0,0
BRDA:169,24,1,0
BRDA:182,25,0,0
BRDA:189,26,0,0
BRDA:199,27,0,0
BRDA:199,27,1,0
BRDA:201,28,0,0
BRDA:201,28,1,0
BRDA:207,29,0,0
BRDA:207,29,1,0
BRDA:248,30,0,0
BRDA:248,30,1,0
BRDA:261,31,0,0
BRDA:261,31,1,0
BRDA:304,32,0,0
BRDA:321,33,0,0
BRDA:321,33,1,0
BRDA:328,34,0,0
BRDA:328,34,1,0
BRDA:335,35,0,0
BRDA:335,35,1,0
BRDA:361,36,0,0
BRDA:361,36,1,0
BRDA:381,37,0,0
BRDA:381,37,1,0
BRDA:385,38,0,0
BRDA:385,38,1,0
BRDA:394,39,0,0
BRDA:394,39,1,0
BRDA:396,40,0,0
BRDA:396,40,1,0
BRDA:414,41,0,0
BRDA:414,41,1,0
BRDA:420,42,0,0
BRDA:420,42,1,0
BRDA:423,43,0,0
BRDA:423,43,1,0
BRDA:426,44,0,0
BRDA:426,44,1,0
BRDA:430,45,0,0
BRDA:430,45,1,0
BRF:76
BRH:0
end_of_record
TN:
SF:src\components\Home.tsx
FN:95,(anonymous_9)
FN:420,(anonymous_10)
FN:422,(anonymous_11)
FN:426,(anonymous_12)
FN:429,(anonymous_13)
FN:431,(anonymous_14)
FN:438,(anonymous_15)
FN:442,(anonymous_16)
FN:457,(anonymous_17)
FN:562,(anonymous_18)
FN:597,(anonymous_19)
FN:598,(anonymous_20)
FN:599,(anonymous_21)
FN:604,(anonymous_22)
FN:638,(anonymous_23)
FNF:15
FNH:0
FNDA:0,(anonymous_9)
FNDA:0,(anonymous_10)
FNDA:0,(anonymous_11)
FNDA:0,(anonymous_12)
FNDA:0,(anonymous_13)
FNDA:0,(anonymous_14)
FNDA:0,(anonymous_15)
FNDA:0,(anonymous_16)
FNDA:0,(anonymous_17)
FNDA:0,(anonymous_18)
FNDA:0,(anonymous_19)
FNDA:0,(anonymous_20)
FNDA:0,(anonymous_21)
FNDA:0,(anonymous_22)
FNDA:0,(anonymous_23)
DA:1,0
DA:2,0
DA:3,0
DA:4,0
DA:5,0
DA:6,0
DA:95,0
DA:96,0
DA:107,0
DA:182,0
DA:372,0
DA:420,0
DA:422,0
DA:423,0
DA:426,0
DA:429,0
DA:431,0
DA:438,0
DA:439,0
DA:442,0
DA:443,0
DA:445,0
DA:447,0
DA:449,0
DA:451,0
DA:453,0
DA:457,0
DA:458,0
DA:459,0
DA:460,0
DA:462,0
DA:463,0
DA:464,0
DA:467,0
DA:563,0
DA:597,0
DA:598,0
DA:600,0
DA:604,0
DA:639,0
LF:40
LH:0
BRDA:443,0,0,0
BRDA:443,0,1,0
BRDA:443,0,2,0
BRDA:443,0,3,0
BRDA:443,0,4,0
BRDA:462,1,0,0
BRDA:463,2,0,0
BRF:7
BRH:0
end_of_record
TN:
SF:src\components\LanguageTest.tsx
FN:6,(anonymous_1)
FNF:1
FNH:0
FNDA:0,(anonymous_1)
DA:1,0
DA:2,0
DA:3,0
DA:4,0
DA:6,0
DA:7,0
DA:9,0
LF:7
LH:0
BRF:0
BRH:0
end_of_record
TN:
SF:src\components\MarkdownEditor.tsx
FN:11,(anonymous_10)
FN:16,(anonymous_11)
FN:28,(anonymous_12)
FNF:3
FNH:0
FNDA:0,(anonymous_10)
FNDA:0,(anonymous_11)
FNDA:0,(anonymous_12)
DA:1,0
DA:2,0
DA:3,0
DA:11,0
DA:12,0
DA:14,0
DA:16,0
DA:28,0
DA:40,0
LF:9
LH:0
BRDA:11,0,0,0
BRDA:21,1,0,0
BRDA:21,1,1,0
BRDA:33,2,0,0
BRDA:33,2,1,0
BRF:5
BRH:0
end_of_record
TN:
SF:src\components\MarkdownRenderer.tsx
FN:19,(anonymous_10)
FN:20,(anonymous_11)
FN:20,(anonymous_12)
FN:33,(anonymous_13)
FN:83,(anonymous_14)
FN:88,(anonymous_15)
FN:93,(anonymous_16)
FN:98,(anonymous_17)
FN:103,(anonymous_18)
FN:110,(anonymous_19)
FN:120,(anonymous_20)
FN:125,(anonymous_21)
FN:130,(anonymous_22)
FN:137,(anonymous_23)
FN:153,(anonymous_24)
FN:156,(anonymous_25)
FN:163,(anonymous_26)
FN:168,(anonymous_27)
FN:169,(anonymous_28)
FN:170,(anonymous_29)
FN:171,(anonymous_30)
FN:176,(anonymous_31)
FN:179,(anonymous_32)
FN:184,(anonymous_33)
FNF:24
FNH:0
FNDA:0,(anonymous_10)
FNDA:0,(anonymous_11)
FNDA:0,(anonymous_12)
FNDA:0,(anonymous_13)
FNDA:0,(anonymous_14)
FNDA:0,(anonymous_15)
FNDA:0,(anonymous_16)
FNDA:0,(anonymous_17)
FNDA:0,(anonymous_18)
FNDA:0,(anonymous_19)
FNDA:0,(anonymous_20)
FNDA:0,(anonymous_21)
FNDA:0,(anonymous_22)
FNDA:0,(anonymous_23)
FNDA:0,(anonymous_24)
FNDA:0,(anonymous_25)
FNDA:0,(anonymous_26)
FNDA:0,(anonymous_27)
FNDA:0,(anonymous_28)
FNDA:0,(anonymous_29)
FNDA:0,(anonymous_30)
FNDA:0,(anonymous_31)
FNDA:0,(anonymous_32)
FNDA:0,(anonymous_33)
DA:1,0
DA:2,0
DA:3,0
DA:19,0
DA:20,0
DA:33,0
DA:34,0
DA:35,0
DA:37,0
DA:38,0
DA:55,0
DA:83,0
DA:84,0
DA:89,0
DA:94,0
DA:99,0
DA:104,0
DA:111,0
DA:121,0
DA:126,0
DA:131,0
DA:138,0
DA:153,0
DA:157,0
DA:164,0
DA:168,0
DA:169,0
DA:170,0
DA:172,0
DA:176,0
DA:180,0
DA:185,0
DA:196,0
LF:33
LH:0
BRDA:34,0,0,0
BRDA:34,0,1,0
BRDA:37,1,0,0
BRF:3
BRH:0
end_of_record
TN:
SF:src\components\MindfulnessSection.tsx
FN:11,(anonymous_1)
FNF:1
FNH:0
FNDA:0,(anonymous_1)
DA:2,0
DA:3,0
DA:4,0
DA:5,0
DA:11,0
DA:13,0
DA:15,0
DA:45,0
LF:8
LH:0
BRDA:13,0,0,0
BRF:1
BRH:0
end_of_record
TN:
SF:src\components\MissingDataAlert.tsx
FN:9,(anonymous_1)
FN:15,(anonymous_2)
FNF:2
FNH:0
FNDA:0,(anonymous_1)
FNDA:0,(anonymous_2)
DA:1,0
DA:9,0
DA:10,0
DA:12,0
DA:16,0
DA:25,0
LF:6
LH:0
BRDA:10,0,0,0
BRF:1
BRH:0
end_of_record
TN:
SF:src\components\MonthView.tsx
FN:41,(anonymous_0)
FN:42,(anonymous_1)
FN:91,MonthView
FN:103,(anonymous_3)
FN:104,(anonymous_4)
FN:107,(anonymous_5)
FN:114,(anonymous_6)
FN:120,(anonymous_7)
FN:135,(anonymous_8)
FN:138,(anonymous_9)
FN:150,(anonymous_10)
FN:166,(anonymous_11)
FN:168,(anonymous_12)
FN:173,(anonymous_13)
FN:181,(anonymous_14)
FN:182,(anonymous_15)
FN:188,(anonymous_16)
FN:194,(anonymous_17)
FN:200,(anonymous_18)
FN:206,(anonymous_19)
FN:222,(anonymous_20)
FN:227,(anonymous_21)
FN:238,(anonymous_22)
FN:247,(anonymous_23)
FN:248,(anonymous_24)
FN:259,(anonymous_25)
FN:280,(anonymous_26)
FN:289,(anonymous_27)
FN:292,(anonymous_28)
FN:295,(anonymous_29)
FN:310,(anonymous_30)
FN:317,(anonymous_31)
FN:324,(anonymous_32)
FN:334,(anonymous_33)
FN:341,(anonymous_34)
FN:348,(anonymous_35)
FN:361,(anonymous_36)
FN:366,(anonymous_37)
FN:380,(anonymous_38)
FN:394,(anonymous_39)
FN:398,(anonymous_40)
FN:406,(anonymous_41)
FN:410,(anonymous_42)
FN:415,(anonymous_43)
FN:444,(anonymous_44)
FNF:45
FNH:0
FNDA:0,(anonymous_0)
FNDA:0,(anonymous_1)
FNDA:0,MonthView
FNDA:0,(anonymous_3)
FNDA:0,(anonymous_4)
FNDA:0,(anonymous_5)
FNDA:0,(anonymous_6)
FNDA:0,(anonymous_7)
FNDA:0,(anonymous_8)
FNDA:0,(anonymous_9)
FNDA:0,(anonymous_10)
FNDA:0,(anonymous_11)
FNDA:0,(anonymous_12)
FNDA:0,(anonymous_13)
FNDA:0,(anonymous_14)
FNDA:0,(anonymous_15)
FNDA:0,(anonymous_16)
FNDA:0,(anonymous_17)
FNDA:0,(anonymous_18)
FNDA:0,(anonymous_19)
FNDA:0,(anonymous_20)
FNDA:0,(anonymous_21)
FNDA:0,(anonymous_22)
FNDA:0,(anonymous_23)
FNDA:0,(anonymous_24)
FNDA:0,(anonymous_25)
FNDA:0,(anonymous_26)
FNDA:0,(anonymous_27)
FNDA:0,(anonymous_28)
FNDA:0,(anonymous_29)
FNDA:0,(anonymous_30)
FNDA:0,(anonymous_31)
FNDA:0,(anonymous_32)
FNDA:0,(anonymous_33)
FNDA:0,(anonymous_34)
FNDA:0,(anonymous_35)
FNDA:0,(anonymous_36)
FNDA:0,(anonymous_37)
FNDA:0,(anonymous_38)
FNDA:0,(anonymous_39)
FNDA:0,(anonymous_40)
FNDA:0,(anonymous_41)
FNDA:0,(anonymous_42)
FNDA:0,(anonymous_43)
FNDA:0,(anonymous_44)
DA:3,0
DA:4,0
DA:5,0
DA:6,0
DA:7,0
DA:8,0
DA:9,0
DA:10,0
DA:11,0
DA:13,0
DA:14,0
DA:15,0
DA:41,0
DA:42,0
DA:43,0
DA:44,0
DA:45,0
DA:46,0
DA:49,0
DA:50,0
DA:51,0
DA:52,0
DA:54,0
DA:91,0
DA:92,0
DA:93,0
DA:94,0
DA:95,0
DA:96,0
DA:97,0
DA:98,0
DA:99,0
DA:100,0
DA:103,0
DA:104,0
DA:107,0
DA:108,0
DA:109,0
DA:114,0
DA:115,0
DA:116,0
DA:117,0
DA:118,0
DA:119,0
DA:120,0
DA:127,0
DA:130,0
DA:135,0
DA:136,0
DA:137,0
DA:138,0
DA:143,0
DA:145,0
DA:150,0
DA:151,0
DA:152,0
DA:153,0
DA:154,0
DA:156,0
DA:157,0
DA:158,0
DA:160,0
DA:161,0
DA:163,0
DA:166,0
DA:167,0
DA:169,0
DA:170,0
DA:171,0
DA:174,0
DA:175,0
DA:176,0
DA:177,0
DA:181,0
DA:182,0
DA:183,0
DA:184,0
DA:188,0
DA:189,0
DA:190,0
DA:191,0
DA:194,0
DA:195,0
DA:196,0
DA:197,0
DA:200,0
DA:201,0
DA:202,0
DA:203,0
DA:206,0
DA:207,0
DA:208,0
DA:215,0
DA:216,0
DA:218,0
DA:222,0
DA:223,0
DA:224,0
DA:226,0
DA:227,0
DA:228,0
DA:230,0
DA:232,0
DA:238,0
DA:240,0
DA:242,0
DA:243,0
DA:247,0
DA:248,0
DA:249,0
DA:250,0
DA:251,0
DA:253,0
DA:255,0
DA:259,0
DA:260,0
DA:263,0
DA:264,0
DA:266,0
DA:280,0
DA:289,0
DA:292,0
DA:295,0
DA:310,0
DA:317,0
DA:324,0
DA:334,0
DA:341,0
DA:348,0
DA:362,0
DA:367,0
DA:370,0
DA:372,0
DA:380,0
DA:395,0
DA:399,0
DA:400,0
DA:407,0
DA:411,0
DA:412,0
DA:416,0
DA:417,0
DA:445,0
DA:446,0
LF:144
LH:0
BRDA:49,0,0,0
BRDA:49,0,1,0
BRDA:50,1,0,0
BRDA:50,1,1,0
BRDA:52,2,0,0
BRDA:52,2,1,0
BRDA:52,2,2,0
BRDA:58,3,0,0
BRDA:58,3,1,0
BRDA:60,4,0,0
BRDA:60,4,1,0
BRDA:62,5,0,0
BRDA:62,5,1,0
BRDA:64,6,0,0
BRDA:64,6,1,0
BRDA:66,7,0,0
BRDA:66,7,1,0
BRDA:73,8,0,0
BRDA:73,8,1,0
BRDA:75,9,0,0
BRDA:75,9,1,0
BRDA:80,10,0,0
BRDA:80,10,1,0
BRDA:81,11,0,0
BRDA:81,11,1,0
BRDA:81,11,2,0
BRDA:108,12,0,0
BRDA:117,13,0,0
BRDA:124,14,0,0
BRDA:124,14,1,0
BRDA:136,15,0,0
BRDA:169,16,0,0
BRDA:174,17,0,0
BRDA:175,18,0,0
BRDA:176,19,0,0
BRDA:189,20,0,0
BRDA:189,20,1,0
BRDA:190,21,0,0
BRDA:190,21,1,0
BRDA:215,22,0,0
BRDA:215,22,1,0
BRDA:226,23,0,0
BRDA:226,23,1,0
BRDA:228,24,0,0
BRDA:228,24,1,0
BRDA:250,25,0,0
BRDA:250,25,1,0
BRDA:303,26,0,0
BRDA:303,26,1,0
BRDA:308,27,0,0
BRDA:308,27,1,0
BRDA:315,28,0,0
BRDA:315,28,1,0
BRDA:322,29,0,0
BRDA:322,29,1,0
BRDA:332,30,0,0
BRDA:332,30,1,0
BRDA:339,31,0,0
BRDA:339,31,1,0
BRDA:346,32,0,0
BRDA:346,32,1,0
BRDA:367,33,0,0
BRDA:367,33,1,0
BRDA:370,34,0,0
BRDA:370,34,1,0
BRDA:377,35,0,0
BRDA:377,35,1,0
BRDA:377,35,2,0
BRDA:378,36,0,0
BRDA:378,36,1,0
BRDA:380,37,0,0
BRDA:380,37,1,0
BRDA:382,38,0,0
BRDA:382,38,1,0
BRDA:387,39,0,0
BRDA:387,39,1,0
BRDA:411,40,0,0
BRDA:412,41,0,0
BRDA:412,41,1,0
BRDA:425,42,0,0
BRDA:425,42,1,0
BRDA:440,43,0,0
BRDA:440,43,1,0
BRF:83
BRH:0
end_of_record
TN:
SF:src\components\MonthlyWithdrawalSummary.tsx
FN:10,MonthlyWithdrawalSummary
FN:14,(anonymous_1)
FN:19,(anonymous_2)
FN:23,(anonymous_3)
FNF:4
FNH:0
FNDA:0,MonthlyWithdrawalSummary
FNDA:0,(anonymous_1)
FNDA:0,(anonymous_2)
FNDA:0,(anonymous_3)
DA:1,0
DA:2,0
DA:10,0
DA:14,0
DA:15,0
DA:16,0
DA:18,0
DA:20,0
DA:21,0
DA:23,0
DA:26,0
LF:11
LH:0
BRDA:21,0,0,0
BRDA:21,0,1,0
BRF:2
BRH:0
end_of_record
TN:
SF:src\components\PrivateRoute.tsx
FN:8,(anonymous_9)
FN:13,(anonymous_10)
FN:62,(anonymous_11)
FN:66,(anonymous_12)
FNF:4
FNH:0
FNDA:0,(anonymous_9)
FNDA:0,(anonymous_10)
FNDA:0,(anonymous_11)
FNDA:0,(anonymous_12)
DA:1,0
DA:2,0
DA:3,0
DA:4,0
DA:5,0
DA:6,0
DA:8,0
DA:9,0
DA:10,0
DA:13,0
DA:14,0
DA:15,0
DA:27,0
DA:28,0
DA:29,0
DA:43,0
DA:44,0
DA:45,0
DA:62,0
DA:66,0
DA:77,0
DA:78,0
DA:79,0
DA:82,0
DA:83,0
DA:86,0
LF:26
LH:0
BRDA:14,0,0,0
BRDA:19,1,0,0
BRDA:19,1,1,0
BRDA:19,2,0,0
BRDA:19,2,1,0
BRDA:27,3,0,0
BRDA:43,4,0,0
BRDA:43,5,0,0
BRDA:43,5,1,0
BRDA:77,6,0,0
BRF:10
BRH:0
end_of_record
TN:
SF:src\components\QuickInput.tsx
FN:58,(anonymous_9)
FN:74,(anonymous_10)
FN:80,(anonymous_11)
FN:137,(anonymous_12)
FN:165,(anonymous_13)
FN:175,(anonymous_14)
FN:195,(anonymous_15)
FN:220,(anonymous_16)
FN:242,(anonymous_17)
FN:255,(anonymous_18)
FNF:10
FNH:0
FNDA:0,(anonymous_9)
FNDA:0,(anonymous_10)
FNDA:0,(anonymous_11)
FNDA:0,(anonymous_12)
FNDA:0,(anonymous_13)
FNDA:0,(anonymous_14)
FNDA:0,(anonymous_15)
FNDA:0,(anonymous_16)
FNDA:0,(anonymous_17)
FNDA:0,(anonymous_18)
DA:3,0
DA:4,0
DA:5,0
DA:6,0
DA:7,0
DA:8,0
DA:9,0
DA:10,0
DA:11,0
DA:12,0
DA:19,0
DA:20,0
DA:21,0
DA:25,0
DA:36,0
DA:44,0
DA:58,0
DA:60,0
DA:61,0
DA:62,0
DA:63,0
DA:64,0
DA:65,0
DA:66,0
DA:67,0
DA:68,0
DA:71,0
DA:74,0
DA:75,0
DA:76,0
DA:80,0
DA:81,0
DA:83,0
DA:84,0
DA:85,0
DA:88,0
DA:90,0
DA:91,0
DA:93,0
DA:95,0
DA:105,0
DA:106,0
DA:116,0
DA:128,0
DA:129,0
DA:132,0
DA:133,0
DA:134,0
DA:136,0
DA:137,0
DA:140,0
DA:141,0
DA:143,0
DA:147,0
DA:165,0
DA:176,0
DA:195,0
DA:221,0
DA:242,0
DA:255,0
LF:60
LH:0
BRDA:63,0,0,0
BRDA:63,0,1,0
BRDA:76,1,0,0
BRDA:76,1,1,0
BRDA:83,2,0,0
BRDA:83,3,0,0
BRDA:83,3,1,0
BRDA:95,4,0,0
BRDA:95,4,1,0
BRDA:99,5,0,0
BRDA:99,5,1,0
BRDA:105,6,0,0
BRDA:105,6,1,0
BRDA:129,7,0,0
BRDA:129,7,1,0
BRDA:136,8,0,0
BRDA:163,9,0,0
BRDA:163,9,1,0
BRDA:175,10,0,0
BRDA:175,10,1,0
BRDA:186,11,0,0
BRDA:186,11,1,0
BRDA:211,12,0,0
BRDA:211,12,1,0
BRDA:239,13,0,0
BRDA:239,13,1,0
BRDA:264,14,0,0
BRDA:264,14,1,0
BRDA:273,15,0,0
BRDA:273,15,1,0
BRDA:280,16,0,0
BRDA:280,16,1,0
BRF:32
BRH:0
end_of_record
TN:
SF:src\components\QuickLanguageTest.tsx
FN:64,(anonymous_9)
FN:68,(anonymous_10)
FN:79,(anonymous_11)
FN:86,(anonymous_12)
FN:101,(anonymous_13)
FN:104,(anonymous_14)
FNF:6
FNH:0
FNDA:0,(anonymous_9)
FNDA:0,(anonymous_10)
FNDA:0,(anonymous_11)
FNDA:0,(anonymous_12)
FNDA:0,(anonymous_13)
FNDA:0,(anonymous_14)
DA:1,0
DA:2,0
DA:3,0
DA:6,0
DA:57,0
DA:64,0
DA:65,0
DA:68,0
DA:69,0
DA:70,0
DA:73,0
DA:75,0
DA:79,0
DA:80,0
DA:81,0
DA:82,0
DA:86,0
DA:87,0
DA:90,0
DA:102,0
DA:104,0
LF:21
LH:0
BRDA:81,0,0,0
BRDA:81,1,0,0
BRDA:81,1,1,0
BRDA:87,2,0,0
BRDA:87,2,1,0
BRDA:105,3,0,0
BRDA:105,3,1,0
BRDA:110,4,0,0
BRDA:110,4,1,0
BRF:9
BRH:0
end_of_record
TN:
SF:src\components\ReadingChallenge.tsx
FN:12,(anonymous_9)
FN:14,(anonymous_10)
FN:16,(anonymous_11)
FN:30,(anonymous_12)
FNF:4
FNH:0
FNDA:0,(anonymous_9)
FNDA:0,(anonymous_10)
FNDA:0,(anonymous_11)
FNDA:0,(anonymous_12)
DA:1,0
DA:3,0
DA:4,0
DA:5,0
DA:6,0
DA:12,0
DA:13,0
DA:14,0
DA:16,0
DA:17,0
DA:18,0
DA:21,0
DA:30,0
DA:41,0
LF:14
LH:0
BRDA:18,0,0,0
BRDA:18,0,1,0
BRF:2
BRH:0
end_of_record
TN:
SF:src\components\ReadingGoals.tsx
FN:13,(anonymous_9)
FN:21,(anonymous_10)
FN:28,(anonymous_11)
FN:32,(anonymous_12)
FN:37,(anonymous_13)
FN:54,(anonymous_14)
FN:60,(anonymous_15)
FN:65,(anonymous_16)
FN:78,(anonymous_17)
FNF:9
FNH:0
FNDA:0,(anonymous_9)
FNDA:0,(anonymous_10)
FNDA:0,(anonymous_11)
FNDA:0,(anonymous_12)
FNDA:0,(anonymous_13)
FNDA:0,(anonymous_14)
FNDA:0,(anonymous_15)
FNDA:0,(anonymous_16)
FNDA:0,(anonymous_17)
DA:1,0
DA:2,0
DA:3,0
DA:4,0
DA:5,0
DA:13,0
DA:14,0
DA:15,0
DA:21,0
DA:22,0
DA:23,0
DA:24,0
DA:28,0
DA:29,0
DA:32,0
DA:33,0
DA:34,0
DA:37,0
DA:38,0
DA:39,0
DA:40,0
DA:43,0
DA:54,0
DA:60,0
DA:66,0
DA:78,0
DA:88,0
LF:27
LH:0
BRDA:23,0,0,0
BRF:1
BRH:0
end_of_record
TN:
SF:src\components\ReadingList.tsx
FN:17,(anonymous_9)
FN:26,(anonymous_10)
FN:28,(anonymous_11)
FN:31,(anonymous_12)
FN:33,(anonymous_13)
FN:37,(anonymous_14)
FN:104,(anonymous_15)
FN:106,(anonymous_16)
FN:108,(anonymous_17)
FNF:9
FNH:0
FNDA:0,(anonymous_9)
FNDA:0,(anonymous_10)
FNDA:0,(anonymous_11)
FNDA:0,(anonymous_12)
FNDA:0,(anonymous_13)
FNDA:0,(anonymous_14)
FNDA:0,(anonymous_15)
FNDA:0,(anonymous_16)
FNDA:0,(anonymous_17)
DA:1,0
DA:2,0
DA:3,0
DA:4,0
DA:5,0
DA:6,0
DA:7,0
DA:17,0
DA:18,0
DA:19,0
DA:26,0
DA:27,0
DA:28,0
DA:31,0
DA:32,0
DA:33,0
DA:34,0
DA:37,0
DA:38,0
DA:40,0
DA:41,0
DA:42,0
DA:44,0
DA:47,0
DA:105,0
DA:107,0
DA:109,0
DA:139,0
LF:28
LH:0
BRDA:38,0,0,0
BRDA:120,1,0,0
BRDA:120,1,1,0
BRF:3
BRH:0
end_of_record
TN:
SF:src\components\Sidebar.tsx
FN:5,Sidebar
FN:6,(anonymous_1)
FN:28,(anonymous_2)
FNF:3
FNH:0
FNDA:0,Sidebar
FNDA:0,(anonymous_1)
FNDA:0,(anonymous_2)
DA:1,0
DA:2,0
DA:3,0
DA:5,0
DA:6,0
DA:8,0
DA:29,0
LF:7
LH:0
BRF:0
BRH:0
end_of_record
TN:
SF:src\components\SleepTracker.tsx
FN:81,SleepTracker
FN:102,(anonymous_1)
FN:110,(anonymous_2)
FN:114,(anonymous_3)
FN:118,(anonymous_4)
FN:155,(anonymous_5)
FN:169,(anonymous_6)
FN:190,(anonymous_7)
FN:206,(anonymous_8)
FN:225,(anonymous_9)
FN:231,(anonymous_10)
FN:238,(anonymous_11)
FN:246,(anonymous_12)
FN:258,(anonymous_13)
FN:262,(anonymous_14)
FN:264,(anonymous_15)
FN:265,(anonymous_16)
FN:269,(anonymous_17)
FN:279,(anonymous_18)
FN:281,(anonymous_19)
FN:304,(anonymous_20)
FN:313,(anonymous_21)
FN:315,(anonymous_22)
FN:316,(anonymous_23)
FN:321,(anonymous_24)
FN:329,(anonymous_25)
FN:338,(anonymous_26)
FN:344,(anonymous_27)
FN:354,(anonymous_28)
FN:369,(anonymous_29)
FN:375,(anonymous_30)
FN:379,(anonymous_31)
FN:385,(anonymous_32)
FN:430,(anonymous_33)
FN:437,(anonymous_34)
FN:449,(anonymous_35)
FN:453,(anonymous_36)
FN:457,(anonymous_37)
FN:493,(anonymous_38)
FN:496,(anonymous_39)
FN:501,(anonymous_40)
FN:537,(anonymous_41)
FN:540,(anonymous_42)
FN:552,(anonymous_43)
FN:556,(anonymous_44)
FN:560,(anonymous_45)
FN:565,(anonymous_46)
FN:575,(anonymous_47)
FN:576,(anonymous_48)
FN:619,(anonymous_49)
FN:627,(anonymous_50)
FN:639,(anonymous_51)
FN:651,(anonymous_52)
FN:673,(anonymous_53)
FN:680,(anonymous_54)
FN:734,(anonymous_55)
FN:751,(anonymous_56)
FN:768,(anonymous_57)
FN:782,(anonymous_58)
FN:857,(anonymous_59)
FN:857,(anonymous_60)
FN:865,(anonymous_61)
FN:865,(anonymous_62)
FN:880,(anonymous_63)
FN:888,(anonymous_64)
FN:987,(anonymous_65)
FN:1029,(anonymous_66)
FN:1029,(anonymous_67)
FN:1039,(anonymous_68)
FN:1039,(anonymous_69)
FN:1151,(anonymous_70)
FN:1163,(anonymous_71)
FN:1180,(anonymous_72)
FN:1197,(anonymous_73)
FNF:74
FNH:0
FNDA:0,SleepTracker
FNDA:0,(anonymous_1)
FNDA:0,(anonymous_2)
FNDA:0,(anonymous_3)
FNDA:0,(anonymous_4)
FNDA:0,(anonymous_5)
FNDA:0,(anonymous_6)
FNDA:0,(anonymous_7)
FNDA:0,(anonymous_8)
FNDA:0,(anonymous_9)
FNDA:0,(anonymous_10)
FNDA:0,(anonymous_11)
FNDA:0,(anonymous_12)
FNDA:0,(anonymous_13)
FNDA:0,(anonymous_14)
FNDA:0,(anonymous_15)
FNDA:0,(anonymous_16)
FNDA:0,(anonymous_17)
FNDA:0,(anonymous_18)
FNDA:0,(anonymous_19)
FNDA:0,(anonymous_20)
FNDA:0,(anonymous_21)
FNDA:0,(anonymous_22)
FNDA:0,(anonymous_23)
FNDA:0,(anonymous_24)
FNDA:0,(anonymous_25)
FNDA:0,(anonymous_26)
FNDA:0,(anonymous_27)
FNDA:0,(anonymous_28)
FNDA:0,(anonymous_29)
FNDA:0,(anonymous_30)
FNDA:0,(anonymous_31)
FNDA:0,(anonymous_32)
FNDA:0,(anonymous_33)
FNDA:0,(anonymous_34)
FNDA:0,(anonymous_35)
FNDA:0,(anonymous_36)
FNDA:0,(anonymous_37)
FNDA:0,(anonymous_38)
FNDA:0,(anonymous_39)
FNDA:0,(anonymous_40)
FNDA:0,(anonymous_41)
FNDA:0,(anonymous_42)
FNDA:0,(anonymous_43)
FNDA:0,(anonymous_44)
FNDA:0,(anonymous_45)
FNDA:0,(anonymous_46)
FNDA:0,(anonymous_47)
FNDA:0,(anonymous_48)
FNDA:0,(anonymous_49)
FNDA:0,(anonymous_50)
FNDA:0,(anonymous_51)
FNDA:0,(anonymous_52)
FNDA:0,(anonymous_53)
FNDA:0,(anonymous_54)
FNDA:0,(anonymous_55)
FNDA:0,(anonymous_56)
FNDA:0,(anonymous_57)
FNDA:0,(anonymous_58)
FNDA:0,(anonymous_59)
FNDA:0,(anonymous_60)
FNDA:0,(anonymous_61)
FNDA:0,(anonymous_62)
FNDA:0,(anonymous_63)
FNDA:0,(anonymous_64)
FNDA:0,(anonymous_65)
FNDA:0,(anonymous_66)
FNDA:0,(anonymous_67)
FNDA:0,(anonymous_68)
FNDA:0,(anonymous_69)
FNDA:0,(anonymous_70)
FNDA:0,(anonymous_71)
FNDA:0,(anonymous_72)
FNDA:0,(anonymous_73)
DA:1,0
DA:2,0
DA:3,0
DA:15,0
DA:16,0
DA:17,0
DA:18,0
DA:19,0
DA:20,0
DA:29,0
DA:30,0
DA:37,0
DA:48,0
DA:68,0
DA:78,0
DA:79,0
DA:81,0
DA:82,0
DA:83,0
DA:84,0
DA:85,0
DA:86,0
DA:87,0
DA:88,0
DA:91,0
DA:92,0
DA:93,0
DA:94,0
DA:95,0
DA:96,0
DA:97,0
DA:98,0
DA:99,0
DA:100,0
DA:102,0
DA:103,0
DA:104,0
DA:109,0
DA:110,0
DA:114,0
DA:115,0
DA:116,0
DA:118,0
DA:120,0
DA:121,0
DA:134,0
DA:136,0
DA:137,0
DA:140,0
DA:155,0
DA:156,0
DA:157,0
DA:158,0
DA:159,0
DA:162,0
DA:163,0
DA:166,0
DA:169,0
DA:170,0
DA:171,0
DA:172,0
DA:175,0
DA:176,0
DA:180,0
DA:181,0
DA:184,0
DA:185,0
DA:187,0
DA:190,0
DA:191,0
DA:192,0
DA:199,0
DA:200,0
DA:201,0
DA:202,0
DA:206,0
DA:207,0
DA:208,0
DA:218,0
DA:219,0
DA:220,0
DA:221,0
DA:225,0
DA:226,0
DA:227,0
DA:231,0
DA:232,0
DA:233,0
DA:234,0
DA:235,0
DA:238,0
DA:239,0
DA:240,0
DA:241,0
DA:246,0
DA:247,0
DA:249,0
DA:251,0
DA:253,0
DA:258,0
DA:259,0
DA:261,0
DA:262,0
DA:264,0
DA:265,0
DA:269,0
DA:271,0
DA:274,0
DA:275,0
DA:276,0
DA:279,0
DA:281,0
DA:283,0
DA:284,0
DA:286,0
DA:288,0
DA:300,0
DA:303,0
DA:305,0
DA:306,0
DA:307,0
DA:313,0
DA:314,0
DA:315,0
DA:316,0
DA:318,0
DA:320,0
DA:321,0
DA:325,0
DA:326,0
DA:329,0
DA:331,0
DA:332,0
DA:334,0
DA:336,0
DA:337,0
DA:338,0
DA:339,0
DA:340,0
DA:342,0
DA:344,0
DA:345,0
DA:346,0
DA:353,0
DA:355,0
DA:356,0
DA:357,0
DA:369,0
DA:372,0
DA:375,0
DA:376,0
DA:378,0
DA:379,0
DA:382,0
DA:385,0
DA:386,0
DA:389,0
DA:390,0
DA:391,0
DA:392,0
DA:393,0
DA:394,0
DA:395,0
DA:396,0
DA:397,0
DA:398,0
DA:399,0
DA:401,0
DA:405,0
DA:406,0
DA:407,0
DA:408,0
DA:409,0
DA:410,0
DA:415,0
DA:416,0
DA:417,0
DA:418,0
DA:419,0
DA:420,0
DA:422,0
DA:426,0
DA:430,0
DA:431,0
DA:434,0
DA:437,0
DA:438,0
DA:439,0
DA:440,0
DA:441,0
DA:442,0
DA:443,0
DA:446,0
DA:449,0
DA:450,0
DA:451,0
DA:453,0
DA:454,0
DA:455,0
DA:456,0
DA:457,0
DA:458,0
DA:459,0
DA:460,0
DA:462,0
DA:489,0
DA:493,0
DA:495,0
DA:496,0
DA:499,0
DA:502,0
DA:503,0
DA:505,0
DA:537,0
DA:540,0
DA:552,0
DA:553,0
DA:556,0
DA:558,0
DA:560,0
DA:561,0
DA:562,0
DA:565,0
DA:566,0
DA:567,0
DA:569,0
DA:570,0
DA:572,0
DA:575,0
DA:576,0
DA:579,0
DA:580,0
DA:583,0
DA:584,0
DA:585,0
DA:587,0
DA:589,0
DA:599,0
DA:601,0
DA:602,0
DA:609,0
DA:610,0
DA:619,0
DA:620,0
DA:627,0
DA:639,0
DA:651,0
DA:665,0
DA:673,0
DA:680,0
DA:735,0
DA:752,0
DA:768,0
DA:782,0
DA:857,0
DA:865,0
DA:880,0
DA:888,0
DA:988,0
DA:990,0
DA:992,0
DA:993,0
DA:994,0
DA:997,0
DA:998,0
DA:999,0
DA:1000,0
DA:1003,0
DA:1029,0
DA:1039,0
DA:1151,0
DA:1164,0
DA:1181,0
DA:1197,0
LF:274
LH:0
BRDA:103,0,0,0
BRDA:120,1,0,0
BRDA:120,1,1,0
BRDA:127,2,0,0
BRDA:127,2,1,0
BRDA:127,3,0,0
BRDA:127,3,1,0
BRDA:134,4,0,0
BRDA:143,5,0,0
BRDA:143,5,1,0
BRDA:143,6,0,0
BRDA:143,6,1,0
BRDA:146,7,0,0
BRDA:146,7,1,0
BRDA:147,8,0,0
BRDA:147,8,1,0
BRDA:155,9,0,0
BRDA:156,10,0,0
BRDA:162,11,0,0
BRDA:162,12,0,0
BRDA:162,12,1,0
BRDA:162,12,2,0
BRDA:170,13,0,0
BRDA:170,14,0,0
BRDA:170,14,1,0
BRDA:175,15,0,0
BRDA:175,16,0,0
BRDA:175,16,1,0
BRDA:180,17,0,0
BRDA:191,18,0,0
BRDA:191,19,0,0
BRDA:191,19,1,0
BRDA:191,19,2,0
BRDA:207,20,0,0
BRDA:207,21,0,0
BRDA:207,21,1,0
BRDA:226,22,0,0
BRDA:233,23,0,0
BRDA:233,23,1,0
BRDA:234,24,0,0
BRDA:234,24,1,0
BRDA:239,25,0,0
BRDA:247,26,0,0
BRDA:247,26,1,0
BRDA:247,26,2,0
BRDA:259,27,0,0
BRDA:264,28,0,0
BRDA:264,28,1,0
BRDA:267,29,0,0
BRDA:267,29,1,0
BRDA:271,30,0,0
BRDA:286,31,0,0
BRDA:289,32,0,0
BRDA:289,32,1,0
BRDA:292,33,0,0
BRDA:292,33,1,0
BRDA:305,34,0,0
BRDA:305,34,1,0
BRDA:306,35,0,0
BRDA:306,35,1,0
BRDA:315,36,0,0
BRDA:315,36,1,0
BRDA:316,37,0,0
BRDA:316,37,1,0
BRDA:318,38,0,0
BRDA:334,39,0,0
BRDA:334,39,1,0
BRDA:342,40,0,0
BRDA:347,41,0,0
BRDA:347,41,1,0
BRDA:355,42,0,0
BRDA:355,42,1,0
BRDA:356,43,0,0
BRDA:356,43,1,0
BRDA:360,44,0,0
BRDA:360,44,1,0
BRDA:361,45,0,0
BRDA:361,45,1,0
BRDA:362,46,0,0
BRDA:362,46,1,0
BRDA:363,47,0,0
BRDA:363,47,1,0
BRDA:366,48,0,0
BRDA:366,48,1,0
BRDA:376,49,0,0
BRDA:382,50,0,0
BRDA:389,51,0,0
BRDA:389,51,1,0
BRDA:390,52,0,0
BRDA:390,52,1,0
BRDA:390,53,0,0
BRDA:390,53,1,0
BRDA:392,54,0,0
BRDA:392,54,1,0
BRDA:392,55,0,0
BRDA:392,55,1,0
BRDA:394,56,0,0
BRDA:394,56,1,0
BRDA:394,57,0,0
BRDA:394,57,1,0
BRDA:396,58,0,0
BRDA:396,58,1,0
BRDA:396,59,0,0
BRDA:396,59,1,0
BRDA:398,60,0,0
BRDA:398,60,1,0
BRDA:405,61,0,0
BRDA:405,61,1,0
BRDA:407,62,0,0
BRDA:407,62,1,0
BRDA:409,63,0,0
BRDA:415,64,0,0
BRDA:417,65,0,0
BRDA:417,65,1,0
BRDA:417,66,0,0
BRDA:417,66,1,0
BRDA:417,66,2,0
BRDA:419,67,0,0
BRDA:419,67,1,0
BRDA:419,68,0,0
BRDA:419,68,1,0
BRDA:419,68,2,0
BRDA:419,68,3,0
BRDA:438,69,0,0
BRDA:439,70,0,0
BRDA:440,71,0,0
BRDA:441,72,0,0
BRDA:442,73,0,0
BRDA:458,74,0,0
BRDA:458,74,1,0
BRDA:459,75,0,0
BRDA:459,75,1,0
BRDA:465,76,0,0
BRDA:465,76,1,0
BRDA:470,77,0,0
BRDA:470,77,1,0
BRDA:474,78,0,0
BRDA:474,78,1,0
BRDA:476,79,0,0
BRDA:476,79,1,0
BRDA:482,80,0,0
BRDA:482,80,1,0
BRDA:516,81,0,0
BRDA:516,81,1,0
BRDA:521,82,0,0
BRDA:521,82,1,0
BRDA:530,83,0,0
BRDA:530,83,1,0
BRDA:534,84,0,0
BRDA:534,84,1,0
BRDA:553,85,0,0
BRDA:556,86,0,0
BRDA:556,86,1,0
BRDA:558,87,0,0
BRDA:569,88,0,0
BRDA:569,89,0,0
BRDA:569,89,1,0
BRDA:584,90,0,0
BRDA:601,91,0,0
BRDA:609,92,0,0
BRDA:629,93,0,0
BRDA:629,93,1,0
BRDA:641,94,0,0
BRDA:641,94,1,0
BRDA:653,95,0,0
BRDA:653,95,1,0
BRDA:670,96,0,0
BRDA:670,96,1,0
BRDA:733,97,0,0
BRDA:733,97,1,0
BRDA:750,98,0,0
BRDA:750,98,1,0
BRDA:785,99,0,0
BRDA:785,99,1,0
BRDA:806,100,0,0
BRDA:806,100,1,0
BRDA:808,101,0,0
BRDA:808,101,1,0
BRDA:826,102,0,0
BRDA:826,102,1,0
BRDA:829,103,0,0
BRDA:829,103,1,0
BRDA:832,104,0,0
BRDA:832,104,1,0
BRDA:839,105,0,0
BRDA:839,105,1,0
BRDA:897,106,0,0
BRDA:897,106,1,0
BRDA:920,107,0,0
BRDA:920,107,1,0
BRDA:935,108,0,0
BRDA:935,108,1,0
BRDA:938,109,0,0
BRDA:938,109,1,0
BRDA:941,110,0,0
BRDA:941,110,1,0
BRDA:988,111,0,0
BRDA:988,111,1,0
BRDA:988,111,2,0
BRDA:988,111,3,0
BRDA:998,112,0,0
BRDA:1058,113,0,0
BRDA:1058,113,1,0
BRDA:1058,113,2,0
BRDA:1068,114,0,0
BRDA:1068,114,1,0
BRDA:1080,115,0,0
BRDA:1080,115,1,0
BRDA:1080,115,2,0
BRDA:1092,116,0,0
BRDA:1092,116,1,0
BRDA:1150,117,0,0
BRDA:1150,117,1,0
BRDA:1162,118,0,0
BRDA:1162,118,1,0
BRDA:1179,119,0,0
BRDA:1179,119,1,0
BRF:217
BRH:0
end_of_record
TN:
SF:src\components\StatisticsDashboard.tsx
FN:10,(anonymous_1)
FN:12,(anonymous_2)
FN:13,(anonymous_3)
FN:14,(anonymous_4)
FN:16,(anonymous_5)
FNF:5
FNH:0
FNDA:0,(anonymous_1)
FNDA:0,(anonymous_2)
FNDA:0,(anonymous_3)
FNDA:0,(anonymous_4)
FNDA:0,(anonymous_5)
DA:1,0
DA:3,0
DA:4,0
DA:10,0
DA:11,0
DA:12,0
DA:13,0
DA:14,0
DA:16,0
DA:18,0
DA:66,0
LF:11
LH:0
BRF:0
BRH:0
end_of_record
TN:
SF:src\components\StatsView.tsx
FN:51,(anonymous_9)
FN:67,(anonymous_10)
FN:75,(anonymous_11)
FN:86,(anonymous_12)
FN:94,(anonymous_13)
FN:95,(anonymous_14)
FN:102,(anonymous_15)
FN:106,(anonymous_16)
FN:107,(anonymous_17)
FN:116,(anonymous_18)
FN:123,(anonymous_19)
FN:137,(anonymous_20)
FN:149,(anonymous_21)
FN:155,(anonymous_22)
FN:163,(anonymous_23)
FN:167,(anonymous_24)
FN:168,(anonymous_25)
FN:188,(anonymous_26)
FN:214,(anonymous_27)
FN:243,(anonymous_28)
FN:334,(anonymous_29)
FN:338,(anonymous_30)
FN:362,(anonymous_31)
FN:366,(anonymous_32)
FN:400,(anonymous_33)
FN:457,(anonymous_34)
FN:567,(anonymous_35)
FNF:27
FNH:0
FNDA:0,(anonymous_9)
FNDA:0,(anonymous_10)
FNDA:0,(anonymous_11)
FNDA:0,(anonymous_12)
FNDA:0,(anonymous_13)
FNDA:0,(anonymous_14)
FNDA:0,(anonymous_15)
FNDA:0,(anonymous_16)
FNDA:0,(anonymous_17)
FNDA:0,(anonymous_18)
FNDA:0,(anonymous_19)
FNDA:0,(anonymous_20)
FNDA:0,(anonymous_21)
FNDA:0,(anonymous_22)
FNDA:0,(anonymous_23)
FNDA:0,(anonymous_24)
FNDA:0,(anonymous_25)
FNDA:0,(anonymous_26)
FNDA:0,(anonymous_27)
FNDA:0,(anonymous_28)
FNDA:0,(anonymous_29)
FNDA:0,(anonymous_30)
FNDA:0,(anonymous_31)
FNDA:0,(anonymous_32)
FNDA:0,(anonymous_33)
FNDA:0,(anonymous_34)
FNDA:0,(anonymous_35)
DA:2,0
DA:3,0
DA:4,0
DA:5,0
DA:19,0
DA:28,0
DA:35,0
DA:37,0
DA:51,0
DA:63,0
DA:64,0
DA:67,0
DA:68,0
DA:69,0
DA:70,0
DA:75,0
DA:76,0
DA:77,0
DA:78,0
DA:86,0
DA:93,0
DA:95,0
DA:96,0
DA:102,0
DA:106,0
DA:107,0
DA:108,0
DA:115,0
DA:117,0
DA:118,0
DA:123,0
DA:137,0
DA:138,0
DA:140,0
DA:146,0
DA:147,0
DA:149,0
DA:150,0
DA:151,0
DA:152,0
DA:155,0
DA:156,0
DA:157,0
DA:158,0
DA:162,0
DA:163,0
DA:167,0
DA:168,0
DA:169,0
DA:170,0
DA:188,0
DA:189,0
DA:190,0
DA:196,0
DA:214,0
DA:215,0
DA:216,0
DA:217,0
DA:225,0
DA:228,0
DA:230,0
DA:244,0
DA:335,0
DA:339,0
DA:363,0
DA:367,0
DA:401,0
DA:457,0
DA:567,0
DA:587,0
LF:70
LH:0
BRDA:68,0,0,0
BRDA:97,1,0,0
BRDA:97,1,1,0
BRDA:117,2,0,0
BRDA:117,2,1,0
BRDA:125,3,0,0
BRDA:125,3,1,0
BRDA:127,4,0,0
BRDA:127,4,1,0
BRDA:129,5,0,0
BRDA:129,5,1,0
BRDA:150,6,0,0
BRDA:150,7,0,0
BRDA:150,7,1,0
BRDA:156,8,0,0
BRDA:156,9,0,0
BRDA:156,9,1,0
BRDA:169,10,0,0
BRDA:189,11,0,0
BRDA:189,12,0,0
BRDA:189,12,1,0
BRDA:189,12,2,0
BRDA:215,13,0,0
BRDA:215,14,0,0
BRDA:215,14,1,0
BRDA:215,14,2,0
BRDA:220,15,0,0
BRDA:220,15,1,0
BRDA:221,16,0,0
BRDA:221,16,1,0
BRDA:276,17,0,0
BRDA:276,17,1,0
BRDA:288,18,0,0
BRDA:288,18,1,0
BRDA:398,19,0,0
BRDA:398,19,1,0
BRDA:406,20,0,0
BRDA:406,20,1,0
BRDA:408,21,0,0
BRDA:408,21,1,0
BRDA:410,22,0,0
BRDA:410,22,1,0
BRF:42
BRH:0
end_of_record
TN:
SF:src\components\SubscriptionManagement.tsx
FN:92,(anonymous_10)
FN:114,(anonymous_11)
FN:122,(anonymous_12)
FN:131,(anonymous_13)
FN:132,(anonymous_14)
FN:143,(anonymous_15)
FN:148,(anonymous_16)
FN:154,(anonymous_17)
FN:159,(anonymous_18)
FN:165,(anonymous_19)
FN:172,(anonymous_20)
FN:209,(anonymous_21)
FN:259,(anonymous_22)
FN:277,ensureValidPaymentMethod
FN:288,(anonymous_24)
FN:320,(anonymous_25)
FN:329,(anonymous_26)
FN:330,(anonymous_27)
FN:339,(anonymous_28)
FN:340,(anonymous_29)
FN:345,(anonymous_30)
FN:358,(anonymous_31)
FN:376,(anonymous_32)
FN:377,(anonymous_33)
FN:403,(anonymous_34)
FN:428,(anonymous_35)
FN:451,(anonymous_36)
FN:476,(anonymous_37)
FN:494,(anonymous_38)
FN:535,(anonymous_39)
FN:545,(anonymous_40)
FN:555,(anonymous_41)
FN:561,(anonymous_42)
FN:576,(anonymous_43)
FN:588,(anonymous_44)
FN:603,(anonymous_45)
FN:613,(anonymous_46)
FNF:37
FNH:0
FNDA:0,(anonymous_10)
FNDA:0,(anonymous_11)
FNDA:0,(anonymous_12)
FNDA:0,(anonymous_13)
FNDA:0,(anonymous_14)
FNDA:0,(anonymous_15)
FNDA:0,(anonymous_16)
FNDA:0,(anonymous_17)
FNDA:0,(anonymous_18)
FNDA:0,(anonymous_19)
FNDA:0,(anonymous_20)
FNDA:0,(anonymous_21)
FNDA:0,(anonymous_22)
FNDA:0,ensureValidPaymentMethod
FNDA:0,(anonymous_24)
FNDA:0,(anonymous_25)
FNDA:0,(anonymous_26)
FNDA:0,(anonymous_27)
FNDA:0,(anonymous_28)
FNDA:0,(anonymous_29)
FNDA:0,(anonymous_30)
FNDA:0,(anonymous_31)
FNDA:0,(anonymous_32)
FNDA:0,(anonymous_33)
FNDA:0,(anonymous_34)
FNDA:0,(anonymous_35)
FNDA:0,(anonymous_36)
FNDA:0,(anonymous_37)
FNDA:0,(anonymous_38)
FNDA:0,(anonymous_39)
FNDA:0,(anonymous_40)
FNDA:0,(anonymous_41)
FNDA:0,(anonymous_42)
FNDA:0,(anonymous_43)
FNDA:0,(anonymous_44)
FNDA:0,(anonymous_45)
FNDA:0,(anonymous_46)
DA:3,0
DA:4,0
DA:5,0
DA:6,0
DA:14,0
DA:24,0
DA:25,0
DA:26,0
DA:27,0
DA:34,0
DA:35,0
DA:36,0
DA:37,0
DA:38,0
DA:40,0
DA:41,0
DA:42,0
DA:59,0
DA:70,0
DA:79,0
DA:92,0
DA:93,0
DA:94,0
DA:97,0
DA:98,0
DA:99,0
DA:100,0
DA:101,0
DA:102,0
DA:103,0
DA:104,0
DA:105,0
DA:106,0
DA:107,0
DA:108,0
DA:109,0
DA:110,0
DA:111,0
DA:114,0
DA:115,0
DA:116,0
DA:117,0
DA:122,0
DA:123,0
DA:124,0
DA:125,0
DA:126,0
DA:127,0
DA:130,0
DA:131,0
DA:132,0
DA:133,0
DA:135,0
DA:136,0
DA:138,0
DA:143,0
DA:144,0
DA:148,0
DA:149,0
DA:152,0
DA:153,0
DA:154,0
DA:158,0
DA:159,0
DA:163,0
DA:164,0
DA:165,0
DA:168,0
DA:172,0
DA:173,0
DA:174,0
DA:175,0
DA:176,0
DA:179,0
DA:180,0
DA:181,0
DA:182,0
DA:186,0
DA:187,0
DA:188,0
DA:189,0
DA:192,0
DA:193,0
DA:194,0
DA:195,0
DA:198,0
DA:199,0
DA:200,0
DA:201,0
DA:204,0
DA:205,0
DA:209,0
DA:210,0
DA:212,0
DA:215,0
DA:216,0
DA:219,0
DA:224,0
DA:238,0
DA:240,0
DA:241,0
DA:244,0
DA:245,0
DA:249,0
DA:251,0
DA:253,0
DA:254,0
DA:259,0
DA:260,0
DA:262,0
DA:263,0
DA:264,0
DA:267,0
DA:269,0
DA:271,0
DA:272,0
DA:279,0
DA:282,0
DA:288,0
DA:290,0
DA:293,0
DA:306,0
DA:307,0
DA:310,0
DA:314,0
DA:315,0
DA:320,0
DA:321,0
DA:322,0
DA:323,0
DA:324,0
DA:325,0
DA:329,0
DA:330,0
DA:335,0
DA:339,0
DA:340,0
DA:341,0
DA:345,0
DA:346,0
DA:347,0
DA:350,0
DA:358,0
DA:376,0
DA:377,0
DA:404,0
DA:405,0
DA:406,0
DA:407,0
DA:408,0
DA:428,0
DA:452,0
DA:477,0
DA:494,0
DA:535,0
DA:545,0
DA:555,0
DA:562,0
DA:576,0
DA:589,0
DA:603,0
DA:613,0
DA:649,0
LF:163
LH:0
BRDA:115,0,0,0
BRDA:152,1,0,0
BRDA:158,2,0,0
BRDA:163,3,0,0
BRDA:173,4,0,0
BRDA:179,5,0,0
BRDA:186,6,0,0
BRDA:186,7,0,0
BRDA:186,7,1,0
BRDA:192,8,0,0
BRDA:192,9,0,0
BRDA:192,9,1,0
BRDA:192,9,2,0
BRDA:198,10,0,0
BRDA:198,11,0,0
BRDA:198,11,1,0
BRDA:210,12,0,0
BRDA:215,13,0,0
BRDA:215,13,1,0
BRDA:220,14,0,0
BRDA:220,14,1,0
BRDA:227,15,0,0
BRDA:227,15,1,0
BRDA:233,16,0,0
BRDA:233,16,1,0
BRDA:238,17,0,0
BRDA:238,17,1,0
BRDA:260,18,0,0
BRDA:282,19,0,0
BRDA:282,19,1,0
BRDA:299,20,0,0
BRDA:299,20,1,0
BRDA:301,21,0,0
BRDA:301,21,1,0
BRDA:302,22,0,0
BRDA:302,22,1,0
BRDA:310,23,0,0
BRDA:310,23,1,0
BRDA:314,24,0,0
BRDA:373,25,0,0
BRDA:373,25,1,0
BRDA:388,26,0,0
BRDA:388,26,1,0
BRDA:400,27,0,0
BRDA:400,27,1,0
BRDA:408,28,0,0
BRDA:408,28,1,0
BRDA:473,29,0,0
BRDA:473,29,1,0
BRDA:486,30,0,0
BRDA:486,30,1,0
BRDA:515,31,0,0
BRDA:515,31,1,0
BRDA:522,32,0,0
BRDA:522,32,1,0
BRDA:597,33,0,0
BRDA:597,33,1,0
BRF:57
BRH:0
end_of_record
TN:
SF:src\components\WBSActualDataIntegration.tsx
FN:35,(anonymous_10)
FN:50,(anonymous_11)
FN:70,(anonymous_12)
FN:82,(anonymous_13)
FN:87,(anonymous_14)
FN:91,(anonymous_15)
FN:95,(anonymous_16)
FN:109,(anonymous_17)
FN:116,(anonymous_18)
FN:234,(anonymous_19)
FN:238,(anonymous_20)
FN:308,(anonymous_21)
FN:331,(anonymous_22)
FN:349,(anonymous_23)
FN:380,(anonymous_24)
FN:406,(anonymous_25)
FNF:16
FNH:0
FNDA:0,(anonymous_10)
FNDA:0,(anonymous_11)
FNDA:0,(anonymous_12)
FNDA:0,(anonymous_13)
FNDA:0,(anonymous_14)
FNDA:0,(anonymous_15)
FNDA:0,(anonymous_16)
FNDA:0,(anonymous_17)
FNDA:0,(anonymous_18)
FNDA:0,(anonymous_19)
FNDA:0,(anonymous_20)
FNDA:0,(anonymous_21)
FNDA:0,(anonymous_22)
FNDA:0,(anonymous_23)
FNDA:0,(anonymous_24)
FNDA:0,(anonymous_25)
DA:1,0
DA:2,0
DA:3,0
DA:4,0
DA:5,0
DA:6,0
DA:7,0
DA:8,0
DA:19,0
DA:20,0
DA:21,0
DA:25,0
DA:35,0
DA:41,0
DA:42,0
DA:43,0
DA:44,0
DA:45,0
DA:46,0
DA:47,0
DA:50,0
DA:51,0
DA:53,0
DA:54,0
DA:55,0
DA:57,0
DA:59,0
DA:60,0
DA:62,0
DA:63,0
DA:65,0
DA:70,0
DA:71,0
DA:73,0
DA:74,0
DA:75,0
DA:77,0
DA:82,0
DA:83,0
DA:87,0
DA:88,0
DA:90,0
DA:91,0
DA:95,0
DA:96,0
DA:98,0
DA:99,0
DA:100,0
DA:101,0
DA:102,0
DA:103,0
DA:104,0
DA:105,0
DA:109,0
DA:110,0
DA:111,0
DA:112,0
DA:116,0
DA:117,0
DA:119,0
DA:121,0
DA:123,0
DA:125,0
DA:127,0
DA:131,0
DA:132,0
DA:140,0
DA:141,0
DA:149,0
DA:150,0
DA:157,0
DA:235,0
DA:238,0
DA:309,0
DA:332,0
DA:350,0
DA:381,0
DA:407,0
DA:434,0
LF:79
LH:0
BRDA:36,0,0,0
BRDA:37,1,0,0
BRDA:38,2,0,0
BRDA:39,3,0,0
BRDA:51,4,0,0
BRDA:71,5,0,0
BRDA:88,6,0,0
BRDA:96,7,0,0
BRDA:110,8,0,0
BRDA:111,9,0,0
BRDA:117,10,0,0
BRDA:117,10,1,0
BRDA:117,10,2,0
BRDA:117,10,3,0
BRDA:117,10,4,0
BRDA:131,11,0,0
BRDA:131,12,0,0
BRDA:131,12,1,0
BRDA:140,13,0,0
BRDA:149,14,0,0
BRDA:167,15,0,0
BRDA:167,15,1,0
BRDA:279,16,0,0
BRDA:279,16,1,0
BRDA:279,16,2,0
BRDA:283,17,0,0
BRDA:283,17,1,0
BRDA:286,18,0,0
BRDA:286,18,1,0
BRDA:306,19,0,0
BRDA:306,19,1,0
BRDA:329,20,0,0
BRDA:329,20,1,0
BRDA:347,21,0,0
BRDA:347,21,1,0
BRDA:368,22,0,0
BRDA:368,22,1,0
BRDA:376,23,0,0
BRDA:376,23,1,0
BRDA:388,24,0,0
BRDA:388,24,1,0
BRDA:389,25,0,0
BRDA:389,25,1,0
BRDA:392,26,0,0
BRDA:392,26,1,0
BRDA:393,27,0,0
BRDA:393,27,1,0
BRDA:402,28,0,0
BRDA:402,28,1,0
BRDA:413,29,0,0
BRDA:413,29,1,0
BRF:51
BRH:0
end_of_record
TN:
SF:src\components\WBSCreator.tsx
FN:31,(anonymous_0)
FN:527,(anonymous_1)
FN:546,(anonymous_2)
FN:557,(anonymous_3)
FN:570,(anonymous_4)
FN:573,(anonymous_5)
FN:577,(anonymous_6)
FN:580,(anonymous_7)
FN:588,MonthView
FN:595,(anonymous_9)
FN:601,(anonymous_10)
FN:614,(anonymous_11)
FN:617,(anonymous_12)
FN:629,(anonymous_13)
FN:645,(anonymous_14)
FN:651,(anonymous_15)
FN:657,(anonymous_16)
FN:660,(anonymous_17)
FN:671,(anonymous_18)
FN:684,(anonymous_19)
FN:689,(anonymous_20)
FN:700,(anonymous_21)
FN:707,(anonymous_22)
FN:709,(anonymous_23)
FN:713,(anonymous_24)
FN:718,(anonymous_25)
FN:726,(anonymous_26)
FN:739,(anonymous_27)
FN:759,(anonymous_28)
FN:769,(anonymous_29)
FN:792,(anonymous_30)
FN:819,(anonymous_31)
FN:835,WBSCreator
FN:839,(anonymous_33)
FN:840,(anonymous_34)
FN:848,(anonymous_35)
FN:852,(anonymous_36)
FN:857,(anonymous_37)
FN:895,(anonymous_38)
FN:896,(anonymous_39)
FN:901,(anonymous_40)
FN:902,(anonymous_41)
FN:956,(anonymous_42)
FN:1021,(anonymous_43)
FN:1056,(anonymous_44)
FN:1165,(anonymous_45)
FNF:46
FNH:0
FNDA:0,(anonymous_0)
FNDA:0,(anonymous_1)
FNDA:0,(anonymous_2)
FNDA:0,(anonymous_3)
FNDA:0,(anonymous_4)
FNDA:0,(anonymous_5)
FNDA:0,(anonymous_6)
FNDA:0,(anonymous_7)
FNDA:0,MonthView
FNDA:0,(anonymous_9)
FNDA:0,(anonymous_10)
FNDA:0,(anonymous_11)
FNDA:0,(anonymous_12)
FNDA:0,(anonymous_13)
FNDA:0,(anonymous_14)
FNDA:0,(anonymous_15)
FNDA:0,(anonymous_16)
FNDA:0,(anonymous_17)
FNDA:0,(anonymous_18)
FNDA:0,(anonymous_19)
FNDA:0,(anonymous_20)
FNDA:0,(anonymous_21)
FNDA:0,(anonymous_22)
FNDA:0,(anonymous_23)
FNDA:0,(anonymous_24)
FNDA:0,(anonymous_25)
FNDA:0,(anonymous_26)
FNDA:0,(anonymous_27)
FNDA:0,(anonymous_28)
FNDA:0,(anonymous_29)
FNDA:0,(anonymous_30)
FNDA:0,(anonymous_31)
FNDA:0,WBSCreator
FNDA:0,(anonymous_33)
FNDA:0,(anonymous_34)
FNDA:0,(anonymous_35)
FNDA:0,(anonymous_36)
FNDA:0,(anonymous_37)
FNDA:0,(anonymous_38)
FNDA:0,(anonymous_39)
FNDA:0,(anonymous_40)
FNDA:0,(anonymous_41)
FNDA:0,(anonymous_42)
FNDA:0,(anonymous_43)
FNDA:0,(anonymous_44)
FNDA:0,(anonymous_45)
DA:3,0
DA:4,0
DA:5,0
DA:6,0
DA:7,0
DA:8,0
DA:9,0
DA:10,0
DA:11,0
DA:26,0
DA:27,0
DA:28,0
DA:31,0
DA:32,0
DA:78,0
DA:527,0
DA:528,0
DA:530,0
DA:532,0
DA:534,0
DA:536,0
DA:538,0
DA:540,0
DA:542,0
DA:546,0
DA:547,0
DA:549,0
DA:551,0
DA:553,0
DA:557,0
DA:558,0
DA:560,0
DA:562,0
DA:564,0
DA:566,0
DA:570,0
DA:571,0
DA:573,0
DA:574,0
DA:577,0
DA:578,0
DA:579,0
DA:580,0
DA:582,0
DA:585,0
DA:588,0
DA:589,0
DA:590,0
DA:591,0
DA:592,0
DA:593,0
DA:595,0
DA:596,0
DA:597,0
DA:598,0
DA:599,0
DA:600,0
DA:601,0
DA:607,0
DA:610,0
DA:614,0
DA:615,0
DA:616,0
DA:617,0
DA:622,0
DA:624,0
DA:629,0
DA:630,0
DA:631,0
DA:632,0
DA:633,0
DA:635,0
DA:636,0
DA:637,0
DA:639,0
DA:640,0
DA:642,0
DA:645,0
DA:646,0
DA:647,0
DA:648,0
DA:651,0
DA:652,0
DA:653,0
DA:654,0
DA:657,0
DA:658,0
DA:659,0
DA:660,0
DA:661,0
DA:663,0
DA:665,0
DA:671,0
DA:674,0
DA:678,0
DA:680,0
DA:685,0
DA:690,0
DA:700,0
DA:707,0
DA:710,0
DA:714,0
DA:715,0
DA:719,0
DA:720,0
DA:726,0
DA:740,0
DA:741,0
DA:759,0
DA:760,0
DA:762,0
DA:769,0
DA:793,0
DA:795,0
DA:800,0
DA:820,0
DA:835,0
DA:836,0
DA:837,0
DA:839,0
DA:840,0
DA:846,0
DA:847,0
DA:848,0
DA:851,0
DA:852,0
DA:857,0
DA:859,0
DA:860,0
DA:862,0
DA:865,0
DA:866,0
DA:870,0
DA:871,0
DA:874,0
DA:875,0
DA:876,0
DA:879,0
DA:883,0
DA:892,0
DA:895,0
DA:896,0
DA:901,0
DA:902,0
DA:903,0
DA:918,0
DA:956,0
DA:1023,0
DA:1031,0
DA:1057,0
DA:1166,0
DA:1167,0
DA:1169,0
LF:153
LH:0
BRDA:32,0,0,0
BRDA:32,0,1,0
BRDA:528,1,0,0
BRDA:528,1,1,0
BRDA:528,1,2,0
BRDA:528,1,3,0
BRDA:528,1,4,0
BRDA:528,1,5,0
BRDA:528,1,6,0
BRDA:547,2,0,0
BRDA:547,2,1,0
BRDA:547,2,2,0
BRDA:558,3,0,0
BRDA:558,3,1,0
BRDA:558,3,2,0
BRDA:558,3,3,0
BRDA:571,4,0,0
BRDA:574,5,0,0
BRDA:574,5,1,0
BRDA:578,6,0,0
BRDA:578,6,1,0
BRDA:579,7,0,0
BRDA:598,8,0,0
BRDA:615,9,0,0
BRDA:659,10,0,0
BRDA:659,10,1,0
BRDA:661,11,0,0
BRDA:661,11,1,0
BRDA:694,12,0,0
BRDA:694,12,1,0
BRDA:694,12,2,0
BRDA:695,13,0,0
BRDA:695,13,1,0
BRDA:695,13,2,0
BRDA:695,13,3,0
BRDA:700,14,0,0
BRDA:700,14,1,0
BRDA:702,15,0,0
BRDA:702,15,1,0
BRDA:714,16,0,0
BRDA:715,17,0,0
BRDA:715,17,1,0
BRDA:726,18,0,0
BRDA:726,18,1,0
BRDA:735,19,0,0
BRDA:735,19,1,0
BRDA:760,20,0,0
BRDA:760,20,1,0
BRDA:763,21,0,0
BRDA:763,21,1,0
BRDA:768,22,0,0
BRDA:768,22,1,0
BRDA:770,23,0,0
BRDA:770,23,1,0
BRDA:789,24,0,0
BRDA:789,24,1,0
BRDA:795,25,0,0
BRDA:795,25,1,0
BRDA:797,26,0,0
BRDA:797,26,1,0
BRDA:808,27,0,0
BRDA:808,27,1,0
BRDA:813,28,0,0
BRDA:813,28,1,0
BRDA:852,29,0,0
BRDA:852,29,1,0
BRDA:859,30,0,0
BRDA:859,30,1,0
BRDA:859,31,0,0
BRDA:859,31,1,0
BRDA:860,32,0,0
BRDA:860,32,1,0
BRDA:865,33,0,0
BRDA:865,34,0,0
BRDA:865,34,1,0
BRDA:870,35,0,0
BRDA:870,35,1,0
BRDA:875,36,0,0
BRDA:893,37,0,0
BRDA:893,37,1,0
BRDA:901,38,0,0
BRDA:908,39,0,0
BRDA:908,39,1,0
BRDA:911,40,0,0
BRDA:911,40,1,0
BRDA:911,40,2,0
BRDA:1023,41,0,0
BRDA:1023,41,1,0
BRDA:1025,42,0,0
BRDA:1025,42,1,0
BRDA:1027,43,0,0
BRDA:1027,43,1,0
BRDA:1053,44,0,0
BRDA:1053,44,1,0
BRDA:1061,45,0,0
BRDA:1061,45,1,0
BRDA:1090,46,0,0
BRDA:1090,46,1,0
BRDA:1092,47,0,0
BRDA:1092,47,1,0
BRDA:1100,48,0,0
BRDA:1100,48,1,0
BRDA:1142,49,0,0
BRDA:1142,49,1,0
BRDA:1145,50,0,0
BRDA:1145,50,1,0
BRDA:1151,51,0,0
BRDA:1151,51,1,0
BRDA:1167,52,0,0
BRDA:1167,52,1,0
BRDA:1178,53,0,0
BRDA:1178,53,1,0
BRDA:1180,54,0,0
BRDA:1180,54,1,0
BRDA:1189,55,0,0
BRDA:1189,55,1,0
BRDA:1203,56,0,0
BRDA:1203,56,1,0
BRDA:1205,57,0,0
BRDA:1205,57,1,0
BRDA:1217,58,0,0
BRDA:1217,58,1,0
BRDA:1220,59,0,0
BRDA:1220,59,1,0
BRDA:1227,60,0,0
BRDA:1227,60,1,0
BRDA:1227,60,2,0
BRDA:1232,61,0,0
BRDA:1232,61,1,0
BRDA:1252,62,0,0
BRDA:1252,62,1,0
BRDA:1261,63,0,0
BRDA:1261,63,1,0
BRDA:1270,64,0,0
BRDA:1270,64,1,0
BRF:135
BRH:0
end_of_record
TN:
SF:src\components\WeekView.tsx
FN:19,(anonymous_0)
FN:35,(anonymous_1)
FN:47,(anonymous_2)
FN:57,WeekView
FN:66,(anonymous_4)
FN:72,(anonymous_5)
FN:86,(anonymous_6)
FN:89,(anonymous_7)
FN:101,(anonymous_8)
FN:108,(anonymous_9)
FN:118,(anonymous_10)
FN:125,(anonymous_11)
FN:132,(anonymous_12)
FN:136,(anonymous_13)
FN:148,(anonymous_14)
FN:156,(anonymous_15)
FN:199,(anonymous_16)
FN:218,(anonymous_17)
FN:227,(anonymous_18)
FN:232,(anonymous_19)
FN:239,(anonymous_20)
FN:242,(anonymous_21)
FN:252,(anonymous_22)
FN:269,(anonymous_23)
FNF:24
FNH:0
FNDA:0,(anonymous_0)
FNDA:0,(anonymous_1)
FNDA:0,(anonymous_2)
FNDA:0,WeekView
FNDA:0,(anonymous_4)
FNDA:0,(anonymous_5)
FNDA:0,(anonymous_6)
FNDA:0,(anonymous_7)
FNDA:0,(anonymous_8)
FNDA:0,(anonymous_9)
FNDA:0,(anonymous_10)
FNDA:0,(anonymous_11)
FNDA:0,(anonymous_12)
FNDA:0,(anonymous_13)
FNDA:0,(anonymous_14)
FNDA:0,(anonymous_15)
FNDA:0,(anonymous_16)
FNDA:0,(anonymous_17)
FNDA:0,(anonymous_18)
FNDA:0,(anonymous_19)
FNDA:0,(anonymous_20)
FNDA:0,(anonymous_21)
FNDA:0,(anonymous_22)
FNDA:0,(anonymous_23)
DA:3,0
DA:4,0
DA:5,0
DA:6,0
DA:7,0
DA:8,0
DA:19,0
DA:20,0
DA:31,0
DA:35,0
DA:36,0
DA:37,0
DA:40,0
DA:43,0
DA:47,0
DA:49,0
DA:52,0
DA:54,0
DA:57,0
DA:58,0
DA:59,0
DA:60,0
DA:61,0
DA:62,0
DA:63,0
DA:66,0
DA:67,0
DA:68,0
DA:69,0
DA:70,0
DA:71,0
DA:72,0
DA:78,0
DA:81,0
DA:86,0
DA:87,0
DA:88,0
DA:89,0
DA:94,0
DA:96,0
DA:101,0
DA:102,0
DA:103,0
DA:104,0
DA:105,0
DA:108,0
DA:109,0
DA:110,0
DA:111,0
DA:118,0
DA:119,0
DA:120,0
DA:121,0
DA:122,0
DA:125,0
DA:126,0
DA:127,0
DA:128,0
DA:129,0
DA:132,0
DA:133,0
DA:134,0
DA:136,0
DA:137,0
DA:139,0
DA:142,0
DA:148,0
DA:151,0
DA:156,0
DA:157,0
DA:158,0
DA:160,0
DA:161,0
DA:165,0
DA:166,0
DA:167,0
DA:169,0
DA:174,0
DA:177,0
DA:189,0
DA:195,0
DA:200,0
DA:219,0
DA:228,0
DA:233,0
DA:239,0
DA:243,0
DA:244,0
DA:245,0
DA:252,0
DA:258,0
DA:270,0
DA:271,0
LF:93
LH:0
BRDA:31,0,0,0
BRDA:31,0,1,0
BRDA:31,1,0,0
BRDA:31,1,1,0
BRDA:69,2,0,0
BRDA:87,3,0,0
BRDA:134,4,0,0
BRDA:134,4,1,0
BRDA:137,5,0,0
BRDA:137,5,1,0
BRDA:160,6,0,0
BRDA:204,7,0,0
BRDA:204,7,1,0
BRDA:205,8,0,0
BRDA:205,8,1,0
BRDA:206,9,0,0
BRDA:206,9,1,0
BRDA:219,10,0,0
BRDA:219,10,1,0
BRDA:230,11,0,0
BRDA:230,11,1,0
BRDA:237,12,0,0
BRDA:237,12,1,0
BRDA:244,13,0,0
BRDA:251,14,0,0
BRDA:251,14,1,0
BRDA:265,15,0,0
BRDA:265,15,1,0
BRF:28
BRH:0
end_of_record
TN:
SF:src\components\accessibility\AccessibilityEnhancements.tsx
FN:39,(anonymous_9)
FN:56,(anonymous_10)
FN:73,(anonymous_11)
FN:118,(anonymous_12)
FN:132,(anonymous_13)
FN:136,(anonymous_14)
FN:144,(anonymous_15)
FN:157,(anonymous_16)
FN:166,(anonymous_17)
FN:222,(anonymous_18)
FN:234,(anonymous_19)
FN:238,(anonymous_20)
FN:255,(anonymous_21)
FN:268,(anonymous_22)
FN:271,(anonymous_23)
FN:274,(anonymous_24)
FN:277,(anonymous_25)
FN:295,(anonymous_26)
FN:303,(anonymous_27)
FN:313,(anonymous_28)
FN:326,(anonymous_29)
FN:339,(anonymous_30)
FN:360,(anonymous_31)
FN:368,(anonymous_32)
FN:376,(anonymous_33)
FN:394,(anonymous_34)
FNF:26
FNH:0
FNDA:0,(anonymous_9)
FNDA:0,(anonymous_10)
FNDA:0,(anonymous_11)
FNDA:0,(anonymous_12)
FNDA:0,(anonymous_13)
FNDA:0,(anonymous_14)
FNDA:0,(anonymous_15)
FNDA:0,(anonymous_16)
FNDA:0,(anonymous_17)
FNDA:0,(anonymous_18)
FNDA:0,(anonymous_19)
FNDA:0,(anonymous_20)
FNDA:0,(anonymous_21)
FNDA:0,(anonymous_22)
FNDA:0,(anonymous_23)
FNDA:0,(anonymous_24)
FNDA:0,(anonymous_25)
FNDA:0,(anonymous_26)
FNDA:0,(anonymous_27)
FNDA:0,(anonymous_28)
FNDA:0,(anonymous_29)
FNDA:0,(anonymous_30)
FNDA:0,(anonymous_31)
FNDA:0,(anonymous_32)
FNDA:0,(anonymous_33)
FNDA:0,(anonymous_34)
DA:1,0
DA:2,0
DA:3,0
DA:4,0
DA:5,0
DA:6,0
DA:7,0
DA:39,0
DA:40,0
DA:52,0
DA:53,0
DA:56,0
DA:57,0
DA:58,0
DA:60,0
DA:61,0
DA:62,0
DA:63,0
DA:64,0
DA:65,0
DA:66,0
DA:67,0
DA:69,0
DA:73,0
DA:74,0
DA:77,0
DA:80,0
DA:83,0
DA:86,0
DA:87,0
DA:88,0
DA:89,0
DA:90,0
DA:92,0
DA:93,0
DA:94,0
DA:95,0
DA:99,0
DA:100,0
DA:101,0
DA:103,0
DA:104,0
DA:108,0
DA:109,0
DA:110,0
DA:112,0
DA:113,0
DA:118,0
DA:120,0
DA:125,0
DA:126,0
DA:127,0
DA:132,0
DA:136,0
DA:137,0
DA:138,0
DA:139,0
DA:144,0
DA:146,0
DA:147,0
DA:148,0
DA:149,0
DA:150,0
DA:152,0
DA:157,0
DA:158,0
DA:159,0
DA:162,0
DA:166,0
DA:167,0
DA:214,0
DA:215,0
DA:218,0
DA:222,0
DA:234,0
DA:238,0
DA:255,0
DA:268,0
DA:271,0
DA:274,0
DA:277,0
DA:295,0
DA:303,0
DA:313,0
DA:326,0
DA:339,0
DA:360,0
DA:368,0
DA:376,0
DA:394,0
DA:481,0
LF:91
LH:0
BRDA:60,0,0,0
BRDA:61,1,0,0
BRDA:62,2,0,0
BRDA:63,3,0,0
BRDA:64,4,0,0
BRDA:65,5,0,0
BRDA:66,6,0,0
BRDA:67,7,0,0
BRDA:86,8,0,0
BRDA:86,8,1,0
BRDA:99,9,0,0
BRDA:99,9,1,0
BRDA:108,10,0,0
BRDA:108,10,1,0
BRDA:120,11,0,0
BRDA:120,11,1,0
BRDA:121,12,0,0
BRDA:121,12,1,0
BRDA:126,13,0,0
BRDA:147,14,0,0
BRDA:231,15,0,0
BRDA:231,15,1,0
BRDA:245,16,0,0
BRDA:245,16,1,0
BRDA:405,17,0,0
BRDA:405,17,1,0
BRDA:414,18,0,0
BRDA:414,18,1,0
BRDA:441,19,0,0
BRDA:441,19,1,0
BRDA:465,20,0,0
BRDA:465,20,1,0
BRF:32
BRH:0
end_of_record
TN:
SF:src\components\accessibility\AccessibilityProvider.tsx
FN:32,(anonymous_9)
FN:44,(anonymous_10)
FN:60,(anonymous_11)
FN:74,(anonymous_12)
FN:90,(anonymous_13)
FN:98,(anonymous_14)
FN:106,(anonymous_15)
FN:115,(anonymous_16)
FN:130,(anonymous_17)
FN:145,(anonymous_18)
FN:146,(anonymous_19)
FN:192,(anonymous_20)
FN:199,(anonymous_21)
FN:215,(anonymous_22)
FNF:14
FNH:0
FNDA:0,(anonymous_9)
FNDA:0,(anonymous_10)
FNDA:0,(anonymous_11)
FNDA:0,(anonymous_12)
FNDA:0,(anonymous_13)
FNDA:0,(anonymous_14)
FNDA:0,(anonymous_15)
FNDA:0,(anonymous_16)
FNDA:0,(anonymous_17)
FNDA:0,(anonymous_18)
FNDA:0,(anonymous_19)
FNDA:0,(anonymous_20)
FNDA:0,(anonymous_21)
FNDA:0,(anonymous_22)
DA:1,0
DA:2,0
DA:30,0
DA:32,0
DA:33,0
DA:34,0
DA:35,0
DA:37,0
DA:44,0
DA:53,0
DA:55,0
DA:56,0
DA:57,0
DA:60,0
DA:61,0
DA:62,0
DA:63,0
DA:66,0
DA:68,0
DA:74,0
DA:75,0
DA:76,0
DA:77,0
DA:79,0
DA:81,0
DA:89,0
DA:91,0
DA:92,0
DA:93,0
DA:94,0
DA:95,0
DA:97,0
DA:98,0
DA:99,0
DA:106,0
DA:107,0
DA:108,0
DA:109,0
DA:110,0
DA:115,0
DA:116,0
DA:119,0
DA:120,0
DA:122,0
DA:123,0
DA:124,0
DA:125,0
DA:130,0
DA:131,0
DA:134,0
DA:135,0
DA:137,0
DA:138,0
DA:139,0
DA:140,0
DA:145,0
DA:146,0
DA:148,0
DA:149,0
DA:150,0
DA:154,0
DA:155,0
DA:156,0
DA:160,0
DA:161,0
DA:162,0
DA:166,0
DA:167,0
DA:168,0
DA:169,0
DA:173,0
DA:174,0
DA:175,0
DA:176,0
DA:180,0
DA:181,0
DA:182,0
DA:183,0
DA:187,0
DA:188,0
DA:192,0
DA:193,0
DA:196,0
DA:197,0
DA:199,0
DA:200,0
DA:201,0
DA:215,0
DA:216,0
DA:217,0
DA:219,0
DA:220,0
DA:222,0
DA:223,0
DA:226,0
DA:243,0
LF:96
LH:0
BRDA:34,0,0,0
BRDA:69,1,0,0
BRDA:69,1,1,0
BRDA:82,2,0,0
BRDA:82,2,1,0
BRDA:90,3,0,0
BRDA:107,4,0,0
BRDA:107,4,1,0
BRDA:108,5,0,0
BRDA:122,6,0,0
BRDA:122,6,1,0
BRDA:124,7,0,0
BRDA:137,8,0,0
BRDA:137,8,1,0
BRDA:139,9,0,0
BRDA:148,10,0,0
BRDA:148,11,0,0
BRDA:148,11,1,0
BRDA:154,12,0,0
BRDA:154,13,0,0
BRDA:154,13,1,0
BRDA:160,14,0,0
BRDA:160,15,0,0
BRDA:160,15,1,0
BRDA:166,16,0,0
BRDA:166,17,0,0
BRDA:166,17,1,0
BRDA:173,18,0,0
BRDA:173,19,0,0
BRDA:173,19,1,0
BRDA:180,20,0,0
BRDA:180,21,0,0
BRDA:180,21,1,0
BRDA:187,22,0,0
BRF:34
BRH:0
end_of_record
TN:
SF:src\components\accessibility\AccessibilityToolbar.tsx
FN:27,(anonymous_9)
FN:41,(anonymous_10)
FN:56,(anonymous_11)
FN:74,(anonymous_12)
FN:125,(anonymous_13)
FN:138,(anonymous_14)
FN:150,(anonymous_15)
FN:171,(anonymous_16)
FN:214,(anonymous_17)
FNF:9
FNH:0
FNDA:0,(anonymous_9)
FNDA:0,(anonymous_10)
FNDA:0,(anonymous_11)
FNDA:0,(anonymous_12)
FNDA:0,(anonymous_13)
FNDA:0,(anonymous_14)
FNDA:0,(anonymous_15)
FNDA:0,(anonymous_16)
FNDA:0,(anonymous_17)
DA:1,0
DA:2,0
DA:3,0
DA:4,0
DA:5,0
DA:6,0
DA:21,0
DA:27,0
DA:28,0
DA:39,0
DA:41,0
DA:42,0
DA:43,0
DA:50,0
DA:57,0
DA:58,0
DA:75,0
DA:76,0
DA:85,0
DA:126,0
DA:127,0
DA:139,0
DA:140,0
DA:151,0
DA:152,0
DA:172,0
DA:215,0
LF:27
LH:0
BRDA:44,0,0,0
BRDA:44,0,1,0
BRDA:52,1,0,0
BRDA:52,1,1,0
BRDA:59,2,0,0
BRDA:59,2,1,0
BRDA:66,3,0,0
BRDA:66,3,1,0
BRDA:77,4,0,0
BRDA:77,4,1,0
BRDA:94,5,0,0
BRDA:94,5,1,0
BRDA:95,6,0,0
BRDA:95,6,1,0
BRDA:99,7,0,0
BRDA:99,7,1,0
BRDA:103,8,0,0
BRDA:103,8,1,0
BRDA:107,9,0,0
BRDA:107,9,1,0
BRDA:175,10,0,0
BRDA:175,10,1,0
BRF:22
BRH:0
end_of_record
TN:
SF:src\components\accessibility\AccessibilityTools.tsx
FN:27,(anonymous_9)
FN:41,(anonymous_10)
FN:56,(anonymous_11)
FN:74,(anonymous_12)
FN:125,(anonymous_13)
FN:138,(anonymous_14)
FN:150,(anonymous_15)
FN:171,(anonymous_16)
FN:214,(anonymous_17)
FNF:9
FNH:0
FNDA:0,(anonymous_9)
FNDA:0,(anonymous_10)
FNDA:0,(anonymous_11)
FNDA:0,(anonymous_12)
FNDA:0,(anonymous_13)
FNDA:0,(anonymous_14)
FNDA:0,(anonymous_15)
[...]
BRDA:37,3,0,0
BRDA:37,4,0,0
BRDA:37,4,1,0
BRDA:44,5,0,0
BRDA:44,5,1,0
BRDA:76,6,0,0
BRF:12
BRH:0
end_of_record
TN:
SF:src\core\api\API.ts
FN:45,(anonymous_1)
FN:61,(anonymous_2)
FN:75,(anonymous_3)
FN:88,(anonymous_4)
FN:94,(anonymous_5)
FN:100,(anonymous_6)
FN:106,(anonymous_7)
FN:112,(anonymous_8)
FN:118,(anonymous_9)
FN:124,(anonymous_10)
FN:126,(anonymous_11)
FN:132,(anonymous_12)
FN:138,(anonymous_13)
FN:144,(anonymous_14)
FN:152,(anonymous_15)
FN:160,(anonymous_16)
FN:200,(anonymous_17)
FN:220,(anonymous_18)
FN:233,(anonymous_19)
FN:240,(anonymous_20)
FN:246,(anonymous_21)
FN:252,(anonymous_22)
FN:283,(anonymous_23)
FN:295,(anonymous_24)
FN:302,(anonymous_25)
FN:323,(anonymous_26)
FN:331,(anonymous_27)
FN:311,(anonymous_28)
FNF:28
FNH:0
FNDA:0,(anonymous_1)
FNDA:0,(anonymous_2)
FNDA:0,(anonymous_3)
FNDA:0,(anonymous_4)
FNDA:0,(anonymous_5)
FNDA:0,(anonymous_6)
FNDA:0,(anonymous_7)
FNDA:0,(anonymous_8)
FNDA:0,(anonymous_9)
FNDA:0,(anonymous_10)
FNDA:0,(anonymous_11)
FNDA:0,(anonymous_12)
FNDA:0,(anonymous_13)
FNDA:0,(anonymous_14)
FNDA:0,(anonymous_15)
FNDA:0,(anonymous_16)
FNDA:0,(anonymous_17)
FNDA:0,(anonymous_18)
FNDA:0,(anonymous_19)
FNDA:0,(anonymous_20)
FNDA:0,(anonymous_21)
FNDA:0,(anonymous_22)
FNDA:0,(anonymous_23)
FNDA:0,(anonymous_24)
FNDA:0,(anonymous_25)
FNDA:0,(anonymous_26)
FNDA:0,(anonymous_27)
FNDA:0,(anonymous_28)
DA:5,0
DA:6,0
DA:9,0
DA:10,0
DA:11,0
DA:12,0
DA:13,0
DA:14,0
DA:15,0
DA:16,0
DA:17,0
DA:29,0
DA:30,0
DA:31,0
DA:32,0
DA:33,0
DA:34,0
DA:35,0
DA:36,0
DA:37,0
DA:38,0
DA:39,0
DA:40,0
DA:46,0
DA:49,0
DA:50,0
DA:53,0
DA:56,0
DA:57,0
DA:61,0
DA:62,0
DA:64,0
DA:68,0
DA:69,0
DA:77,0
DA:78,0
DA:79,0
DA:80,0
DA:81,0
DA:82,0
DA:93,0
DA:94,0
DA:105,0
DA:106,0
DA:117,0
DA:118,0
DA:125,0
DA:126,0
DA:137,0
DA:138,0
DA:151,0
DA:152,0
DA:153,0
DA:163,0
DA:165,0
DA:167,0
DA:168,0
DA:169,0
DA:173,0
DA:174,0
DA:177,0
DA:180,0
DA:184,0
DA:186,0
DA:188,0
DA:192,0
DA:193,0
DA:205,0
DA:221,0
DA:222,0
DA:223,0
DA:226,0
DA:227,0
DA:234,0
DA:245,0
DA:246,0
DA:257,0
DA:259,0
DA:260,0
DA:261,0
DA:268,0
DA:270,0
DA:288,0
DA:289,0
DA:296,0
DA:303,0
DA:304,0
DA:311,0
DA:312,0
DA:313,0
DA:314,0
DA:315,0
DA:316,0
DA:317,0
DA:324,0
DA:325,0
DA:332,0
DA:337,0
DA:340,0
DA:343,0
DA:344,0
DA:347,0
LF:102
LH:0
BRDA:46,0,0,0
BRDA:56,1,0,0
BRDA:62,2,0,0
BRDA:147,3,0,0
BRDA:168,4,0,0
BRDA:173,5,0,0
BRDA:190,6,0,0
BRDA:190,6,1,0
BRDA:211,7,0,0
BRDA:211,7,1,0
BRDA:222,8,0,0
BRDA:222,9,0,0
BRDA:222,9,1,0
BRDA:260,10,0,0
BRDA:260,11,0,0
BRDA:260,11,1,0
BRDA:273,12,0,0
BRDA:273,12,1,0
BRDA:273,13,0,0
BRDA:273,13,1,0
BRDA:286,14,0,0
BRDA:303,15,0,0
BRDA:325,16,0,0
BRDA:325,16,1,0
BRDA:343,17,0,0
BRF:25
BRH:0
end_of_record
TN:
SF:src\core\api\client\ApiClient.ts
FN:21,(anonymous_0)
FN:31,(anonymous_1)
FN:41,(anonymous_2)
FN:58,(anonymous_3)
FN:77,(anonymous_4)
FN:91,(anonymous_5)
FN:98,(anonymous_6)
FN:154,(anonymous_7)
FN:178,(anonymous_8)
FN:216,(anonymous_9)
FN:226,(anonymous_10)
FNF:11
FNH:0
FNDA:0,(anonymous_0)
FNDA:0,(anonymous_1)
FNDA:0,(anonymous_2)
FNDA:0,(anonymous_3)
FNDA:0,(anonymous_4)
FNDA:0,(anonymous_5)
FNDA:0,(anonymous_6)
FNDA:0,(anonymous_7)
FNDA:0,(anonymous_8)
FNDA:0,(anonymous_9)
FNDA:0,(anonymous_10)
DA:5,0
DA:6,0
DA:12,0
DA:13,0
DA:14,0
DA:15,0
DA:16,0
DA:22,0
DA:23,0
DA:25,0
DA:32,0
DA:35,0
DA:42,0
DA:43,0
DA:44,0
DA:45,0
DA:46,0
DA:47,0
DA:51,0
DA:59,0
DA:61,0
DA:62,0
DA:63,0
DA:64,0
DA:66,0
DA:70,0
DA:78,0
DA:83,0
DA:84,0
DA:92,0
DA:104,0
DA:107,0
DA:110,0
DA:113,0
DA:115,0
DA:117,0
DA:120,0
DA:123,0
DA:125,0
DA:128,0
DA:129,0
DA:132,0
DA:135,0
DA:156,0
DA:157,0
DA:161,0
DA:162,0
DA:166,0
DA:170,0
DA:172,0
DA:180,0
DA:186,0
DA:187,0
DA:191,0
DA:192,0
DA:196,0
DA:197,0
DA:201,0
DA:209,0
DA:210,0
DA:214,0
DA:215,0
DA:216,0
DA:217,0
DA:220,0
DA:227,0
DA:230,0
DA:232,0
DA:233,0
DA:236,0
DA:238,0
DA:240,0
DA:242,0
DA:243,0
DA:244,0
DA:246,0
DA:249,0
DA:252,0
DA:253,0
DA:257,0
DA:258,0
DA:273,0
DA:274,0
DA:275,0
DA:278,0
DA:282,0
DA:293,0
LF:87
LH:0
BRDA:22,0,0,0
BRDA:43,1,0,0
BRDA:45,2,0,0
BRDA:62,3,0,0
BRDA:63,4,0,0
BRDA:63,4,1,0
BRDA:83,5,0,0
BRDA:123,6,0,0
BRDA:123,6,1,0
BRDA:128,7,0,0
BRDA:156,8,0,0
BRDA:156,9,0,0
BRDA:156,9,1,0
BRDA:161,10,0,0
BRDA:166,11,0,0
BRDA:166,11,1,0
BRDA:170,12,0,0
BRDA:170,12,1,0
BRDA:186,13,0,0
BRDA:186,14,0,0
BRDA:186,14,1,0
BRDA:191,15,0,0
BRDA:196,16,0,0
BRDA:204,17,0,0
BRDA:204,17,1,0
BRDA:209,18,0,0
BRDA:209,19,0,0
BRDA:209,19,1,0
BRDA:209,19,2,0
BRDA:210,20,0,0
BRDA:210,20,1,0
BRDA:214,21,0,0
BRDA:214,22,0,0
BRDA:214,22,1,0
BRDA:240,23,0,0
BRDA:240,23,1,0
BRDA:240,24,0,0
BRDA:240,24,1,0
BRDA:243,25,0,0
BRDA:246,26,0,0
BRDA:257,27,0,0
BRDA:264,28,0,0
BRDA:264,28,1,0
BRDA:273,29,0,0
BRDA:273,30,0,0
BRDA:273,30,1,0
BRF:46
BRH:0
end_of_record
TN:
SF:src\core\api\client\ApiClientConfig.ts
FNF:0
FNH:0
DA:9,0
LF:1
LH:0
BRDA:14,0,0,0
BRDA:14,0,1,0
BRDA:37,1,0,0
BRDA:37,1,1,0
BRDA:65,2,0,0
BRDA:65,2,1,0
BRF:6
BRH:0
end_of_record
TN:
SF:src\core\api\client\ApiClientHttpMethods.ts
FN:17,(anonymous_0)
FN:25,(anonymous_1)
FN:40,(anonymous_2)
FN:60,(anonymous_3)
FN:72,(anonymous_4)
FN:80,(anonymous_5)
FN:92,(anonymous_6)
FN:107,(anonymous_7)
FN:128,(anonymous_8)
FN:148,(anonymous_9)
FN:156,(anonymous_10)
FN:157,(anonymous_11)
FNF:12
FNH:0
FNDA:0,(anonymous_0)
FNDA:0,(anonymous_1)
FNDA:0,(anonymous_2)
FNDA:0,(anonymous_3)
FNDA:0,(anonymous_4)
FNDA:0,(anonymous_5)
FNDA:0,(anonymous_6)
FNDA:0,(anonymous_7)
FNDA:0,(anonymous_8)
FNDA:0,(anonymous_9)
FNDA:0,(anonymous_10)
FNDA:0,(anonymous_11)
DA:11,0
DA:12,0
DA:18,0
DA:31,0
DA:33,0
DA:46,0
DA:49,0
DA:50,0
DA:53,0
DA:65,0
DA:73,0
DA:85,0
DA:100,0
DA:103,0
DA:106,0
DA:107,0
DA:108,0
DA:113,0
DA:121,0
DA:134,0
DA:142,0
DA:150,0
DA:151,0
DA:155,0
DA:156,0
DA:157,0
DA:161,0
DA:162,0
DA:166,0
DA:168,0
DA:172,0
LF:31
LH:0
BRDA:31,0,0,0
BRDA:31,0,1,0
BRDA:49,1,0,0
BRDA:49,2,0,0
BRDA:49,2,1,0
BRDA:95,3,0,0
BRDA:106,4,0,0
BRDA:150,5,0,0
BRDA:150,6,0,0
BRDA:150,6,1,0
BRDA:156,7,0,0
BRDA:156,7,1,0
BRDA:161,8,0,0
BRDA:166,9,0,0
BRDA:166,9,1,0
BRF:15
BRH:0
end_of_record
TN:
SF:src\core\api\extensions\ApiExtensions.ts
FN:32,applyExtensionMethods
FN:34,(anonymous_1)
FN:137,(anonymous_2)
FN:149,(anonymous_3)
FN:169,(anonymous_4)
FN:173,(anonymous_5)
FN:177,(anonymous_6)
FN:179,(anonymous_7)
FN:191,(anonymous_8)
FN:225,(anonymous_9)
FN:244,(anonymous_10)
FN:253,(anonymous_11)
FN:254,(anonymous_12)
FN:324,(anonymous_13)
FN:335,(anonymous_14)
FN:376,(anonymous_15)
FN:424,(anonymous_16)
FN:442,(anonymous_17)
FN:465,(anonymous_18)
FN:478,(anonymous_19)
FN:492,(anonymous_20)
FN:521,(anonymous_21)
FN:551,(anonymous_22)
FNF:23
FNH:0
FNDA:0,applyExtensionMethods
FNDA:0,(anonymous_1)
FNDA:0,(anonymous_2)
FNDA:0,(anonymous_3)
FNDA:0,(anonymous_4)
FNDA:0,(anonymous_5)
FNDA:0,(anonymous_6)
FNDA:0,(anonymous_7)
FNDA:0,(anonymous_8)
FNDA:0,(anonymous_9)
FNDA:0,(anonymous_10)
FNDA:0,(anonymous_11)
FNDA:0,(anonymous_12)
FNDA:0,(anonymous_13)
FNDA:0,(anonymous_14)
FNDA:0,(anonymous_15)
FNDA:0,(anonymous_16)
FNDA:0,(anonymous_17)
FNDA:0,(anonymous_18)
FNDA:0,(anonymous_19)
FNDA:0,(anonymous_20)
FNDA:0,(anonymous_21)
FNDA:0,(anonymous_22)
DA:32,0
DA:34,0
DA:38,0
DA:40,0
DA:41,0
DA:42,0
DA:45,0
DA:48,0
DA:51,0
DA:53,0
DA:55,0
DA:59,0
DA:61,0
DA:65,0
DA:67,0
DA:71,0
DA:73,0
DA:74,0
DA:76,0
DA:80,0
DA:82,0
DA:95,0
DA:96,0
DA:98,0
DA:102,0
DA:103,0
DA:107,0
DA:118,0
DA:121,0
DA:125,0
DA:127,0
DA:136,0
DA:138,0
DA:139,0
DA:143,0
DA:145,0
DA:150,0
DA:151,0
DA:152,0
DA:154,0
DA:157,0
DA:158,0
DA:159,0
DA:162,0
DA:164,0
DA:165,0
DA:170,0
DA:174,0
DA:179,0
DA:180,0
DA:181,0
DA:188,0
DA:191,0
DA:200,0
DA:201,0
DA:204,0
DA:205,0
DA:206,0
DA:208,0
DA:209,0
DA:214,0
DA:217,0
DA:218,0
DA:221,0
DA:225,0
DA:236,0
DA:237,0
DA:239,0
DA:240,0
DA:241,0
DA:244,0
DA:245,0
DA:246,0
DA:247,0
DA:249,0
DA:253,0
DA:254,0
DA:255,0
DA:256,0
DA:259,0
DA:261,0
DA:263,0
DA:266,0
DA:269,0
DA:270,0
DA:274,0
DA:278,0
DA:280,0
DA:281,0
DA:285,0
DA:286,0
DA:296,0
DA:297,0
DA:301,0
DA:304,0
DA:305,0
DA:308,0
DA:314,0
DA:317,0
DA:324,0
DA:332,0
DA:334,0
DA:335,0
DA:337,0
DA:339,0
DA:340,0
DA:345,0
DA:347,0
DA:350,0
DA:352,0
DA:359,0
DA:365,0
DA:371,0
DA:376,0
DA:389,0
DA:392,0
DA:393,0
DA:394,0
DA:399,0
DA:402,0
DA:403,0
DA:406,0
DA:407,0
DA:410,0
DA:411,0
DA:415,0
DA:416,0
DA:417,0
DA:418,0
DA:421,0
DA:424,0
DA:425,0
DA:426,0
DA:430,0
DA:431,0
DA:435,0
DA:436,0
DA:438,0
DA:442,0
DA:444,0
DA:447,0
DA:450,0
DA:456,0
DA:457,0
DA:458,0
DA:461,0
DA:465,0
DA:466,0
DA:467,0
DA:474,0
DA:478,0
DA:487,0
DA:488,0
DA:492,0
DA:494,0
DA:497,0
DA:498,0
DA:499,0
DA:500,0
DA:503,0
DA:504,0
DA:508,0
DA:509,0
DA:513,0
DA:514,0
DA:518,0
DA:521,0
DA:524,0
DA:525,0
DA:529,0
DA:530,0
DA:546,0
DA:551,0
DA:554,0
DA:558,0
LF:175
LH:0
BRDA:53,0,0,0
BRDA:53,0,1,0
BRDA:53,0,2,0
BRDA:53,0,3,0
BRDA:53,0,4,0
BRDA:53,0,5,0
BRDA:95,1,0,0
BRDA:95,1,1,0
BRDA:102,2,0,0
BRDA:113,3,0,0
BRDA:113,3,1,0
BRDA:141,4,0,0
BRDA:141,4,1,0
BRDA:152,5,0,0
BRDA:157,6,0,0
BRDA:157,7,0,0
BRDA:157,7,1,0
BRDA:180,8,0,0
BRDA:200,9,0,0
BRDA:200,9,1,0
BRDA:201,10,0,0
BRDA:201,10,1,0
BRDA:204,11,0,0
BRDA:206,12,0,0
BRDA:217,13,0,0
BRDA:236,14,0,0
BRDA:236,14,1,0
BRDA:237,15,0,0
BRDA:237,15,1,0
BRDA:245,16,0,0
BRDA:255,17,0,0
BRDA:263,18,0,0
BRDA:263,18,1,0
BRDA:269,19,0,0
BRDA:274,20,0,0
BRDA:274,20,1,0
BRDA:278,21,0,0
BRDA:285,22,0,0
BRDA:304,23,0,0
BRDA:304,23,1,0
BRDA:325,24,0,0
BRDA:326,25,0,0
BRDA:347,26,0,0
BRDA:350,27,0,0
BRDA:350,27,1,0
BRDA:392,28,0,0
BRDA:392,28,1,0
BRDA:393,29,0,0
BRDA:393,29,1,0
BRDA:394,30,0,0
BRDA:394,30,1,0
BRDA:402,31,0,0
BRDA:406,32,0,0
BRDA:410,33,0,0
BRDA:415,34,0,0
BRDA:415,34,1,0
BRDA:417,35,0,0
BRDA:417,35,1,0
BRDA:418,36,0,0
BRDA:418,36,1,0
BRDA:425,37,0,0
BRDA:430,38,0,0
BRDA:430,39,0,0
BRDA:430,39,1,0
BRDA:435,40,0,0
BRDA:435,40,1,0
BRDA:457,41,0,0
BRDA:487,42,0,0
BRDA:487,42,1,0
BRDA:488,43,0,0
BRDA:488,43,1,0
BRDA:492,44,0,0
BRDA:492,44,1,0
BRDA:503,45,0,0
BRDA:508,46,0,0
BRDA:513,47,0,0
BRDA:524,48,0,0
BRDA:529,49,0,0
BRDA:537,50,0,0
BRDA:537,50,1,0
BRDA:547,51,0,0
BRDA:547,51,1,0
BRF:82
BRH:0
end_of_record
TN:
SF:src\core\api\network\EventSourceManager.ts
FN:18,(anonymous_0)
FN:25,(anonymous_1)
FN:55,(anonymous_2)
FN:63,(anonymous_3)
FN:75,(anonymous_4)
FN:76,(anonymous_5)
FN:89,(anonymous_6)
FN:101,(anonymous_7)
FN:130,(anonymous_8)
FN:152,(anonymous_9)
FN:154,(anonymous_10)
FN:160,(anonymous_11)
FN:174,(anonymous_12)
FNF:13
FNH:0
FNDA:0,(anonymous_0)
FNDA:0,(anonymous_1)
FNDA:0,(anonymous_2)
FNDA:0,(anonymous_3)
FNDA:0,(anonymous_4)
FNDA:0,(anonymous_5)
FNDA:0,(anonymous_6)
FNDA:0,(anonymous_7)
FNDA:0,(anonymous_8)
FNDA:0,(anonymous_9)
FNDA:0,(anonymous_10)
FNDA:0,(anonymous_11)
FNDA:0,(anonymous_12)
DA:5,0
DA:10,0
DA:11,0
DA:12,0
DA:13,0
DA:19,0
DA:31,0
DA:34,0
DA:35,0
DA:39,0
DA:42,0
DA:45,0
DA:47,0
DA:49,0
DA:57,0
DA:58,0
DA:62,0
DA:63,0
DA:67,0
DA:69,0
DA:76,0
DA:77,0
DA:80,0
DA:81,0
DA:84,0
DA:85,0
DA:89,0
DA:90,0
DA:93,0
DA:102,0
DA:104,0
DA:105,0
DA:106,0
DA:110,0
DA:113,0
DA:116,0
DA:119,0
DA:121,0
DA:123,0
DA:131,0
DA:132,0
DA:134,0
DA:137,0
DA:140,0
DA:141,0
DA:142,0
DA:145,0
DA:154,0
DA:155,0
DA:156,0
DA:160,0
DA:161,0
DA:165,0
DA:166,0
DA:168,0
DA:175,0
LF:56
LH:0
BRDA:28,0,0,0
BRDA:34,1,0,0
BRDA:57,2,0,0
BRDA:57,3,0,0
BRDA:57,3,1,0
BRDA:67,4,0,0
BRDA:67,4,1,0
BRDA:80,5,0,0
BRDA:84,6,0,0
BRDA:105,7,0,0
BRDA:132,8,0,0
BRDA:140,9,0,0
BRF:12
BRH:0
end_of_record
TN:
SF:src\core\api\network\NetworkMonitor.ts
FN:1,(anonymous_0)
FN:6,(anonymous_1)
FN:13,(anonymous_2)
FN:17,(anonymous_3)
FN:21,(anonymous_4)
FN:25,(anonymous_5)
FN:26,(anonymous_6)
FN:32,(anonymous_7)
FN:37,(anonymous_8)
FN:38,(anonymous_9)
FNF:10
FNH:0
FNDA:0,(anonymous_0)
FNDA:0,(anonymous_1)
FNDA:0,(anonymous_2)
FNDA:0,(anonymous_3)
FNDA:0,(anonymous_4)
FNDA:0,(anonymous_5)
FNDA:0,(anonymous_6)
FNDA:0,(anonymous_7)
FNDA:0,(anonymous_8)
FNDA:0,(anonymous_9)
DA:1,0
DA:3,0
DA:4,0
DA:7,0
DA:8,0
DA:10,0
DA:14,0
DA:18,0
DA:22,0
DA:24,0
DA:25,0
DA:26,0
DA:28,0
DA:29,0
DA:33,0
DA:38,0
DA:42,0
LF:17
LH:0
BRDA:7,0,0,0
BRDA:22,1,0,0
BRF:2
BRH:0
end_of_record
TN:
SF:src\core\api\network\OfflineRequestManager.ts
FN:2,(anonymous_0)
FN:6,(anonymous_1)
FN:10,(anonymous_2)
FN:14,(anonymous_3)
FN:18,(anonymous_4)
FNF:5
FNH:0
FNDA:0,(anonymous_0)
FNDA:0,(anonymous_1)
FNDA:0,(anonymous_2)
FNDA:0,(anonymous_3)
FNDA:0,(anonymous_4)
DA:1,0
DA:15,0
LF:2
LH:0
BRF:0
BRH:0
end_of_record
TN:
SF:src\core\api\security\RateLimiter.ts
FN:48,(anonymous_0)
FN:55,(anonymous_1)
FN:73,(anonymous_2)
FN:104,(anonymous_3)
FN:123,(anonymous_4)
FN:136,(anonymous_5)
FN:150,(anonymous_6)
FN:228,(anonymous_7)
FN:254,(anonymous_8)
FNF:9
FNH:0
FNDA:0,(anonymous_0)
FNDA:0,(anonymous_1)
FNDA:0,(anonymous_2)
FNDA:0,(anonymous_3)
FNDA:0,(anonymous_4)
FNDA:0,(anonymous_5)
FNDA:0,(anonymous_6)
FNDA:0,(anonymous_7)
FNDA:0,(anonymous_8)
DA:5,0
DA:31,0
DA:32,0
DA:33,0
DA:34,0
DA:41,0
DA:42,0
DA:43,0
DA:49,0
DA:56,0
DA:58,0
DA:61,0
DA:64,0
DA:66,0
DA:67,0
DA:74,0
DA:75,0
DA:78,0
DA:79,0
DA:80,0
DA:81,0
DA:85,0
DA:86,0
DA:87,0
DA:88,0
DA:92,0
DA:93,0
DA:94,0
DA:95,0
DA:105,0
DA:106,0
DA:107,0
DA:108,0
DA:109,0
DA:110,0
DA:114,0
DA:116,0
DA:124,0
DA:125,0
DA:126,0
DA:129,0
DA:137,0
DA:144,0
DA:151,0
DA:152,0
DA:155,0
DA:158,0
DA:159,0
DA:160,0
DA:168,0
DA:169,0
DA:173,0
DA:174,0
DA:175,0
DA:179,0
DA:180,0
DA:181,0
DA:185,0
DA:186,0
DA:189,0
DA:190,0
DA:191,0
DA:192,0
DA:200,0
DA:201,0
DA:202,0
DA:203,0
DA:211,0
DA:212,0
DA:216,0
DA:217,0
DA:219,0
DA:229,0
DA:230,0
DA:233,0
DA:234,0
DA:235,0
DA:237,0
DA:255,0
DA:256,0
DA:258,0
DA:259,0
DA:261,0
LF:83
LH:0
BRDA:56,0,0,0
BRDA:74,1,0,0
BRDA:74,2,0,0
BRDA:74,2,1,0
BRDA:78,3,0,0
BRDA:80,4,0,0
BRDA:80,5,0,0
BRDA:80,5,1,0
BRDA:85,6,0,0
BRDA:87,7,0,0
BRDA:87,8,0,0
BRDA:87,8,1,0
BRDA:92,9,0,0
BRDA:94,10,0,0
BRDA:94,11,0,0
BRDA:94,11,1,0
BRDA:106,12,0,0
BRDA:108,13,0,0
BRDA:125,14,0,0
BRDA:151,15,0,0
BRDA:158,16,0,0
BRDA:158,17,0,0
BRDA:158,17,1,0
BRDA:168,18,0,0
BRDA:168,19,0,0
BRDA:168,19,1,0
BRDA:173,20,0,0
BRDA:179,21,0,0
BRDA:189,22,0,0
BRDA:200,23,0,0
BRDA:211,24,0,0
BRDA:229,25,0,0
BRDA:246,26,0,0
BRDA:246,26,1,0
BRDA:255,27,0,0
BRDA:258,28,0,0
BRF:36
BRH:0
end_of_record
TN:
SF:src\core\api\security\SecurityManager.ts
FN:40,(anonymous_0)
FN:50,(anonymous_1)
FN:59,(anonymous_2)
FN:80,(anonymous_3)
FN:111,(anonymous_4)
FN:131,(anonymous_5)
FN:146,(anonymous_6)
FN:178,(anonymous_7)
FN:195,(anonymous_8)
FN:220,(anonymous_9)
FNF:10
FNH:0
FNDA:0,(anonymous_0)
FNDA:0,(anonymous_1)
FNDA:0,(anonymous_2)
FNDA:0,(anonymous_3)
FNDA:0,(anonymous_4)
FNDA:0,(anonymous_5)
FNDA:0,(anonymous_6)
FNDA:0,(anonymous_7)
FNDA:0,(anonymous_8)
FNDA:0,(anonymous_9)
DA:5,0
DA:6,0
DA:7,0
DA:29,0
DA:30,0
DA:31,0
DA:32,0
DA:33,0
DA:34,0
DA:35,0
DA:41,0
DA:42,0
DA:44,0
DA:51,0
DA:52,0
DA:53,0
DA:60,0
DA:62,0
DA:65,0
DA:68,0
DA:71,0
DA:73,0
DA:74,0
DA:82,0
DA:83,0
DA:86,0
DA:87,0
DA:88,0
DA:89,0
DA:91,0
DA:97,0
DA:98,0
DA:112,0
DA:113,0
DA:117,0
DA:118,0
DA:119,0
DA:125,0
DA:132,0
DA:133,0
DA:136,0
DA:137,0
DA:140,0
DA:147,0
DA:148,0
DA:152,0
DA:153,0
DA:157,0
DA:179,0
DA:183,0
DA:196,0
DA:197,0
DA:200,0
DA:201,0
DA:205,0
DA:206,0
DA:207,0
DA:210,0
DA:212,0
DA:213,0
DA:221,0
DA:222,0
DA:225,0
DA:234,0
LF:64
LH:0
BRDA:41,0,0,0
BRDA:60,1,0,0
BRDA:82,2,0,0
BRDA:82,3,0,0
BRDA:82,3,1,0
BRDA:86,4,0,0
BRDA:97,5,0,0
BRDA:112,6,0,0
BRDA:118,7,0,0
BRDA:121,8,0,0
BRDA:121,8,1,0
BRDA:132,9,0,0
BRDA:136,10,0,0
BRDA:147,11,0,0
BRDA:152,12,0,0
BRDA:179,13,0,0
BRDA:179,13,1,0
BRDA:200,14,0,0
BRDA:200,15,0,0
BRDA:200,15,1,0
BRDA:205,16,0,0
BRDA:205,16,1,0
BRDA:206,17,0,0
BRDA:206,18,0,0
BRDA:206,18,1,0
BRDA:221,19,0,0
BRF:26
BRH:0
end_of_record
TN:
SF:src\core\api\security\TokenValidator.ts
FN:34,(anonymous_0)
FN:41,(anonymous_1)
FN:59,(anonymous_2)
FN:81,(anonymous_3)
FN:106,(anonymous_4)
FN:119,(anonymous_5)
FN:131,(anonymous_6)
FN:142,(anonymous_7)
FN:199,(anonymous_8)
FN:207,(anonymous_9)
FN:214,(anonymous_10)
FN:227,(anonymous_11)
FN:243,(anonymous_12)
FN:259,(anonymous_13)
FNF:14
FNH:0
FNDA:0,(anonymous_0)
FNDA:0,(anonymous_1)
FNDA:0,(anonymous_2)
FNDA:0,(anonymous_3)
FNDA:0,(anonymous_4)
FNDA:0,(anonymous_5)
FNDA:0,(anonymous_6)
FNDA:0,(anonymous_7)
FNDA:0,(anonymous_8)
FNDA:0,(anonymous_9)
FNDA:0,(anonymous_10)
FNDA:0,(anonymous_11)
FNDA:0,(anonymous_12)
FNDA:0,(anonymous_13)
DA:5,0
DA:19,0
DA:20,0
DA:21,0
DA:22,0
DA:27,0
DA:28,0
DA:29,0
DA:35,0
DA:42,0
DA:44,0
DA:47,0
DA:50,0
DA:52,0
DA:53,0
DA:60,0
DA:61,0
DA:64,0
DA:65,0
DA:69,0
DA:70,0
DA:71,0
DA:72,0
DA:82,0
DA:83,0
DA:84,0
DA:85,0
DA:86,0
DA:87,0
DA:91,0
DA:93,0
DA:97,0
DA:98,0
DA:99,0
DA:107,0
DA:108,0
DA:109,0
DA:112,0
DA:120,0
DA:125,0
DA:132,0
DA:133,0
DA:134,0
DA:135,0
DA:136,0
DA:147,0
DA:148,0
DA:152,0
DA:153,0
DA:156,0
DA:157,0
DA:161,0
DA:162,0
DA:163,0
DA:166,0
DA:168,0
DA:171,0
DA:172,0
DA:173,0
DA:174,0
DA:175,0
DA:183,0
DA:185,0
DA:187,0
DA:188,0
DA:189,0
DA:201,0
DA:208,0
DA:209,0
DA:210,0
DA:211,0
DA:214,0
DA:218,0
DA:220,0
DA:228,0
DA:229,0
DA:232,0
DA:233,0
DA:236,0
DA:244,0
DA:245,0
DA:248,0
DA:249,0
DA:252,0
DA:260,0
LF:85
LH:0
BRDA:42,0,0,0
BRDA:60,1,0,0
BRDA:60,2,0,0
BRDA:60,2,1,0
BRDA:64,3,0,0
BRDA:69,4,0,0
BRDA:71,5,0,0
BRDA:71,6,0,0
BRDA:71,6,1,0
BRDA:83,7,0,0
BRDA:85,8,0,0
BRDA:98,9,0,0
BRDA:108,10,0,0
BRDA:147,11,0,0
BRDA:152,12,0,0
BRDA:156,13,0,0
BRDA:161,14,0,0
BRDA:171,15,0,0
BRDA:171,16,0,0
BRDA:171,16,1,0
BRDA:173,17,0,0
BRDA:191,18,0,0
BRDA:191,18,1,0
BRDA:228,19,0,0
BRDA:232,20,0,0
BRDA:244,21,0,0
BRDA:248,22,0,0
BRF:27
BRH:0
end_of_record
TN:
SF:src\core\api\subscription\SubscriptionService.ts
FN:4,(anonymous_0)
FN:11,(anonymous_1)
FNF:2
FNH:0
FNDA:0,(anonymous_0)
FNDA:0,(anonymous_1)
DA:1,0
DA:5,0
DA:6,0
DA:8,0
DA:12,0
DA:16,0
LF:6
LH:0
BRDA:5,0,0,0
BRF:1
BRH:0
end_of_record
TN:
SF:src\core\api\tracking\AnalyticsManager.ts
FN:49,(anonymous_0)
FN:59,(anonymous_1)
FN:66,(anonymous_2)
FN:92,(anonymous_3)
FN:124,(anonymous_4)
FN:153,(anonymous_5)
FN:167,(anonymous_6)
FN:174,(anonymous_7)
FN:181,(anonymous_8)
FN:186,(anonymous_9)
FN:194,(anonymous_10)
FN:239,(anonymous_11)
FN:274,(anonymous_12)
FN:295,(anonymous_13)
FN:317,(anonymous_14)
FN:342,(anonymous_15)
FN:359,(anonymous_16)
FNF:17
FNH:0
FNDA:0,(anonymous_0)
FNDA:0,(anonymous_1)
FNDA:0,(anonymous_2)
FNDA:0,(anonymous_3)
FNDA:0,(anonymous_4)
FNDA:0,(anonymous_5)
FNDA:0,(anonymous_6)
FNDA:0,(anonymous_7)
FNDA:0,(anonymous_8)
FNDA:0,(anonymous_9)
FNDA:0,(anonymous_10)
FNDA:0,(anonymous_11)
FNDA:0,(anonymous_12)
FNDA:0,(anonymous_13)
FNDA:0,(anonymous_14)
FNDA:0,(anonymous_15)
FNDA:0,(anonymous_16)
DA:5,0
DA:33,0
DA:34,0
DA:35,0
DA:36,0
DA:37,0
DA:38,0
DA:39,0
DA:40,0
DA:41,0
DA:42,0
DA:43,0
DA:44,0
DA:50,0
DA:51,0
DA:53,0
DA:60,0
DA:67,0
DA:69,0
DA:72,0
DA:75,0
DA:78,0
DA:81,0
DA:82,0
DA:85,0
DA:86,0
DA:93,0
DA:94,0
DA:97,0
DA:98,0
DA:101,0
DA:102,0
DA:105,0
DA:106,0
DA:107,0
DA:108,0
DA:112,0
DA:113,0
DA:114,0
DA:115,0
DA:125,0
DA:126,0
DA:128,0
DA:129,0
DA:130,0
DA:133,0
DA:134,0
DA:138,0
DA:139,0
DA:140,0
DA:141,0
DA:145,0
DA:146,0
DA:154,0
DA:155,0
DA:156,0
DA:157,0
DA:160,0
DA:168,0
DA:175,0
DA:182,0
DA:183,0
DA:186,0
DA:187,0
DA:195,0
DA:196,0
DA:199,0
DA:200,0
DA:201,0
DA:203,0
DA:217,0
DA:218,0
DA:221,0
DA:223,0
DA:225,0
DA:228,0
DA:229,0
DA:232,0
DA:240,0
DA:241,0
DA:244,0
DA:245,0
DA:248,0
DA:258,0
DA:261,0
DA:262,0
DA:266,0
DA:267,0
DA:275,0
DA:276,0
DA:279,0
DA:280,0
DA:285,0
DA:296,0
DA:297,0
DA:300,0
DA:301,0
DA:303,0
DA:318,0
DA:319,0
DA:322,0
DA:324,0
DA:343,0
DA:344,0
DA:347,0
DA:360,0
DA:362,0
DA:363,0
DA:364,0
DA:369,0
LF:110
LH:0
BRDA:50,0,0,0
BRDA:67,1,0,0
BRDA:81,2,0,0
BRDA:81,3,0,0
BRDA:81,3,1,0
BRDA:81,3,2,0
BRDA:93,4,0,0
BRDA:93,5,0,0
BRDA:93,5,1,0
BRDA:97,6,0,0
BRDA:101,7,0,0
BRDA:105,8,0,0
BRDA:107,9,0,0
BRDA:107,10,0,0
BRDA:107,10,1,0
BRDA:112,11,0,0
BRDA:114,12,0,0
BRDA:114,13,0,0
BRDA:114,13,1,0
BRDA:126,14,0,0
BRDA:129,15,0,0
BRDA:129,15,1,0
BRDA:139,16,0,0
BRDA:155,17,0,0
BRDA:155,18,0,0
BRDA:155,18,1,0
BRDA:182,19,0,0
BRDA:195,20,0,0
BRDA:195,21,0,0
BRDA:195,21,1,0
BRDA:195,21,2,0
BRDA:217,22,0,0
BRDA:228,23,0,0
BRDA:239,24,0,0
BRDA:240,25,0,0
BRDA:244,26,0,0
BRDA:261,27,0,0
BRDA:266,28,0,0
BRDA:275,29,0,0
BRDA:279,30,0,0
BRDA:279,30,1,0
BRDA:296,31,0,0
BRDA:318,32,0,0
BRDA:318,33,0,0
BRDA:318,33,1,0
BRDA:343,34,0,0
BRDA:351,35,0,0
BRDA:351,35,1,0
BRDA:362,36,0,0
BRDA:362,37,0,0
BRDA:362,37,1,0
BRF:51
BRH:0
end_of_record
