TN:
SF:src\components\ui\badge.tsx
FN:28,Badge
FNF:1
FNH:1
FNDA:115,Badge
DA:1,2
DA:2,2
DA:3,2
DA:5,2
DA:29,115
DA:32,2
LF:6
LH:6
BRF:0
BRH:0
end_of_record
TN:
SF:src\components\ui\button.tsx
FN:43,(anonymous_9)
FNF:1
FNH:1
FNDA:168,(anonymous_9)
DA:1,2
DA:2,2
DA:3,2
DA:5,2
DA:7,2
DA:42,2
DA:44,168
DA:45,168
DA:54,2
DA:56,2
LF:10
LH:10
BRDA:43,0,0,167
BRDA:44,1,0,1
BRDA:44,1,1,167
BRF:3
BRH:3
end_of_record
TN:
SF:src\components\ui\card.tsx
FN:8,(anonymous_9)
FN:23,(anonymous_10)
FN:35,(anonymous_11)
FN:50,(anonymous_12)
FN:62,(anonymous_13)
FN:70,(anonymous_14)
FNF:6
FNH:6
FNDA:56,(anonymous_9)
FNDA:56,(anonymous_10)
FNDA:56,(anonymous_11)
FNDA:2,(anonymous_12)
FNDA:56,(anonymous_13)
FNDA:2,(anonymous_14)
DA:1,2
DA:3,2
DA:5,2
DA:9,56
DA:18,2
DA:20,2
DA:24,56
DA:30,2
DA:32,2
DA:36,56
DA:45,2
DA:47,2
DA:51,2
DA:57,2
DA:59,2
DA:63,56
DA:65,2
DA:67,2
DA:71,2
DA:77,2
DA:80,2
DA:81,2
DA:82,2
DA:83,2
DA:84,2
DA:85,2
LF:26
LH:26
BRF:0
BRH:0
end_of_record
TN:
SF:src\components\ui\error-boundary.tsx
FN:21,(anonymous_9)
FN:54,(anonymous_10)
FN:78,(anonymous_11)
FN:87,(anonymous_12)
FN:101,(anonymous_13)
FN:104,(anonymous_14)
FN:109,(anonymous_15)
FN:31,(anonymous_16)
FN:39,(anonymous_17)
FN:128,(anonymous_18)
FN:182,(anonymous_19)
FN:224,(anonymous_20)
FN:228,(anonymous_21)
FNF:13
FNH:13
FNDA:43,(anonymous_9)
FNDA:20,(anonymous_10)
FNDA:1,(anonymous_11)
FNDA:2,(anonymous_12)
FNDA:1,(anonymous_13)
FNDA:1,(anonymous_14)
FNDA:54,(anonymous_15)
FNDA:40,(anonymous_16)
FNDA:20,(anonymous_17)
FNDA:104,(anonymous_18)
FNDA:1,(anonymous_19)
FNDA:4,(anonymous_20)
FNDA:7,(anonymous_21)
DA:1,1
DA:2,1
DA:3,1
DA:4,1
DA:5,1
DA:20,1
DA:22,43
DA:23,42
DA:32,40
DA:40,20
DA:46,20
DA:49,20
DA:50,1
DA:54,42
DA:55,20
DA:66,20
DA:67,1
DA:68,1
DA:69,1
DA:70,1
DA:71,1
DA:78,42
DA:79,1
DA:87,42
DA:88,2
DA:89,2
DA:99,2
DA:102,1
DA:105,1
DA:109,42
DA:110,54
DA:112,54
DA:113,6
DA:115,48
DA:116,3
DA:118,45
DA:119,6
DA:121,39
DA:122,6
DA:125,33
DA:129,104
DA:131,60
DA:132,6
DA:135,54
DA:136,54
DA:138,54
DA:182,1
DA:219,44
DA:224,1
DA:228,4
DA:229,7
DA:234,4
DA:236,4
LF:53
LH:53
BRDA:66,0,0,1
BRDA:91,1,0,2
BRDA:91,1,1,0
BRDA:92,2,0,2
BRDA:92,2,1,0
BRDA:93,3,0,2
BRDA:93,3,1,0
BRDA:112,4,0,6
BRDA:112,5,0,54
BRDA:112,5,1,51
BRDA:115,6,0,3
BRDA:118,7,0,6
BRDA:118,8,0,45
BRDA:118,8,1,42
BRDA:121,9,0,6
BRDA:121,10,0,39
BRDA:121,10,1,36
BRDA:49,11,0,1
BRDA:129,12,0,60
BRDA:131,13,0,6
BRDA:136,14,0,54
BRDA:136,14,1,0
BRDA:161,15,0,54
BRDA:161,15,1,0
BRDA:194,16,0,54
BRDA:194,16,1,3
BRDA:194,16,2,3
BRDA:203,17,0,3
BRDA:203,17,1,1
BRDA:234,18,0,4
BRDA:234,18,1,3
BRF:31
BRH:26
end_of_record
TN:
SF:src\components\ui\progress.tsx
FN:11,(anonymous_9)
FNF:1
FNH:1
FNDA:6,(anonymous_9)
DA:3,1
DA:4,1
DA:6,1
DA:8,1
DA:12,6
DA:23,1
DA:25,1
LF:7
LH:7
BRDA:19,0,0,6
BRDA:19,0,1,2
BRF:2
BRH:2
end_of_record
TN:
SF:src\lib\utils.ts
FN:4,cn
FNF:1
FNH:1
FNDA:517,cn
DA:1,5
DA:2,5
DA:4,5
DA:5,517
LF:4
LH:4
BRF:0
BRH:0
end_of_record
